Logging to local directory: /tmp/test_logs/1365142189
mft65: Checking config lustre mounted on /mnt/lustre
mft66: Checking config lustre mounted on /mnt/lustre
Checking servers environments
Checking clients mft65.xyua,mft66 environments
Using TIMEOUT=20
lnet.debug=0x33f1504
lnet.subsystem_debug=0xffb7e3ff
lnet.debug_mb=10
mft66: lnet.debug=0x33f1504
mft66: lnet.subsystem_debug=0xffb7e3ff
mft66: lnet.debug_mb=10
only running test 0
excepting tests: 27u 42a 42b 42c 42d 45 51d 62 68 75 101a
preparing for tests involving mounts

lnet.debug=-1

== test 0: touch .../ ; rm .../ ===================== == 02:09:54
/mnt/lustre/f0 has type file OK
/mnt/lustre/f0: absent OK
Resetting fail_loc on all nodes...done.
PASS   (0s)

== test 0b: chmod 0755 /mnt/lustre ============================= == 02:09:54
/mnt/lustre has perms 0755 OK
Resetting fail_loc on all nodes...done.
PASS   (1s)

== test 0c: check import proc ============================= == 02:09:55
    state: FULL
    target: lustre-MDT0000_UUID
Resetting fail_loc on all nodes...done.
PASS   (0s)
..........................................................................................................................................................................................................................................................................................................................................................................Pools from lustre:
..........===== sanity.sh test complete, duration 7 sec
lnet.debug=super neterror warning other dlmtrace error emerg ha rpctrace vfstrace config console
