==> /var/log/messages <==
Mar 16 06:41:44 mft01 kernel: Lustre: DEBUG MARKER: only running test 2
Mar 16 06:41:44 mft01 kernel: Lustre: DEBUG MARKER: excepting tests:
Mar 16 06:41:45 mft01 kernel: Lustre: DEBUG MARKER: Using TIMEOUT=20
Mar 16 06:41:45 mft01 kernel: Lustre: 2233:0:(quota_master.c:793:close_quota_files()) quota[0] is off already
Mar 16 06:41:45 mft01 kernel: Lustre: 2233:0:(quota_master.c:793:close_quota_files()) Skipped 1 previous similar message
Mar 16 06:41:45 mft01 kernel: LustreError: 8997:0:(quota_ctl.c:328:client_quota_ctl()) ptlrpc_queue_wait failed, rc: -114
Mar 16 06:41:45 mft01 kernel: Lustre: 9051:0:(debug.c:326:libcfs_debug_str2mask()) You are trying to use a numerical value for the mask - this will be deprecated in a future release.
Mar 16 06:41:45 mft01 kernel: Lustre: 9051:0:(debug.c:326:libcfs_debug_str2mask()) Skipped 3 previous similar messages
Mar 16 06:41:46 mft01 kernel: Lustre: DEBUG MARKER: == replay-ost-single test 2: |x| 10 open(O_CREAT)s == 06:41:46 (1331872906)
Mar 16 06:41:46 mft01 kernel: Lustre: Failing over lustre-OST0000
Mar 16 06:41:48 mft01 kernel: Lustre: lustre-OST0000: shutting down for failover; client state will be preserved.
Mar 16 06:41:48 mft01 kernel: Lustre: OST lustre-OST0000 has stopped.
Mar 16 06:41:51 mft01 kernel: Lustre: server umount lustre-OST0000 complete
Mar 16 06:41:53 mft01 kernel: LustreError: 2320:0:(ldlm_lib.c:2125:target_send_reply_msg()) @@@ processing error (-107)  req@ffff880037dfb400 x1396569758761414/t0(0) o400-><?>@<?>:0/0 lens 192/0 e 0 to 0 dl 1331872938 ref 1 fl Interpret:H/0/ffffffff rc -107/-1
Mar 16 06:41:53 mft01 kernel: LustreError: 2320:0:(ldlm_lib.c:2125:target_send_reply_msg()) Skipped 3 previous similar messages
Mar 16 06:41:53 mft01 kernel: LustreError: 11-0: an error occurred while communicating with 0@lo. The obd_ping operation failed with -107
Mar 16 06:41:53 mft01 kernel: LustreError: Skipped 3 previous similar messages
Mar 16 06:41:53 mft01 kernel: Lustre: lustre-OST0000-osc-ffff880074c42800: Connection to service lustre-OST0000 via nid 0@lo was lost; in progress operations using this service will wait for recovery to complete.
Mar 16 06:41:53 mft01 kernel: Lustre: Skipped 1 previous similar message
Mar 16 06:41:53 mft01 kernel: LustreError: 137-5: UUID 'lustre-OST0000_UUID' is not available  for connect (no target)
Mar 16 06:41:53 mft01 kernel: LustreError: Skipped 1 previous similar message
Mar 16 06:42:01 mft01 kernel: LDISKFS-fs (loop1): mounted filesystem with ordered data mode
Mar 16 06:42:01 mft01 kernel: LDISKFS-fs (loop1): mounted filesystem with ordered data mode
Mar 16 06:42:01 mft01 kernel: Lustre: 9400:0:(ldlm_lib.c:1900:target_recovery_init()) RECOVERY: service lustre-OST0000, 2 recoverable clients, last_transno 14
Mar 16 06:42:01 mft01 kernel: LustreError: 9401:0:(ldlm_lib.c:1737:target_recovery_thread()) lustre-OST0000: started recovery thread pid 9401
Mar 16 06:42:01 mft01 kernel: Lustre: 9400:0:(filter.c:1252:filter_prep_groups()) lustre-OST0000: initialize groups [0,0]
Mar 16 06:42:01 mft01 kernel: Lustre: lustre-OST0000: Now serving lustre-OST0000 on /dev/loop1 with recovery enabled
Mar 16 06:42:01 mft01 kernel: Lustre: lustre-OST0000: Will be in recovery for at least 1:00, or until 2 clients reconnect
Mar 16 06:42:01 mft01 kernel: LustreError: 9392:0:(obd_class.h:1622:obd_notify()) obd lustre-OST0000 has no notify handler
Mar 16 06:42:03 mft01 kernel: Lustre: 1628:0:(import.c:526:import_select_connection()) lustre-OST0000-osc-MDT0000: tried all connections, increasing latency to 16s
Mar 16 06:42:03 mft01 kernel: Lustre: 1628:0:(import.c:526:import_select_connection()) Skipped 1 previous similar message
Mar 16 06:42:03 mft01 kernel: Lustre: 2320:0:(ldlm_lib.c:873:target_handle_connect()) lustre-OST0000: connection from lustre-MDT0000-mdtlov_UUID@0@lo recovering/t0 exp ffff880074d4f800 cur 1331872923 last 1331872921
Mar 16 06:42:03 mft01 kernel: Lustre: 2320:0:(ldlm_lib.c:873:target_handle_connect()) Skipped 1 previous similar message
Mar 16 06:42:03 mft01 kernel: Lustre: 2320:0:(filter.c:2710:filter_connect_internal()) lustre-OST0000: Received MDS connection for group 0
Mar 16 06:42:04 mft01 kernel: Lustre: lustre-OST0000: sending delayed replies to recovered clients
Mar 16 06:42:04 mft01 kernel: Lustre: lustre-OST0000-osc-MDT0000: Connection restored to service lustre-OST0000 using nid 0@lo.
Mar 16 06:42:04 mft01 kernel: Lustre: Skipped 1 previous similar message
Mar 16 06:42:04 mft01 kernel: Lustre: lustre-OST0000: received MDS connection from 0@lo
Mar 16 06:42:04 mft01 kernel: Lustre: 2318:0:(filter.c:2566:filter_llog_connect()) lustre-OST0000: Recovery from log 0x1f/0x0:2889b42f
Mar 16 06:42:04 mft01 kernel: Lustre: MDS mdd_obd-lustre-MDT0000: lustre-OST0000_UUID now active, resetting orphans
Mar 16 06:42:04 mft01 kernel: Lustre: DEBUG MARKER: == replay-ost-single replay-ost-single.sh test complete, duration 20 sec == 06:42:04 (1331872924)
