==> /var/log/messages <==
Mar 16 06:42:19 mft01 kernel: Lustre: DEBUG MARKER: only running test 3
Mar 16 06:42:19 mft01 kernel: Lustre: DEBUG MARKER: excepting tests:
Mar 16 06:42:19 mft01 kernel: Lustre: DEBUG MARKER: Using TIMEOUT=20
Mar 16 06:42:19 mft01 kernel: Lustre: 2233:0:(quota_master.c:793:close_quota_files()) quota[0] is off already
Mar 16 06:42:19 mft01 kernel: Lustre: 2233:0:(quota_master.c:793:close_quota_files()) Skipped 1 previous similar message
Mar 16 06:42:19 mft01 kernel: LustreError: 10782:0:(quota_ctl.c:328:client_quota_ctl()) ptlrpc_queue_wait failed, rc: -114
Mar 16 06:42:20 mft01 kernel: Lustre: DEBUG MARKER: == replay-ost-single test 3: Fail OST during write, with verification == 06:42:20 (1331872940)
Mar 16 06:42:21 mft01 kernel: Lustre: Failing over lustre-OST0000
Mar 16 06:42:23 mft01 kernel: Lustre: lustre-OST0000: shutting down for failover; client state will be preserved.
Mar 16 06:42:23 mft01 kernel: Lustre: OST lustre-OST0000 has stopped.
Mar 16 06:42:26 mft01 kernel: Lustre: server umount lustre-OST0000 complete
Mar 16 06:42:28 mft01 kernel: LustreError: 2320:0:(ldlm_lib.c:2125:target_send_reply_msg()) @@@ processing error (-107)  req@ffff8800782db800 x1396569758761572/t0(0) o400-><?>@<?>:0/0 lens 192/0 e 0 to 0 dl 1331872973 ref 1 fl Interpret:H/0/ffffffff rc -107/-1
Mar 16 06:42:28 mft01 kernel: LustreError: 2320:0:(ldlm_lib.c:2125:target_send_reply_msg()) Skipped 3 previous similar messages
Mar 16 06:42:28 mft01 kernel: LustreError: 11-0: an error occurred while communicating with 0@lo. The obd_ping operation failed with -107
Mar 16 06:42:28 mft01 kernel: LustreError: Skipped 3 previous similar messages
Mar 16 06:42:28 mft01 kernel: Lustre: lustre-OST0000-osc-ffff880074c42800: Connection to service lustre-OST0000 via nid 0@lo was lost; in progress operations using this service will wait for recovery to complete.
Mar 16 06:42:28 mft01 kernel: Lustre: Skipped 1 previous similar message
Mar 16 06:42:28 mft01 kernel: LustreError: 137-5: UUID 'lustre-OST0000_UUID' is not available  for connect (no target)
Mar 16 06:42:28 mft01 kernel: LustreError: Skipped 1 previous similar message
Mar 16 06:42:36 mft01 kernel: LDISKFS-fs (loop1): mounted filesystem with ordered data mode
Mar 16 06:42:36 mft01 kernel: LDISKFS-fs (loop1): mounted filesystem with ordered data mode
Mar 16 06:42:36 mft01 kernel: Lustre: 11188:0:(ldlm_lib.c:1900:target_recovery_init()) RECOVERY: service lustre-OST0000, 2 recoverable clients, last_transno 34
Mar 16 06:42:36 mft01 kernel: LustreError: 11189:0:(ldlm_lib.c:1737:target_recovery_thread()) lustre-OST0000: started recovery thread pid 11189
Mar 16 06:42:36 mft01 kernel: Lustre: 11188:0:(filter.c:1252:filter_prep_groups()) lustre-OST0000: initialize groups [0,0]
Mar 16 06:42:36 mft01 kernel: Lustre: lustre-OST0000: Now serving lustre-OST0000 on /dev/loop1 with recovery enabled
Mar 16 06:42:36 mft01 kernel: Lustre: lustre-OST0000: Will be in recovery for at least 1:00, or until 2 clients reconnect
Mar 16 06:42:36 mft01 kernel: LustreError: 11180:0:(obd_class.h:1622:obd_notify()) obd lustre-OST0000 has no notify handler
Mar 16 06:42:38 mft01 kernel: Lustre: 1628:0:(import.c:526:import_select_connection()) lustre-OST0000-osc-MDT0000: tried all connections, increasing latency to 21s
Mar 16 06:42:38 mft01 kernel: Lustre: 1628:0:(import.c:526:import_select_connection()) Skipped 1 previous similar message
Mar 16 06:42:38 mft01 kernel: Lustre: 2320:0:(ldlm_lib.c:873:target_handle_connect()) lustre-OST0000: connection from lustre-MDT0000-mdtlov_UUID@0@lo recovering/t0 exp ffff880079714c00 cur 1331872958 last 1331872956
Mar 16 06:42:38 mft01 kernel: Lustre: 2320:0:(ldlm_lib.c:873:target_handle_connect()) Skipped 1 previous similar message
Mar 16 06:42:38 mft01 kernel: Lustre: 2320:0:(filter.c:2710:filter_connect_internal()) lustre-OST0000: Received MDS connection for group 0
Mar 16 06:42:38 mft01 kernel: Lustre: 2318:0:(sec.c:1474:sptlrpc_import_sec_adapt()) import lustre-OST0000->NET_0x9000000000000_UUID netid 90000: select flavor null
Mar 16 06:42:38 mft01 kernel: Lustre: 2318:0:(sec.c:1474:sptlrpc_import_sec_adapt()) Skipped 3 previous similar messages
Mar 16 06:42:39 mft01 kernel: Lustre: lustre-OST0000: sending delayed replies to recovered clients
Mar 16 06:42:39 mft01 kernel: Lustre: lustre-OST0000-osc-MDT0000: Connection restored to service lustre-OST0000 using nid 0@lo.
Mar 16 06:42:39 mft01 kernel: Lustre: Skipped 1 previous similar message
Mar 16 06:42:39 mft01 kernel: Lustre: lustre-OST0000: received MDS connection from 0@lo
Mar 16 06:42:39 mft01 kernel: Lustre: 2318:0:(filter.c:2566:filter_llog_connect()) lustre-OST0000: Recovery from log 0x1f/0x0:2889b42f
Mar 16 06:42:39 mft01 kernel: Lustre: MDS mdd_obd-lustre-MDT0000: lustre-OST0000_UUID now active, resetting orphans
Mar 16 06:42:39 mft01 kernel: Lustre: DEBUG MARKER: == replay-ost-single replay-ost-single.sh test complete, duration 20 sec == 06:42:39 (1331872959)
