Logging to shared log directory: /tmp/test_logs//1333465940
only running test 0a
excepting tests: 15c
Starting client mft02: -o user_xattr,acl,flock mft02@tcp:/lustre /mnt/lustre2
Started clients mft02: 
mft02@tcp:/lustre on /mnt/lustre2 type lustre (rw,user_xattr,acl,flock)
debug=-1
subsystem_debug=0xffb7e3ff
debug_mb=2
mft02: Checking config lustre mounted on /mnt/lustre
Checking servers environments
Checking clients mft02 environments
Using TIMEOUT=20
disable quota as required
debug=-1
subsystem_debug=0xffb7e3ff
debug_mb=2
setting all flavor to null
already have total 8 null connections

== replay-dual test 0a: expired recovery with lost client == 18:12:32 (1333465952)
Filesystem           1K-blocks      Used Available Use% Mounted on
mft02@tcp:/lustre       374928     49528    305272  14% /mnt/lustre
total: 50 creates in 0.06 seconds: 843.41 creates/second
fail_loc=0x80000514
Failing mds1 on node mft02
Stopping /mnt/mds1 (opts:) on mft02
affected facets: mds1
Failover mds1 to mft02
18:12:47 (1333465967) waiting for mft02 network 900 secs ...
18:12:47 (1333465967) network interface is UP
Starting mds1: -o loop,user_xattr,acl  /tmp/lustre-mdt1 /mnt/mds1
debug=-1
subsystem_debug=0xffb7e3ff
debug_mb=2
Started lustre-MDT0000
Starting client: mft02: -o user_xattr,acl,flock mft02@tcp:/lustre /mnt/lustre2
debug=-1
subsystem_debug=0xffb7e3ff
debug_mb=2
 - unlinked 0 (time 1333466046 ; total 0 ; last 0)
total: 50 unlinks in 0 seconds: inf unlinks/second
Resetting fail_loc on all nodes...done.
PASS 0a (94s)
.......................== replay-dual replay-dual.sh test complete, duration 106 sec == 18:14:06 (1333466046)
Stopping clients: mft02 /mnt/lustre2 (opts:)
Stopping client mft02 /mnt/lustre2 opts:
