==> /var/log/messages <==
Apr  3 18:24:20 mft02 kernel: Lustre: DEBUG MARKER: only running test 11
Apr  3 18:24:20 mft02 kernel: Lustre: DEBUG MARKER: excepting tests: 15c
Apr  3 18:24:21 mft02 kernel: Lustre: DEBUG MARKER: Using TIMEOUT=20
Apr  3 18:24:21 mft02 kernel: LustreError: 25523:0:(quota_ctl.c:328:client_quota_ctl()) ptlrpc_queue_wait failed, rc: -114
Apr  3 18:24:21 mft02 kernel: LustreError: 25523:0:(quota_ctl.c:328:client_quota_ctl()) Skipped 1 previous similar message
Apr  3 18:24:31 mft02 kernel: Lustre: DEBUG MARKER: == replay-dual test 11: both clients timeout during replay == 18:24:31 (1333466671)
Apr  3 18:24:31 mft02 kernel: LustreError: 25840:0:(osd_handler.c:938:osd_ro()) *** setting device osd-ldiskfs read-only ***
Apr  3 18:24:31 mft02 kernel: LustreError: 25840:0:(osd_handler.c:938:osd_ro()) Skipped 1 previous similar message
Apr  3 18:24:31 mft02 kernel: Turning device loop0 (0x700000) read-only
Apr  3 18:24:31 mft02 kernel: Lustre: DEBUG MARKER: mds1 REPLAY BARRIER on lustre-MDT0000
Apr  3 18:24:31 mft02 kernel: Lustre: DEBUG MARKER: local REPLAY BARRIER on lustre-MDT0000
Apr  3 18:24:31 mft02 kernel: Write to readonly device loop0 (0x700000) bi_flags: f000000000000001, bi_vcnt: 1, bi_idx: 0, bi->size: 4096, bi_cnt: 2, bi_private: ffff8800769e13a0
Apr  3 18:24:31 mft02 kernel: Write to readonly device loop0 (0x700000) bi_flags: f000000000000001, bi_vcnt: 1, bi_idx: 0, bi->size: 4096, bi_cnt: 2, bi_private: ffff8800769e1338
Apr  3 18:24:31 mft02 kernel: Write to readonly device loop0 (0x700000) bi_flags: f000000000000001, bi_vcnt: 1, bi_idx: 0, bi->size: 4096, bi_cnt: 2, bi_private: ffff8800769e12d0
Apr  3 18:24:31 mft02 kernel: Write to readonly device loop0 (0x700000) bi_flags: f000000000000001, bi_vcnt: 1, bi_idx: 0, bi->size: 4096, bi_cnt: 2, bi_private: ffff8800769e1268
Apr  3 18:24:31 mft02 kernel: Write to readonly device loop0 (0x700000) bi_flags: f000000000000001, bi_vcnt: 1, bi_idx: 0, bi->size: 4096, bi_cnt: 2, bi_private: ffff8800769e10c8
Apr  3 18:24:31 mft02 kernel: Write to readonly device loop0 (0x700000) bi_flags: f000000000000001, bi_vcnt: 1, bi_idx: 0, bi->size: 4096, bi_cnt: 2, bi_private: ffff8800769e1130
Apr  3 18:24:31 mft02 kernel: Write to readonly device loop0 (0x700000) bi_flags: f000000000000001, bi_vcnt: 1, bi_idx: 0, bi->size: 4096, bi_cnt: 2, bi_private: ffff8800769e1198
Apr  3 18:24:31 mft02 kernel: Write to readonly device loop0 (0x700000) bi_flags: f000000000000001, bi_vcnt: 1, bi_idx: 0, bi->size: 4096, bi_cnt: 2, bi_private: ffff8800769e1200
Apr  3 18:24:31 mft02 kernel: Write to readonly device loop0 (0x700000) bi_flags: f000000000000001, bi_vcnt: 1, bi_idx: 0, bi->size: 4096, bi_cnt: 2, bi_private: ffff8800769ea0c8
Apr  3 18:24:31 mft02 kernel: Write to readonly device loop0 (0x700000) bi_flags: f000000000000001, bi_vcnt: 1, bi_idx: 0, bi->size: 4096, bi_cnt: 2, bi_private: ffff8800769e1338
Apr  3 18:24:31 mft02 kernel: Write to readonly device loop0 (0x700000) bi_flags: f000000000000001, bi_vcnt: 1, bi_idx: 0, bi->size: 4096, bi_cnt: 2, bi_private: ffff8800769d4880
Apr  3 18:24:31 mft02 kernel: Write to readonly device loop0 (0x700000) bi_flags: f000000000000001, bi_vcnt: 1, bi_idx: 0, bi->size: 4096, bi_cnt: 2, bi_private: ffff880076972408
Apr  3 18:24:31 mft02 kernel: Write to readonly device loop0 (0x700000) bi_flags: f000000000000001, bi_vcnt: 1, bi_idx: 0, bi->size: 4096, bi_cnt: 2, bi_private: ffff8800769e12d0
Apr  3 18:24:31 mft02 kernel: Write to readonly device loop0 (0x700000) bi_flags: f000000000000001, bi_vcnt: 1, bi_idx: 0, bi->size: 4096, bi_cnt: 2, bi_private: ffff8800769e1268
Apr  3 18:24:31 mft02 kernel: Write to readonly device loop0 (0x700000) bi_flags: f000000000000001, bi_vcnt: 1, bi_idx: 0, bi->size: 4096, bi_cnt: 2, bi_private: ffff8800769e10c8
Apr  3 18:24:31 mft02 kernel: Write to readonly device loop0 (0x700000) bi_flags: f000000000000001, bi_vcnt: 1, bi_idx: 0, bi->size: 4096, bi_cnt: 2, bi_private: ffff8800769e1130
Apr  3 18:24:31 mft02 kernel: Write to readonly device loop0 (0x700000) bi_flags: f000000000000001, bi_vcnt: 1, bi_idx: 0, bi->size: 4096, bi_cnt: 2, bi_private: ffff8800769e1198
Apr  3 18:24:31 mft02 kernel: Write to readonly device loop0 (0x700000) bi_flags: f000000000000001, bi_vcnt: 1, bi_idx: 0, bi->size: 4096, bi_cnt: 2, bi_private: ffff8800769e1200
Apr  3 18:24:31 mft02 kernel: Write to readonly device loop0 (0x700000) bi_flags: f000000000000001, bi_vcnt: 1, bi_idx: 0, bi->size: 4096, bi_cnt: 2, bi_private: ffff8800769ea0c8
Apr  3 18:24:31 mft02 kernel: Write to readonly device loop0 (0x700000) bi_flags: f000000000000001, bi_vcnt: 1, bi_idx: 0, bi->size: 4096, bi_cnt: 2, bi_private: ffff8800769ea198
Apr  3 18:24:31 mft02 kernel: Write to readonly device loop0 (0x700000) bi_flags: f000000000000001, bi_vcnt: 1, bi_idx: 0, bi->size: 4096, bi_cnt: 2, bi_private: ffff8800769e1268
Apr  3 18:24:32 mft02 kernel: Write to readonly device loop0 (0x700000) bi_flags: f000000000000001, bi_vcnt: 1, bi_idx: 0, bi->size: 4096, bi_cnt: 2, bi_private: ffff8800797e8748
Apr  3 18:24:32 mft02 kernel: Write to readonly device loop0 (0x700000) bi_flags: f000000000000001, bi_vcnt: 1, bi_idx: 0, bi->size: 4096, bi_cnt: 2, bi_private: ffff880076965d60
Apr  3 18:24:32 mft02 kernel: Write to readonly device loop0 (0x700000) bi_flags: f000000000000001, bi_vcnt: 1, bi_idx: 0, bi->size: 4096, bi_cnt: 2, bi_private: ffff8800769728e8
Apr  3 18:24:32 mft02 kernel: Write to readonly device loop0 (0x700000) bi_flags: f000000000000001, bi_vcnt: 1, bi_idx: 0, bi->size: 4096, bi_cnt: 2, bi_private: ffff8800769d48e8
Apr  3 18:24:32 mft02 kernel: Write to readonly device loop0 (0x700000) bi_flags: f000000000000001, bi_vcnt: 1, bi_idx: 0, bi->size: 4096, bi_cnt: 2, bi_private: ffff880076965f00
Apr  3 18:24:32 mft02 kernel: Write to readonly device loop0 (0x700000) bi_flags: f000000000000001, bi_vcnt: 1, bi_idx: 0, bi->size: 4096, bi_cnt: 2, bi_private: ffff8800769d4130
Apr  3 18:24:32 mft02 kernel: Write to readonly device loop0 (0x700000) bi_flags: f000000000000001, bi_vcnt: 1, bi_idx: 0, bi->size: 4096, bi_cnt: 2, bi_private: ffff880076972818
Apr  3 18:24:32 mft02 kernel: Lustre: Failing over lustre-MDT0000
Apr  3 18:24:32 mft02 kernel: Lustre: Skipped 14 previous similar messages
Apr  3 18:24:32 mft02 kernel: Write to readonly device loop0 (0x700000) bi_flags: f000000000000001, bi_vcnt: 1, bi_idx: 0, bi->size: 4096, bi_cnt: 2, bi_private: ffff8800769ea3a0
Apr  3 18:24:32 mft02 kernel: Release to readonly device loop0 (0x700000): [inode 37] [block 30443] [count 3] [is_meta 1]
Apr  3 18:24:32 mft02 kernel: Release to readonly device loop0 (0x700000): [inode 27] [block 30440] [count 3] [is_meta 1]
Apr  3 18:24:32 mft02 kernel: Release to readonly device loop0 (0x700000): [inode 36] [block 17131] [count 3] [is_meta 1]
Apr  3 18:24:32 mft02 kernel: Release to readonly device loop0 (0x700000): [inode 33] [block 17128] [count 3] [is_meta 1]
Apr  3 18:24:32 mft02 kernel: Write to readonly device loop0 (0x700000) bi_flags: f000000000000001, bi_vcnt: 1, bi_idx: 0, bi->size: 4096, bi_cnt: 2, bi_private: ffff8800769ea470
Apr  3 18:24:32 mft02 kernel: Write to readonly device loop0 (0x700000) bi_flags: f000000000000001, bi_vcnt: 1, bi_idx: 0, bi->size: 4096, bi_cnt: 2, bi_private: ffff8800769ea4d8
Apr  3 18:24:32 mft02 kernel: Write to readonly device loop0 (0x700000) bi_flags: f000000000000001, bi_vcnt: 1, bi_idx: 0, bi->size: 4096, bi_cnt: 2, bi_private: ffff8800769ea540
Apr  3 18:24:32 mft02 kernel: Write to readonly device loop0 (0x700000) bi_flags: f000000000000001, bi_vcnt: 1, bi_idx: 0, bi->size: 4096, bi_cnt: 2, bi_private: ffff8800769ea5a8
Apr  3 18:24:32 mft02 kernel: Write to readonly device loop0 (0x700000) bi_flags: f000000000000001, bi_vcnt: 1, bi_idx: 0, bi->size: 4096, bi_cnt: 2, bi_private: ffff8800769ea610
Apr  3 18:24:32 mft02 kernel: Write to readonly device loop0 (0x700000) bi_flags: f000000000000001, bi_vcnt: 1, bi_idx: 0, bi->size: 4096, bi_cnt: 2, bi_private: ffff8800769ea678
Apr  3 18:24:32 mft02 kernel: Write to readonly device loop0 (0x700000) bi_flags: f000000000000001, bi_vcnt: 1, bi_idx: 0, bi->size: 4096, bi_cnt: 2, bi_private: ffff8800769ea6e0
Apr  3 18:24:32 mft02 kernel: Write to readonly device loop0 (0x700000) bi_flags: f000000000000001, bi_vcnt: 1, bi_idx: 0, bi->size: 4096, bi_cnt: 2, bi_private: ffff8800769eab58
Apr  3 18:24:32 mft02 kernel: Write to readonly device loop0 (0x700000) bi_flags: f000000000000001, bi_vcnt: 1, bi_idx: 0, bi->size: 4096, bi_cnt: 2, bi_private: ffff8800769eabc0
Apr  3 18:24:32 mft02 kernel: Write to readonly device loop0 (0x700000) bi_flags: f000000000000001, bi_vcnt: 1, bi_idx: 0, bi->size: 4096, bi_cnt: 2, bi_private: ffff8800769eac28
Apr  3 18:24:32 mft02 kernel: Write to readonly device loop0 (0x700000) bi_flags: f000000000000001, bi_vcnt: 1, bi_idx: 0, bi->size: 4096, bi_cnt: 2, bi_private: ffff8800769eac90
Apr  3 18:24:32 mft02 kernel: Write to readonly device loop0 (0x700000) bi_flags: f000000000000001, bi_vcnt: 1, bi_idx: 0, bi->size: 4096, bi_cnt: 2, bi_private: ffff8800769eacf8
Apr  3 18:24:32 mft02 kernel: Write to readonly device loop0 (0x700000) bi_flags: f000000000000001, bi_vcnt: 1, bi_idx: 0, bi->size: 4096, bi_cnt: 2, bi_private: ffff8800769ead60
Apr  3 18:24:32 mft02 kernel: Write to readonly device loop0 (0x700000) bi_flags: f000000000000001, bi_vcnt: 1, bi_idx: 0, bi->size: 4096, bi_cnt: 2, bi_private: ffff8800769ea4d8
Apr  3 18:24:35 mft02 kernel: Write to readonly device loop0 (0x700000) bi_flags: f000000000000001, bi_vcnt: 1, bi_idx: 0, bi->size: 4096, bi_cnt: 2, bi_private: ffff8800797e8610
Apr  3 18:24:35 mft02 kernel: Write to readonly device loop0 (0x700000) bi_flags: f000000000000001, bi_vcnt: 1, bi_idx: 0, bi->size: 4096, bi_cnt: 2, bi_private: ffff8800797e8748
Apr  3 18:24:35 mft02 kernel: Write to readonly device loop0 (0x700000) bi_flags: f000000000000001, bi_vcnt: 1, bi_idx: 0, bi->size: 4096, bi_cnt: 2, bi_private: ffff88007698de30
Apr  3 18:24:35 mft02 kernel: Write to readonly device loop0 (0x700000) bi_flags: f000000000000001, bi_vcnt: 1, bi_idx: 0, bi->size: 4096, bi_cnt: 2, bi_private: ffff8800769728e8
Apr  3 18:24:35 mft02 kernel: Write to readonly device loop0 (0x700000) bi_flags: f000000000000001, bi_vcnt: 1, bi_idx: 0, bi->size: 4096, bi_cnt: 2, bi_private: ffff880076965cf8
Apr  3 18:24:35 mft02 kernel: Write to readonly device loop0 (0x700000) bi_flags: f000000000000001, bi_vcnt: 1, bi_idx: 0, bi->size: 4096, bi_cnt: 2, bi_private: ffff8800769d4818
Apr  3 18:24:35 mft02 kernel: Write to readonly device loop0 (0x700000) bi_flags: f000000000000001, bi_vcnt: 1, bi_idx: 0, bi->size: 4096, bi_cnt: 2, bi_private: ffff8800769d4880
Apr  3 18:24:35 mft02 kernel: Write to readonly device loop0 (0x700000) bi_flags: f000000000000001, bi_vcnt: 1, bi_idx: 0, bi->size: 4096, bi_cnt: 2, bi_private: ffff880076965f00
Apr  3 18:24:35 mft02 kernel: Write to readonly device loop0 (0x700000) bi_flags: f000000000000001, bi_vcnt: 1, bi_idx: 0, bi->size: 4096, bi_cnt: 2, bi_private: ffff880076965af0
Apr  3 18:24:35 mft02 kernel: Write to readonly device loop0 (0x700000) bi_flags: f000000000000001, bi_vcnt: 1, bi_idx: 0, bi->size: 4096, bi_cnt: 2, bi_private: ffff880076965b58
Apr  3 18:24:35 mft02 kernel: Write to readonly device loop0 (0x700000) bi_flags: f000000000000001, bi_vcnt: 1, bi_idx: 0, bi->size: 4096, bi_cnt: 2, bi_private: ffff880076972198
Apr  3 18:24:35 mft02 kernel: Write to readonly device loop0 (0x700000) bi_flags: f000000000000001, bi_vcnt: 1, bi_idx: 0, bi->size: 4096, bi_cnt: 2, bi_private: ffff880076972200
Apr  3 18:24:35 mft02 kernel: Write to readonly device loop0 (0x700000) bi_flags: f000000000000001, bi_vcnt: 1, bi_idx: 0, bi->size: 4096, bi_cnt: 2, bi_private: ffff8800797e8610
Apr  3 18:24:35 mft02 kernel: Write to readonly device loop0 (0x700000) bi_flags: f000000000000001, bi_vcnt: 1, bi_idx: 0, bi->size: 4096, bi_cnt: 2, bi_private: ffff8800769d44d8
Apr  3 18:24:35 mft02 kernel: Write to readonly device loop0 (0x700000) bi_flags: f000000000000001, bi_vcnt: 1, bi_idx: 0, bi->size: 4096, bi_cnt: 2, bi_private: ffff8800769d44d8
Apr  3 18:24:35 mft02 kernel: Write to readonly device loop0 (0x700000) bi_flags: f000000000000001, bi_vcnt: 1, bi_idx: 0, bi->size: 4096, bi_cnt: 2, bi_private: ffff8800769d44d8
Apr  3 18:24:35 mft02 kernel: Write to readonly device loop0 (0x700000) bi_flags: f000000000000001, bi_vcnt: 1, bi_idx: 0, bi->size: 4096, bi_cnt: 2, bi_private: ffff8800797e8610
Apr  3 18:24:35 mft02 kernel: Removing read-only on unknown block (0x700000)
Apr  3 18:24:45 mft02 kernel: LDISKFS-fs warning (device loop0): ldiskfs_fill_super: extents feature not enabled on this filesystem, use tune2fs.
Apr  3 18:24:45 mft02 kernel: LDISKFS-fs (loop0): warning: maximal mount count reached, running e2fsck is recommended
Apr  3 18:24:45 mft02 kernel: LDISKFS-fs (loop0): 2 orphan inodes deleted
Apr  3 18:24:45 mft02 kernel: LDISKFS-fs (loop0): recovery complete
Apr  3 18:24:45 mft02 kernel: LDISKFS-fs (loop0): mounted filesystem with ordered data mode
Apr  3 18:24:45 mft02 kernel: LDISKFS-fs warning (device loop0): ldiskfs_fill_super: extents feature not enabled on this filesystem, use tune2fs.
Apr  3 18:24:45 mft02 kernel: LDISKFS-fs (loop0): warning: maximal mount count reached, running e2fsck is recommended
Apr  3 18:24:45 mft02 kernel: LDISKFS-fs (loop0): mounted filesystem with ordered data mode
Apr  3 18:24:45 mft02 kernel: Lustre: MGS MGS started
Apr  3 18:24:45 mft02 kernel: Lustre: Skipped 2 previous similar messages
Apr  3 18:24:45 mft02 kernel: Lustre: MGC10.3.0.188@tcp: Reactivating import
Apr  3 18:24:45 mft02 kernel: Lustre: Skipped 5 previous similar messages
Apr  3 18:24:45 mft02 kernel: Lustre: Enabling ACL
Apr  3 18:24:45 mft02 kernel: Lustre: Skipped 2 previous similar messages
Apr  3 18:24:45 mft02 kernel: Lustre: Enabling user_xattr
Apr  3 18:24:45 mft02 kernel: Lustre: Skipped 2 previous similar messages
Apr  3 18:24:45 mft02 kernel: Lustre: 26016:0:(mdt_lproc.c:259:lprocfs_wr_identity_upcall()) lustre-MDT0000: identity upcall set to /usr/sbin/l_getidentity
Apr  3 18:24:45 mft02 kernel: Lustre: 26016:0:(mdt_lproc.c:259:lprocfs_wr_identity_upcall()) Skipped 2 previous similar messages
Apr  3 18:24:45 mft02 kernel: Lustre: 26016:0:(mds_lov.c:1004:mds_notify()) MDS mdd_obd-lustre-MDT0000: add target lustre-OST0000_UUID
Apr  3 18:24:45 mft02 kernel: Lustre: 26016:0:(mds_lov.c:1004:mds_notify()) Skipped 5 previous similar messages
Apr  3 18:24:45 mft02 kernel: Lustre: 2307:0:(ldlm_lib.c:802:target_handle_connect()) lustre-OST0000: received new MDS connection from NID 0@lo, removing former export from same NID
Apr  3 18:24:45 mft02 kernel: Lustre: 2307:0:(ldlm_lib.c:802:target_handle_connect()) Skipped 5 previous similar messages
Apr  3 18:24:45 mft02 kernel: Lustre: 2307:0:(filter.c:2710:filter_connect_internal()) lustre-OST0000: Received MDS connection for group 0
Apr  3 18:24:45 mft02 kernel: Lustre: 2307:0:(filter.c:2710:filter_connect_internal()) Skipped 5 previous similar messages
Apr  3 18:24:50 mft02 kernel: LustreError: 26022:0:(mdt_handler.c:2785:mdt_recovery()) operation 400 on unconnected MDS from 12345-0@lo
Apr  3 18:24:50 mft02 kernel: LustreError: 26022:0:(mdt_handler.c:2785:mdt_recovery()) Skipped 1 previous similar message
Apr  3 18:24:50 mft02 kernel: Lustre: lustre-MDT0000-mdc-ffff88007818f400: Connection to service lustre-MDT0000 via nid 0@lo was lost; in progress operations using this service will wait for recovery to complete.
Apr  3 18:24:50 mft02 kernel: Lustre: Skipped 5 previous similar messages
Apr  3 18:24:50 mft02 kernel: LustreError: 26020:0:(libcfs_fail.h:81:cfs_fail_check_set()) *** cfs_fail_loc=119 ***
Apr  3 18:24:50 mft02 kernel: LustreError: 26020:0:(ldlm_lib.c:2120:target_send_reply_msg()) @@@ dropping reply  req@ffff88007a364000 x1398240341657992/t51539607554(51539607554) o36->267f2418-c530-512b-b7d9-e43d69375cb0@0@lo:0/0 lens 464/416 e 0 to 0 dl 1333466721 ref 1 fl Complete:/4/0 rc 0/0
Apr  3 18:25:22 mft02 kernel: LustreError: 1615:0:(client.c:2530:ptlrpc_replay_interpret()) request replay timed out, restarting recovery
Apr  3 18:25:22 mft02 kernel: Lustre: 26022:0:(ldlm_lib.c:605:target_handle_reconnect()) lustre-MDT0000: 267f2418-c530-512b-b7d9-e43d69375cb0 reconnecting
Apr  3 18:25:22 mft02 kernel: Lustre: 26021:0:(ldlm_lib.c:2026:target_queue_recovery_request()) Next recovery transno: 51539607555, current: 51539607555, replaying
Apr  3 18:25:22 mft02 kernel: Lustre: 26021:0:(ldlm_lib.c:2026:target_queue_recovery_request()) Skipped 7 previous similar messages
Apr  3 18:25:22 mft02 kernel: LustreError: 26020:0:(ldlm_lib.c:1510:check_for_next_transno()) lustre-MDT0000: waking for gap in transno, VBR is OFF (skip: 51539607557, ql: 2, comp: 0, conn: 2, next: 51539607558, last_committed: 51539607554)
Apr  3 18:25:22 mft02 kernel: Lustre: lustre-MDT0000: sending delayed replies to recovered clients
Apr  3 18:25:22 mft02 kernel: Lustre: Skipped 1 previous similar message
Apr  3 18:25:22 mft02 kernel: Lustre: lustre-MDT0000-mdc-ffff880075847000: Connection restored to service lustre-MDT0000 using nid 0@lo.
Apr  3 18:25:22 mft02 kernel: Lustre: Skipped 3 previous similar messages
Apr  3 18:25:22 mft02 kernel: Lustre: 2307:0:(filter.c:2566:filter_llog_connect()) lustre-OST0001: Recovery from log 0x20/0x0:f004dbbf
Apr  3 18:25:22 mft02 kernel: Lustre: 2307:0:(filter.c:2566:filter_llog_connect()) Skipped 3 previous similar messages
Apr  3 18:25:26 mft02 kernel: Lustre: DEBUG MARKER: == replay-dual replay-dual.sh test complete, duration 66 sec == 18:25:26 (1333466726)
