==> /tmp/serial_mft02_out <==
Lustre: DEBUG MARKER: only running test 16
Lustre: DEBUG MARKER: excepting tests: 15c
Lustre: DEBUG MARKER: Using TIMEOUT=20
Lustre: DEBUG MARKER: == replay-dual test 16: fail MDS during recovery (3571) == 18:34:18 (1333467258)
Turning device loop0 (0x700000) read-only
Lustre: DEBUG MARKER: mds1 REPLAY BARRIER on lustre-MDT0000
Lustre: DEBUG MARKER: local REPLAY BARRIER on lustre-MDT0000
Write to readonly device loop0 (0x700000) bi_flags: f000000000000001, bi_vcnt: 1, bi_idx: 0, bi->size: 4096, bi_cnt: 2, bi_private: ffff880076a5e198
Write to readonly device loop0 (0x700000) bi_flags: f000000000000001, bi_vcnt: 1, bi_idx: 0, bi->size: 4096, bi_cnt: 2, bi_private: ffff880076a5e200
Write to readonly device loop0 (0x700000) bi_flags: f000000000000001, bi_vcnt: 1, bi_idx: 0, bi->size: 4096, bi_cnt: 2, bi_private: ffff880076a5e268
Write to readonly device loop0 (0x700000) bi_flags: f000000000000001, bi_vcnt: 1, bi_idx: 0, bi->size: 4096, bi_cnt: 2, bi_private: ffff880076a5e2d0
Write to readonly device loop0 (0x700000) bi_flags: f000000000000001, bi_vcnt: 1, bi_idx: 0, bi->size: 4096, bi_cnt: 2, bi_private: ffff8800769db0c8
Write to readonly device loop0 (0x700000) bi_flags: f000000000000001, bi_vcnt: 1, bi_idx: 0, bi->size: 4096, bi_cnt: 2, bi_private: ffff8800769db130
Write to readonly device loop0 (0x700000) bi_flags: f000000000000001, bi_vcnt: 1, bi_idx: 0, bi->size: 4096, bi_cnt: 2, bi_private: ffff8800769db198
Write to readonly device loop0 (0x700000) bi_flags: f000000000000001, bi_vcnt: 1, bi_idx: 0, bi->size: 4096, bi_cnt: 2, bi_private: ffff8800769db200
Write to readonly device loop0 (0x700000) bi_flags: f000000000000001, bi_vcnt: 1, bi_idx: 0, bi->size: 4096, bi_cnt: 2, bi_private: ffff8800769db268
Write to readonly device loop0 (0x700000) bi_flags: f000000000000001, bi_vcnt: 1, bi_idx: 0, bi->size: 4096, bi_cnt: 2, bi_private: ffff8800769db2d0
Write to readonly device loop0 (0x700000) bi_flags: f000000000000001, bi_vcnt: 1, bi_idx: 0, bi->size: 4096, bi_cnt: 2, bi_private: ffff8800769db338
Write to readonly device loop0 (0x700000) bi_flags: f000000000000001, bi_vcnt: 1, bi_idx: 0, bi->size: 4096, bi_cnt: 2, bi_private: ffff8800769db3a0
Write to readonly device loop0 (0x700000) bi_flags: f000000000000001, bi_vcnt: 1, bi_idx: 0, bi->size: 4096, bi_cnt: 2, bi_private: ffff8800769db408
Write to readonly device loop0 (0x700000) bi_flags: f000000000000001, bi_vcnt: 1, bi_idx: 0, bi->size: 4096, bi_cnt: 2, bi_private: ffff8800769db470
Write to readonly device loop0 (0x700000) bi_flags: f000000000000001, bi_vcnt: 1, bi_idx: 0, bi->size: 4096, bi_cnt: 2, bi_private: ffff8800769db4d8
Write to readonly device loop0 (0x700000) bi_flags: f000000000000001, bi_vcnt: 1, bi_idx: 0, bi->size: 4096, bi_cnt: 2, bi_private: ffff880076a5e200
Write to readonly device loop0 (0x700000) bi_flags: f000000000000001, bi_vcnt: 1, bi_idx: 0, bi->size: 4096, bi_cnt: 2, bi_private: ffff880076a4fe98
Write to readonly device loop0 (0x700000) bi_flags: f000000000000001, bi_vcnt: 1, bi_idx: 0, bi->size: 4096, bi_cnt: 2, bi_private: ffff880076a4ff00
Write to readonly device loop0 (0x700000) bi_flags: f000000000000001, bi_vcnt: 1, bi_idx: 0, bi->size: 4096, bi_cnt: 2, bi_private: ffff880076a4ff68
Write to readonly device loop0 (0x700000) bi_flags: f000000000000001, bi_vcnt: 1, bi_idx: 0, bi->size: 4096, bi_cnt: 2, bi_private: ffff8800797f90c8
Write to readonly device loop0 (0x700000) bi_flags: f000000000000001, bi_vcnt: 1, bi_idx: 0, bi->size: 4096, bi_cnt: 2, bi_private: ffff880076a4fcf8
Write to readonly device loop0 (0x700000) bi_flags: f000000000000001, bi_vcnt: 1, bi_idx: 0, bi->size: 4096, bi_cnt: 2, bi_private: ffff880076a633a0
Write to readonly device loop0 (0x700000) bi_flags: f000000000000001, bi_vcnt: 1, bi_idx: 0, bi->size: 4096, bi_cnt: 2, bi_private: ffff8800769db5a8
Write to readonly device loop0 (0x700000) bi_flags: f000000000000001, bi_vcnt: 1, bi_idx: 0, bi->size: 4096, bi_cnt: 2, bi_private: ffff8800769db610
Write to readonly device loop0 (0x700000) bi_flags: f000000000000001, bi_vcnt: 1, bi_idx: 0, bi->size: 4096, bi_cnt: 2, bi_private: ffff8800769db678
Write to readonly device loop0 (0x700000) bi_flags: f000000000000001, bi_vcnt: 1, bi_idx: 0, bi->size: 4096, bi_cnt: 2, bi_private: ffff8800769dbaf0
Write to readonly device loop0 (0x700000) bi_flags: f000000000000001, bi_vcnt: 1, bi_idx: 0, bi->size: 4096, bi_cnt: 2, bi_private: ffff8800769dbb58
Write to readonly device loop0 (0x700000) bi_flags: f000000000000001, bi_vcnt: 1, bi_idx: 0, bi->size: 4096, bi_cnt: 2, bi_private: ffff8800769dbbc0
Write to readonly device loop0 (0x700000) bi_flags: f000000000000001, bi_vcnt: 1, bi_idx: 0, bi->size: 4096, bi_cnt: 2, bi_private: ffff8800769dbc28
Write to readonly device loop0 (0x700000) bi_flags: f000000000000001, bi_vcnt: 1, bi_idx: 0, bi->size: 4096, bi_cnt: 2, bi_private: ffff8800769dbc90
Write to readonly device loop0 (0x700000) bi_flags: f000000000000001, bi_vcnt: 1, bi_idx: 0, bi->size: 4096, bi_cnt: 2, bi_private: ffff8800769dbcf8
Write to readonly device loop0 (0x700000) bi_flags: f000000000000001, bi_vcnt: 1, bi_idx: 0, bi->size: 4096, bi_cnt: 2, bi_private: ffff8800769dbd60
Write to readonly device loop0 (0x700000) bi_flags: f000000000000001, bi_vcnt: 1, bi_idx: 0, bi->size: 4096, bi_cnt: 2, bi_private: ffff8800769db610
Write to readonly device loop0 (0x700000) bi_flags: f000000000000001, bi_vcnt: 1, bi_idx: 0, bi->size: 4096, bi_cnt: 2, bi_private: ffff8800797f9130
Write to readonly device loop0 (0x700000) bi_flags: f000000000000001, bi_vcnt: 1, bi_idx: 0, bi->size: 4096, bi_cnt: 2, bi_private: ffff880076a4f4d8
Write to readonly device loop0 (0x700000) bi_flags: f000000000000001, bi_vcnt: 1, bi_idx: 0, bi->size: 4096, bi_cnt: 2, bi_private: ffff880076a4f540
Write to readonly device loop0 (0x700000) bi_flags: f000000000000001, bi_vcnt: 1, bi_idx: 0, bi->size: 4096, bi_cnt: 2, bi_private: ffff880076a4fd60
Write to readonly device loop0 (0x700000) bi_flags: f000000000000001, bi_vcnt: 1, bi_idx: 0, bi->size: 4096, bi_cnt: 2, bi_private: ffff880076a4f678
Write to readonly device loop0 (0x700000) bi_flags: f000000000000001, bi_vcnt: 1, bi_idx: 0, bi->size: 4096, bi_cnt: 2, bi_private: ffff880076a4f7b0
Write to readonly device loop0 (0x700000) bi_flags: f000000000000001, bi_vcnt: 1, bi_idx: 0, bi->size: 4096, bi_cnt: 2, bi_private: ffff880076a63338
Write to readonly device loop0 (0x700000) bi_flags: f000000000000001, bi_vcnt: 1, bi_idx: 0, bi->size: 4096, bi_cnt: 2, bi_private: ffff880076a632d0
Write to readonly device loop0 (0x700000) bi_flags: f000000000000001, bi_vcnt: 1, bi_idx: 0, bi->size: 4096, bi_cnt: 2, bi_private: ffff880076a4f6e0
Write to readonly device loop0 (0x700000) bi_flags: f000000000000001, bi_vcnt: 1, bi_idx: 0, bi->size: 4096, bi_cnt: 2, bi_private: ffff880076a80f00
Lustre: 6161:0:(quota_master.c:793:close_quota_files()) quota[0] is off already
Lustre: 6161:0:(quota_master.c:793:close_quota_files()) Skipped 21 previous similar messages
Release to readonly device loop0 (0x700000): [inode 49] [block 17131] [count 3] [is_meta 1]
Write to readonly device loop0 (0x700000) bi_flags: f000000000000001, bi_vcnt: 1, bi_idx: 0, bi->size: 4096, bi_cnt: 2, bi_private: ffff880076a80e30
Write to readonly device loop0 (0x700000) bi_flags: f000000000000001, bi_vcnt: 1, bi_idx: 0, bi->size: 4096, bi_cnt: 2, bi_private: ffff880076a80d60
Write to readonly device loop0 (0x700000) bi_flags: f000000000000001, bi_vcnt: 1, bi_idx: 0, bi->size: 4096, bi_cnt: 2, bi_private: ffff880076a80cf8
Write to readonly device loop0 (0x700000) bi_flags: f000000000000001, bi_vcnt: 1, bi_idx: 0, bi->size: 4096, bi_cnt: 2, bi_private: ffff880076a80c90
Write to readonly device loop0 (0x700000) bi_flags: f000000000000001, bi_vcnt: 1, bi_idx: 0, bi->size: 4096, bi_cnt: 2, bi_private: ffff880076a80c28
Write to readonly device loop0 (0x700000) bi_flags: f000000000000001, bi_vcnt: 1, bi_idx: 0, bi->size: 4096, bi_cnt: 2, bi_private: ffff880076a80bc0
Write to readonly device loop0 (0x700000) bi_flags: f000000000000001, bi_vcnt: 1, bi_idx: 0, bi->size: 4096, bi_cnt: 2, bi_private: ffff880076a80d60
Write to readonly device loop0 (0x700000) bi_flags: f000000000000001, bi_vcnt: 1, bi_idx: 0, bi->size: 4096, bi_cnt: 2, bi_private: ffff8800797f9408
Write to readonly device loop0 (0x700000) bi_flags: f000000000000001, bi_vcnt: 1, bi_idx: 0, bi->size: 4096, bi_cnt: 2, bi_private: ffff8800797f9130
Write to readonly device loop0 (0x700000) bi_flags: f000000000000001, bi_vcnt: 1, bi_idx: 0, bi->size: 4096, bi_cnt: 2, bi_private: ffff880076a12f00
Write to readonly device loop0 (0x700000) bi_flags: f000000000000001, bi_vcnt: 1, bi_idx: 0, bi->size: 4096, bi_cnt: 2, bi_private: ffff880076a4f540
Write to readonly device loop0 (0x700000) bi_flags: f000000000000001, bi_vcnt: 1, bi_idx: 0, bi->size: 4096, bi_cnt: 2, bi_private: ffff8800797f90c8
Write to readonly device loop0 (0x700000) bi_flags: f000000000000001, bi_vcnt: 1, bi_idx: 0, bi->size: 4096, bi_cnt: 2, bi_private: ffff8800797f9408
Write to readonly device loop0 (0x700000) bi_flags: f000000000000001, bi_vcnt: 1, bi_idx: 0, bi->size: 4096, bi_cnt: 2, bi_private: ffff880076a4fb58
Write to readonly device loop0 (0x700000) bi_flags: f000000000000001, bi_vcnt: 1, bi_idx: 0, bi->size: 4096, bi_cnt: 2, bi_private: ffff880076a4fb58
Write to readonly device loop0 (0x700000) bi_flags: f000000000000001, bi_vcnt: 1, bi_idx: 0, bi->size: 4096, bi_cnt: 2, bi_private: ffff880076a4fb58
Write to readonly device loop0 (0x700000) bi_flags: f000000000000001, bi_vcnt: 1, bi_idx: 0, bi->size: 4096, bi_cnt: 2, bi_private: ffff8800797f9408
Removing read-only on unknown block (0x700000)
LDISKFS-fs warning (device loop0): ldiskfs_fill_super: extents feature not enabled on this filesystem, use tune2fs.
LDISKFS-fs (loop0): warning: maximal mount count reached, running e2fsck is recommended
LDISKFS-fs (loop0): 1 orphan inode deleted
LDISKFS-fs (loop0): recovery complete
LDISKFS-fs (loop0): mounted filesystem with ordered data mode
LDISKFS-fs warning (device loop0): ldiskfs_fill_super: extents feature not enabled on this filesystem, use tune2fs.
LDISKFS-fs (loop0): warning: maximal mount count reached, running e2fsck is recommended
LDISKFS-fs (loop0): mounted filesystem with ordered data mode
LustreError: 6418:0:(ldlm_lib.c:1859:target_stop_recovery_thread()) lustre-MDT0000: Aborting recovery
Lustre: 6285:0:(ldlm_lib.c:1558:target_recovery_overseer()) recovery is aborted, evict exports in recovery
Lustre: 6285:0:(ldlm_lib.c:1234:abort_req_replay_queue()) @@@ aborted:  req@ffff88007abd7800 x1398240341659660/t0(77309411354) o36->267f2418-c530-512b-b7d9-e43d69375cb0@0@lo:0/0 lens 464/0 e 0 to 0 dl 1333467308 ref 1 fl Complete:/4/ffffffff rc 0/-1
Lustre: 6285:0:(ldlm_lib.c:1558:target_recovery_overseer()) recovery is aborted, evict exports in recovery
LustreError: 11-0: an error occurred while communicating with 0@lo. The mds_reint operation failed with -19
LustreError: Skipped 7 previous similar messages
LustreError: 137-5: UUID 'lustre-MDT0000_UUID' is not available  for connect (stopping)
LustreError: 6287:0:(ldlm_lib.c:2125:target_send_reply_msg()) @@@ processing error (-19)  req@ffff88007917b000 x1398240341659796/t0(0) o38-><?>@<?>:0/0 lens 368/0 e 0 to 0 dl 1333467313 ref 1 fl Interpret:/0/ffffffff rc -19/-1
LustreError: 6287:0:(ldlm_lib.c:2125:target_send_reply_msg()) Skipped 7 previous similar messages
Lustre: 1616:0:(import.c:526:import_select_connection()) lustre-MDT0000-mdc-ffff88007818f400: tried all connections, increasing latency to 6s
LDISKFS-fs warning (device loop0): ldiskfs_fill_super: extents feature not enabled on this filesystem, use tune2fs.
LDISKFS-fs (loop0): warning: maximal mount count reached, running e2fsck is recommended
LDISKFS-fs (loop0): mounted filesystem with ordered data mode
LDISKFS-fs warning (device loop0): ldiskfs_fill_super: extents feature not enabled on this filesystem, use tune2fs.
LDISKFS-fs (loop0): warning: maximal mount count reached, running e2fsck is recommended
LDISKFS-fs (loop0): mounted filesystem with ordered data mode
Lustre: 1616:0:(import.c:526:import_select_connection()) lustre-MDT0000-mdc-ffff88007818f400: tried all connections, increasing latency to 11s
Lustre: 6547:0:(ldlm_lib.c:1566:target_recovery_overseer()) recovery is timed out, evict stale exports
LustreError: 6547:0:(genops.c:1273:class_disconnect_stale_exports()) lustre-MDT0000: disconnect stale client bc0b3acf-ffbe-276d-08a6-ff40937e1f0f@<unknown>
LustreError: 1615:0:(client.c:2585:ptlrpc_replay_interpret()) @@@ status 0, old was -19  req@ffff880070a34800 x1398240341659660/t77309411354(77309411354) o36->lustre-MDT0000-mdc-ffff88007818f400@0@lo:12/10 lens 464/416 e 4 to 0 dl 1333467435 ref 2 fl Interpret:R/4/0 rc 0/0
LustreError: 6547:0:(mds_lov.c:349:mds_lov_update_objids()) Unexpected gap in objids
LustreError: 6547:0:(mds_lov.c:349:mds_lov_update_objids()) Skipped 1 previous similar message
Lustre: 6547:0:(mds_lov.c:1024:mds_notify()) MDS mdd_obd-lustre-MDT0000: in recovery, not resetting orphans on lustre-OST0000_UUID
Lustre: 6547:0:(mds_lov.c:1024:mds_notify()) Skipped 17 previous similar messages
LustreError: 152-6: Ignoring deprecated mount option 'acl'.
LustreError: Skipped 7 previous similar messages
Lustre: Client lustre-client has started
Lustre: Skipped 7 previous similar messages
Lustre: DEBUG MARKER: == replay-dual replay-dual.sh test complete, duration 160 sec == 18:36:47 (1333467407)
Lustre: client ffff880078712400 umount complete
Lustre: Skipped 6 previous similar messages
