==> /var/log/messages <==
Apr  3 18:34:07 mft02 kernel: Lustre: DEBUG MARKER: only running test 16
Apr  3 18:34:08 mft02 kernel: Lustre: DEBUG MARKER: excepting tests: 15c
Apr  3 18:34:08 mft02 kernel: Lustre: DEBUG MARKER: Using TIMEOUT=20
Apr  3 18:34:18 mft02 kernel: Lustre: DEBUG MARKER: == replay-dual test 16: fail MDS during recovery (3571) == 18:34:18 (1333467258)
Apr  3 18:34:18 mft02 kernel: Turning device loop0 (0x700000) read-only
Apr  3 18:34:18 mft02 kernel: Lustre: DEBUG MARKER: mds1 REPLAY BARRIER on lustre-MDT0000
Apr  3 18:34:18 mft02 kernel: Lustre: DEBUG MARKER: local REPLAY BARRIER on lustre-MDT0000
Apr  3 18:34:19 mft02 kernel: Write to readonly device loop0 (0x700000) bi_flags: f000000000000001, bi_vcnt: 1, bi_idx: 0, bi->size: 4096, bi_cnt: 2, bi_private: ffff880076a5e198
Apr  3 18:34:19 mft02 kernel: Write to readonly device loop0 (0x700000) bi_flags: f000000000000001, bi_vcnt: 1, bi_idx: 0, bi->size: 4096, bi_cnt: 2, bi_private: ffff880076a5e200
Apr  3 18:34:19 mft02 kernel: Write to readonly device loop0 (0x700000) bi_flags: f000000000000001, bi_vcnt: 1, bi_idx: 0, bi->size: 4096, bi_cnt: 2, bi_private: ffff880076a5e268
Apr  3 18:34:19 mft02 kernel: Write to readonly device loop0 (0x700000) bi_flags: f000000000000001, bi_vcnt: 1, bi_idx: 0, bi->size: 4096, bi_cnt: 2, bi_private: ffff880076a5e2d0
Apr  3 18:34:19 mft02 kernel: Write to readonly device loop0 (0x700000) bi_flags: f000000000000001, bi_vcnt: 1, bi_idx: 0, bi->size: 4096, bi_cnt: 2, bi_private: ffff8800769db0c8
Apr  3 18:34:19 mft02 kernel: Write to readonly device loop0 (0x700000) bi_flags: f000000000000001, bi_vcnt: 1, bi_idx: 0, bi->size: 4096, bi_cnt: 2, bi_private: ffff8800769db130
Apr  3 18:34:19 mft02 kernel: Write to readonly device loop0 (0x700000) bi_flags: f000000000000001, bi_vcnt: 1, bi_idx: 0, bi->size: 4096, bi_cnt: 2, bi_private: ffff8800769db198
Apr  3 18:34:19 mft02 kernel: Write to readonly device loop0 (0x700000) bi_flags: f000000000000001, bi_vcnt: 1, bi_idx: 0, bi->size: 4096, bi_cnt: 2, bi_private: ffff8800769db200
Apr  3 18:34:19 mft02 kernel: Write to readonly device loop0 (0x700000) bi_flags: f000000000000001, bi_vcnt: 1, bi_idx: 0, bi->size: 4096, bi_cnt: 2, bi_private: ffff8800769db268
Apr  3 18:34:19 mft02 kernel: Write to readonly device loop0 (0x700000) bi_flags: f000000000000001, bi_vcnt: 1, bi_idx: 0, bi->size: 4096, bi_cnt: 2, bi_private: ffff8800769db2d0
Apr  3 18:34:19 mft02 kernel: Write to readonly device loop0 (0x700000) bi_flags: f000000000000001, bi_vcnt: 1, bi_idx: 0, bi->size: 4096, bi_cnt: 2, bi_private: ffff8800769db338
Apr  3 18:34:19 mft02 kernel: Write to readonly device loop0 (0x700000) bi_flags: f000000000000001, bi_vcnt: 1, bi_idx: 0, bi->size: 4096, bi_cnt: 2, bi_private: ffff8800769db3a0
Apr  3 18:34:19 mft02 kernel: Write to readonly device loop0 (0x700000) bi_flags: f000000000000001, bi_vcnt: 1, bi_idx: 0, bi->size: 4096, bi_cnt: 2, bi_private: ffff8800769db408
Apr  3 18:34:19 mft02 kernel: Write to readonly device loop0 (0x700000) bi_flags: f000000000000001, bi_vcnt: 1, bi_idx: 0, bi->size: 4096, bi_cnt: 2, bi_private: ffff8800769db470
Apr  3 18:34:19 mft02 kernel: Write to readonly device loop0 (0x700000) bi_flags: f000000000000001, bi_vcnt: 1, bi_idx: 0, bi->size: 4096, bi_cnt: 2, bi_private: ffff8800769db4d8
Apr  3 18:34:19 mft02 kernel: Write to readonly device loop0 (0x700000) bi_flags: f000000000000001, bi_vcnt: 1, bi_idx: 0, bi->size: 4096, bi_cnt: 2, bi_private: ffff880076a5e200
Apr  3 18:34:19 mft02 kernel: Write to readonly device loop0 (0x700000) bi_flags: f000000000000001, bi_vcnt: 1, bi_idx: 0, bi->size: 4096, bi_cnt: 2, bi_private: ffff880076a4fe98
Apr  3 18:34:19 mft02 kernel: Write to readonly device loop0 (0x700000) bi_flags: f000000000000001, bi_vcnt: 1, bi_idx: 0, bi->size: 4096, bi_cnt: 2, bi_private: ffff880076a4ff00
Apr  3 18:34:19 mft02 kernel: Write to readonly device loop0 (0x700000) bi_flags: f000000000000001, bi_vcnt: 1, bi_idx: 0, bi->size: 4096, bi_cnt: 2, bi_private: ffff880076a4ff68
Apr  3 18:34:19 mft02 kernel: Write to readonly device loop0 (0x700000) bi_flags: f000000000000001, bi_vcnt: 1, bi_idx: 0, bi->size: 4096, bi_cnt: 2, bi_private: ffff8800797f90c8
Apr  3 18:34:19 mft02 kernel: Write to readonly device loop0 (0x700000) bi_flags: f000000000000001, bi_vcnt: 1, bi_idx: 0, bi->size: 4096, bi_cnt: 2, bi_private: ffff880076a4fcf8
Apr  3 18:34:19 mft02 kernel: Write to readonly device loop0 (0x700000) bi_flags: f000000000000001, bi_vcnt: 1, bi_idx: 0, bi->size: 4096, bi_cnt: 2, bi_private: ffff880076a633a0
Apr  3 18:34:19 mft02 kernel: Write to readonly device loop0 (0x700000) bi_flags: f000000000000001, bi_vcnt: 1, bi_idx: 0, bi->size: 4096, bi_cnt: 2, bi_private: ffff8800769db5a8
Apr  3 18:34:19 mft02 kernel: Write to readonly device loop0 (0x700000) bi_flags: f000000000000001, bi_vcnt: 1, bi_idx: 0, bi->size: 4096, bi_cnt: 2, bi_private: ffff8800769db610
Apr  3 18:34:19 mft02 kernel: Write to readonly device loop0 (0x700000) bi_flags: f000000000000001, bi_vcnt: 1, bi_idx: 0, bi->size: 4096, bi_cnt: 2, bi_private: ffff8800769db678
Apr  3 18:34:19 mft02 kernel: Write to readonly device loop0 (0x700000) bi_flags: f000000000000001, bi_vcnt: 1, bi_idx: 0, bi->size: 4096, bi_cnt: 2, bi_private: ffff8800769dbaf0
Apr  3 18:34:19 mft02 kernel: Write to readonly device loop0 (0x700000) bi_flags: f000000000000001, bi_vcnt: 1, bi_idx: 0, bi->size: 4096, bi_cnt: 2, bi_private: ffff8800769dbb58
Apr  3 18:34:19 mft02 kernel: Write to readonly device loop0 (0x700000) bi_flags: f000000000000001, bi_vcnt: 1, bi_idx: 0, bi->size: 4096, bi_cnt: 2, bi_private: ffff8800769dbbc0
Apr  3 18:34:19 mft02 kernel: Write to readonly device loop0 (0x700000) bi_flags: f000000000000001, bi_vcnt: 1, bi_idx: 0, bi->size: 4096, bi_cnt: 2, bi_private: ffff8800769dbc28
Apr  3 18:34:19 mft02 kernel: Write to readonly device loop0 (0x700000) bi_flags: f000000000000001, bi_vcnt: 1, bi_idx: 0, bi->size: 4096, bi_cnt: 2, bi_private: ffff8800769dbc90
Apr  3 18:34:19 mft02 kernel: Write to readonly device loop0 (0x700000) bi_flags: f000000000000001, bi_vcnt: 1, bi_idx: 0, bi->size: 4096, bi_cnt: 2, bi_private: ffff8800769dbcf8
Apr  3 18:34:19 mft02 kernel: Write to readonly device loop0 (0x700000) bi_flags: f000000000000001, bi_vcnt: 1, bi_idx: 0, bi->size: 4096, bi_cnt: 2, bi_private: ffff8800769dbd60
Apr  3 18:34:19 mft02 kernel: Write to readonly device loop0 (0x700000) bi_flags: f000000000000001, bi_vcnt: 1, bi_idx: 0, bi->size: 4096, bi_cnt: 2, bi_private: ffff8800769db610
Apr  3 18:34:19 mft02 kernel: Write to readonly device loop0 (0x700000) bi_flags: f000000000000001, bi_vcnt: 1, bi_idx: 0, bi->size: 4096, bi_cnt: 2, bi_private: ffff8800797f9130
Apr  3 18:34:19 mft02 kernel: Write to readonly device loop0 (0x700000) bi_flags: f000000000000001, bi_vcnt: 1, bi_idx: 0, bi->size: 4096, bi_cnt: 2, bi_private: ffff880076a4f4d8
Apr  3 18:34:19 mft02 kernel: Write to readonly device loop0 (0x700000) bi_flags: f000000000000001, bi_vcnt: 1, bi_idx: 0, bi->size: 4096, bi_cnt: 2, bi_private: ffff880076a4f540
Apr  3 18:34:19 mft02 kernel: Write to readonly device loop0 (0x700000) bi_flags: f000000000000001, bi_vcnt: 1, bi_idx: 0, bi->size: 4096, bi_cnt: 2, bi_private: ffff880076a4fd60
Apr  3 18:34:19 mft02 kernel: Write to readonly device loop0 (0x700000) bi_flags: f000000000000001, bi_vcnt: 1, bi_idx: 0, bi->size: 4096, bi_cnt: 2, bi_private: ffff880076a4f678
Apr  3 18:34:19 mft02 kernel: Write to readonly device loop0 (0x700000) bi_flags: f000000000000001, bi_vcnt: 1, bi_idx: 0, bi->size: 4096, bi_cnt: 2, bi_private: ffff880076a4f7b0
Apr  3 18:34:19 mft02 kernel: Write to readonly device loop0 (0x700000) bi_flags: f000000000000001, bi_vcnt: 1, bi_idx: 0, bi->size: 4096, bi_cnt: 2, bi_private: ffff880076a63338
Apr  3 18:34:19 mft02 kernel: Write to readonly device loop0 (0x700000) bi_flags: f000000000000001, bi_vcnt: 1, bi_idx: 0, bi->size: 4096, bi_cnt: 2, bi_private: ffff880076a632d0
Apr  3 18:34:19 mft02 kernel: Write to readonly device loop0 (0x700000) bi_flags: f000000000000001, bi_vcnt: 1, bi_idx: 0, bi->size: 4096, bi_cnt: 2, bi_private: ffff880076a4f6e0
Apr  3 18:34:19 mft02 kernel: Write to readonly device loop0 (0x700000) bi_flags: f000000000000001, bi_vcnt: 1, bi_idx: 0, bi->size: 4096, bi_cnt: 2, bi_private: ffff880076a80f00
Apr  3 18:34:19 mft02 kernel: Lustre: 6161:0:(quota_master.c:793:close_quota_files()) quota[0] is off already
Apr  3 18:34:19 mft02 kernel: Lustre: 6161:0:(quota_master.c:793:close_quota_files()) Skipped 21 previous similar messages
Apr  3 18:34:19 mft02 kernel: Release to readonly device loop0 (0x700000): [inode 49] [block 17131] [count 3] [is_meta 1]
Apr  3 18:34:19 mft02 kernel: Write to readonly device loop0 (0x700000) bi_flags: f000000000000001, bi_vcnt: 1, bi_idx: 0, bi->size: 4096, bi_cnt: 2, bi_private: ffff880076a80e30
Apr  3 18:34:19 mft02 kernel: Write to readonly device loop0 (0x700000) bi_flags: f000000000000001, bi_vcnt: 1, bi_idx: 0, bi->size: 4096, bi_cnt: 2, bi_private: ffff880076a80d60
Apr  3 18:34:19 mft02 kernel: Write to readonly device loop0 (0x700000) bi_flags: f000000000000001, bi_vcnt: 1, bi_idx: 0, bi->size: 4096, bi_cnt: 2, bi_private: ffff880076a80cf8
Apr  3 18:34:19 mft02 kernel: Write to readonly device loop0 (0x700000) bi_flags: f000000000000001, bi_vcnt: 1, bi_idx: 0, bi->size: 4096, bi_cnt: 2, bi_private: ffff880076a80c90
Apr  3 18:34:19 mft02 kernel: Write to readonly device loop0 (0x700000) bi_flags: f000000000000001, bi_vcnt: 1, bi_idx: 0, bi->size: 4096, bi_cnt: 2, bi_private: ffff880076a80c28
Apr  3 18:34:19 mft02 kernel: Write to readonly device loop0 (0x700000) bi_flags: f000000000000001, bi_vcnt: 1, bi_idx: 0, bi->size: 4096, bi_cnt: 2, bi_private: ffff880076a80bc0
Apr  3 18:34:19 mft02 kernel: Write to readonly device loop0 (0x700000) bi_flags: f000000000000001, bi_vcnt: 1, bi_idx: 0, bi->size: 4096, bi_cnt: 2, bi_private: ffff880076a80d60
Apr  3 18:34:22 mft02 kernel: Write to readonly device loop0 (0x700000) bi_flags: f000000000000001, bi_vcnt: 1, bi_idx: 0, bi->size: 4096, bi_cnt: 2, bi_private: ffff8800797f9408
Apr  3 18:34:22 mft02 kernel: Write to readonly device loop0 (0x700000) bi_flags: f000000000000001, bi_vcnt: 1, bi_idx: 0, bi->size: 4096, bi_cnt: 2, bi_private: ffff8800797f9130
Apr  3 18:34:22 mft02 kernel: Write to readonly device loop0 (0x700000) bi_flags: f000000000000001, bi_vcnt: 1, bi_idx: 0, bi->size: 4096, bi_cnt: 2, bi_private: ffff880076a12f00
Apr  3 18:34:22 mft02 kernel: Write to readonly device loop0 (0x700000) bi_flags: f000000000000001, bi_vcnt: 1, bi_idx: 0, bi->size: 4096, bi_cnt: 2, bi_private: ffff880076a4f540
Apr  3 18:34:22 mft02 kernel: Write to readonly device loop0 (0x700000) bi_flags: f000000000000001, bi_vcnt: 1, bi_idx: 0, bi->size: 4096, bi_cnt: 2, bi_private: ffff8800797f90c8
Apr  3 18:34:22 mft02 kernel: Write to readonly device loop0 (0x700000) bi_flags: f000000000000001, bi_vcnt: 1, bi_idx: 0, bi->size: 4096, bi_cnt: 2, bi_private: ffff8800797f9408
Apr  3 18:34:22 mft02 kernel: Write to readonly device loop0 (0x700000) bi_flags: f000000000000001, bi_vcnt: 1, bi_idx: 0, bi->size: 4096, bi_cnt: 2, bi_private: ffff880076a4fb58
Apr  3 18:34:22 mft02 kernel: Write to readonly device loop0 (0x700000) bi_flags: f000000000000001, bi_vcnt: 1, bi_idx: 0, bi->size: 4096, bi_cnt: 2, bi_private: ffff880076a4fb58
Apr  3 18:34:22 mft02 kernel: Write to readonly device loop0 (0x700000) bi_flags: f000000000000001, bi_vcnt: 1, bi_idx: 0, bi->size: 4096, bi_cnt: 2, bi_private: ffff880076a4fb58
Apr  3 18:34:22 mft02 kernel: Write to readonly device loop0 (0x700000) bi_flags: f000000000000001, bi_vcnt: 1, bi_idx: 0, bi->size: 4096, bi_cnt: 2, bi_private: ffff8800797f9408
Apr  3 18:34:22 mft02 kernel: Removing read-only on unknown block (0x700000)
Apr  3 18:34:32 mft02 kernel: LDISKFS-fs warning (device loop0): ldiskfs_fill_super: extents feature not enabled on this filesystem, use tune2fs.
Apr  3 18:34:32 mft02 kernel: LDISKFS-fs (loop0): warning: maximal mount count reached, running e2fsck is recommended
Apr  3 18:34:32 mft02 kernel: LDISKFS-fs (loop0): 1 orphan inode deleted
Apr  3 18:34:32 mft02 kernel: LDISKFS-fs (loop0): recovery complete
Apr  3 18:34:32 mft02 kernel: LDISKFS-fs (loop0): mounted filesystem with ordered data mode
Apr  3 18:34:32 mft02 kernel: LDISKFS-fs warning (device loop0): ldiskfs_fill_super: extents feature not enabled on this filesystem, use tune2fs.
Apr  3 18:34:32 mft02 kernel: LDISKFS-fs (loop0): warning: maximal mount count reached, running e2fsck is recommended
Apr  3 18:34:32 mft02 kernel: LDISKFS-fs (loop0): mounted filesystem with ordered data mode
Apr  3 18:34:53 mft02 kernel: LustreError: 6418:0:(ldlm_lib.c:1859:target_stop_recovery_thread()) lustre-MDT0000: Aborting recovery
Apr  3 18:34:53 mft02 kernel: Lustre: 6285:0:(ldlm_lib.c:1558:target_recovery_overseer()) recovery is aborted, evict exports in recovery
Apr  3 18:34:53 mft02 kernel: Lustre: 6285:0:(ldlm_lib.c:1234:abort_req_replay_queue()) @@@ aborted:  req@ffff88007abd7800 x1398240341659660/t0(77309411354) o36->267f2418-c530-512b-b7d9-e43d69375cb0@0@lo:0/0 lens 464/0 e 0 to 0 dl 1333467308 ref 1 fl Complete:/4/ffffffff rc 0/-1
Apr  3 18:34:53 mft02 kernel: Lustre: 6285:0:(ldlm_lib.c:1558:target_recovery_overseer()) recovery is aborted, evict exports in recovery
Apr  3 18:34:53 mft02 kernel: LustreError: 11-0: an error occurred while communicating with 0@lo. The mds_reint operation failed with -19
Apr  3 18:34:53 mft02 kernel: LustreError: Skipped 7 previous similar messages
Apr  3 18:34:53 mft02 kernel: LustreError: 137-5: UUID 'lustre-MDT0000_UUID' is not available  for connect (stopping)
Apr  3 18:34:53 mft02 kernel: LustreError: 6287:0:(ldlm_lib.c:2125:target_send_reply_msg()) @@@ processing error (-19)  req@ffff88007917b000 x1398240341659796/t0(0) o38-><?>@<?>:0/0 lens 368/0 e 0 to 0 dl 1333467313 ref 1 fl Interpret:/0/ffffffff rc -19/-1
Apr  3 18:34:53 mft02 kernel: LustreError: 6287:0:(ldlm_lib.c:2125:target_send_reply_msg()) Skipped 7 previous similar messages
Apr  3 18:35:02 mft02 kernel: Lustre: 1616:0:(import.c:526:import_select_connection()) lustre-MDT0000-mdc-ffff88007818f400: tried all connections, increasing latency to 6s
Apr  3 18:35:06 mft02 kernel: LDISKFS-fs warning (device loop0): ldiskfs_fill_super: extents feature not enabled on this filesystem, use tune2fs.
Apr  3 18:35:06 mft02 kernel: LDISKFS-fs (loop0): warning: maximal mount count reached, running e2fsck is recommended
Apr  3 18:35:06 mft02 kernel: LDISKFS-fs (loop0): mounted filesystem with ordered data mode
Apr  3 18:35:06 mft02 kernel: LDISKFS-fs warning (device loop0): ldiskfs_fill_super: extents feature not enabled on this filesystem, use tune2fs.
Apr  3 18:35:06 mft02 kernel: LDISKFS-fs (loop0): warning: maximal mount count reached, running e2fsck is recommended
Apr  3 18:35:06 mft02 kernel: LDISKFS-fs (loop0): mounted filesystem with ordered data mode
Apr  3 18:35:16 mft02 kernel: Lustre: 1616:0:(import.c:526:import_select_connection()) lustre-MDT0000-mdc-ffff88007818f400: tried all connections, increasing latency to 11s
Apr  3 18:36:46 mft02 kernel: Lustre: 6547:0:(ldlm_lib.c:1566:target_recovery_overseer()) recovery is timed out, evict stale exports
Apr  3 18:36:46 mft02 kernel: LustreError: 6547:0:(genops.c:1273:class_disconnect_stale_exports()) lustre-MDT0000: disconnect stale client bc0b3acf-ffbe-276d-08a6-ff40937e1f0f@<unknown>
Apr  3 18:36:46 mft02 kernel: LustreError: 1615:0:(client.c:2585:ptlrpc_replay_interpret()) @@@ status 0, old was -19  req@ffff880070a34800 x1398240341659660/t77309411354(77309411354) o36->lustre-MDT0000-mdc-ffff88007818f400@0@lo:12/10 lens 464/416 e 4 to 0 dl 1333467435 ref 2 fl Interpret:R/4/0 rc 0/0
Apr  3 18:36:46 mft02 kernel: LustreError: 6547:0:(mds_lov.c:349:mds_lov_update_objids()) Unexpected gap in objids
Apr  3 18:36:46 mft02 kernel: LustreError: 6547:0:(mds_lov.c:349:mds_lov_update_objids()) Skipped 1 previous similar message
Apr  3 18:36:46 mft02 kernel: Lustre: 6547:0:(mds_lov.c:1024:mds_notify()) MDS mdd_obd-lustre-MDT0000: in recovery, not resetting orphans on lustre-OST0000_UUID
Apr  3 18:36:46 mft02 kernel: Lustre: 6547:0:(mds_lov.c:1024:mds_notify()) Skipped 17 previous similar messages
Apr  3 18:36:46 mft02 kernel: LustreError: 152-6: Ignoring deprecated mount option 'acl'.
Apr  3 18:36:46 mft02 kernel: LustreError: Skipped 7 previous similar messages
Apr  3 18:36:46 mft02 kernel: Lustre: Client lustre-client has started
Apr  3 18:36:46 mft02 kernel: Lustre: Skipped 7 previous similar messages
Apr  3 18:36:47 mft02 kernel: Lustre: DEBUG MARKER: == replay-dual replay-dual.sh test complete, duration 160 sec == 18:36:47 (1333467407)
Apr  3 18:36:47 mft02 kernel: Lustre: client ffff880078712400 umount complete
Apr  3 18:36:47 mft02 kernel: Lustre: Skipped 6 previous similar messages
