==> /tmp/serial_mft02_out <==
Lustre: DEBUG MARKER: only running test 19
Lustre: DEBUG MARKER: excepting tests: 15c
Lustre: DEBUG MARKER: Using TIMEOUT=20
Lustre: DEBUG MARKER: == replay-dual test 19: resend of open request == 18:41:11 (1333467671)
LustreError: 12742:0:(osd_handler.c:938:osd_ro()) *** setting device osd-ldiskfs read-only ***
LustreError: 12742:0:(osd_handler.c:938:osd_ro()) Skipped 2 previous similar messages
Turning device loop0 (0x700000) read-only
Lustre: DEBUG MARKER: mds1 REPLAY BARRIER on lustre-MDT0000
Lustre: DEBUG MARKER: local REPLAY BARRIER on lustre-MDT0000
LustreError: 6549:0:(libcfs_fail.h:81:cfs_fail_check_set()) *** cfs_fail_loc=30c ***
LustreError: 6549:0:(ldlm_lib.c:2120:target_send_reply_msg()) @@@ dropping reply  req@ffff880076124800 x1398240341660742/t81604378749(0) o101->267f2418-c530-512b-b7d9-e43d69375cb0@0@lo:0/0 lens 544/600 e 0 to 0 dl 1333467747 ref 1 fl Interpret:/0/0 rc 301/0
Write to readonly device loop0 (0x700000) bi_flags: f000000000000001, bi_vcnt: 1, bi_idx: 0, bi->size: 4096, bi_cnt: 2, bi_private: ffff880076aaf4d8
Write to readonly device loop0 (0x700000) bi_flags: f000000000000001, bi_vcnt: 1, bi_idx: 0, bi->size: 4096, bi_cnt: 2, bi_private: ffff880076aaf470
Write to readonly device loop0 (0x700000) bi_flags: f000000000000001, bi_vcnt: 1, bi_idx: 0, bi->size: 4096, bi_cnt: 2, bi_private: ffff880076aaf408
Write to readonly device loop0 (0x700000) bi_flags: f000000000000001, bi_vcnt: 1, bi_idx: 0, bi->size: 4096, bi_cnt: 2, bi_private: ffff880076aaf0c8
Write to readonly device loop0 (0x700000) bi_flags: f000000000000001, bi_vcnt: 1, bi_idx: 0, bi->size: 4096, bi_cnt: 2, bi_private: ffff880076aaf130
Write to readonly device loop0 (0x700000) bi_flags: f000000000000001, bi_vcnt: 1, bi_idx: 0, bi->size: 4096, bi_cnt: 2, bi_private: ffff880076aaf198
Write to readonly device loop0 (0x700000) bi_flags: f000000000000001, bi_vcnt: 1, bi_idx: 0, bi->size: 4096, bi_cnt: 2, bi_private: ffff880076aaf200
Write to readonly device loop0 (0x700000) bi_flags: f000000000000001, bi_vcnt: 1, bi_idx: 0, bi->size: 4096, bi_cnt: 2, bi_private: ffff880076aaf268
Write to readonly device loop0 (0x700000) bi_flags: f000000000000001, bi_vcnt: 1, bi_idx: 0, bi->size: 4096, bi_cnt: 2, bi_private: ffff880076aaf2d0
Write to readonly device loop0 (0x700000) bi_flags: f000000000000001, bi_vcnt: 1, bi_idx: 0, bi->size: 4096, bi_cnt: 2, bi_private: ffff880076aaf470
Write to readonly device loop0 (0x700000) bi_flags: f000000000000001, bi_vcnt: 1, bi_idx: 0, bi->size: 4096, bi_cnt: 2, bi_private: ffff880076a4f4d8
Write to readonly device loop0 (0x700000) bi_flags: f000000000000001, bi_vcnt: 1, bi_idx: 0, bi->size: 4096, bi_cnt: 2, bi_private: ffff880076a4f9b8
Write to readonly device loop0 (0x700000) bi_flags: f000000000000001, bi_vcnt: 1, bi_idx: 0, bi->size: 4096, bi_cnt: 2, bi_private: ffff880076a65950
Write to readonly device loop0 (0x700000) bi_flags: f000000000000001, bi_vcnt: 1, bi_idx: 0, bi->size: 4096, bi_cnt: 2, bi_private: ffff880076a61130
Write to readonly device loop0 (0x700000) bi_flags: f000000000000001, bi_vcnt: 1, bi_idx: 0, bi->size: 4096, bi_cnt: 2, bi_private: ffff880076a652d0
Write to readonly device loop0 (0x700000) bi_flags: f000000000000001, bi_vcnt: 1, bi_idx: 0, bi->size: 4096, bi_cnt: 2, bi_private: ffff880076a4f6e0
Write to readonly device loop0 (0x700000) bi_flags: f000000000000001, bi_vcnt: 1, bi_idx: 0, bi->size: 4096, bi_cnt: 2, bi_private: ffff880076a656e0
Write to readonly device loop0 (0x700000) bi_flags: f000000000000001, bi_vcnt: 1, bi_idx: 0, bi->size: 4096, bi_cnt: 2, bi_private: ffff880076a65268
Lustre: 12763:0:(client.c:1773:ptlrpc_expire_one_request()) @@@ Request  sent has timed out for slow reply: [sent 1333467671/real 1333467671]  req@ffff88007a20c000 x1398240341660742/t0(0) o101->lustre-MDT0000-mdc-ffff88007818f400@0@lo:12/10 lens 544/1104 e 0 to 1 dl 1333467758 ref 2 fl Rpc:XP/0/ffffffff rc 0/-1
Lustre: 12763:0:(client.c:1773:ptlrpc_expire_one_request()) Skipped 10 previous similar messages
Lustre: lustre-MDT0000-mdc-ffff88007818f400: Connection to service lustre-MDT0000 via nid 0@lo was lost; in progress operations using this service will wait for recovery to complete.
Lustre: Skipped 4 previous similar messages
Lustre: 6549:0:(ldlm_lib.c:605:target_handle_reconnect()) lustre-MDT0000: 267f2418-c530-512b-b7d9-e43d69375cb0 reconnecting
Lustre: 6549:0:(ldlm_lib.c:873:target_handle_connect()) lustre-MDT0000: connection from 267f2418-c530-512b-b7d9-e43d69375cb0@0@lo t81604378747 exp ffff880075d3a800 cur 1333467758 last 1333467758
Lustre: 6549:0:(ldlm_lib.c:873:target_handle_connect()) Skipped 42 previous similar messages
Lustre: 6549:0:(sec.c:1474:sptlrpc_import_sec_adapt()) import lustre-MDT0000->NET_0x9000000000000_UUID netid 90000: select flavor null
Lustre: 6549:0:(sec.c:1474:sptlrpc_import_sec_adapt()) Skipped 75 previous similar messages
Lustre: lustre-MDT0000-mdc-ffff88007818f400: Connection restored to service lustre-MDT0000 using nid 0@lo.
Lustre: Skipped 4 previous similar messages
Lustre: Failing over lustre-MDT0000
Lustre: Skipped 21 previous similar messages
Write to readonly device loop0 (0x700000) bi_flags: f000000000000001, bi_vcnt: 1, bi_idx: 0, bi->size: 4096, bi_cnt: 2, bi_private: ffff880076a99c28
Lustre: mdd_obd-lustre-MDT0000: shutting down for failover; client state will be preserved.
Lustre: Skipped 2 previous similar messages
Write to readonly device loop0 (0x700000) bi_flags: f000000000000001, bi_vcnt: 1, bi_idx: 0, bi->size: 4096, bi_cnt: 2, bi_private: ffff880076a99c90
Lustre: MGS has stopped.
Lustre: Skipped 2 previous similar messages
Write to readonly device loop0 (0x700000) bi_flags: f000000000000001, bi_vcnt: 1, bi_idx: 0, bi->size: 4096, bi_cnt: 2, bi_private: ffff880076a615a8
Write to readonly device loop0 (0x700000) bi_flags: f000000000000001, bi_vcnt: 1, bi_idx: 0, bi->size: 4096, bi_cnt: 2, bi_private: ffff880076a4faf0
Write to readonly device loop0 (0x700000) bi_flags: f000000000000001, bi_vcnt: 1, bi_idx: 0, bi->size: 4096, bi_cnt: 2, bi_private: ffff880076a615a8
Removing read-only on unknown block (0x700000)
Lustre: server umount lustre-MDT0000 complete
Lustre: Skipped 4 previous similar messages
LDISKFS-fs warning (device loop0): ldiskfs_fill_super: extents feature not enabled on this filesystem, use tune2fs.
LDISKFS-fs (loop0): warning: maximal mount count reached, running e2fsck is recommended
LDISKFS-fs (loop0): recovery complete
LDISKFS-fs (loop0): mounted filesystem with ordered data mode
LDISKFS-fs warning (device loop0): ldiskfs_fill_super: extents feature not enabled on this filesystem, use tune2fs.
LDISKFS-fs (loop0): warning: maximal mount count reached, running e2fsck is recommended
LDISKFS-fs (loop0): mounted filesystem with ordered data mode
Lustre: MGS MGS started
Lustre: Skipped 3 previous similar messages
LustreError: 166-1: MGC10.3.0.188@tcp: Connection to service MGS via nid 0@lo was lost; in progress operations using this service will fail.
LustreError: Skipped 2 previous similar messages
Lustre: MGC10.3.0.188@tcp: Reactivating import
Lustre: Skipped 7 previous similar messages
Lustre: Enabling ACL
Lustre: Skipped 3 previous similar messages
Lustre: Enabling user_xattr
Lustre: Skipped 3 previous similar messages
Lustre: lustre-MDT0000: used disk, loading
Lustre: Skipped 2 previous similar messages
Lustre: 13131:0:(ldlm_lib.c:1900:target_recovery_init()) RECOVERY: service lustre-MDT0000, 2 recoverable clients, last_transno 81604378746
Lustre: 13131:0:(ldlm_lib.c:1900:target_recovery_init()) Skipped 4 previous similar messages
LustreError: 13135:0:(ldlm_lib.c:1737:target_recovery_thread()) lustre-MDT0000: started recovery thread pid 13135
LustreError: 13135:0:(ldlm_lib.c:1737:target_recovery_thread()) Skipped 4 previous similar messages
Lustre: 13131:0:(mdt_lproc.c:259:lprocfs_wr_identity_upcall()) lustre-MDT0000: identity upcall set to /usr/sbin/l_getidentity
Lustre: 13131:0:(mdt_lproc.c:259:lprocfs_wr_identity_upcall()) Skipped 3 previous similar messages
Lustre: 13131:0:(mds_lov.c:1004:mds_notify()) MDS mdd_obd-lustre-MDT0000: add target lustre-OST0000_UUID
Lustre: 13131:0:(mds_lov.c:1004:mds_notify()) Skipped 7 previous similar messages
Lustre: 2306:0:(ldlm_lib.c:802:target_handle_connect()) lustre-OST0000: received new MDS connection from NID 0@lo, removing former export from same NID
Lustre: 2306:0:(ldlm_lib.c:802:target_handle_connect()) Skipped 7 previous similar messages
Lustre: 2306:0:(filter.c:2710:filter_connect_internal()) lustre-OST0000: Received MDS connection for group 0
Lustre: 2306:0:(filter.c:2710:filter_connect_internal()) Skipped 9 previous similar messages
Lustre: 13167:0:(debug.c:326:libcfs_debug_str2mask()) You are trying to use a numerical value for the mask - this will be deprecated in a future release.
Lustre: 13167:0:(debug.c:326:libcfs_debug_str2mask()) Skipped 35 previous similar messages
LustreError: 13137:0:(mdt_handler.c:2785:mdt_recovery()) operation 41 on unconnected MDS from 12345-0@lo
LustreError: 13137:0:(mdt_handler.c:2785:mdt_recovery()) Skipped 1 previous similar message
Lustre: 13136:0:(ldlm_lib.c:2026:target_queue_recovery_request()) Next recovery transno: 81604378747, current: 81604378747, replaying
Lustre: 13136:0:(ldlm_lib.c:2026:target_queue_recovery_request()) Skipped 127 previous similar messages
LustreError: 13135:0:(mds_lov.c:349:mds_lov_update_objids()) Unexpected gap in objids
LustreError: 13135:0:(mds_lov.c:349:mds_lov_update_objids()) Skipped 1 previous similar message
Lustre: lustre-MDT0000: sending delayed replies to recovered clients
Lustre: Skipped 5 previous similar messages
Lustre: 2306:0:(lustre_log.h:471:llog_group_set_export()) lustre-OST0001: export for group 0 is changed: 0xffff88007a023c00 -> 0xffff880079cd7000
Lustre: 2306:0:(lustre_log.h:471:llog_group_set_export()) Skipped 19 previous similar messages
Lustre: 2306:0:(llog_net.c:168:llog_receptor_accept()) changing the import ffff880078ae8000 - ffff880079136800
Lustre: 2306:0:(llog_net.c:168:llog_receptor_accept()) Skipped 19 previous similar messages
Lustre: 2307:0:(filter.c:2566:filter_llog_connect()) lustre-OST0000: Recovery from log 0x1f/0x0:f004dbbe
Lustre: 2307:0:(filter.c:2566:filter_llog_connect()) Skipped 8 previous similar messages
Lustre: DEBUG MARKER: == replay-dual replay-dual.sh test complete, duration 117 sec == 18:42:57 (1333467777)
