==> /var/log/messages <==
Apr  3 18:49:43 mft02 kernel: Lustre: DEBUG MARKER: only running test 21a
Apr  3 18:49:43 mft02 kernel: Lustre: DEBUG MARKER: excepting tests: 15c
Apr  3 18:49:43 mft02 kernel: LustreError: 152-6: Ignoring deprecated mount option 'acl'.
Apr  3 18:49:43 mft02 kernel: Lustre: 3201:0:(sec.c:1474:sptlrpc_import_sec_adapt()) import lustre-MDT0000-mdc-ffff880076f1b000->10.3.0.188@tcp netid 90000: select flavor null
Apr  3 18:49:43 mft02 kernel: Lustre: 3201:0:(sec.c:1474:sptlrpc_import_sec_adapt()) Skipped 4 previous similar messages
Apr  3 18:49:43 mft02 kernel: Lustre: 2221:0:(ldlm_lib.c:873:target_handle_connect()) lustre-MDT0000: connection from 1d7fe99c-dac7-15cd-a0a0-6576624ad57d@0@lo t0 exp (null) cur 1333468183 last 0
Apr  3 18:49:43 mft02 kernel: Lustre: 2221:0:(ldlm_lib.c:873:target_handle_connect()) Skipped 2 previous similar messages
Apr  3 18:49:43 mft02 kernel: Lustre: Client lustre-client has started
Apr  3 18:49:43 mft02 kernel: Lustre: 3220:0:(debug.c:326:libcfs_debug_str2mask()) You are trying to use a numerical value for the mask - this will be deprecated in a future release.
Apr  3 18:49:43 mft02 kernel: Lustre: 3220:0:(debug.c:326:libcfs_debug_str2mask()) Skipped 1 previous similar message
Apr  3 18:49:43 mft02 kernel: Lustre: DEBUG MARKER: Using TIMEOUT=20
Apr  3 18:49:43 mft02 kernel: Lustre: 2221:0:(quota_master.c:793:close_quota_files()) quota[0] is off already
Apr  3 18:49:43 mft02 kernel: LustreError: 3605:0:(quota_ctl.c:328:client_quota_ctl()) ptlrpc_queue_wait failed, rc: -114
Apr  3 18:49:54 mft02 kernel: Lustre: DEBUG MARKER: == replay-dual test 21a: commit on sharing == 18:49:54 (1333468194)
Apr  3 18:49:54 mft02 kernel: LustreError: 3933:0:(osd_handler.c:938:osd_ro()) *** setting device osd-ldiskfs read-only ***
Apr  3 18:49:54 mft02 kernel: Turning device loop0 (0x700000) read-only
Apr  3 18:49:54 mft02 kernel: Lustre: DEBUG MARKER: mds1 REPLAY BARRIER on lustre-MDT0000
Apr  3 18:49:54 mft02 kernel: Lustre: DEBUG MARKER: local REPLAY BARRIER on lustre-MDT0000
Apr  3 18:49:54 mft02 kernel: LustreError: 3942:0:(ldlm_request.c:1172:ldlm_cli_cancel_req()) Got rc -108 from cancel RPC: canceling anyway
Apr  3 18:49:54 mft02 kernel: LustreError: 3942:0:(ldlm_request.c:1799:ldlm_cli_cancel_list()) ldlm_cli_cancel_list: -108
Apr  3 18:49:54 mft02 kernel: Lustre: client ffff880076f1b000 umount complete
Apr  3 18:49:54 mft02 kernel: Write to readonly device loop0 (0x700000) bi_flags: f000000000000001, bi_vcnt: 1, bi_idx: 0, bi->size: 4096, bi_cnt: 2, bi_private: ffff88006ff34c28
Apr  3 18:49:54 mft02 kernel: Write to readonly device loop0 (0x700000) bi_flags: f000000000000001, bi_vcnt: 1, bi_idx: 0, bi->size: 4096, bi_cnt: 2, bi_private: ffff88006ff34e98
Apr  3 18:49:54 mft02 kernel: Write to readonly device loop0 (0x700000) bi_flags: f000000000000001, bi_vcnt: 1, bi_idx: 0, bi->size: 4096, bi_cnt: 2, bi_private: ffff88006ff26338
Apr  3 18:49:54 mft02 kernel: Write to readonly device loop0 (0x700000) bi_flags: f000000000000001, bi_vcnt: 1, bi_idx: 0, bi->size: 4096, bi_cnt: 2, bi_private: ffff88006ff26748
Apr  3 18:49:54 mft02 kernel: Write to readonly device loop0 (0x700000) bi_flags: f000000000000001, bi_vcnt: 1, bi_idx: 0, bi->size: 4096, bi_cnt: 2, bi_private: ffff88006ff269b8
Apr  3 18:49:54 mft02 kernel: Write to readonly device loop0 (0x700000) bi_flags: f000000000000001, bi_vcnt: 1, bi_idx: 0, bi->size: 4096, bi_cnt: 2, bi_private: ffff88006ff26a20
Apr  3 18:49:54 mft02 kernel: Write to readonly device loop0 (0x700000) bi_flags: f000000000000001, bi_vcnt: 1, bi_idx: 0, bi->size: 4096, bi_cnt: 2, bi_private: ffff88006fee85a8
Apr  3 18:49:54 mft02 kernel: Write to readonly device loop0 (0x700000) bi_flags: f000000000000001, bi_vcnt: 1, bi_idx: 0, bi->size: 4096, bi_cnt: 2, bi_private: ffff88007d3cf540
Apr  3 18:49:54 mft02 kernel: Write to readonly device loop0 (0x700000) bi_flags: f000000000000001, bi_vcnt: 1, bi_idx: 0, bi->size: 4096, bi_cnt: 2, bi_private: ffff88006fe6b6e0
Apr  3 18:49:54 mft02 kernel: Write to readonly device loop0 (0x700000) bi_flags: f000000000000001, bi_vcnt: 1, bi_idx: 0, bi->size: 4096, bi_cnt: 2, bi_private: ffff880078109610
Apr  3 18:49:54 mft02 kernel: Write to readonly device loop0 (0x700000) bi_flags: f000000000000001, bi_vcnt: 1, bi_idx: 0, bi->size: 4096, bi_cnt: 2, bi_private: ffff880078109678
Apr  3 18:49:54 mft02 kernel: Write to readonly device loop0 (0x700000) bi_flags: f000000000000001, bi_vcnt: 1, bi_idx: 0, bi->size: 4096, bi_cnt: 2, bi_private: ffff8800781096e0
Apr  3 18:49:54 mft02 kernel: Write to readonly device loop0 (0x700000) bi_flags: f000000000000001, bi_vcnt: 1, bi_idx: 0, bi->size: 4096, bi_cnt: 2, bi_private: ffff880078109748
Apr  3 18:49:54 mft02 kernel: Write to readonly device loop0 (0x700000) bi_flags: f000000000000001, bi_vcnt: 1, bi_idx: 0, bi->size: 4096, bi_cnt: 2, bi_private: ffff88006fe6b6e0
Apr  3 18:49:54 mft02 kernel: Write to readonly device loop0 (0x700000) bi_flags: f000000000000001, bi_vcnt: 1, bi_idx: 0, bi->size: 4096, bi_cnt: 2, bi_private: ffff88006ff26880
Apr  3 18:49:54 mft02 kernel: Write to readonly device loop0 (0x700000) bi_flags: f000000000000001, bi_vcnt: 1, bi_idx: 0, bi->size: 4096, bi_cnt: 2, bi_private: ffff88006fe6b3a0
Apr  3 18:49:54 mft02 kernel: Write to readonly device loop0 (0x700000) bi_flags: f000000000000001, bi_vcnt: 1, bi_idx: 0, bi->size: 4096, bi_cnt: 2, bi_private: ffff88006ff279b8
Apr  3 18:49:54 mft02 kernel: Write to readonly device loop0 (0x700000) bi_flags: f000000000000001, bi_vcnt: 1, bi_idx: 0, bi->size: 4096, bi_cnt: 2, bi_private: ffff88006ff26a88
Apr  3 18:49:54 mft02 kernel: Write to readonly device loop0 (0x700000) bi_flags: f000000000000001, bi_vcnt: 1, bi_idx: 0, bi->size: 4096, bi_cnt: 2, bi_private: ffff88006fee8610
Apr  3 18:49:54 mft02 kernel: Lustre: Failing over lustre-MDT0000
Apr  3 18:49:54 mft02 kernel: Write to readonly device loop0 (0x700000) bi_flags: f000000000000001, bi_vcnt: 1, bi_idx: 0, bi->size: 4096, bi_cnt: 2, bi_private: ffff880078109678
Apr  3 18:49:54 mft02 kernel: Lustre: 3978:0:(quota_master.c:793:close_quota_files()) quota[0] is off already
Apr  3 18:49:54 mft02 kernel: Lustre: 3978:0:(quota_master.c:793:close_quota_files()) Skipped 1 previous similar message
Apr  3 18:49:54 mft02 kernel: Lustre: Failing over mdd_obd-lustre-MDT0000
Apr  3 18:49:54 mft02 kernel: Lustre: mdd_obd-lustre-MDT0000: shutting down for failover; client state will be preserved.
Apr  3 18:49:54 mft02 kernel: Write to readonly device loop0 (0x700000) bi_flags: f000000000000001, bi_vcnt: 1, bi_idx: 0, bi->size: 4096, bi_cnt: 2, bi_private: ffff8800781096e0
Apr  3 18:49:54 mft02 kernel: Lustre: MGS has stopped.
Apr  3 18:49:57 mft02 kernel: Write to readonly device loop0 (0x700000) bi_flags: f000000000000001, bi_vcnt: 1, bi_idx: 0, bi->size: 4096, bi_cnt: 2, bi_private: ffff88006ff34a20
Apr  3 18:49:57 mft02 kernel: Write to readonly device loop0 (0x700000) bi_flags: f000000000000001, bi_vcnt: 1, bi_idx: 0, bi->size: 4096, bi_cnt: 2, bi_private: ffff88006ff34d60
Apr  3 18:49:57 mft02 kernel: Write to readonly device loop0 (0x700000) bi_flags: f000000000000001, bi_vcnt: 1, bi_idx: 0, bi->size: 4096, bi_cnt: 2, bi_private: ffff88006ff34a20
Apr  3 18:49:57 mft02 kernel: Removing read-only on unknown block (0x700000)
Apr  3 18:49:57 mft02 kernel: Lustre: server umount lustre-MDT0000 complete
Apr  3 18:50:05 mft02 kernel: Lustre: 1614:0:(client.c:1773:ptlrpc_expire_one_request()) @@@ Request  sent has timed out for slow reply: [sent 1333468198/real 1333468198]  req@ffff88007b50d800 x1398242697805968/t0(0) o400->MGC10.3.0.188@tcp@0@lo:26/25 lens 192/192 e 0 to 1 dl 1333468205 ref 1 fl Rpc:XN/0/ffffffff rc 0/-1
Apr  3 18:50:05 mft02 kernel: LustreError: 166-1: MGC10.3.0.188@tcp: Connection to service MGS via nid 0@lo was lost; in progress operations using this service will fail.
Apr  3 18:50:07 mft02 kernel: LDISKFS-fs warning (device loop0): ldiskfs_fill_super: extents feature not enabled on this filesystem, use tune2fs.
Apr  3 18:50:07 mft02 kernel: LDISKFS-fs (loop0): recovery complete
Apr  3 18:50:07 mft02 kernel: LDISKFS-fs (loop0): mounted filesystem with ordered data mode
Apr  3 18:50:07 mft02 kernel: LDISKFS-fs warning (device loop0): ldiskfs_fill_super: extents feature not enabled on this filesystem, use tune2fs.
Apr  3 18:50:07 mft02 kernel: LDISKFS-fs (loop0): mounted filesystem with ordered data mode
Apr  3 18:50:07 mft02 kernel: Lustre: MGS MGS started
Apr  3 18:50:10 mft02 kernel: Lustre: 1614:0:(client.c:1773:ptlrpc_expire_one_request()) @@@ Request  sent has timed out for slow reply: [sent 1333468203/real 1333468203]  req@ffff88007a1e9000 x1398242697805971/t0(0) o400->lustre-MDT0000-mdc-ffff8800775f9400@0@lo:12/10 lens 192/192 e 0 to 1 dl 1333468210 ref 1 fl Rpc:XN/0/ffffffff rc 0/-1
Apr  3 18:50:10 mft02 kernel: Lustre: lustre-MDT0000-mdc-ffff8800775f9400: Connection to service lustre-MDT0000 via nid 0@lo was lost; in progress operations using this service will wait for recovery to complete.
Apr  3 18:50:11 mft02 kernel: Lustre: 1615:0:(client.c:1773:ptlrpc_expire_one_request()) @@@ Request  sent has timed out for slow reply: [sent 1333468205/real 1333468205]  req@ffff88007c2f4000 x1398242697805974/t0(0) o250->MGC10.3.0.188@tcp@0@lo:26/25 lens 368/512 e 0 to 1 dl 1333468211 ref 1 fl Rpc:XN/0/ffffffff rc 0/-1
Apr  3 18:50:11 mft02 kernel: Lustre: MGC10.3.0.188@tcp: Reactivating import
Apr  3 18:50:11 mft02 kernel: Lustre: 4088:0:(import.c:526:import_select_connection()) MGC10.3.0.188@tcp: tried all connections, increasing latency to 6s
Apr  3 18:50:11 mft02 kernel: Lustre: 4097:0:(ldlm_lib.c:873:target_handle_connect()) MGS: connection from 9077bde0-e1ab-58a0-f7f2-1ab8d54c8094@0@lo t0 exp (null) cur 1333468211 last 0
Apr  3 18:50:11 mft02 kernel: Lustre: 4097:0:(ldlm_lib.c:873:target_handle_connect()) Skipped 2 previous similar messages
Apr  3 18:50:11 mft02 kernel: Lustre: 4097:0:(sec.c:1474:sptlrpc_import_sec_adapt()) import MGS->NET_0x9000000000000_UUID netid 90000: select flavor null
Apr  3 18:50:11 mft02 kernel: Lustre: 4097:0:(sec.c:1474:sptlrpc_import_sec_adapt()) Skipped 5 previous similar messages
Apr  3 18:50:11 mft02 kernel: Lustre: Enabling ACL
Apr  3 18:50:11 mft02 kernel: Lustre: Enabling user_xattr
Apr  3 18:50:11 mft02 kernel: Lustre: lustre-MDT0000: used disk, loading
Apr  3 18:50:11 mft02 kernel: Lustre: 4103:0:(ldlm_lib.c:1900:target_recovery_init()) RECOVERY: service lustre-MDT0000, 2 recoverable clients, last_transno 4294967301
Apr  3 18:50:11 mft02 kernel: LustreError: 4115:0:(ldlm_lib.c:1737:target_recovery_thread()) lustre-MDT0000: started recovery thread pid 4115
Apr  3 18:50:11 mft02 kernel: Lustre: 4103:0:(mdt_lproc.c:259:lprocfs_wr_identity_upcall()) lustre-MDT0000: identity upcall set to /usr/sbin/l_getidentity
Apr  3 18:50:11 mft02 kernel: Lustre: 4103:0:(mds_lov.c:1004:mds_notify()) MDS mdd_obd-lustre-MDT0000: add target lustre-OST0000_UUID
Apr  3 18:50:11 mft02 kernel: Lustre: 2308:0:(ldlm_lib.c:802:target_handle_connect()) lustre-OST0000: received new MDS connection from NID 0@lo, removing former export from same NID
Apr  3 18:50:11 mft02 kernel: Lustre: 2308:0:(filter.c:2710:filter_connect_internal()) lustre-OST0000: Received MDS connection for group 0
Apr  3 18:50:11 mft02 kernel: Lustre: 1615:0:(mds_lov.c:1024:mds_notify()) MDS mdd_obd-lustre-MDT0000: in recovery, not resetting orphans on lustre-OST0000_UUID
Apr  3 18:50:11 mft02 kernel: Lustre: 4147:0:(debug.c:326:libcfs_debug_str2mask()) You are trying to use a numerical value for the mask - this will be deprecated in a future release.
Apr  3 18:50:11 mft02 kernel: Lustre: 4147:0:(debug.c:326:libcfs_debug_str2mask()) Skipped 3 previous similar messages
Apr  3 18:50:11 mft02 kernel: Lustre: 2308:0:(ldlm_lib.c:802:target_handle_connect()) lustre-OST0001: received new MDS connection from NID 0@lo, removing former export from same NID
Apr  3 18:50:11 mft02 kernel: Lustre: 1615:0:(mds_lov.c:1024:mds_notify()) MDS mdd_obd-lustre-MDT0000: in recovery, not resetting orphans on lustre-OST0001_UUID
Apr  3 18:50:16 mft02 kernel: Lustre: 1615:0:(client.c:1773:ptlrpc_expire_one_request()) @@@ Request  sent has timed out for slow reply: [sent 1333468210/real 1333468210]  req@ffff8800376c3800 x1398242697805978/t0(0) o38->lustre-MDT0000-mdc-ffff8800775f9400@0@lo:12/10 lens 368/512 e 0 to 1 dl 1333468216 ref 1 fl Rpc:XN/0/ffffffff rc 0/-1
Apr  3 18:50:21 mft02 kernel: Lustre: 1616:0:(import.c:526:import_select_connection()) lustre-MDT0000-mdc-ffff8800775f9400: tried all connections, increasing latency to 6s
Apr  3 18:50:21 mft02 kernel: Lustre: 4117:0:(ldlm_lib.c:873:target_handle_connect()) lustre-MDT0000: connection from d0f84982-678f-54c3-980e-c442e2b41d8f@0@lo recovering/t4294967300 exp ffff88007b416000 cur 1333468221 last 1333468211
Apr  3 18:50:21 mft02 kernel: Lustre: 4117:0:(ldlm_lib.c:873:target_handle_connect()) Skipped 2 previous similar messages
Apr  3 18:50:21 mft02 kernel: Lustre: 4119:0:(ldlm_lib.c:2026:target_queue_recovery_request()) Next recovery transno: 4294967302, current: 4294967300, replaying
Apr  3 18:50:21 mft02 kernel: LustreError: 1615:0:(client.c:2585:ptlrpc_replay_interpret()) @@@ status -116, old was 0  req@ffff88007c28a800 x1398242697805949/t4294967300(4294967300) o35->lustre-MDT0000-mdc-ffff8800775f9400@0@lo:23/10 lens 360/424 e 0 to 0 dl 1333468233 ref 2 fl Interpret:R/4/0 rc -116/-116
Apr  3 18:50:21 mft02 kernel: Lustre: 4116:0:(ldlm_lib.c:2026:target_queue_recovery_request()) Next recovery transno: 4294967302, current: 4294967302, replaying
Apr  3 18:51:27 mft02 kernel: Lustre: 4115:0:(ldlm_lib.c:1566:target_recovery_overseer()) recovery is timed out, evict stale exports
Apr  3 18:51:27 mft02 kernel: LustreError: 4115:0:(genops.c:1273:class_disconnect_stale_exports()) lustre-MDT0000: disconnect stale client 1d7fe99c-dac7-15cd-a0a0-6576624ad57d@<unknown>
Apr  3 18:51:27 mft02 kernel: Lustre: lustre-MDT0000: sending delayed replies to recovered clients
Apr  3 18:51:27 mft02 kernel: Lustre: lustre-MDT0000-mdc-ffff8800775f9400: Connection restored to service lustre-MDT0000 using nid 0@lo.
Apr  3 18:51:27 mft02 kernel: Lustre: 4115:0:(mds_lov.c:1024:mds_notify()) MDS mdd_obd-lustre-MDT0000: in recovery, not resetting orphans on lustre-OST0000_UUID
Apr  3 18:51:27 mft02 kernel: LustreError: 152-6: Ignoring deprecated mount option 'acl'.
Apr  3 18:51:27 mft02 kernel: Lustre: 4344:0:(sec.c:1474:sptlrpc_import_sec_adapt()) import lustre-MDT0000-mdc-ffff880077a09800->10.3.0.188@tcp netid 90000: select flavor null
Apr  3 18:51:27 mft02 kernel: Lustre: 4344:0:(sec.c:1474:sptlrpc_import_sec_adapt()) Skipped 5 previous similar messages
Apr  3 18:51:27 mft02 kernel: Lustre: 4117:0:(ldlm_lib.c:873:target_handle_connect()) lustre-MDT0000: connection from d896626b-d333-873d-7382-c0c6f83ea6dd@0@lo t0 exp (null) cur 1333468287 last 0
Apr  3 18:51:27 mft02 kernel: Lustre: Client lustre-client has started
Apr  3 18:51:27 mft02 kernel: Lustre: 4357:0:(debug.c:326:libcfs_debug_str2mask()) You are trying to use a numerical value for the mask - this will be deprecated in a future release.
Apr  3 18:51:27 mft02 kernel: Lustre: 4357:0:(debug.c:326:libcfs_debug_str2mask()) Skipped 1 previous similar message
Apr  3 18:51:27 mft02 kernel: Lustre: lustre-OST0001: received MDS connection from 0@lo
Apr  3 18:51:27 mft02 kernel: Lustre: 2308:0:(lustre_log.h:471:llog_group_set_export()) lustre-OST0001: export for group 0 is changed: 0xffff880077a09800 -> 0xffff88007b61a000
Apr  3 18:51:27 mft02 kernel: Lustre: 2308:0:(llog_net.c:168:llog_receptor_accept()) changing the import ffff880077a67000 - ffff880037d21800
Apr  3 18:51:27 mft02 kernel: Lustre: 2308:0:(lustre_log.h:471:llog_group_set_export()) lustre-OST0001: export for group 1 is changed: 0xffff880077a09800 -> 0xffff88007b61a000
Apr  3 18:51:27 mft02 kernel: Lustre: 2308:0:(llog_net.c:168:llog_receptor_accept()) changing the import ffff880077a67000 - ffff880037d21800
Apr  3 18:51:27 mft02 kernel: Lustre: 2306:0:(filter.c:2566:filter_llog_connect()) lustre-OST0000: Recovery from log 0x1f/0x0:6016e90e
Apr  3 18:51:27 mft02 kernel: Lustre: MDS mdd_obd-lustre-MDT0000: lustre-OST0000_UUID now active, resetting orphans
Apr  3 18:51:30 mft02 kernel: Lustre: DEBUG MARKER: == replay-dual replay-dual.sh test complete, duration 107 sec == 18:51:30 (1333468290)
Apr  3 18:51:30 mft02 kernel: LustreError: 4568:0:(ldlm_request.c:1172:ldlm_cli_cancel_req()) Got rc -108 from cancel RPC: canceling anyway
Apr  3 18:51:30 mft02 kernel: LustreError: 4568:0:(ldlm_request.c:1799:ldlm_cli_cancel_list()) ldlm_cli_cancel_list: -108
Apr  3 18:51:30 mft02 kernel: Lustre: client ffff880077a09800 umount complete
