==> /var/log/messages <==
Apr  3 18:17:46 mft02 kernel: Lustre: DEBUG MARKER: only running test 3
Apr  3 18:17:46 mft02 kernel: Lustre: DEBUG MARKER: excepting tests: 15c
Apr  3 18:17:46 mft02 kernel: LustreError: 152-6: Ignoring deprecated mount option 'acl'.
Apr  3 18:17:46 mft02 kernel: Lustre: Client lustre-client has started
Apr  3 18:17:47 mft02 kernel: Lustre: DEBUG MARKER: Using TIMEOUT=20
Apr  3 18:17:47 mft02 kernel: Lustre: 10330:0:(quota_master.c:793:close_quota_files()) quota[0] is off already
Apr  3 18:17:47 mft02 kernel: Lustre: 10330:0:(quota_master.c:793:close_quota_files()) Skipped 3 previous similar messages
Apr  3 18:17:47 mft02 kernel: LustreError: 11781:0:(quota_ctl.c:328:client_quota_ctl()) ptlrpc_queue_wait failed, rc: -114
Apr  3 18:17:57 mft02 kernel: Lustre: DEBUG MARKER: == replay-dual test 3: |X| mkdir adir, mkdir adir/bdir == 18:17:57 (1333466277)
Apr  3 18:17:57 mft02 kernel: LustreError: 12091:0:(osd_handler.c:938:osd_ro()) *** setting device osd-ldiskfs read-only ***
Apr  3 18:17:57 mft02 kernel: Turning device loop0 (0x700000) read-only
Apr  3 18:17:57 mft02 kernel: Lustre: DEBUG MARKER: mds1 REPLAY BARRIER on lustre-MDT0000
Apr  3 18:17:57 mft02 kernel: Lustre: DEBUG MARKER: local REPLAY BARRIER on lustre-MDT0000
Apr  3 18:17:57 mft02 kernel: Alloc from readonly device loop0 (0x700000): [inode 25006] [logic 0] [goal 0] [ll 0] [pl 0] [lr 0] [pr 0] [len 1] [flags 0]
Apr  3 18:17:57 mft02 kernel: Write to readonly device loop0 (0x700000) bi_flags: f000000000000001, bi_vcnt: 1, bi_idx: 0, bi->size: 4096, bi_cnt: 2, bi_private: ffff880076801678
Apr  3 18:17:57 mft02 kernel: Write to readonly device loop0 (0x700000) bi_flags: f000000000000001, bi_vcnt: 1, bi_idx: 0, bi->size: 4096, bi_cnt: 2, bi_private: ffff8800768016e0
Apr  3 18:17:57 mft02 kernel: Write to readonly device loop0 (0x700000) bi_flags: f000000000000001, bi_vcnt: 1, bi_idx: 0, bi->size: 4096, bi_cnt: 2, bi_private: ffff880076801af0
Apr  3 18:17:57 mft02 kernel: Write to readonly device loop0 (0x700000) bi_flags: f000000000000001, bi_vcnt: 1, bi_idx: 0, bi->size: 4096, bi_cnt: 2, bi_private: ffff8800768014d8
Apr  3 18:17:57 mft02 kernel: Write to readonly device loop0 (0x700000) bi_flags: f000000000000001, bi_vcnt: 1, bi_idx: 0, bi->size: 4096, bi_cnt: 2, bi_private: ffff880076801540
Apr  3 18:17:57 mft02 kernel: Write to readonly device loop0 (0x700000) bi_flags: f000000000000001, bi_vcnt: 1, bi_idx: 0, bi->size: 4096, bi_cnt: 2, bi_private: ffff880076801c90
Apr  3 18:17:57 mft02 kernel: Write to readonly device loop0 (0x700000) bi_flags: f000000000000001, bi_vcnt: 1, bi_idx: 0, bi->size: 4096, bi_cnt: 2, bi_private: ffff8800768019b8
Apr  3 18:17:57 mft02 kernel: Write to readonly device loop0 (0x700000) bi_flags: f000000000000001, bi_vcnt: 1, bi_idx: 0, bi->size: 4096, bi_cnt: 2, bi_private: ffff880076801a20
Apr  3 18:17:57 mft02 kernel: Write to readonly device loop0 (0x700000) bi_flags: f000000000000001, bi_vcnt: 1, bi_idx: 0, bi->size: 4096, bi_cnt: 2, bi_private: ffff880076801a88
Apr  3 18:17:57 mft02 kernel: Write to readonly device loop0 (0x700000) bi_flags: f000000000000001, bi_vcnt: 1, bi_idx: 0, bi->size: 4096, bi_cnt: 2, bi_private: ffff880076801e30
Apr  3 18:17:57 mft02 kernel: Write to readonly device loop0 (0x700000) bi_flags: f000000000000001, bi_vcnt: 1, bi_idx: 0, bi->size: 4096, bi_cnt: 2, bi_private: ffff88007681f9b8
Apr  3 18:17:57 mft02 kernel: Write to readonly device loop0 (0x700000) bi_flags: f000000000000001, bi_vcnt: 1, bi_idx: 0, bi->size: 4096, bi_cnt: 2, bi_private: ffff88007681fa20
Apr  3 18:17:57 mft02 kernel: Write to readonly device loop0 (0x700000) bi_flags: f000000000000001, bi_vcnt: 1, bi_idx: 0, bi->size: 4096, bi_cnt: 2, bi_private: ffff8800768016e0
Apr  3 18:17:57 mft02 kernel: Alloc from readonly device loop0 (0x700000): [inode 25007] [logic 0] [goal 0] [ll 0] [pl 0] [lr 0] [pr 0] [len 1] [flags 0]
Apr  3 18:17:57 mft02 kernel: Write to readonly device loop0 (0x700000) bi_flags: f000000000000001, bi_vcnt: 1, bi_idx: 0, bi->size: 4096, bi_cnt: 2, bi_private: ffff880076937f00
Apr  3 18:17:57 mft02 kernel: Write to readonly device loop0 (0x700000) bi_flags: f000000000000001, bi_vcnt: 1, bi_idx: 0, bi->size: 4096, bi_cnt: 2, bi_private: ffff88007681f8e8
Apr  3 18:17:57 mft02 kernel: Write to readonly device loop0 (0x700000) bi_flags: f000000000000001, bi_vcnt: 1, bi_idx: 0, bi->size: 4096, bi_cnt: 2, bi_private: ffff880076947a20
Apr  3 18:17:57 mft02 kernel: Write to readonly device loop0 (0x700000) bi_flags: f000000000000001, bi_vcnt: 1, bi_idx: 0, bi->size: 4096, bi_cnt: 2, bi_private: ffff8800768013a0
Apr  3 18:17:57 mft02 kernel: Write to readonly device loop0 (0x700000) bi_flags: f000000000000001, bi_vcnt: 1, bi_idx: 0, bi->size: 4096, bi_cnt: 2, bi_private: ffff880076960200
Apr  3 18:17:57 mft02 kernel: Write to readonly device loop0 (0x700000) bi_flags: f000000000000001, bi_vcnt: 1, bi_idx: 0, bi->size: 4096, bi_cnt: 2, bi_private: ffff880076960198
Apr  3 18:17:57 mft02 kernel: Write to readonly device loop0 (0x700000) bi_flags: f000000000000001, bi_vcnt: 1, bi_idx: 0, bi->size: 4096, bi_cnt: 2, bi_private: ffff880076960130
Apr  3 18:17:57 mft02 kernel: Write to readonly device loop0 (0x700000) bi_flags: f000000000000001, bi_vcnt: 1, bi_idx: 0, bi->size: 4096, bi_cnt: 2, bi_private: ffff8800769600c8
Apr  3 18:17:57 mft02 kernel: Write to readonly device loop0 (0x700000) bi_flags: f000000000000001, bi_vcnt: 1, bi_idx: 0, bi->size: 4096, bi_cnt: 2, bi_private: ffff8800797f20c8
Apr  3 18:17:57 mft02 kernel: Write to readonly device loop0 (0x700000) bi_flags: f000000000000001, bi_vcnt: 1, bi_idx: 0, bi->size: 4096, bi_cnt: 2, bi_private: ffff8800797f2130
Apr  3 18:17:57 mft02 kernel: Write to readonly device loop0 (0x700000) bi_flags: f000000000000001, bi_vcnt: 1, bi_idx: 0, bi->size: 4096, bi_cnt: 2, bi_private: ffff8800797f2198
Apr  3 18:17:57 mft02 kernel: Write to readonly device loop0 (0x700000) bi_flags: f000000000000001, bi_vcnt: 1, bi_idx: 0, bi->size: 4096, bi_cnt: 2, bi_private: ffff8800797f2200
Apr  3 18:17:57 mft02 kernel: Write to readonly device loop0 (0x700000) bi_flags: f000000000000001, bi_vcnt: 1, bi_idx: 0, bi->size: 4096, bi_cnt: 2, bi_private: ffff8800797f2268
Apr  3 18:17:57 mft02 kernel: Write to readonly device loop0 (0x700000) bi_flags: f000000000000001, bi_vcnt: 1, bi_idx: 0, bi->size: 4096, bi_cnt: 2, bi_private: ffff880076960198
Apr  3 18:17:57 mft02 kernel: Write to readonly device loop0 (0x700000) bi_flags: f000000000000001, bi_vcnt: 1, bi_idx: 0, bi->size: 4096, bi_cnt: 2, bi_private: ffff880076947b58
Apr  3 18:17:57 mft02 kernel: Write to readonly device loop0 (0x700000) bi_flags: f000000000000001, bi_vcnt: 1, bi_idx: 0, bi->size: 4096, bi_cnt: 2, bi_private: ffff8800797e0c90
Apr  3 18:17:57 mft02 kernel: Write to readonly device loop0 (0x700000) bi_flags: f000000000000001, bi_vcnt: 1, bi_idx: 0, bi->size: 4096, bi_cnt: 2, bi_private: ffff880076801af0
Apr  3 18:17:57 mft02 kernel: Write to readonly device loop0 (0x700000) bi_flags: f000000000000001, bi_vcnt: 1, bi_idx: 0, bi->size: 4096, bi_cnt: 2, bi_private: ffff8800797e0678
Apr  3 18:17:57 mft02 kernel: Write to readonly device loop0 (0x700000) bi_flags: f000000000000001, bi_vcnt: 1, bi_idx: 0, bi->size: 4096, bi_cnt: 2, bi_private: ffff8800797d4bc0
Apr  3 18:17:57 mft02 kernel: Write to readonly device loop0 (0x700000) bi_flags: f000000000000001, bi_vcnt: 1, bi_idx: 0, bi->size: 4096, bi_cnt: 2, bi_private: ffff880076947198
Apr  3 18:17:57 mft02 kernel: Write to readonly device loop0 (0x700000) bi_flags: f000000000000001, bi_vcnt: 1, bi_idx: 0, bi->size: 4096, bi_cnt: 2, bi_private: ffff8800769472d0
Apr  3 18:17:57 mft02 kernel: Write to readonly device loop0 (0x700000) bi_flags: f000000000000001, bi_vcnt: 1, bi_idx: 0, bi->size: 4096, bi_cnt: 2, bi_private: ffff88007681f818
Apr  3 18:17:57 mft02 kernel: Lustre: Failing over lustre-MDT0000
Apr  3 18:17:57 mft02 kernel: Lustre: Skipped 4 previous similar messages
Apr  3 18:17:57 mft02 kernel: Write to readonly device loop0 (0x700000) bi_flags: f000000000000001, bi_vcnt: 1, bi_idx: 0, bi->size: 4096, bi_cnt: 2, bi_private: ffff8800769600c8
Apr  3 18:17:57 mft02 kernel: Release to readonly device loop0 (0x700000): [inode 33] [block 17128] [count 3] [is_meta 1]
Apr  3 18:17:57 mft02 kernel: Release to readonly device loop0 (0x700000): [inode 34] [block 17131] [count 3] [is_meta 1]
Apr  3 18:17:57 mft02 kernel: Lustre: mdd_obd-lustre-MDT0000: shutting down for failover; client state will be preserved.
Apr  3 18:17:57 mft02 kernel: Write to readonly device loop0 (0x700000) bi_flags: f000000000000001, bi_vcnt: 1, bi_idx: 0, bi->size: 4096, bi_cnt: 2, bi_private: ffff8800797f2130
Apr  3 18:17:57 mft02 kernel: Write to readonly device loop0 (0x700000) bi_flags: f000000000000001, bi_vcnt: 1, bi_idx: 0, bi->size: 4096, bi_cnt: 2, bi_private: ffff8800797f2198
Apr  3 18:17:57 mft02 kernel: Write to readonly device loop0 (0x700000) bi_flags: f000000000000001, bi_vcnt: 1, bi_idx: 0, bi->size: 4096, bi_cnt: 2, bi_private: ffff8800797f2200
Apr  3 18:17:57 mft02 kernel: Write to readonly device loop0 (0x700000) bi_flags: f000000000000001, bi_vcnt: 1, bi_idx: 0, bi->size: 4096, bi_cnt: 2, bi_private: ffff8800797f2268
Apr  3 18:17:57 mft02 kernel: Write to readonly device loop0 (0x700000) bi_flags: f000000000000001, bi_vcnt: 1, bi_idx: 0, bi->size: 4096, bi_cnt: 2, bi_private: ffff880076801540
Apr  3 18:17:57 mft02 kernel: Write to readonly device loop0 (0x700000) bi_flags: f000000000000001, bi_vcnt: 1, bi_idx: 0, bi->size: 4096, bi_cnt: 2, bi_private: ffff880076801c90
Apr  3 18:17:57 mft02 kernel: Write to readonly device loop0 (0x700000) bi_flags: f000000000000001, bi_vcnt: 1, bi_idx: 0, bi->size: 4096, bi_cnt: 2, bi_private: ffff8800768019b8
Apr  3 18:17:57 mft02 kernel: Write to readonly device loop0 (0x700000) bi_flags: f000000000000001, bi_vcnt: 1, bi_idx: 0, bi->size: 4096, bi_cnt: 2, bi_private: ffff880076801a20
Apr  3 18:17:57 mft02 kernel: Write to readonly device loop0 (0x700000) bi_flags: f000000000000001, bi_vcnt: 1, bi_idx: 0, bi->size: 4096, bi_cnt: 2, bi_private: ffff880076801a88
Apr  3 18:17:57 mft02 kernel: Write to readonly device loop0 (0x700000) bi_flags: f000000000000001, bi_vcnt: 1, bi_idx: 0, bi->size: 4096, bi_cnt: 2, bi_private: ffff880076801e30
Apr  3 18:17:57 mft02 kernel: Write to readonly device loop0 (0x700000) bi_flags: f000000000000001, bi_vcnt: 1, bi_idx: 0, bi->size: 4096, bi_cnt: 2, bi_private: ffff88007681f9b8
Apr  3 18:17:57 mft02 kernel: Write to readonly device loop0 (0x700000) bi_flags: f000000000000001, bi_vcnt: 1, bi_idx: 0, bi->size: 4096, bi_cnt: 2, bi_private: ffff88007681fa20
Apr  3 18:17:57 mft02 kernel: Write to readonly device loop0 (0x700000) bi_flags: f000000000000001, bi_vcnt: 1, bi_idx: 0, bi->size: 4096, bi_cnt: 2, bi_private: ffff8800797f2198
Apr  3 18:17:57 mft02 kernel: Lustre: MGS has stopped.
Apr  3 18:18:00 mft02 kernel: Write to readonly device loop0 (0x700000) bi_flags: f000000000000001, bi_vcnt: 1, bi_idx: 0, bi->size: 4096, bi_cnt: 2, bi_private: ffff880076947e30
Apr  3 18:18:00 mft02 kernel: Write to readonly device loop0 (0x700000) bi_flags: f000000000000001, bi_vcnt: 1, bi_idx: 0, bi->size: 4096, bi_cnt: 2, bi_private: ffff880076947b58
Apr  3 18:18:00 mft02 kernel: Write to readonly device loop0 (0x700000) bi_flags: f000000000000001, bi_vcnt: 1, bi_idx: 0, bi->size: 4096, bi_cnt: 2, bi_private: ffff880079494bc0
Apr  3 18:18:00 mft02 kernel: Write to readonly device loop0 (0x700000) bi_flags: f000000000000001, bi_vcnt: 1, bi_idx: 0, bi->size: 4096, bi_cnt: 2, bi_private: ffff88007681f8e8
Apr  3 18:18:00 mft02 kernel: Write to readonly device loop0 (0x700000) bi_flags: f000000000000001, bi_vcnt: 1, bi_idx: 0, bi->size: 4096, bi_cnt: 2, bi_private: ffff88007681f130
Apr  3 18:18:00 mft02 kernel: Write to readonly device loop0 (0x700000) bi_flags: f000000000000001, bi_vcnt: 1, bi_idx: 0, bi->size: 4096, bi_cnt: 2, bi_private: ffff880076947a20
Apr  3 18:18:00 mft02 kernel: Write to readonly device loop0 (0x700000) bi_flags: f000000000000001, bi_vcnt: 1, bi_idx: 0, bi->size: 4096, bi_cnt: 2, bi_private: ffff880076947198
Apr  3 18:18:00 mft02 kernel: Write to readonly device loop0 (0x700000) bi_flags: f000000000000001, bi_vcnt: 1, bi_idx: 0, bi->size: 4096, bi_cnt: 2, bi_private: ffff880076937f68
Apr  3 18:18:00 mft02 kernel: Write to readonly device loop0 (0x700000) bi_flags: f000000000000001, bi_vcnt: 1, bi_idx: 0, bi->size: 4096, bi_cnt: 2, bi_private: ffff880076947130
Apr  3 18:18:00 mft02 kernel: Write to readonly device loop0 (0x700000) bi_flags: f000000000000001, bi_vcnt: 1, bi_idx: 0, bi->size: 4096, bi_cnt: 2, bi_private: ffff88007681f678
Apr  3 18:18:00 mft02 kernel: Write to readonly device loop0 (0x700000) bi_flags: f000000000000001, bi_vcnt: 1, bi_idx: 0, bi->size: 4096, bi_cnt: 2, bi_private: ffff88007681f6e0
Apr  3 18:18:00 mft02 kernel: Write to readonly device loop0 (0x700000) bi_flags: f000000000000001, bi_vcnt: 1, bi_idx: 0, bi->size: 4096, bi_cnt: 2, bi_private: ffff880076947e30
Apr  3 18:18:00 mft02 kernel: Write to readonly device loop0 (0x700000) bi_flags: f000000000000001, bi_vcnt: 1, bi_idx: 0, bi->size: 4096, bi_cnt: 2, bi_private: ffff880076947678
Apr  3 18:18:00 mft02 kernel: Write to readonly device loop0 (0x700000) bi_flags: f000000000000001, bi_vcnt: 1, bi_idx: 0, bi->size: 4096, bi_cnt: 2, bi_private: ffff880076947678
Apr  3 18:18:00 mft02 kernel: Write to readonly device loop0 (0x700000) bi_flags: f000000000000001, bi_vcnt: 1, bi_idx: 0, bi->size: 4096, bi_cnt: 2, bi_private: ffff880076947678
Apr  3 18:18:00 mft02 kernel: Write to readonly device loop0 (0x700000) bi_flags: f000000000000001, bi_vcnt: 1, bi_idx: 0, bi->size: 4096, bi_cnt: 2, bi_private: ffff880076947e30
Apr  3 18:18:00 mft02 kernel: Removing read-only on unknown block (0x700000)
Apr  3 18:18:00 mft02 kernel: Lustre: server umount lustre-MDT0000 complete
Apr  3 18:18:10 mft02 kernel: LDISKFS-fs warning (device loop0): ldiskfs_fill_super: extents feature not enabled on this filesystem, use tune2fs.
Apr  3 18:18:10 mft02 kernel: LDISKFS-fs (loop0): recovery complete
Apr  3 18:18:10 mft02 kernel: LDISKFS-fs (loop0): mounted filesystem with ordered data mode
Apr  3 18:18:10 mft02 kernel: LDISKFS-fs warning (device loop0): ldiskfs_fill_super: extents feature not enabled on this filesystem, use tune2fs.
Apr  3 18:18:10 mft02 kernel: LDISKFS-fs (loop0): mounted filesystem with ordered data mode
Apr  3 18:18:10 mft02 kernel: Lustre: MGS MGS started
Apr  3 18:18:10 mft02 kernel: LustreError: 166-1: MGC10.3.0.188@tcp: Connection to service MGS via nid 0@lo was lost; in progress operations using this service will fail.
Apr  3 18:18:10 mft02 kernel: Lustre: MGC10.3.0.188@tcp: Reactivating import
Apr  3 18:18:10 mft02 kernel: Lustre: Skipped 1 previous similar message
Apr  3 18:18:10 mft02 kernel: Lustre: 12253:0:(sec.c:1474:sptlrpc_import_sec_adapt()) import MGS->NET_0x9000000000000_UUID netid 90000: select flavor null
Apr  3 18:18:10 mft02 kernel: Lustre: 12253:0:(sec.c:1474:sptlrpc_import_sec_adapt()) Skipped 42 previous similar messages
Apr  3 18:18:10 mft02 kernel: Lustre: Enabling ACL
Apr  3 18:18:10 mft02 kernel: Lustre: Enabling user_xattr
Apr  3 18:18:10 mft02 kernel: Lustre: lustre-MDT0000: used disk, loading
Apr  3 18:18:10 mft02 kernel: Lustre: 12256:0:(ldlm_lib.c:1900:target_recovery_init()) RECOVERY: service lustre-MDT0000, 2 recoverable clients, last_transno 21474836481
Apr  3 18:18:10 mft02 kernel: LustreError: 12260:0:(ldlm_lib.c:1737:target_recovery_thread()) lustre-MDT0000: started recovery thread pid 12260
Apr  3 18:18:10 mft02 kernel: Lustre: 12256:0:(mdt_lproc.c:259:lprocfs_wr_identity_upcall()) lustre-MDT0000: identity upcall set to /usr/sbin/l_getidentity
Apr  3 18:18:10 mft02 kernel: Lustre: 12256:0:(mds_lov.c:1004:mds_notify()) MDS mdd_obd-lustre-MDT0000: add target lustre-OST0000_UUID
Apr  3 18:18:10 mft02 kernel: Lustre: 12256:0:(mds_lov.c:1004:mds_notify()) Skipped 1 previous similar message
Apr  3 18:18:10 mft02 kernel: Lustre: 2307:0:(ldlm_lib.c:802:target_handle_connect()) lustre-OST0000: received new MDS connection from NID 0@lo, removing former export from same NID
Apr  3 18:18:10 mft02 kernel: Lustre: 2307:0:(ldlm_lib.c:802:target_handle_connect()) Skipped 1 previous similar message
Apr  3 18:18:10 mft02 kernel: Lustre: 2307:0:(filter.c:2710:filter_connect_internal()) lustre-OST0000: Received MDS connection for group 0
Apr  3 18:18:10 mft02 kernel: Lustre: 2307:0:(filter.c:2710:filter_connect_internal()) Skipped 1 previous similar message
Apr  3 18:18:10 mft02 kernel: Lustre: 1615:0:(mds_lov.c:1024:mds_notify()) MDS mdd_obd-lustre-MDT0000: in recovery, not resetting orphans on lustre-OST0000_UUID
Apr  3 18:18:10 mft02 kernel: Lustre: 1615:0:(mds_lov.c:1024:mds_notify()) Skipped 3 previous similar messages
Apr  3 18:18:10 mft02 kernel: Lustre: 12292:0:(debug.c:326:libcfs_debug_str2mask()) You are trying to use a numerical value for the mask - this will be deprecated in a future release.
Apr  3 18:18:10 mft02 kernel: Lustre: 12292:0:(debug.c:326:libcfs_debug_str2mask()) Skipped 19 previous similar messages
Apr  3 18:18:12 mft02 kernel: LustreError: 12262:0:(mdt_handler.c:2785:mdt_recovery()) operation 41 on unconnected MDS from 12345-0@lo
Apr  3 18:18:12 mft02 kernel: Lustre: lustre-MDT0000-mdc-ffff88007818f400: Connection to service lustre-MDT0000 via nid 0@lo was lost; in progress operations using this service will wait for recovery to complete.
Apr  3 18:18:12 mft02 kernel: Lustre: 12262:0:(ldlm_lib.c:2026:target_queue_recovery_request()) Next recovery transno: 21474836482, current: 21474836482, replaying
Apr  3 18:18:12 mft02 kernel: Lustre: 12262:0:(ldlm_lib.c:2026:target_queue_recovery_request()) Skipped 2 previous similar messages
Apr  3 18:18:13 mft02 kernel: Lustre: 1614:0:(client.c:1773:ptlrpc_expire_one_request()) @@@ Request  sent has timed out for slow reply: [sent 1333466286/real 1333466286]  req@ffff88007bb79000 x1398240341656792/t0(0) o400->lustre-MDT0000-mdc-ffff88007818f400@0@lo:12/10 lens 192/192 e 0 to 1 dl 1333466293 ref 1 fl Rpc:XN/0/ffffffff rc 0/-1
Apr  3 18:18:13 mft02 kernel: Lustre: 1614:0:(client.c:1773:ptlrpc_expire_one_request()) Skipped 3 previous similar messages
Apr  3 18:18:13 mft02 kernel: LustreError: 12260:0:(ldlm_lib.c:1510:check_for_next_transno()) lustre-MDT0000: waking for gap in transno, VBR is OFF (skip: 21474836485, ql: 1, comp: 1, conn: 2, next: 21474836486, last_committed: 21474836481)
Apr  3 18:18:13 mft02 kernel: Lustre: lustre-MDT0000-mdc-ffff88007818f400: Connection restored to service lustre-MDT0000 using nid 0@lo.
Apr  3 18:18:13 mft02 kernel: Lustre: Skipped 1 previous similar message
Apr  3 18:18:13 mft02 kernel: Lustre: lustre-MDT0000: sending delayed replies to recovered clients
Apr  3 18:18:13 mft02 kernel: Lustre: DEBUG MARKER: == replay-dual replay-dual.sh test complete, duration 27 sec == 18:18:13 (1333466293)
Apr  3 18:18:13 mft02 kernel: Lustre: lustre-OST0001: received MDS connection from 0@lo
Apr  3 18:18:13 mft02 kernel: Lustre: Skipped 1 previous similar message
Apr  3 18:18:13 mft02 kernel: Lustre: 2307:0:(lustre_log.h:471:llog_group_set_export()) lustre-OST0001: export for group 0 is changed: 0xffff880037e79800 -> 0xffff88007a5aa000
Apr  3 18:18:13 mft02 kernel: Lustre: 2307:0:(lustre_log.h:471:llog_group_set_export()) Skipped 3 previous similar messages
Apr  3 18:18:13 mft02 kernel: Lustre: 2307:0:(llog_net.c:168:llog_receptor_accept()) changing the import ffff880076771000 - ffff880078847800
Apr  3 18:18:13 mft02 kernel: Lustre: 2307:0:(llog_net.c:168:llog_receptor_accept()) Skipped 3 previous similar messages
Apr  3 18:18:13 mft02 kernel: Lustre: 2308:0:(filter.c:2566:filter_llog_connect()) lustre-OST0000: Recovery from log 0x1f/0x0:f004dbbe
Apr  3 18:18:13 mft02 kernel: Lustre: 2308:0:(filter.c:2566:filter_llog_connect()) Skipped 1 previous similar message
Apr  3 18:18:13 mft02 kernel: LustreError: 12523:0:(ldlm_request.c:1172:ldlm_cli_cancel_req()) Got rc -108 from cancel RPC: canceling anyway
Apr  3 18:18:13 mft02 kernel: LustreError: 12523:0:(ldlm_request.c:1799:ldlm_cli_cancel_list()) ldlm_cli_cancel_list: -108
Apr  3 18:18:13 mft02 kernel: Lustre: MDS mdd_obd-lustre-MDT0000: lustre-OST0000_UUID now active, resetting orphans
Apr  3 18:18:13 mft02 kernel: Lustre: Skipped 1 previous similar message
Apr  3 18:18:13 mft02 kernel: Lustre: client ffff880037b3d000 umount complete
