==> /var/log/messages <==
Apr  3 18:18:27 mft02 kernel: Lustre: DEBUG MARKER: only running test 4
Apr  3 18:18:27 mft02 kernel: Lustre: DEBUG MARKER: excepting tests: 15c
Apr  3 18:18:27 mft02 kernel: Lustre: 12262:0:(ldlm_lib.c:873:target_handle_connect()) lustre-MDT0000: connection from 9b510e9b-5976-1f4a-c66d-a4f38d10f629@0@lo t0 exp (null) cur 1333466307 last 0
Apr  3 18:18:27 mft02 kernel: Lustre: 12262:0:(ldlm_lib.c:873:target_handle_connect()) Skipped 23 previous similar messages
Apr  3 18:18:28 mft02 kernel: Lustre: DEBUG MARKER: Using TIMEOUT=20
Apr  3 18:18:28 mft02 kernel: LustreError: 13701:0:(quota_ctl.c:328:client_quota_ctl()) ptlrpc_queue_wait failed, rc: -114
Apr  3 18:18:38 mft02 kernel: Lustre: DEBUG MARKER: == replay-dual test 4: |X| mkdir adir (-EEXIST), mkdir adir/bdir == 18:18:38 (1333466318)
Apr  3 18:18:38 mft02 kernel: LustreError: 14013:0:(osd_handler.c:938:osd_ro()) *** setting device osd-ldiskfs read-only ***
Apr  3 18:18:38 mft02 kernel: Turning device loop0 (0x700000) read-only
Apr  3 18:18:38 mft02 kernel: Lustre: DEBUG MARKER: mds1 REPLAY BARRIER on lustre-MDT0000
Apr  3 18:18:38 mft02 kernel: Lustre: DEBUG MARKER: local REPLAY BARRIER on lustre-MDT0000
Apr  3 18:18:38 mft02 kernel: Write to readonly device loop0 (0x700000) bi_flags: f000000000000001, bi_vcnt: 1, bi_idx: 0, bi->size: 4096, bi_cnt: 2, bi_private: ffff88007697a5a8
Apr  3 18:18:38 mft02 kernel: Write to readonly device loop0 (0x700000) bi_flags: f000000000000001, bi_vcnt: 1, bi_idx: 0, bi->size: 4096, bi_cnt: 2, bi_private: ffff88007697a540
Apr  3 18:18:38 mft02 kernel: Write to readonly device loop0 (0x700000) bi_flags: f000000000000001, bi_vcnt: 1, bi_idx: 0, bi->size: 4096, bi_cnt: 2, bi_private: ffff88007697a4d8
Apr  3 18:18:38 mft02 kernel: Write to readonly device loop0 (0x700000) bi_flags: f000000000000001, bi_vcnt: 1, bi_idx: 0, bi->size: 4096, bi_cnt: 2, bi_private: ffff88007697a470
Apr  3 18:18:38 mft02 kernel: Write to readonly device loop0 (0x700000) bi_flags: f000000000000001, bi_vcnt: 1, bi_idx: 0, bi->size: 4096, bi_cnt: 2, bi_private: ffff88007697a408
Apr  3 18:18:38 mft02 kernel: Write to readonly device loop0 (0x700000) bi_flags: f000000000000001, bi_vcnt: 1, bi_idx: 0, bi->size: 4096, bi_cnt: 2, bi_private: ffff88007697a3a0
Apr  3 18:18:38 mft02 kernel: Write to readonly device loop0 (0x700000) bi_flags: f000000000000001, bi_vcnt: 1, bi_idx: 0, bi->size: 4096, bi_cnt: 2, bi_private: ffff88007697a338
Apr  3 18:18:38 mft02 kernel: Write to readonly device loop0 (0x700000) bi_flags: f000000000000001, bi_vcnt: 1, bi_idx: 0, bi->size: 4096, bi_cnt: 2, bi_private: ffff88007697a2d0
Apr  3 18:18:38 mft02 kernel: Write to readonly device loop0 (0x700000) bi_flags: f000000000000001, bi_vcnt: 1, bi_idx: 0, bi->size: 4096, bi_cnt: 2, bi_private: ffff88007697a268
Apr  3 18:18:38 mft02 kernel: Write to readonly device loop0 (0x700000) bi_flags: f000000000000001, bi_vcnt: 1, bi_idx: 0, bi->size: 4096, bi_cnt: 2, bi_private: ffff88007697a540
Apr  3 18:18:38 mft02 kernel: Alloc from readonly device loop0 (0x700000): [inode 25007] [logic 0] [goal 0] [ll 0] [pl 0] [lr 0] [pr 0] [len 1] [flags 0]
Apr  3 18:18:38 mft02 kernel: Write to readonly device loop0 (0x700000) bi_flags: f000000000000001, bi_vcnt: 1, bi_idx: 0, bi->size: 4096, bi_cnt: 2, bi_private: ffff8800797f2f00
Apr  3 18:18:38 mft02 kernel: Write to readonly device loop0 (0x700000) bi_flags: f000000000000001, bi_vcnt: 1, bi_idx: 0, bi->size: 4096, bi_cnt: 2, bi_private: ffff880079498b58
Apr  3 18:18:38 mft02 kernel: Write to readonly device loop0 (0x700000) bi_flags: f000000000000001, bi_vcnt: 1, bi_idx: 0, bi->size: 4096, bi_cnt: 2, bi_private: ffff8800797e0c90
Apr  3 18:18:38 mft02 kernel: Write to readonly device loop0 (0x700000) bi_flags: f000000000000001, bi_vcnt: 1, bi_idx: 0, bi->size: 4096, bi_cnt: 2, bi_private: ffff880079498cf8
Apr  3 18:18:38 mft02 kernel: Write to readonly device loop0 (0x700000) bi_flags: f000000000000001, bi_vcnt: 1, bi_idx: 0, bi->size: 4096, bi_cnt: 2, bi_private: ffff8800794970c8
Apr  3 18:18:38 mft02 kernel: Write to readonly device loop0 (0x700000) bi_flags: f000000000000001, bi_vcnt: 1, bi_idx: 0, bi->size: 4096, bi_cnt: 2, bi_private: ffff880079497130
Apr  3 18:18:38 mft02 kernel: Write to readonly device loop0 (0x700000) bi_flags: f000000000000001, bi_vcnt: 1, bi_idx: 0, bi->size: 4096, bi_cnt: 2, bi_private: ffff880079497198
Apr  3 18:18:38 mft02 kernel: Write to readonly device loop0 (0x700000) bi_flags: f000000000000001, bi_vcnt: 1, bi_idx: 0, bi->size: 4096, bi_cnt: 2, bi_private: ffff880079497200
Apr  3 18:18:38 mft02 kernel: Write to readonly device loop0 (0x700000) bi_flags: f000000000000001, bi_vcnt: 1, bi_idx: 0, bi->size: 4096, bi_cnt: 2, bi_private: ffff880079497268
Apr  3 18:18:38 mft02 kernel: Write to readonly device loop0 (0x700000) bi_flags: f000000000000001, bi_vcnt: 1, bi_idx: 0, bi->size: 4096, bi_cnt: 2, bi_private: ffff8800794972d0
Apr  3 18:18:38 mft02 kernel: Write to readonly device loop0 (0x700000) bi_flags: f000000000000001, bi_vcnt: 1, bi_idx: 0, bi->size: 4096, bi_cnt: 2, bi_private: ffff880079497338
Apr  3 18:18:38 mft02 kernel: Write to readonly device loop0 (0x700000) bi_flags: f000000000000001, bi_vcnt: 1, bi_idx: 0, bi->size: 4096, bi_cnt: 2, bi_private: ffff8800794973a0
Apr  3 18:18:38 mft02 kernel: Write to readonly device loop0 (0x700000) bi_flags: f000000000000001, bi_vcnt: 1, bi_idx: 0, bi->size: 4096, bi_cnt: 2, bi_private: ffff880079497408
Apr  3 18:18:38 mft02 kernel: Write to readonly device loop0 (0x700000) bi_flags: f000000000000001, bi_vcnt: 1, bi_idx: 0, bi->size: 4096, bi_cnt: 2, bi_private: ffff880079497130
Apr  3 18:18:38 mft02 kernel: Write to readonly device loop0 (0x700000) bi_flags: f000000000000001, bi_vcnt: 1, bi_idx: 0, bi->size: 4096, bi_cnt: 2, bi_private: ffff8800797e07b0
Apr  3 18:18:38 mft02 kernel: Write to readonly device loop0 (0x700000) bi_flags: f000000000000001, bi_vcnt: 1, bi_idx: 0, bi->size: 4096, bi_cnt: 2, bi_private: ffff8800797cbd60
Apr  3 18:18:38 mft02 kernel: Write to readonly device loop0 (0x700000) bi_flags: f000000000000001, bi_vcnt: 1, bi_idx: 0, bi->size: 4096, bi_cnt: 2, bi_private: ffff8800797cbaf0
Apr  3 18:18:38 mft02 kernel: Write to readonly device loop0 (0x700000) bi_flags: f000000000000001, bi_vcnt: 1, bi_idx: 0, bi->size: 4096, bi_cnt: 2, bi_private: ffff8800797cbcf8
Apr  3 18:18:38 mft02 kernel: Write to readonly device loop0 (0x700000) bi_flags: f000000000000001, bi_vcnt: 1, bi_idx: 0, bi->size: 4096, bi_cnt: 2, bi_private: ffff8800797cbdc8
Apr  3 18:18:38 mft02 kernel: Write to readonly device loop0 (0x700000) bi_flags: f000000000000001, bi_vcnt: 1, bi_idx: 0, bi->size: 4096, bi_cnt: 2, bi_private: ffff880079498e30
Apr  3 18:18:38 mft02 kernel: Write to readonly device loop0 (0x700000) bi_flags: f000000000000001, bi_vcnt: 1, bi_idx: 0, bi->size: 4096, bi_cnt: 2, bi_private: ffff880079498c28
Apr  3 18:18:38 mft02 kernel: Write to readonly device loop0 (0x700000) bi_flags: f000000000000001, bi_vcnt: 1, bi_idx: 0, bi->size: 4096, bi_cnt: 2, bi_private: ffff880079498a88
Apr  3 18:18:38 mft02 kernel: Lustre: Failing over lustre-MDT0000
Apr  3 18:18:38 mft02 kernel: Lustre: Skipped 4 previous similar messages
Apr  3 18:18:38 mft02 kernel: Write to readonly device loop0 (0x700000) bi_flags: f000000000000001, bi_vcnt: 1, bi_idx: 0, bi->size: 4096, bi_cnt: 2, bi_private: ffff88007697a338
Apr  3 18:18:38 mft02 kernel: Release to readonly device loop0 (0x700000): [inode 37] [block 30443] [count 3] [is_meta 1]
Apr  3 18:18:38 mft02 kernel: Release to readonly device loop0 (0x700000): [inode 27] [block 30440] [count 3] [is_meta 1]
Apr  3 18:18:38 mft02 kernel: Lustre: mdd_obd-lustre-MDT0000: shutting down for failover; client state will be preserved.
Apr  3 18:18:38 mft02 kernel: Release to readonly device loop0 (0x700000): [inode 34] [block 17131] [count 3] [is_meta 1]
Apr  3 18:18:38 mft02 kernel: Release to readonly device loop0 (0x700000): [inode 33] [block 17128] [count 3] [is_meta 1]
Apr  3 18:18:39 mft02 kernel: Write to readonly device loop0 (0x700000) bi_flags: f000000000000001, bi_vcnt: 1, bi_idx: 0, bi->size: 4096, bi_cnt: 2, bi_private: ffff88007697a2d0
Apr  3 18:18:39 mft02 kernel: Write to readonly device loop0 (0x700000) bi_flags: f000000000000001, bi_vcnt: 1, bi_idx: 0, bi->size: 4096, bi_cnt: 2, bi_private: ffff88007697a268
Apr  3 18:18:39 mft02 kernel: Write to readonly device loop0 (0x700000) bi_flags: f000000000000001, bi_vcnt: 1, bi_idx: 0, bi->size: 4096, bi_cnt: 2, bi_private: ffff88007697a198
Apr  3 18:18:39 mft02 kernel: Write to readonly device loop0 (0x700000) bi_flags: f000000000000001, bi_vcnt: 1, bi_idx: 0, bi->size: 4096, bi_cnt: 2, bi_private: ffff880079497470
Apr  3 18:18:39 mft02 kernel: Write to readonly device loop0 (0x700000) bi_flags: f000000000000001, bi_vcnt: 1, bi_idx: 0, bi->size: 4096, bi_cnt: 2, bi_private: ffff8800794974d8
Apr  3 18:18:39 mft02 kernel: Write to readonly device loop0 (0x700000) bi_flags: f000000000000001, bi_vcnt: 1, bi_idx: 0, bi->size: 4096, bi_cnt: 2, bi_private: ffff880079497540
Apr  3 18:18:39 mft02 kernel: Write to readonly device loop0 (0x700000) bi_flags: f000000000000001, bi_vcnt: 1, bi_idx: 0, bi->size: 4096, bi_cnt: 2, bi_private: ffff8800794975a8
Apr  3 18:18:39 mft02 kernel: Write to readonly device loop0 (0x700000) bi_flags: f000000000000001, bi_vcnt: 1, bi_idx: 0, bi->size: 4096, bi_cnt: 2, bi_private: ffff880079497610
Apr  3 18:18:39 mft02 kernel: Write to readonly device loop0 (0x700000) bi_flags: f000000000000001, bi_vcnt: 1, bi_idx: 0, bi->size: 4096, bi_cnt: 2, bi_private: ffff880079497678
Apr  3 18:18:39 mft02 kernel: Write to readonly device loop0 (0x700000) bi_flags: f000000000000001, bi_vcnt: 1, bi_idx: 0, bi->size: 4096, bi_cnt: 2, bi_private: ffff8800794976e0
Apr  3 18:18:39 mft02 kernel: Write to readonly device loop0 (0x700000) bi_flags: f000000000000001, bi_vcnt: 1, bi_idx: 0, bi->size: 4096, bi_cnt: 2, bi_private: ffff880079497748
Apr  3 18:18:39 mft02 kernel: Write to readonly device loop0 (0x700000) bi_flags: f000000000000001, bi_vcnt: 1, bi_idx: 0, bi->size: 4096, bi_cnt: 2, bi_private: ffff8800794977b0
Apr  3 18:18:39 mft02 kernel: Write to readonly device loop0 (0x700000) bi_flags: f000000000000001, bi_vcnt: 1, bi_idx: 0, bi->size: 4096, bi_cnt: 2, bi_private: ffff880079497818
Apr  3 18:18:39 mft02 kernel: Write to readonly device loop0 (0x700000) bi_flags: f000000000000001, bi_vcnt: 1, bi_idx: 0, bi->size: 4096, bi_cnt: 2, bi_private: ffff88007697a268
Apr  3 18:18:39 mft02 kernel: Lustre: MGS has stopped.
Apr  3 18:18:42 mft02 kernel: Write to readonly device loop0 (0x700000) bi_flags: f000000000000001, bi_vcnt: 1, bi_idx: 0, bi->size: 4096, bi_cnt: 2, bi_private: ffff8800797e0818
Apr  3 18:18:42 mft02 kernel: Write to readonly device loop0 (0x700000) bi_flags: f000000000000001, bi_vcnt: 1, bi_idx: 0, bi->size: 4096, bi_cnt: 2, bi_private: ffff8800797e07b0
Apr  3 18:18:42 mft02 kernel: Write to readonly device loop0 (0x700000) bi_flags: f000000000000001, bi_vcnt: 1, bi_idx: 0, bi->size: 4096, bi_cnt: 2, bi_private: ffff880076947130
Apr  3 18:18:42 mft02 kernel: Write to readonly device loop0 (0x700000) bi_flags: f000000000000001, bi_vcnt: 1, bi_idx: 0, bi->size: 4096, bi_cnt: 2, bi_private: ffff880079498b58
Apr  3 18:18:42 mft02 kernel: Write to readonly device loop0 (0x700000) bi_flags: f000000000000001, bi_vcnt: 1, bi_idx: 0, bi->size: 4096, bi_cnt: 2, bi_private: ffff880079498610
Apr  3 18:18:42 mft02 kernel: Write to readonly device loop0 (0x700000) bi_flags: f000000000000001, bi_vcnt: 1, bi_idx: 0, bi->size: 4096, bi_cnt: 2, bi_private: ffff8800797e04d8
Apr  3 18:18:42 mft02 kernel: Write to readonly device loop0 (0x700000) bi_flags: f000000000000001, bi_vcnt: 1, bi_idx: 0, bi->size: 4096, bi_cnt: 2, bi_private: ffff8800797e0c90
Apr  3 18:18:42 mft02 kernel: Write to readonly device loop0 (0x700000) bi_flags: f000000000000001, bi_vcnt: 1, bi_idx: 0, bi->size: 4096, bi_cnt: 2, bi_private: ffff880079498e30
Apr  3 18:18:42 mft02 kernel: Write to readonly device loop0 (0x700000) bi_flags: f000000000000001, bi_vcnt: 1, bi_idx: 0, bi->size: 4096, bi_cnt: 2, bi_private: ffff880079498408
Apr  3 18:18:42 mft02 kernel: Write to readonly device loop0 (0x700000) bi_flags: f000000000000001, bi_vcnt: 1, bi_idx: 0, bi->size: 4096, bi_cnt: 2, bi_private: ffff880079498470
Apr  3 18:18:42 mft02 kernel: Write to readonly device loop0 (0x700000) bi_flags: f000000000000001, bi_vcnt: 1, bi_idx: 0, bi->size: 4096, bi_cnt: 2, bi_private: ffff8800794988e8
Apr  3 18:18:42 mft02 kernel: Write to readonly device loop0 (0x700000) bi_flags: f000000000000001, bi_vcnt: 1, bi_idx: 0, bi->size: 4096, bi_cnt: 2, bi_private: ffff880079498950
Apr  3 18:18:42 mft02 kernel: Write to readonly device loop0 (0x700000) bi_flags: f000000000000001, bi_vcnt: 1, bi_idx: 0, bi->size: 4096, bi_cnt: 2, bi_private: ffff8800797e0818
Apr  3 18:18:42 mft02 kernel: Write to readonly device loop0 (0x700000) bi_flags: f000000000000001, bi_vcnt: 1, bi_idx: 0, bi->size: 4096, bi_cnt: 2, bi_private: ffff88007696c3a0
Apr  3 18:18:42 mft02 kernel: Write to readonly device loop0 (0x700000) bi_flags: f000000000000001, bi_vcnt: 1, bi_idx: 0, bi->size: 4096, bi_cnt: 2, bi_private: ffff88007696c3a0
Apr  3 18:18:42 mft02 kernel: Write to readonly device loop0 (0x700000) bi_flags: f000000000000001, bi_vcnt: 1, bi_idx: 0, bi->size: 4096, bi_cnt: 2, bi_private: ffff88007696c3a0
Apr  3 18:18:42 mft02 kernel: Write to readonly device loop0 (0x700000) bi_flags: f000000000000001, bi_vcnt: 1, bi_idx: 0, bi->size: 4096, bi_cnt: 2, bi_private: ffff8800797e0818
Apr  3 18:18:42 mft02 kernel: Removing read-only on unknown block (0x700000)
Apr  3 18:18:42 mft02 kernel: Lustre: server umount lustre-MDT0000 complete
Apr  3 18:18:52 mft02 kernel: LDISKFS-fs warning (device loop0): ldiskfs_fill_super: extents feature not enabled on this filesystem, use tune2fs.
Apr  3 18:18:52 mft02 kernel: LDISKFS-fs (loop0): 2 orphan inodes deleted
Apr  3 18:18:52 mft02 kernel: LDISKFS-fs (loop0): recovery complete
Apr  3 18:18:52 mft02 kernel: LDISKFS-fs (loop0): mounted filesystem with ordered data mode
Apr  3 18:18:52 mft02 kernel: LDISKFS-fs warning (device loop0): ldiskfs_fill_super: extents feature not enabled on this filesystem, use tune2fs.
Apr  3 18:18:52 mft02 kernel: LDISKFS-fs (loop0): mounted filesystem with ordered data mode
Apr  3 18:18:52 mft02 kernel: Lustre: MGS MGS started
Apr  3 18:18:52 mft02 kernel: LustreError: 166-1: MGC10.3.0.188@tcp: Connection to service MGS via nid 0@lo was lost; in progress operations using this service will fail.
Apr  3 18:18:52 mft02 kernel: Lustre: MGC10.3.0.188@tcp: Reactivating import
Apr  3 18:18:52 mft02 kernel: Lustre: Skipped 1 previous similar message
Apr  3 18:18:52 mft02 kernel: Lustre: Enabling ACL
Apr  3 18:18:52 mft02 kernel: Lustre: Enabling user_xattr
Apr  3 18:18:52 mft02 kernel: Lustre: lustre-MDT0000: used disk, loading
Apr  3 18:18:52 mft02 kernel: Lustre: 14178:0:(ldlm_lib.c:1900:target_recovery_init()) RECOVERY: service lustre-MDT0000, 2 recoverable clients, last_transno 25769803779
Apr  3 18:18:52 mft02 kernel: LustreError: 14182:0:(ldlm_lib.c:1737:target_recovery_thread()) lustre-MDT0000: started recovery thread pid 14182
Apr  3 18:18:52 mft02 kernel: Lustre: 14178:0:(mdt_lproc.c:259:lprocfs_wr_identity_upcall()) lustre-MDT0000: identity upcall set to /usr/sbin/l_getidentity
Apr  3 18:18:52 mft02 kernel: Lustre: 14178:0:(mds_lov.c:1004:mds_notify()) MDS mdd_obd-lustre-MDT0000: add target lustre-OST0000_UUID
Apr  3 18:18:52 mft02 kernel: Lustre: 14178:0:(mds_lov.c:1004:mds_notify()) Skipped 1 previous similar message
Apr  3 18:18:52 mft02 kernel: Lustre: 2306:0:(ldlm_lib.c:802:target_handle_connect()) lustre-OST0000: received new MDS connection from NID 0@lo, removing former export from same NID
Apr  3 18:18:52 mft02 kernel: Lustre: 2306:0:(ldlm_lib.c:802:target_handle_connect()) Skipped 1 previous similar message
Apr  3 18:18:52 mft02 kernel: Lustre: 2306:0:(filter.c:2710:filter_connect_internal()) lustre-OST0000: Received MDS connection for group 0
Apr  3 18:18:52 mft02 kernel: Lustre: 2306:0:(filter.c:2710:filter_connect_internal()) Skipped 1 previous similar message
Apr  3 18:18:52 mft02 kernel: Lustre: 1615:0:(mds_lov.c:1024:mds_notify()) MDS mdd_obd-lustre-MDT0000: in recovery, not resetting orphans on lustre-OST0000_UUID
Apr  3 18:18:52 mft02 kernel: Lustre: 1615:0:(mds_lov.c:1024:mds_notify()) Skipped 3 previous similar messages
Apr  3 18:18:53 mft02 kernel: LustreError: 14184:0:(mdt_handler.c:2785:mdt_recovery()) operation 41 on unconnected MDS from 12345-0@lo
Apr  3 18:18:53 mft02 kernel: LustreError: 14184:0:(ldlm_lib.c:2125:target_send_reply_msg()) @@@ processing error (-107)  req@ffff88007c782800 x1398240341656967/t0(0) o41-><?>@<?>:0/0 lens 192/0 e 0 to 0 dl 1333466358 ref 1 fl Interpret:/0/ffffffff rc -107/-1
Apr  3 18:18:53 mft02 kernel: LustreError: 14184:0:(ldlm_lib.c:2125:target_send_reply_msg()) Skipped 2 previous similar messages
Apr  3 18:18:53 mft02 kernel: LustreError: 11-0: an error occurred while communicating with 0@lo. The mds_statfs operation failed with -107
Apr  3 18:18:53 mft02 kernel: LustreError: Skipped 2 previous similar messages
Apr  3 18:18:53 mft02 kernel: Lustre: lustre-MDT0000-mdc-ffff88007818f400: Connection to service lustre-MDT0000 via nid 0@lo was lost; in progress operations using this service will wait for recovery to complete.
Apr  3 18:18:53 mft02 kernel: Lustre: Skipped 1 previous similar message
Apr  3 18:18:53 mft02 kernel: Lustre: 14184:0:(ldlm_lib.c:2026:target_queue_recovery_request()) Next recovery transno: 25769803780, current: 25769803780, replaying
Apr  3 18:18:53 mft02 kernel: Lustre: 14184:0:(ldlm_lib.c:2026:target_queue_recovery_request()) Skipped 3 previous similar messages
Apr  3 18:18:57 mft02 kernel: LustreError: 14184:0:(mdt_handler.c:2785:mdt_recovery()) operation 400 on unconnected MDS from 12345-0@lo
Apr  3 18:18:57 mft02 kernel: LustreError: 14182:0:(ldlm_lib.c:1510:check_for_next_transno()) lustre-MDT0000: waking for gap in transno, VBR is OFF (skip: 25769803782, ql: 1, comp: 1, conn: 2, next: 25769803783, last_committed: 25769803779)
Apr  3 18:18:57 mft02 kernel: Lustre: lustre-MDT0000-mdc-ffff88007818f400: Connection restored to service lustre-MDT0000 using nid 0@lo.
Apr  3 18:18:57 mft02 kernel: Lustre: Skipped 1 previous similar message
Apr  3 18:18:57 mft02 kernel: Lustre: lustre-MDT0000: sending delayed replies to recovered clients
Apr  3 18:18:57 mft02 kernel: Lustre: lustre-OST0001: received MDS connection from 0@lo
Apr  3 18:18:57 mft02 kernel: Lustre: Skipped 1 previous similar message
Apr  3 18:18:57 mft02 kernel: Lustre: 2306:0:(lustre_log.h:471:llog_group_set_export()) lustre-OST0001: export for group 0 is changed: 0xffff88007a5aa000 -> 0xffff8800780b7000
Apr  3 18:18:57 mft02 kernel: Lustre: 2306:0:(lustre_log.h:471:llog_group_set_export()) Skipped 3 previous similar messages
Apr  3 18:18:57 mft02 kernel: Lustre: 2306:0:(llog_net.c:168:llog_receptor_accept()) changing the import ffff880078847800 - ffff880079145800
Apr  3 18:18:57 mft02 kernel: Lustre: 2306:0:(llog_net.c:168:llog_receptor_accept()) Skipped 3 previous similar messages
Apr  3 18:18:57 mft02 kernel: Lustre: 2307:0:(filter.c:2566:filter_llog_connect()) lustre-OST0000: Recovery from log 0x1f/0x0:f004dbbe
Apr  3 18:18:57 mft02 kernel: Lustre: 2307:0:(filter.c:2566:filter_llog_connect()) Skipped 1 previous similar message
Apr  3 18:18:57 mft02 kernel: Lustre: MDS mdd_obd-lustre-MDT0000: lustre-OST0000_UUID now active, resetting orphans
Apr  3 18:18:57 mft02 kernel: Lustre: Skipped 1 previous similar message
Apr  3 18:18:57 mft02 kernel: Lustre: DEBUG MARKER: == replay-dual replay-dual.sh test complete, duration 30 sec == 18:18:57 (1333466337)
Apr  3 18:18:57 mft02 kernel: LustreError: 14473:0:(ldlm_request.c:1172:ldlm_cli_cancel_req()) Got rc -108 from cancel RPC: canceling anyway
Apr  3 18:18:57 mft02 kernel: LustreError: 14473:0:(ldlm_request.c:1799:ldlm_cli_cancel_list()) ldlm_cli_cancel_list: -108
Apr  3 18:18:57 mft02 kernel: Lustre: client ffff8800759f7000 umount complete
