==> /var/log/messages <==
Apr  3 18:19:13 mft02 kernel: Lustre: 1614:0:(client.c:1773:ptlrpc_expire_one_request()) @@@ Request  sent has timed out for slow reply: [sent 1333466327/real 1333466327]  req@ffff8800787a8800 x1398240341656953/t0(0) o400->lustre-MDT0000-mdc-ffff88007818f400@0@lo:12/10 lens 192/192 e 0 to 1 dl 1333466353 ref 1 fl Rpc:XN/0/ffffffff rc 0/-1
Apr  3 18:19:13 mft02 kernel: Lustre: 1614:0:(client.c:1773:ptlrpc_expire_one_request()) Skipped 1 previous similar message
Apr  3 18:19:13 mft02 kernel: Lustre: DEBUG MARKER: only running test 5
Apr  3 18:19:13 mft02 kernel: Lustre: DEBUG MARKER: excepting tests: 15c
Apr  3 18:19:13 mft02 kernel: LustreError: 152-6: Ignoring deprecated mount option 'acl'.
Apr  3 18:19:13 mft02 kernel: LustreError: Skipped 1 previous similar message
Apr  3 18:19:13 mft02 kernel: Lustre: Client lustre-client has started
Apr  3 18:19:13 mft02 kernel: Lustre: Skipped 1 previous similar message
Apr  3 18:19:14 mft02 kernel: Lustre: DEBUG MARKER: Using TIMEOUT=20
Apr  3 18:19:14 mft02 kernel: Lustre: 14184:0:(quota_master.c:793:close_quota_files()) quota[0] is off already
Apr  3 18:19:14 mft02 kernel: Lustre: 14184:0:(quota_master.c:793:close_quota_files()) Skipped 7 previous similar messages
Apr  3 18:19:14 mft02 kernel: LustreError: 15635:0:(quota_ctl.c:328:client_quota_ctl()) ptlrpc_queue_wait failed, rc: -114
Apr  3 18:19:24 mft02 kernel: Lustre: DEBUG MARKER: == replay-dual test 5: open, unlink |X| close == 18:19:24 (1333466364)
Apr  3 18:19:24 mft02 kernel: LustreError: 15952:0:(osd_handler.c:938:osd_ro()) *** setting device osd-ldiskfs read-only ***
Apr  3 18:19:24 mft02 kernel: Turning device loop0 (0x700000) read-only
Apr  3 18:19:24 mft02 kernel: Lustre: DEBUG MARKER: mds1 REPLAY BARRIER on lustre-MDT0000
Apr  3 18:19:24 mft02 kernel: Lustre: DEBUG MARKER: local REPLAY BARRIER on lustre-MDT0000
Apr  3 18:19:24 mft02 kernel: Write to readonly device loop0 (0x700000) bi_flags: f000000000000001, bi_vcnt: 1, bi_idx: 0, bi->size: 4096, bi_cnt: 2, bi_private: ffff880076927198
Apr  3 18:19:24 mft02 kernel: Write to readonly device loop0 (0x700000) bi_flags: f000000000000001, bi_vcnt: 1, bi_idx: 0, bi->size: 4096, bi_cnt: 2, bi_private: ffff880076927200
Apr  3 18:19:24 mft02 kernel: Write to readonly device loop0 (0x700000) bi_flags: f000000000000001, bi_vcnt: 1, bi_idx: 0, bi->size: 4096, bi_cnt: 2, bi_private: ffff880076927268
Apr  3 18:19:24 mft02 kernel: Write to readonly device loop0 (0x700000) bi_flags: f000000000000001, bi_vcnt: 1, bi_idx: 0, bi->size: 4096, bi_cnt: 2, bi_private: ffff8800769272d0
Apr  3 18:19:24 mft02 kernel: Write to readonly device loop0 (0x700000) bi_flags: f000000000000001, bi_vcnt: 1, bi_idx: 0, bi->size: 4096, bi_cnt: 2, bi_private: ffff8800794850c8
Apr  3 18:19:24 mft02 kernel: Write to readonly device loop0 (0x700000) bi_flags: f000000000000001, bi_vcnt: 1, bi_idx: 0, bi->size: 4096, bi_cnt: 2, bi_private: ffff880079485130
Apr  3 18:19:24 mft02 kernel: Write to readonly device loop0 (0x700000) bi_flags: f000000000000001, bi_vcnt: 1, bi_idx: 0, bi->size: 4096, bi_cnt: 2, bi_private: ffff880079485198
Apr  3 18:19:24 mft02 kernel: Write to readonly device loop0 (0x700000) bi_flags: f000000000000001, bi_vcnt: 1, bi_idx: 0, bi->size: 4096, bi_cnt: 2, bi_private: ffff880079485f68
Apr  3 18:19:24 mft02 kernel: Write to readonly device loop0 (0x700000) bi_flags: f000000000000001, bi_vcnt: 1, bi_idx: 0, bi->size: 4096, bi_cnt: 2, bi_private: ffff880079485f00
Apr  3 18:19:24 mft02 kernel: Write to readonly device loop0 (0x700000) bi_flags: f000000000000001, bi_vcnt: 1, bi_idx: 0, bi->size: 4096, bi_cnt: 2, bi_private: ffff880076927200
Apr  3 18:19:24 mft02 kernel: Write to readonly device loop0 (0x700000) bi_flags: f000000000000001, bi_vcnt: 1, bi_idx: 0, bi->size: 4096, bi_cnt: 2, bi_private: ffff880079498470
Apr  3 18:19:24 mft02 kernel: Write to readonly device loop0 (0x700000) bi_flags: f000000000000001, bi_vcnt: 1, bi_idx: 0, bi->size: 4096, bi_cnt: 2, bi_private: ffff880076953f68
Apr  3 18:19:24 mft02 kernel: Write to readonly device loop0 (0x700000) bi_flags: f000000000000001, bi_vcnt: 1, bi_idx: 0, bi->size: 4096, bi_cnt: 2, bi_private: ffff8800769536e0
Apr  3 18:19:24 mft02 kernel: Write to readonly device loop0 (0x700000) bi_flags: f000000000000001, bi_vcnt: 1, bi_idx: 0, bi->size: 4096, bi_cnt: 2, bi_private: ffff880079485748
Apr  3 18:19:24 mft02 kernel: Write to readonly device loop0 (0x700000) bi_flags: f000000000000001, bi_vcnt: 1, bi_idx: 0, bi->size: 4096, bi_cnt: 2, bi_private: ffff8800794856e0
Apr  3 18:19:24 mft02 kernel: Write to readonly device loop0 (0x700000) bi_flags: f000000000000001, bi_vcnt: 1, bi_idx: 0, bi->size: 4096, bi_cnt: 2, bi_private: ffff880079485678
Apr  3 18:19:24 mft02 kernel: Write to readonly device loop0 (0x700000) bi_flags: f000000000000001, bi_vcnt: 1, bi_idx: 0, bi->size: 4096, bi_cnt: 2, bi_private: ffff880079485610
Apr  3 18:19:24 mft02 kernel: Write to readonly device loop0 (0x700000) bi_flags: f000000000000001, bi_vcnt: 1, bi_idx: 0, bi->size: 4096, bi_cnt: 2, bi_private: ffff8800794855a8
Apr  3 18:19:24 mft02 kernel: Write to readonly device loop0 (0x700000) bi_flags: f000000000000001, bi_vcnt: 1, bi_idx: 0, bi->size: 4096, bi_cnt: 2, bi_private: ffff880079485540
Apr  3 18:19:24 mft02 kernel: Write to readonly device loop0 (0x700000) bi_flags: f000000000000001, bi_vcnt: 1, bi_idx: 0, bi->size: 4096, bi_cnt: 2, bi_private: ffff8800794854d8
Apr  3 18:19:24 mft02 kernel: Write to readonly device loop0 (0x700000) bi_flags: f000000000000001, bi_vcnt: 1, bi_idx: 0, bi->size: 4096, bi_cnt: 2, bi_private: ffff8800794856e0
Apr  3 18:19:24 mft02 kernel: Write to readonly device loop0 (0x700000) bi_flags: f000000000000001, bi_vcnt: 1, bi_idx: 0, bi->size: 4096, bi_cnt: 2, bi_private: ffff880076982130
Apr  3 18:19:24 mft02 kernel: Write to readonly device loop0 (0x700000) bi_flags: f000000000000001, bi_vcnt: 1, bi_idx: 0, bi->size: 4096, bi_cnt: 2, bi_private: ffff8800769535a8
Apr  3 18:19:24 mft02 kernel: Write to readonly device loop0 (0x700000) bi_flags: f000000000000001, bi_vcnt: 1, bi_idx: 0, bi->size: 4096, bi_cnt: 2, bi_private: ffff880079498c90
Apr  3 18:19:24 mft02 kernel: Write to readonly device loop0 (0x700000) bi_flags: f000000000000001, bi_vcnt: 1, bi_idx: 0, bi->size: 4096, bi_cnt: 2, bi_private: ffff880076953f00
Apr  3 18:19:24 mft02 kernel: Write to readonly device loop0 (0x700000) bi_flags: f000000000000001, bi_vcnt: 1, bi_idx: 0, bi->size: 4096, bi_cnt: 2, bi_private: ffff8800769534d8
Apr  3 18:19:24 mft02 kernel: Write to readonly device loop0 (0x700000) bi_flags: f000000000000001, bi_vcnt: 1, bi_idx: 0, bi->size: 4096, bi_cnt: 2, bi_private: ffff880079498540
Apr  3 18:19:24 mft02 kernel: Lustre: Failing over lustre-MDT0000
Apr  3 18:19:24 mft02 kernel: Lustre: Skipped 4 previous similar messages
Apr  3 18:19:24 mft02 kernel: Write to readonly device loop0 (0x700000) bi_flags: f000000000000001, bi_vcnt: 1, bi_idx: 0, bi->size: 4096, bi_cnt: 2, bi_private: ffff8800794857b0
Apr  3 18:19:24 mft02 kernel: Release to readonly device loop0 (0x700000): [inode 36] [block 17131] [count 3] [is_meta 1]
Apr  3 18:19:24 mft02 kernel: Release to readonly device loop0 (0x700000): [inode 34] [block 17128] [count 3] [is_meta 1]
Apr  3 18:19:24 mft02 kernel: Lustre: mdd_obd-lustre-MDT0000: shutting down for failover; client state will be preserved.
Apr  3 18:19:24 mft02 kernel: Release to readonly device loop0 (0x700000): [inode 27] [block 30440] [count 3] [is_meta 1]
Apr  3 18:19:24 mft02 kernel: Write to readonly device loop0 (0x700000) bi_flags: f000000000000001, bi_vcnt: 1, bi_idx: 0, bi->size: 4096, bi_cnt: 2, bi_private: ffff880079485678
Apr  3 18:19:24 mft02 kernel: Write to readonly device loop0 (0x700000) bi_flags: f000000000000001, bi_vcnt: 1, bi_idx: 0, bi->size: 4096, bi_cnt: 2, bi_private: ffff880079485610
Apr  3 18:19:24 mft02 kernel: Write to readonly device loop0 (0x700000) bi_flags: f000000000000001, bi_vcnt: 1, bi_idx: 0, bi->size: 4096, bi_cnt: 2, bi_private: ffff8800794855a8
Apr  3 18:19:24 mft02 kernel: Write to readonly device loop0 (0x700000) bi_flags: f000000000000001, bi_vcnt: 1, bi_idx: 0, bi->size: 4096, bi_cnt: 2, bi_private: ffff880079485540
Apr  3 18:19:24 mft02 kernel: Write to readonly device loop0 (0x700000) bi_flags: f000000000000001, bi_vcnt: 1, bi_idx: 0, bi->size: 4096, bi_cnt: 2, bi_private: ffff8800794854d8
Apr  3 18:19:24 mft02 kernel: Write to readonly device loop0 (0x700000) bi_flags: f000000000000001, bi_vcnt: 1, bi_idx: 0, bi->size: 4096, bi_cnt: 2, bi_private: ffff880079485470
Apr  3 18:19:24 mft02 kernel: Write to readonly device loop0 (0x700000) bi_flags: f000000000000001, bi_vcnt: 1, bi_idx: 0, bi->size: 4096, bi_cnt: 2, bi_private: ffff880079485408
Apr  3 18:19:24 mft02 kernel: Write to readonly device loop0 (0x700000) bi_flags: f000000000000001, bi_vcnt: 1, bi_idx: 0, bi->size: 4096, bi_cnt: 2, bi_private: ffff8800794853a0
Apr  3 18:19:24 mft02 kernel: Write to readonly device loop0 (0x700000) bi_flags: f000000000000001, bi_vcnt: 1, bi_idx: 0, bi->size: 4096, bi_cnt: 2, bi_private: ffff880079485338
Apr  3 18:19:24 mft02 kernel: Write to readonly device loop0 (0x700000) bi_flags: f000000000000001, bi_vcnt: 1, bi_idx: 0, bi->size: 4096, bi_cnt: 2, bi_private: ffff8800794852d0
Apr  3 18:19:24 mft02 kernel: Write to readonly device loop0 (0x700000) bi_flags: f000000000000001, bi_vcnt: 1, bi_idx: 0, bi->size: 4096, bi_cnt: 2, bi_private: ffff880079485268
Apr  3 18:19:24 mft02 kernel: Write to readonly device loop0 (0x700000) bi_flags: f000000000000001, bi_vcnt: 1, bi_idx: 0, bi->size: 4096, bi_cnt: 2, bi_private: ffff880079485200
Apr  3 18:19:24 mft02 kernel: Write to readonly device loop0 (0x700000) bi_flags: f000000000000001, bi_vcnt: 1, bi_idx: 0, bi->size: 4096, bi_cnt: 2, bi_private: ffff88007698cf68
Apr  3 18:19:24 mft02 kernel: Release to readonly device loop0 (0x700000): [inode 37] [block 30443] [count 3] [is_meta 1]
Apr  3 18:19:24 mft02 kernel: Write to readonly device loop0 (0x700000) bi_flags: f000000000000001, bi_vcnt: 1, bi_idx: 0, bi->size: 4096, bi_cnt: 2, bi_private: ffff880079485610
Apr  3 18:19:24 mft02 kernel: Lustre: MGS has stopped.
Apr  3 18:19:27 mft02 kernel: Write to readonly device loop0 (0x700000) bi_flags: f000000000000001, bi_vcnt: 1, bi_idx: 0, bi->size: 4096, bi_cnt: 2, bi_private: ffff88007953df68
Apr  3 18:19:27 mft02 kernel: Write to readonly device loop0 (0x700000) bi_flags: f000000000000001, bi_vcnt: 1, bi_idx: 0, bi->size: 4096, bi_cnt: 2, bi_private: ffff880079485408
Apr  3 18:19:27 mft02 kernel: Write to readonly device loop0 (0x700000) bi_flags: f000000000000001, bi_vcnt: 1, bi_idx: 0, bi->size: 4096, bi_cnt: 2, bi_private: ffff8800794853a0
Apr  3 18:19:27 mft02 kernel: Write to readonly device loop0 (0x700000) bi_flags: f000000000000001, bi_vcnt: 1, bi_idx: 0, bi->size: 4096, bi_cnt: 2, bi_private: ffff880076953e98
Apr  3 18:19:27 mft02 kernel: Write to readonly device loop0 (0x700000) bi_flags: f000000000000001, bi_vcnt: 1, bi_idx: 0, bi->size: 4096, bi_cnt: 2, bi_private: ffff880079485338
Apr  3 18:19:27 mft02 kernel: Write to readonly device loop0 (0x700000) bi_flags: f000000000000001, bi_vcnt: 1, bi_idx: 0, bi->size: 4096, bi_cnt: 2, bi_private: ffff8800769536e0
Apr  3 18:19:27 mft02 kernel: Write to readonly device loop0 (0x700000) bi_flags: f000000000000001, bi_vcnt: 1, bi_idx: 0, bi->size: 4096, bi_cnt: 2, bi_private: ffff8800794852d0
Apr  3 18:19:27 mft02 kernel: Write to readonly device loop0 (0x700000) bi_flags: f000000000000001, bi_vcnt: 1, bi_idx: 0, bi->size: 4096, bi_cnt: 2, bi_private: ffff88007953dd60
Apr  3 18:19:27 mft02 kernel: Write to readonly device loop0 (0x700000) bi_flags: f000000000000001, bi_vcnt: 1, bi_idx: 0, bi->size: 4096, bi_cnt: 2, bi_private: ffff880079485268
Apr  3 18:19:27 mft02 kernel: Write to readonly device loop0 (0x700000) bi_flags: f000000000000001, bi_vcnt: 1, bi_idx: 0, bi->size: 4096, bi_cnt: 2, bi_private: ffff88007953ddc8
Apr  3 18:19:27 mft02 kernel: Write to readonly device loop0 (0x700000) bi_flags: f000000000000001, bi_vcnt: 1, bi_idx: 0, bi->size: 4096, bi_cnt: 2, bi_private: ffff880079485200
Apr  3 18:19:27 mft02 kernel: Write to readonly device loop0 (0x700000) bi_flags: f000000000000001, bi_vcnt: 1, bi_idx: 0, bi->size: 4096, bi_cnt: 2, bi_private: ffff880076953338
Apr  3 18:19:27 mft02 kernel: Write to readonly device loop0 (0x700000) bi_flags: f000000000000001, bi_vcnt: 1, bi_idx: 0, bi->size: 4096, bi_cnt: 2, bi_private: ffff8800794853a0
Apr  3 18:19:27 mft02 kernel: Write to readonly device loop0 (0x700000) bi_flags: f000000000000001, bi_vcnt: 1, bi_idx: 0, bi->size: 4096, bi_cnt: 2, bi_private: ffff8800769533a0
Apr  3 18:19:27 mft02 kernel: Write to readonly device loop0 (0x700000) bi_flags: f000000000000001, bi_vcnt: 1, bi_idx: 0, bi->size: 4096, bi_cnt: 2, bi_private: ffff880076982408
Apr  3 18:19:27 mft02 kernel: Write to readonly device loop0 (0x700000) bi_flags: f000000000000001, bi_vcnt: 1, bi_idx: 0, bi->size: 4096, bi_cnt: 2, bi_private: ffff880076982130
Apr  3 18:19:27 mft02 kernel: Write to readonly device loop0 (0x700000) bi_flags: f000000000000001, bi_vcnt: 1, bi_idx: 0, bi->size: 4096, bi_cnt: 2, bi_private: ffff880076982610
Apr  3 18:19:27 mft02 kernel: Write to readonly device loop0 (0x700000) bi_flags: f000000000000001, bi_vcnt: 1, bi_idx: 0, bi->size: 4096, bi_cnt: 2, bi_private: ffff8800769535a8
Apr  3 18:19:27 mft02 kernel: Write to readonly device loop0 (0x700000) bi_flags: f000000000000001, bi_vcnt: 1, bi_idx: 0, bi->size: 4096, bi_cnt: 2, bi_private: ffff880076953f00
Apr  3 18:19:27 mft02 kernel: Write to readonly device loop0 (0x700000) bi_flags: f000000000000001, bi_vcnt: 1, bi_idx: 0, bi->size: 4096, bi_cnt: 2, bi_private: ffff880076982408
Apr  3 18:19:27 mft02 kernel: Write to readonly device loop0 (0x700000) bi_flags: f000000000000001, bi_vcnt: 1, bi_idx: 0, bi->size: 4096, bi_cnt: 2, bi_private: ffff880076953b58
Apr  3 18:19:27 mft02 kernel: Write to readonly device loop0 (0x700000) bi_flags: f000000000000001, bi_vcnt: 1, bi_idx: 0, bi->size: 4096, bi_cnt: 2, bi_private: ffff880076953b58
Apr  3 18:19:27 mft02 kernel: Write to readonly device loop0 (0x700000) bi_flags: f000000000000001, bi_vcnt: 1, bi_idx: 0, bi->size: 4096, bi_cnt: 2, bi_private: ffff880076953b58
Apr  3 18:19:27 mft02 kernel: Write to readonly device loop0 (0x700000) bi_flags: f000000000000001, bi_vcnt: 1, bi_idx: 0, bi->size: 4096, bi_cnt: 2, bi_private: ffff880076953b58
Apr  3 18:19:27 mft02 kernel: Write to readonly device loop0 (0x700000) bi_flags: f000000000000001, bi_vcnt: 1, bi_idx: 0, bi->size: 4096, bi_cnt: 2, bi_private: ffff880076982408
Apr  3 18:19:27 mft02 kernel: Removing read-only on unknown block (0x700000)
Apr  3 18:19:27 mft02 kernel: Lustre: server umount lustre-MDT0000 complete
Apr  3 18:19:37 mft02 kernel: LDISKFS-fs warning (device loop0): ldiskfs_fill_super: extents feature not enabled on this filesystem, use tune2fs.
Apr  3 18:19:37 mft02 kernel: LDISKFS-fs (loop0): 2 orphan inodes deleted
Apr  3 18:19:37 mft02 kernel: LDISKFS-fs (loop0): recovery complete
Apr  3 18:19:37 mft02 kernel: LDISKFS-fs (loop0): mounted filesystem with ordered data mode
Apr  3 18:19:37 mft02 kernel: LDISKFS-fs warning (device loop0): ldiskfs_fill_super: extents feature not enabled on this filesystem, use tune2fs.
Apr  3 18:19:37 mft02 kernel: LDISKFS-fs (loop0): mounted filesystem with ordered data mode
Apr  3 18:19:38 mft02 kernel: Lustre: MGS MGS started
Apr  3 18:19:38 mft02 kernel: LustreError: 166-1: MGC10.3.0.188@tcp: Connection to service MGS via nid 0@lo was lost; in progress operations using this service will fail.
Apr  3 18:19:38 mft02 kernel: Lustre: MGC10.3.0.188@tcp: Reactivating import
Apr  3 18:19:38 mft02 kernel: Lustre: Skipped 1 previous similar message
Apr  3 18:19:38 mft02 kernel: Lustre: Enabling ACL
Apr  3 18:19:38 mft02 kernel: Lustre: Enabling user_xattr
Apr  3 18:19:38 mft02 kernel: Lustre: lustre-MDT0000: used disk, loading
Apr  3 18:19:38 mft02 kernel: Lustre: 16115:0:(ldlm_lib.c:1900:target_recovery_init()) RECOVERY: service lustre-MDT0000, 2 recoverable clients, last_transno 30064771077
Apr  3 18:19:38 mft02 kernel: LustreError: 16119:0:(ldlm_lib.c:1737:target_recovery_thread()) lustre-MDT0000: started recovery thread pid 16119
Apr  3 18:19:38 mft02 kernel: Lustre: 16115:0:(mdt_lproc.c:259:lprocfs_wr_identity_upcall()) lustre-MDT0000: identity upcall set to /usr/sbin/l_getidentity
Apr  3 18:19:38 mft02 kernel: Lustre: 16115:0:(mds_lov.c:1004:mds_notify()) MDS mdd_obd-lustre-MDT0000: add target lustre-OST0000_UUID
Apr  3 18:19:38 mft02 kernel: Lustre: 16115:0:(mds_lov.c:1004:mds_notify()) Skipped 1 previous similar message
Apr  3 18:19:38 mft02 kernel: Lustre: 2308:0:(ldlm_lib.c:802:target_handle_connect()) lustre-OST0000: received new MDS connection from NID 0@lo, removing former export from same NID
Apr  3 18:19:38 mft02 kernel: Lustre: 2308:0:(ldlm_lib.c:802:target_handle_connect()) Skipped 1 previous similar message
Apr  3 18:19:38 mft02 kernel: Lustre: 2308:0:(filter.c:2710:filter_connect_internal()) lustre-OST0000: Received MDS connection for group 0
Apr  3 18:19:38 mft02 kernel: Lustre: 2308:0:(filter.c:2710:filter_connect_internal()) Skipped 1 previous similar message
Apr  3 18:19:39 mft02 kernel: LustreError: 16121:0:(mdt_handler.c:2785:mdt_recovery()) operation 41 on unconnected MDS from 12345-0@lo
Apr  3 18:19:39 mft02 kernel: Lustre: lustre-MDT0000-mdc-ffff88007818f400: Connection to service lustre-MDT0000 via nid 0@lo was lost; in progress operations using this service will wait for recovery to complete.
Apr  3 18:19:39 mft02 kernel: Lustre: Skipped 1 previous similar message
Apr  3 18:19:39 mft02 kernel: Lustre: 16121:0:(ldlm_lib.c:2026:target_queue_recovery_request()) Next recovery transno: 30064771078, current: 30064771078, replaying
Apr  3 18:19:39 mft02 kernel: Lustre: 16121:0:(ldlm_lib.c:2026:target_queue_recovery_request()) Skipped 2 previous similar messages
Apr  3 18:19:43 mft02 kernel: Lustre: lustre-MDT0000: sending delayed replies to recovered clients
Apr  3 18:19:43 mft02 kernel: Lustre: lustre-MDT0000-mdc-ffff88007818f400: Connection restored to service lustre-MDT0000 using nid 0@lo.
Apr  3 18:19:43 mft02 kernel: Lustre: Skipped 1 previous similar message
Apr  3 18:19:43 mft02 kernel: Lustre: 16119:0:(mdd_orphans.c:371:orph_key_test_and_del()) Found orphan! Delete it
Apr  3 18:19:43 mft02 kernel: Lustre: 16119:0:(mdd_lov.c:638:mdd_lov_destroy()) Get lov ea failed for [0x200000bd0:0xa:0x0] rc = 0
Apr  3 18:19:43 mft02 kernel: Lustre: lustre-OST0000: received MDS connection from 0@lo
Apr  3 18:19:43 mft02 kernel: Lustre: Skipped 1 previous similar message
Apr  3 18:19:43 mft02 kernel: Lustre: 2308:0:(lustre_log.h:471:llog_group_set_export()) lustre-OST0000: export for group 0 is changed: 0xffff8800758e7800 -> 0xffff88007bb0c000
Apr  3 18:19:43 mft02 kernel: Lustre: 2308:0:(lustre_log.h:471:llog_group_set_export()) Skipped 3 previous similar messages
Apr  3 18:19:43 mft02 kernel: Lustre: 2308:0:(llog_net.c:168:llog_receptor_accept()) changing the import ffff8800758ea800 - ffff88007bb15800
Apr  3 18:19:43 mft02 kernel: Lustre: 2308:0:(llog_net.c:168:llog_receptor_accept()) Skipped 3 previous similar messages
Apr  3 18:19:43 mft02 kernel: Lustre: 2306:0:(filter.c:2566:filter_llog_connect()) lustre-OST0001: Recovery from log 0x20/0x0:f004dbbf
Apr  3 18:19:43 mft02 kernel: Lustre: 2306:0:(filter.c:2566:filter_llog_connect()) Skipped 1 previous similar message
Apr  3 18:19:43 mft02 kernel: Lustre: MDS mdd_obd-lustre-MDT0000: lustre-OST0001_UUID now active, resetting orphans
Apr  3 18:19:43 mft02 kernel: Lustre: Skipped 1 previous similar message
Apr  3 18:19:43 mft02 kernel: Lustre: DEBUG MARKER: == replay-dual replay-dual.sh test complete, duration 31 sec == 18:19:43 (1333466383)
Apr  3 18:19:43 mft02 kernel: LustreError: 16399:0:(ldlm_request.c:1172:ldlm_cli_cancel_req()) Got rc -108 from cancel RPC: canceling anyway
Apr  3 18:19:43 mft02 kernel: LustreError: 16399:0:(ldlm_request.c:1799:ldlm_cli_cancel_list()) ldlm_cli_cancel_list: -108
Apr  3 18:19:46 mft02 auditd[1085]: Audit daemon rotating log files
