Logging to shared log directory: /tmp/test_logs//1333466400
only running test 6
excepting tests: 15c
Starting client mft02: -o user_xattr,acl,flock mft02@tcp:/lustre /mnt/lustre2
Started clients mft02: 
mft02@tcp:/lustre on /mnt/lustre2 type lustre (rw,user_xattr,acl,flock)
debug=-1
subsystem_debug=0xffb7e3ff
debug_mb=2
mft02: Checking config lustre mounted on /mnt/lustre
Checking servers environments
Checking clients mft02 environments
Using TIMEOUT=20
disable quota as required
debug=-1
subsystem_debug=0xffb7e3ff
debug_mb=2
setting all flavor to null
already have total 8 null connections
.......

== replay-dual test 6: open1, open2, unlink |X| close1 [fail mds1] close2 == 18:20:11 (1333466411)
multiop /mnt/lustre2/a vo_c
TMPPIPE=/tmp/multiop_open_wait_pipe.16676
multiop /mnt/lustre/a vo_c
TMPPIPE=/tmp/multiop_open_wait_pipe.16676
Filesystem           1K-blocks      Used Available Use% Mounted on
mft02@tcp:/lustre       374928     49528    305272  14% /mnt/lustre
Failing mds1 on node mft02
Stopping /mnt/mds1 (opts:) on mft02
affected facets: mds1
Failover mds1 to mft02
18:20:24 (1333466424) waiting for mft02 network 900 secs ...
18:20:24 (1333466424) network interface is UP
Starting mds1: -o loop,user_xattr,acl  /tmp/lustre-mdt1 /mnt/mds1
debug=-1
subsystem_debug=0xffb7e3ff
debug_mb=2
Started lustre-MDT0000
Resetting fail_loc on all nodes...done.
PASS 6 (19s)
................== replay-dual replay-dual.sh test complete, duration 30 sec == 18:20:30 (1333466430)
Stopping clients: mft02 /mnt/lustre2 (opts:)
Stopping client mft02 /mnt/lustre2 opts:
