==> /var/log/messages <==
Apr  3 18:21:58 mft02 kernel: Lustre: DEBUG MARKER: only running test 9
Apr  3 18:21:58 mft02 kernel: Lustre: DEBUG MARKER: excepting tests: 15c
Apr  3 18:21:58 mft02 kernel: LustreError: 152-6: Ignoring deprecated mount option 'acl'.
Apr  3 18:21:58 mft02 kernel: LustreError: Skipped 2 previous similar messages
Apr  3 18:21:58 mft02 kernel: Lustre: Client lustre-client has started
Apr  3 18:21:58 mft02 kernel: Lustre: Skipped 2 previous similar messages
Apr  3 18:21:58 mft02 kernel: Lustre: DEBUG MARKER: Using TIMEOUT=20
Apr  3 18:21:58 mft02 kernel: LustreError: 21513:0:(quota_ctl.c:328:client_quota_ctl()) ptlrpc_queue_wait failed, rc: -114
Apr  3 18:21:58 mft02 kernel: LustreError: 21513:0:(quota_ctl.c:328:client_quota_ctl()) Skipped 1 previous similar message
Apr  3 18:22:09 mft02 kernel: Lustre: DEBUG MARKER: == replay-dual test 9: resending a replayed create == 18:22:09 (1333466529)
Apr  3 18:22:09 mft02 kernel: LustreError: 21828:0:(osd_handler.c:938:osd_ro()) *** setting device osd-ldiskfs read-only ***
Apr  3 18:22:09 mft02 kernel: Turning device loop0 (0x700000) read-only
Apr  3 18:22:09 mft02 kernel: Lustre: DEBUG MARKER: mds1 REPLAY BARRIER on lustre-MDT0000
Apr  3 18:22:09 mft02 kernel: Lustre: DEBUG MARKER: local REPLAY BARRIER on lustre-MDT0000
Apr  3 18:22:09 mft02 kernel: Write to readonly device loop0 (0x700000) bi_flags: f000000000000001, bi_vcnt: 1, bi_idx: 0, bi->size: 4096, bi_cnt: 2, bi_private: ffff8800769c80c8
Apr  3 18:22:09 mft02 kernel: Write to readonly device loop0 (0x700000) bi_flags: f000000000000001, bi_vcnt: 1, bi_idx: 0, bi->size: 4096, bi_cnt: 2, bi_private: ffff8800769c8130
Apr  3 18:22:09 mft02 kernel: Write to readonly device loop0 (0x700000) bi_flags: f000000000000001, bi_vcnt: 1, bi_idx: 0, bi->size: 4096, bi_cnt: 2, bi_private: ffff8800769c8198
Apr  3 18:22:09 mft02 kernel: Write to readonly device loop0 (0x700000) bi_flags: f000000000000001, bi_vcnt: 1, bi_idx: 0, bi->size: 4096, bi_cnt: 2, bi_private: ffff8800769c8f68
Apr  3 18:22:09 mft02 kernel: Write to readonly device loop0 (0x700000) bi_flags: f000000000000001, bi_vcnt: 1, bi_idx: 0, bi->size: 4096, bi_cnt: 2, bi_private: ffff8800769c8f00
Apr  3 18:22:09 mft02 kernel: Write to readonly device loop0 (0x700000) bi_flags: f000000000000001, bi_vcnt: 1, bi_idx: 0, bi->size: 4096, bi_cnt: 2, bi_private: ffff8800769c8e98
Apr  3 18:22:09 mft02 kernel: Write to readonly device loop0 (0x700000) bi_flags: f000000000000001, bi_vcnt: 1, bi_idx: 0, bi->size: 4096, bi_cnt: 2, bi_private: ffff8800769c8e30
Apr  3 18:22:09 mft02 kernel: Write to readonly device loop0 (0x700000) bi_flags: f000000000000001, bi_vcnt: 1, bi_idx: 0, bi->size: 4096, bi_cnt: 2, bi_private: ffff8800769c8dc8
Apr  3 18:22:09 mft02 kernel: Write to readonly device loop0 (0x700000) bi_flags: f000000000000001, bi_vcnt: 1, bi_idx: 0, bi->size: 4096, bi_cnt: 2, bi_private: ffff8800769c8d60
Apr  3 18:22:09 mft02 kernel: Write to readonly device loop0 (0x700000) bi_flags: f000000000000001, bi_vcnt: 1, bi_idx: 0, bi->size: 4096, bi_cnt: 2, bi_private: ffff8800769c8130
Apr  3 18:22:09 mft02 kernel: Write to readonly device loop0 (0x700000) bi_flags: f000000000000001, bi_vcnt: 1, bi_idx: 0, bi->size: 4096, bi_cnt: 2, bi_private: ffff880076980a88
Apr  3 18:22:09 mft02 kernel: Write to readonly device loop0 (0x700000) bi_flags: f000000000000001, bi_vcnt: 1, bi_idx: 0, bi->size: 4096, bi_cnt: 2, bi_private: ffff880076924dc8
Apr  3 18:22:09 mft02 kernel: Write to readonly device loop0 (0x700000) bi_flags: f000000000000001, bi_vcnt: 1, bi_idx: 0, bi->size: 4096, bi_cnt: 2, bi_private: ffff8800769c8198
Apr  3 18:22:09 mft02 kernel: Write to readonly device loop0 (0x700000) bi_flags: f000000000000001, bi_vcnt: 1, bi_idx: 0, bi->size: 4096, bi_cnt: 2, bi_private: ffff8800769c8f68
Apr  3 18:22:09 mft02 kernel: Write to readonly device loop0 (0x700000) bi_flags: f000000000000001, bi_vcnt: 1, bi_idx: 0, bi->size: 4096, bi_cnt: 2, bi_private: ffff8800769c8f00
Apr  3 18:22:09 mft02 kernel: Write to readonly device loop0 (0x700000) bi_flags: f000000000000001, bi_vcnt: 1, bi_idx: 0, bi->size: 4096, bi_cnt: 2, bi_private: ffff8800769c8e98
Apr  3 18:22:09 mft02 kernel: Write to readonly device loop0 (0x700000) bi_flags: f000000000000001, bi_vcnt: 1, bi_idx: 0, bi->size: 4096, bi_cnt: 2, bi_private: ffff8800769c8e30
Apr  3 18:22:09 mft02 kernel: Write to readonly device loop0 (0x700000) bi_flags: f000000000000001, bi_vcnt: 1, bi_idx: 0, bi->size: 4096, bi_cnt: 2, bi_private: ffff8800769c8dc8
Apr  3 18:22:09 mft02 kernel: Write to readonly device loop0 (0x700000) bi_flags: f000000000000001, bi_vcnt: 1, bi_idx: 0, bi->size: 4096, bi_cnt: 2, bi_private: ffff8800769c8d60
Apr  3 18:22:09 mft02 kernel: Write to readonly device loop0 (0x700000) bi_flags: f000000000000001, bi_vcnt: 1, bi_idx: 0, bi->size: 4096, bi_cnt: 2, bi_private: ffff8800769c8cf8
Apr  3 18:22:09 mft02 kernel: Write to readonly device loop0 (0x700000) bi_flags: f000000000000001, bi_vcnt: 1, bi_idx: 0, bi->size: 4096, bi_cnt: 2, bi_private: ffff8800769c8f68
Apr  3 18:22:09 mft02 kernel: Write to readonly device loop0 (0x700000) bi_flags: f000000000000001, bi_vcnt: 1, bi_idx: 0, bi->size: 4096, bi_cnt: 2, bi_private: ffff880076980bc0
Apr  3 18:22:09 mft02 kernel: Write to readonly device loop0 (0x700000) bi_flags: f000000000000001, bi_vcnt: 1, bi_idx: 0, bi->size: 4096, bi_cnt: 2, bi_private: ffff880076924f68
Apr  3 18:22:09 mft02 kernel: Write to readonly device loop0 (0x700000) bi_flags: f000000000000001, bi_vcnt: 1, bi_idx: 0, bi->size: 4096, bi_cnt: 2, bi_private: ffff880076924c28
Apr  3 18:22:09 mft02 kernel: Write to readonly device loop0 (0x700000) bi_flags: f000000000000001, bi_vcnt: 1, bi_idx: 0, bi->size: 4096, bi_cnt: 2, bi_private: ffff880076980af0
Apr  3 18:22:09 mft02 kernel: Write to readonly device loop0 (0x700000) bi_flags: f000000000000001, bi_vcnt: 1, bi_idx: 0, bi->size: 4096, bi_cnt: 2, bi_private: ffff880076980200
Apr  3 18:22:09 mft02 kernel: Write to readonly device loop0 (0x700000) bi_flags: f000000000000001, bi_vcnt: 1, bi_idx: 0, bi->size: 4096, bi_cnt: 2, bi_private: ffff880076980338
Apr  3 18:22:09 mft02 kernel: Write to readonly device loop0 (0x700000) bi_flags: f000000000000001, bi_vcnt: 1, bi_idx: 0, bi->size: 4096, bi_cnt: 2, bi_private: ffff880076924e98
Apr  3 18:22:09 mft02 kernel: Write to readonly device loop0 (0x700000) bi_flags: f000000000000001, bi_vcnt: 1, bi_idx: 0, bi->size: 4096, bi_cnt: 2, bi_private: ffff8800769c8a20
Apr  3 18:22:09 mft02 kernel: Release to readonly device loop0 (0x700000): [inode 37] [block 30443] [count 3] [is_meta 1]
Apr  3 18:22:09 mft02 kernel: Release to readonly device loop0 (0x700000): [inode 34] [block 30440] [count 3] [is_meta 1]
Apr  3 18:22:09 mft02 kernel: Release to readonly device loop0 (0x700000): [inode 27] [block 17128] [count 3] [is_meta 1]
Apr  3 18:22:09 mft02 kernel: Release to readonly device loop0 (0x700000): [inode 36] [block 17131] [count 3] [is_meta 1]
Apr  3 18:22:09 mft02 kernel: Write to readonly device loop0 (0x700000) bi_flags: f000000000000001, bi_vcnt: 1, bi_idx: 0, bi->size: 4096, bi_cnt: 2, bi_private: ffff8800769c89b8
Apr  3 18:22:09 mft02 kernel: Write to readonly device loop0 (0x700000) bi_flags: f000000000000001, bi_vcnt: 1, bi_idx: 0, bi->size: 4096, bi_cnt: 2, bi_private: ffff8800769c8950
Apr  3 18:22:09 mft02 kernel: Write to readonly device loop0 (0x700000) bi_flags: f000000000000001, bi_vcnt: 1, bi_idx: 0, bi->size: 4096, bi_cnt: 2, bi_private: ffff8800769c84d8
Apr  3 18:22:09 mft02 kernel: Write to readonly device loop0 (0x700000) bi_flags: f000000000000001, bi_vcnt: 1, bi_idx: 0, bi->size: 4096, bi_cnt: 2, bi_private: ffff8800769c8470
Apr  3 18:22:09 mft02 kernel: Write to readonly device loop0 (0x700000) bi_flags: f000000000000001, bi_vcnt: 1, bi_idx: 0, bi->size: 4096, bi_cnt: 2, bi_private: ffff8800769c8408
Apr  3 18:22:09 mft02 kernel: Write to readonly device loop0 (0x700000) bi_flags: f000000000000001, bi_vcnt: 1, bi_idx: 0, bi->size: 4096, bi_cnt: 2, bi_private: ffff8800769c83a0
Apr  3 18:22:09 mft02 kernel: Write to readonly device loop0 (0x700000) bi_flags: f000000000000001, bi_vcnt: 1, bi_idx: 0, bi->size: 4096, bi_cnt: 2, bi_private: ffff8800769c8338
Apr  3 18:22:09 mft02 kernel: Write to readonly device loop0 (0x700000) bi_flags: f000000000000001, bi_vcnt: 1, bi_idx: 0, bi->size: 4096, bi_cnt: 2, bi_private: ffff8800769c82d0
Apr  3 18:22:09 mft02 kernel: Write to readonly device loop0 (0x700000) bi_flags: f000000000000001, bi_vcnt: 1, bi_idx: 0, bi->size: 4096, bi_cnt: 2, bi_private: ffff8800769c8268
Apr  3 18:22:09 mft02 kernel: Write to readonly device loop0 (0x700000) bi_flags: f000000000000001, bi_vcnt: 1, bi_idx: 0, bi->size: 4096, bi_cnt: 2, bi_private: ffff8800769c8200
Apr  3 18:22:09 mft02 kernel: Write to readonly device loop0 (0x700000) bi_flags: f000000000000001, bi_vcnt: 1, bi_idx: 0, bi->size: 4096, bi_cnt: 2, bi_private: ffff8800769c6f68
Apr  3 18:22:09 mft02 kernel: Write to readonly device loop0 (0x700000) bi_flags: f000000000000001, bi_vcnt: 1, bi_idx: 0, bi->size: 4096, bi_cnt: 2, bi_private: ffff8800769c6f00
Apr  3 18:22:09 mft02 kernel: Write to readonly device loop0 (0x700000) bi_flags: f000000000000001, bi_vcnt: 1, bi_idx: 0, bi->size: 4096, bi_cnt: 2, bi_private: ffff8800769c6e98
Apr  3 18:22:09 mft02 kernel: Write to readonly device loop0 (0x700000) bi_flags: f000000000000001, bi_vcnt: 1, bi_idx: 0, bi->size: 4096, bi_cnt: 2, bi_private: ffff8800769c8950
Apr  3 18:22:12 mft02 kernel: Write to readonly device loop0 (0x700000) bi_flags: f000000000000001, bi_vcnt: 1, bi_idx: 0, bi->size: 4096, bi_cnt: 2, bi_private: ffff880076980e98
Apr  3 18:22:12 mft02 kernel: Write to readonly device loop0 (0x700000) bi_flags: f000000000000001, bi_vcnt: 1, bi_idx: 0, bi->size: 4096, bi_cnt: 2, bi_private: ffff880076980bc0
Apr  3 18:22:12 mft02 kernel: Write to readonly device loop0 (0x700000) bi_flags: f000000000000001, bi_vcnt: 1, bi_idx: 0, bi->size: 4096, bi_cnt: 2, bi_private: ffff88007694df00
Apr  3 18:22:12 mft02 kernel: Write to readonly device loop0 (0x700000) bi_flags: f000000000000001, bi_vcnt: 1, bi_idx: 0, bi->size: 4096, bi_cnt: 2, bi_private: ffff880076924c28
Apr  3 18:22:12 mft02 kernel: Write to readonly device loop0 (0x700000) bi_flags: f000000000000001, bi_vcnt: 1, bi_idx: 0, bi->size: 4096, bi_cnt: 2, bi_private: ffff880076924748
Apr  3 18:22:12 mft02 kernel: Write to readonly device loop0 (0x700000) bi_flags: f000000000000001, bi_vcnt: 1, bi_idx: 0, bi->size: 4096, bi_cnt: 2, bi_private: ffff880076980a20
Apr  3 18:22:12 mft02 kernel: Write to readonly device loop0 (0x700000) bi_flags: f000000000000001, bi_vcnt: 1, bi_idx: 0, bi->size: 4096, bi_cnt: 2, bi_private: ffff880076980a88
Apr  3 18:22:12 mft02 kernel: Write to readonly device loop0 (0x700000) bi_flags: f000000000000001, bi_vcnt: 1, bi_idx: 0, bi->size: 4096, bi_cnt: 2, bi_private: ffff880076980200
Apr  3 18:22:12 mft02 kernel: Write to readonly device loop0 (0x700000) bi_flags: f000000000000001, bi_vcnt: 1, bi_idx: 0, bi->size: 4096, bi_cnt: 2, bi_private: ffff880076924880
Apr  3 18:22:12 mft02 kernel: Write to readonly device loop0 (0x700000) bi_flags: f000000000000001, bi_vcnt: 1, bi_idx: 0, bi->size: 4096, bi_cnt: 2, bi_private: ffff8800769245a8
Apr  3 18:22:12 mft02 kernel: Write to readonly device loop0 (0x700000) bi_flags: f000000000000001, bi_vcnt: 1, bi_idx: 0, bi->size: 4096, bi_cnt: 2, bi_private: ffff880076924d60
Apr  3 18:22:12 mft02 kernel: Write to readonly device loop0 (0x700000) bi_flags: f000000000000001, bi_vcnt: 1, bi_idx: 0, bi->size: 4096, bi_cnt: 2, bi_private: ffff880076924a88
Apr  3 18:22:12 mft02 kernel: Write to readonly device loop0 (0x700000) bi_flags: f000000000000001, bi_vcnt: 1, bi_idx: 0, bi->size: 4096, bi_cnt: 2, bi_private: ffff880076980e98
Apr  3 18:22:12 mft02 kernel: Write to readonly device loop0 (0x700000) bi_flags: f000000000000001, bi_vcnt: 1, bi_idx: 0, bi->size: 4096, bi_cnt: 2, bi_private: ffff8800769806e0
Apr  3 18:22:12 mft02 kernel: Write to readonly device loop0 (0x700000) bi_flags: f000000000000001, bi_vcnt: 1, bi_idx: 0, bi->size: 4096, bi_cnt: 2, bi_private: ffff8800769806e0
Apr  3 18:22:12 mft02 kernel: Write to readonly device loop0 (0x700000) bi_flags: f000000000000001, bi_vcnt: 1, bi_idx: 0, bi->size: 4096, bi_cnt: 2, bi_private: ffff8800769806e0
Apr  3 18:22:12 mft02 kernel: Write to readonly device loop0 (0x700000) bi_flags: f000000000000001, bi_vcnt: 1, bi_idx: 0, bi->size: 4096, bi_cnt: 2, bi_private: ffff880076980e98
Apr  3 18:22:12 mft02 kernel: Removing read-only on unknown block (0x700000)
Apr  3 18:22:22 mft02 kernel: LDISKFS-fs warning (device loop0): ldiskfs_fill_super: extents feature not enabled on this filesystem, use tune2fs.
Apr  3 18:22:22 mft02 kernel: LDISKFS-fs (loop0): warning: maximal mount count reached, running e2fsck is recommended
Apr  3 18:22:22 mft02 kernel: LDISKFS-fs (loop0): 2 orphan inodes deleted
Apr  3 18:22:22 mft02 kernel: LDISKFS-fs (loop0): recovery complete
Apr  3 18:22:22 mft02 kernel: LDISKFS-fs (loop0): mounted filesystem with ordered data mode
Apr  3 18:22:22 mft02 kernel: LDISKFS-fs warning (device loop0): ldiskfs_fill_super: extents feature not enabled on this filesystem, use tune2fs.
Apr  3 18:22:22 mft02 kernel: LDISKFS-fs (loop0): warning: maximal mount count reached, running e2fsck is recommended
Apr  3 18:22:22 mft02 kernel: LDISKFS-fs (loop0): mounted filesystem with ordered data mode
Apr  3 18:22:26 mft02 kernel: Lustre: 21989:0:(import.c:526:import_select_connection()) MGC10.3.0.188@tcp: tried all connections, increasing latency to 6s
Apr  3 18:22:27 mft02 kernel: LustreError: 22008:0:(mdt_handler.c:2785:mdt_recovery()) operation 41 on unconnected MDS from 12345-0@lo
Apr  3 18:22:27 mft02 kernel: LustreError: 22008:0:(mdt_handler.c:2785:mdt_recovery()) Skipped 1 previous similar message
Apr  3 18:22:27 mft02 kernel: Lustre: 22007:0:(sec.c:1474:sptlrpc_import_sec_adapt()) import lustre-MDT0000->NET_0x9000000000000_UUID netid 90000: select flavor null
Apr  3 18:22:27 mft02 kernel: Lustre: 22007:0:(sec.c:1474:sptlrpc_import_sec_adapt()) Skipped 70 previous similar messages
Apr  3 18:22:31 mft02 kernel: LustreError: 22006:0:(libcfs_fail.h:81:cfs_fail_check_set()) *** cfs_fail_loc=119 ***
Apr  3 18:22:31 mft02 kernel: LustreError: 22006:0:(ldlm_lib.c:2120:target_send_reply_msg()) @@@ dropping reply  req@ffff880075aab000 x1398240341657613/t42949672962(42949672962) o36->267f2418-c530-512b-b7d9-e43d69375cb0@0@lo:0/0 lens 464/416 e 0 to 0 dl 1333466572 ref 1 fl Complete:/4/0 rc 0/0
Apr  3 18:22:53 mft02 kernel: LustreError: 1615:0:(client.c:2530:ptlrpc_replay_interpret()) request replay timed out, restarting recovery
Apr  3 18:22:53 mft02 kernel: Lustre: 22007:0:(ldlm_lib.c:605:target_handle_reconnect()) lustre-MDT0000: 267f2418-c530-512b-b7d9-e43d69375cb0 reconnecting
Apr  3 18:22:53 mft02 kernel: Lustre: 22007:0:(ldlm_lib.c:873:target_handle_connect()) lustre-MDT0000: connection from 267f2418-c530-512b-b7d9-e43d69375cb0@0@lo recovering/t42949672962 exp ffff8800799ecc00 cur 1333466573 last 1333466573
Apr  3 18:22:53 mft02 kernel: Lustre: 22007:0:(ldlm_lib.c:873:target_handle_connect()) Skipped 40 previous similar messages
Apr  3 18:22:53 mft02 kernel: Lustre: 22008:0:(ldlm_lib.c:2026:target_queue_recovery_request()) Next recovery transno: 42949672963, current: 42949672963, replaying
Apr  3 18:22:53 mft02 kernel: Lustre: 22008:0:(ldlm_lib.c:2026:target_queue_recovery_request()) Skipped 5 previous similar messages
Apr  3 18:22:53 mft02 kernel: LustreError: 22006:0:(ldlm_lib.c:1510:check_for_next_transno()) lustre-MDT0000: waking for gap in transno, VBR is OFF (skip: 42949672965, ql: 1, comp: 1, conn: 2, next: 42949672966, last_committed: 42949672962)
Apr  3 18:22:53 mft02 kernel: Lustre: lustre-MDT0000-mdc-ffff88007818f400: Connection restored to service lustre-MDT0000 using nid 0@lo.
Apr  3 18:22:53 mft02 kernel: Lustre: Skipped 2 previous similar messages
Apr  3 18:22:53 mft02 kernel: Lustre: lustre-MDT0000: sending delayed replies to recovered clients
Apr  3 18:22:53 mft02 kernel: Lustre: 22006:0:(mds_lov.c:1024:mds_notify()) MDS mdd_obd-lustre-MDT0000: in recovery, not resetting orphans on lustre-OST0000_UUID
Apr  3 18:22:53 mft02 kernel: Lustre: 22006:0:(mds_lov.c:1024:mds_notify()) Skipped 9 previous similar messages
Apr  3 18:22:53 mft02 kernel: Lustre: 2307:0:(filter.c:2566:filter_llog_connect()) lustre-OST0001: Recovery from log 0x20/0x0:f004dbbf
Apr  3 18:22:53 mft02 kernel: Lustre: 2307:0:(filter.c:2566:filter_llog_connect()) Skipped 1 previous similar message
Apr  3 18:22:53 mft02 kernel: Lustre: DEBUG MARKER: == replay-dual replay-dual.sh test complete, duration 55 sec == 18:22:53 (1333466573)
Apr  3 18:22:53 mft02 kernel: Lustre: client ffff880075846800 umount complete
Apr  3 18:22:53 mft02 kernel: Lustre: Skipped 1 previous similar message
