Logging to shared log directory: /tmp/test_logs//1333466518
only running test 9
excepting tests: 15c
Starting client mft02: -o user_xattr,acl,flock mft02@tcp:/lustre /mnt/lustre2
Started clients mft02: 
mft02@tcp:/lustre on /mnt/lustre2 type lustre (rw,user_xattr,acl,flock)
debug=-1
subsystem_debug=0xffb7e3ff
debug_mb=2
mft02: Checking config lustre mounted on /mnt/lustre
Checking servers environments
Checking clients mft02 environments
Using TIMEOUT=20
disable quota as required
debug=-1
subsystem_debug=0xffb7e3ff
debug_mb=2
setting all flavor to null
already have total 8 null connections
.........

== replay-dual test 9: resending a replayed create == 18:22:09 (1333466529)
Filesystem           1K-blocks      Used Available Use% Mounted on
mft02@tcp:/lustre       374928     49528    305272  14% /mnt/lustre
fail_loc=0x80000119
Failing mds1 on node mft02
Stopping /mnt/mds1 (opts:) on mft02
affected facets: mds1
Failover mds1 to mft02
18:22:22 (1333466542) waiting for mft02 network 900 secs ...
18:22:22 (1333466542) network interface is UP
Starting mds1: -o loop,user_xattr,acl  /tmp/lustre-mdt1 /mnt/mds1
debug=-1
subsystem_debug=0xffb7e3ff
debug_mb=2
Started lustre-MDT0000
fail_loc=0
Resetting fail_loc on all nodes...done.
PASS 9 (44s)
..............== replay-dual replay-dual.sh test complete, duration 55 sec == 18:22:53 (1333466573)
Stopping clients: mft02 /mnt/lustre2 (opts:)
Stopping client mft02 /mnt/lustre2 opts:
