==> /var/log/messages <==
Mar 16 06:41:09 mft01 kernel: Lustre: DEBUG MARKER: only running test 1
Mar 16 06:41:09 mft01 kernel: Lustre: DEBUG MARKER: excepting tests:
Mar 16 06:41:09 mft01 kernel: Lustre: DEBUG MARKER: Using TIMEOUT=20
Mar 16 06:41:09 mft01 kernel: Lustre: 2233:0:(quota_master.c:793:close_quota_files()) quota[0] is off already
Mar 16 06:41:09 mft01 kernel: Lustre: 2233:0:(quota_master.c:793:close_quota_files()) Skipped 1 previous similar message
Mar 16 06:41:09 mft01 kernel: LustreError: 7222:0:(quota_ctl.c:328:client_quota_ctl()) ptlrpc_queue_wait failed, rc: -114
Mar 16 06:41:09 mft01 kernel: Lustre: 7276:0:(debug.c:326:libcfs_debug_str2mask()) You are trying to use a numerical value for the mask - this will be deprecated in a future release.
Mar 16 06:41:09 mft01 kernel: Lustre: 7276:0:(debug.c:326:libcfs_debug_str2mask()) Skipped 3 previous similar messages
Mar 16 06:41:11 mft01 kernel: Lustre: DEBUG MARKER: == replay-ost-single test 1: touch == 06:41:11 (1331872871)
Mar 16 06:41:11 mft01 kernel: Lustre: Failing over lustre-OST0000
Mar 16 06:41:13 mft01 kernel: Lustre: lustre-OST0000: shutting down for failover; client state will be preserved.
Mar 16 06:41:13 mft01 kernel: Lustre: OST lustre-OST0000 has stopped.
Mar 16 06:41:16 mft01 kernel: Lustre: server umount lustre-OST0000 complete
Mar 16 06:41:18 mft01 kernel: LustreError: 2320:0:(ldlm_lib.c:2125:target_send_reply_msg()) @@@ processing error (-107)  req@ffff88007a808c00 x1396569758761277/t0(0) o400-><?>@<?>:0/0 lens 192/0 e 0 to 0 dl 1331872903 ref 1 fl Interpret:H/0/ffffffff rc -107/-1
Mar 16 06:41:18 mft01 kernel: LustreError: 11-0: an error occurred while communicating with 0@lo. The obd_ping operation failed with -107
Mar 16 06:41:18 mft01 kernel: Lustre: lustre-OST0000-osc-ffff880074c42800: Connection to service lustre-OST0000 via nid 0@lo was lost; in progress operations using this service will wait for recovery to complete.
Mar 16 06:41:18 mft01 kernel: LustreError: 137-5: UUID 'lustre-OST0000_UUID' is not available  for connect (no target)
Mar 16 06:41:26 mft01 kernel: LDISKFS-fs (loop1): mounted filesystem with ordered data mode
Mar 16 06:41:26 mft01 kernel: LDISKFS-fs (loop1): mounted filesystem with ordered data mode
Mar 16 06:41:27 mft01 kernel: Lustre: 7636:0:(ldlm_lib.c:1900:target_recovery_init()) RECOVERY: service lustre-OST0000, 2 recoverable clients, last_transno 3
Mar 16 06:41:27 mft01 kernel: LustreError: 7637:0:(ldlm_lib.c:1737:target_recovery_thread()) lustre-OST0000: started recovery thread pid 7637
Mar 16 06:41:27 mft01 kernel: Lustre: 7636:0:(filter.c:1252:filter_prep_groups()) lustre-OST0000: initialize groups [0,0]
Mar 16 06:41:27 mft01 kernel: Lustre: lustre-OST0000: Now serving lustre-OST0000 on /dev/loop1 with recovery enabled
Mar 16 06:41:27 mft01 kernel: Lustre: lustre-OST0000: Will be in recovery for at least 1:00, or until 2 clients reconnect
Mar 16 06:41:27 mft01 kernel: LustreError: 7616:0:(obd_class.h:1622:obd_notify()) obd lustre-OST0000 has no notify handler
Mar 16 06:41:28 mft01 kernel: Lustre: 1628:0:(import.c:526:import_select_connection()) lustre-OST0000-osc-MDT0000: tried all connections, increasing latency to 11s
Mar 16 06:41:28 mft01 kernel: Lustre: 1628:0:(import.c:526:import_select_connection()) Skipped 1 previous similar message
Mar 16 06:41:28 mft01 kernel: Lustre: 2320:0:(ldlm_lib.c:873:target_handle_connect()) lustre-OST0000: connection from lustre-MDT0000-mdtlov_UUID@0@lo recovering/t0 exp ffff8800777ccc00 cur 1331872888 last 1331872887
Mar 16 06:41:28 mft01 kernel: Lustre: 2320:0:(ldlm_lib.c:873:target_handle_connect()) Skipped 1 previous similar message
Mar 16 06:41:28 mft01 kernel: Lustre: 2320:0:(filter.c:2710:filter_connect_internal()) lustre-OST0000: Received MDS connection for group 0
Mar 16 06:41:28 mft01 kernel: Lustre: 2317:0:(sec.c:1474:sptlrpc_import_sec_adapt()) import lustre-OST0000->NET_0x9000000000000_UUID netid 90000: select flavor null
Mar 16 06:41:28 mft01 kernel: Lustre: 2317:0:(sec.c:1474:sptlrpc_import_sec_adapt()) Skipped 1 previous similar message
Mar 16 06:41:29 mft01 kernel: Lustre: lustre-OST0000: sending delayed replies to recovered clients
Mar 16 06:41:29 mft01 kernel: Lustre: lustre-OST0000-osc-MDT0000: Connection restored to service lustre-OST0000 using nid 0@lo.
Mar 16 06:41:29 mft01 kernel: Lustre: lustre-OST0000: received MDS connection from 0@lo
Mar 16 06:41:29 mft01 kernel: Lustre: 2317:0:(filter.c:2566:filter_llog_connect()) lustre-OST0000: Recovery from log 0x1f/0x0:2889b42f
Mar 16 06:41:29 mft01 kernel: Lustre: MDS mdd_obd-lustre-MDT0000: lustre-OST0000_UUID now active, resetting orphans
Mar 16 06:41:29 mft01 kernel: Lustre: DEBUG MARKER: == replay-ost-single replay-ost-single.sh test complete, duration 21 sec == 06:41:29 (1331872889)
