==> /var/log/messages <==
Mar 16 06:43:55 mft01 kernel: Lustre: DEBUG MARKER: only running test 6
Mar 16 06:43:55 mft01 kernel: Lustre: DEBUG MARKER: excepting tests:
Mar 16 06:43:55 mft01 kernel: Lustre: DEBUG MARKER: Using TIMEOUT=20
Mar 16 06:43:56 mft01 kernel: Lustre: DEBUG MARKER: == replay-ost-single test 6: Fail OST before obd_destroy == 06:43:56 (1331873036)
Mar 16 06:44:04 mft01 kernel: Lustre: DEBUG MARKER: before: 325400 after_dd: 320280
Mar 16 06:44:04 mft01 kernel: LustreError: 2233:0:(libcfs_fail.h:81:cfs_fail_check_set()) *** cfs_fail_loc=119 ***
Mar 16 06:44:04 mft01 kernel: LustreError: 2233:0:(ldlm_lib.c:2120:target_send_reply_msg()) @@@ dropping reply  req@ffff880074d62800 x1396569758761842/t4294967443(0) o36->ec5f6682-a2d7-2e1c-8a2d-9adc10712b62@0@lo:0/0 lens 456/544 e 0 to 0 dl 1331873050 ref 1 fl Interpret:/0/0 rc 0/0
Mar 16 06:44:11 mft01 kernel: Lustre: 16387:0:(client.c:1773:ptlrpc_expire_one_request()) @@@ Request  sent has timed out for slow reply: [sent 1331873044/real 1331873044]  req@ffff880074e42c00 x1396569758761842/t0(0) o36->lustre-MDT0000-mdc-ffff880074c42800@0@lo:12/10 lens 456/824 e 0 to 1 dl 1331873051 ref 2 fl Rpc:X/0/ffffffff rc 0/-1
Mar 16 06:44:11 mft01 kernel: Lustre: lustre-MDT0000-mdc-ffff880074c42800: Connection to service lustre-MDT0000 via nid 0@lo was lost; in progress operations using this service will wait for recovery to complete.
Mar 16 06:44:11 mft01 kernel: Lustre: Skipped 1 previous similar message
Mar 16 06:44:11 mft01 kernel: Lustre: 2233:0:(ldlm_lib.c:605:target_handle_reconnect()) lustre-MDT0000: ec5f6682-a2d7-2e1c-8a2d-9adc10712b62 reconnecting
Mar 16 06:44:11 mft01 kernel: Lustre: 2233:0:(ldlm_lib.c:873:target_handle_connect()) lustre-MDT0000: connection from ec5f6682-a2d7-2e1c-8a2d-9adc10712b62@0@lo t4294967438 exp ffff880078914000 cur 1331873051 last 1331873051
Mar 16 06:44:11 mft01 kernel: Lustre: 2233:0:(ldlm_lib.c:873:target_handle_connect()) Skipped 3 previous similar messages
Mar 16 06:44:11 mft01 kernel: Lustre: lustre-MDT0000-mdc-ffff880074c42800: Connection restored to service lustre-MDT0000 using nid 0@lo.
Mar 16 06:44:11 mft01 kernel: Lustre: Skipped 1 previous similar message
Mar 16 06:44:11 mft01 kernel: Lustre: Failing over lustre-OST0000
Mar 16 06:44:13 mft01 kernel: Lustre: lustre-OST0000: shutting down for failover; client state will be preserved.
Mar 16 06:44:13 mft01 kernel: Lustre: OST lustre-OST0000 has stopped.
Mar 16 06:44:16 mft01 kernel: Lustre: server umount lustre-OST0000 complete
Mar 16 06:44:16 mft01 kernel: LustreError: 2318:0:(ldlm_lib.c:2125:target_send_reply_msg()) @@@ processing error (-107)  req@ffff880074e42c00 x1396569758761850/t0(0) o400-><?>@<?>:0/0 lens 192/0 e 0 to 0 dl 1331873081 ref 1 fl Interpret:H/0/ffffffff rc -107/-1
Mar 16 06:44:16 mft01 kernel: LustreError: 2318:0:(ldlm_lib.c:2125:target_send_reply_msg()) Skipped 3 previous similar messages
Mar 16 06:44:16 mft01 kernel: LustreError: 11-0: an error occurred while communicating with 0@lo. The obd_ping operation failed with -107
Mar 16 06:44:16 mft01 kernel: LustreError: Skipped 3 previous similar messages
Mar 16 06:44:16 mft01 kernel: LustreError: 137-5: UUID 'lustre-OST0000_UUID' is not available  for connect (no target)
Mar 16 06:44:16 mft01 kernel: LustreError: Skipped 1 previous similar message
Mar 16 06:44:26 mft01 kernel: LDISKFS-fs (loop1): mounted filesystem with ordered data mode
Mar 16 06:44:26 mft01 kernel: LDISKFS-fs (loop1): mounted filesystem with ordered data mode
Mar 16 06:44:26 mft01 kernel: Lustre: 16551:0:(ldlm_lib.c:1900:target_recovery_init()) RECOVERY: service lustre-OST0000, 2 recoverable clients, last_transno 46
Mar 16 06:44:26 mft01 kernel: LustreError: 16552:0:(ldlm_lib.c:1737:target_recovery_thread()) lustre-OST0000: started recovery thread pid 16552
Mar 16 06:44:26 mft01 kernel: Lustre: 16551:0:(filter.c:1252:filter_prep_groups()) lustre-OST0000: initialize groups [0,0]
Mar 16 06:44:26 mft01 kernel: Lustre: lustre-OST0000: Now serving lustre-OST0000 on /dev/loop1 with recovery enabled
Mar 16 06:44:26 mft01 kernel: Lustre: lustre-OST0000: Will be in recovery for at least 1:00, or until 2 clients reconnect
Mar 16 06:44:26 mft01 kernel: LustreError: 16543:0:(obd_class.h:1622:obd_notify()) obd lustre-OST0000 has no notify handler
Mar 16 06:44:26 mft01 kernel: Lustre: 1628:0:(import.c:526:import_select_connection()) lustre-OST0000-osc-MDT0000: tried all connections, increasing latency to 21s
Mar 16 06:44:26 mft01 kernel: Lustre: 1628:0:(import.c:526:import_select_connection()) Skipped 1 previous similar message
Mar 16 06:44:26 mft01 kernel: Lustre: 2318:0:(filter.c:2710:filter_connect_internal()) lustre-OST0000: Received MDS connection for group 0
Mar 16 06:44:26 mft01 kernel: Lustre: lustre-OST0000: sending delayed replies to recovered clients
Mar 16 06:44:26 mft01 kernel: Lustre: lustre-OST0000: received MDS connection from 0@lo
Mar 16 06:44:26 mft01 kernel: Lustre: 2319:0:(filter.c:2566:filter_llog_connect()) lustre-OST0000: Recovery from log 0x1f/0x0:2889b42f
Mar 16 06:44:26 mft01 kernel: Lustre: MDS mdd_obd-lustre-MDT0000: lustre-OST0000_UUID now active, resetting orphans
Mar 16 06:44:30 mft01 kernel: Lustre: DEBUG MARKER: before: 325400 after: 325400
Mar 16 06:44:30 mft01 kernel: Lustre: DEBUG MARKER: == replay-ost-single replay-ost-single.sh test complete, duration 35 sec == 06:44:30 (1331873070)
Mar 16 06:44:34 mft01 auditd[1102]: Audit daemon rotating log files
