==> /var/log/messages <==
Mar 16 03:59:59 mft01 kernel: Lustre: DEBUG MARKER: only running test 1
Mar 16 03:59:59 mft01 kernel: Lustre: DEBUG MARKER: excepting tests: 15c
Mar 16 03:59:59 mft01 kernel: LustreError: 152-6: Ignoring deprecated mount option 'acl'.
Mar 16 03:59:59 mft01 kernel: Lustre: Client lustre-client has started
Mar 16 03:59:59 mft01 kernel: Lustre: Skipped 1 previous similar message
Mar 16 04:00:00 mft01 kernel: Lustre: DEBUG MARKER: Using TIMEOUT=20
Mar 16 04:00:00 mft01 kernel: Lustre: 6263:0:(quota_master.c:793:close_quota_files()) quota[0] is off already
Mar 16 04:00:00 mft01 kernel: Lustre: 6263:0:(quota_master.c:793:close_quota_files()) Skipped 1 previous similar message
Mar 16 04:00:00 mft01 kernel: LustreError: 8027:0:(quota_ctl.c:328:client_quota_ctl()) ptlrpc_queue_wait failed, rc: -114
Mar 16 04:00:10 mft01 kernel: Lustre: DEBUG MARKER: == replay-dual test 1: |X| simple create == 04:00:10 (1331863210)
Mar 16 04:00:11 mft01 kernel: LustreError: 8338:0:(osd_handler.c:938:osd_ro()) *** setting device osd-ldiskfs read-only ***
Mar 16 04:00:11 mft01 kernel: Turning device loop0 (0x700000) read-only
Mar 16 04:00:11 mft01 kernel: Lustre: DEBUG MARKER: mds1 REPLAY BARRIER on lustre-MDT0000
Mar 16 04:00:11 mft01 kernel: Lustre: DEBUG MARKER: local REPLAY BARRIER on lustre-MDT0000
Mar 16 04:00:11 mft01 kernel: Write to readonly device loop0 (0x700000) bi_flags: f000000000000001, bi_vcnt: 1, bi_idx: 0, bi->size: 4096, bi_cnt: 2, bi_private: ffff880078d94678
Mar 16 04:00:11 mft01 kernel: Write to readonly device loop0 (0x700000) bi_flags: f000000000000001, bi_vcnt: 1, bi_idx: 0, bi->size: 4096, bi_cnt: 2, bi_private: ffff880078d94200
Mar 16 04:00:11 mft01 kernel: Write to readonly device loop0 (0x700000) bi_flags: f000000000000001, bi_vcnt: 1, bi_idx: 0, bi->size: 4096, bi_cnt: 2, bi_private: ffff880078fd60c8
Mar 16 04:00:11 mft01 kernel: Write to readonly device loop0 (0x700000) bi_flags: f000000000000001, bi_vcnt: 1, bi_idx: 0, bi->size: 4096, bi_cnt: 2, bi_private: ffff880078fd6130
Mar 16 04:00:11 mft01 kernel: Write to readonly device loop0 (0x700000) bi_flags: f000000000000001, bi_vcnt: 1, bi_idx: 0, bi->size: 4096, bi_cnt: 2, bi_private: ffff880078fd6198
Mar 16 04:00:11 mft01 kernel: Write to readonly device loop0 (0x700000) bi_flags: f000000000000001, bi_vcnt: 1, bi_idx: 0, bi->size: 4096, bi_cnt: 2, bi_private: ffff880078fd6200
Mar 16 04:00:11 mft01 kernel: Write to readonly device loop0 (0x700000) bi_flags: f000000000000001, bi_vcnt: 1, bi_idx: 0, bi->size: 4096, bi_cnt: 2, bi_private: ffff880078fd6268
Mar 16 04:00:11 mft01 kernel: Write to readonly device loop0 (0x700000) bi_flags: f000000000000001, bi_vcnt: 1, bi_idx: 0, bi->size: 4096, bi_cnt: 2, bi_private: ffff880078fd62d0
Mar 16 04:00:11 mft01 kernel: Write to readonly device loop0 (0x700000) bi_flags: f000000000000001, bi_vcnt: 1, bi_idx: 0, bi->size: 4096, bi_cnt: 2, bi_private: ffff880078fd6338
Mar 16 04:00:11 mft01 kernel: Write to readonly device loop0 (0x700000) bi_flags: f000000000000001, bi_vcnt: 1, bi_idx: 0, bi->size: 4096, bi_cnt: 2, bi_private: ffff880078d94200
Mar 16 04:00:11 mft01 kernel: Write to readonly device loop0 (0x700000) bi_flags: f000000000000001, bi_vcnt: 1, bi_idx: 0, bi->size: 4096, bi_cnt: 2, bi_private: ffff880078ff7b58
Mar 16 04:00:11 mft01 kernel: Write to readonly device loop0 (0x700000) bi_flags: f000000000000001, bi_vcnt: 1, bi_idx: 0, bi->size: 4096, bi_cnt: 2, bi_private: ffff88007610c3a0
Mar 16 04:00:11 mft01 kernel: Write to readonly device loop0 (0x700000) bi_flags: f000000000000001, bi_vcnt: 1, bi_idx: 0, bi->size: 4096, bi_cnt: 2, bi_private: ffff880078d54e30
Mar 16 04:00:11 mft01 kernel: Write to readonly device loop0 (0x700000) bi_flags: f000000000000001, bi_vcnt: 1, bi_idx: 0, bi->size: 4096, bi_cnt: 2, bi_private: ffff880078ff7d60
Mar 16 04:00:11 mft01 kernel: Write to readonly device loop0 (0x700000) bi_flags: f000000000000001, bi_vcnt: 1, bi_idx: 0, bi->size: 4096, bi_cnt: 2, bi_private: ffff88007610c540
Mar 16 04:00:11 mft01 kernel: Write to readonly device loop0 (0x700000) bi_flags: f000000000000001, bi_vcnt: 1, bi_idx: 0, bi->size: 4096, bi_cnt: 2, bi_private: ffff88007610c408
Mar 16 04:00:11 mft01 kernel: Write to readonly device loop0 (0x700000) bi_flags: f000000000000001, bi_vcnt: 1, bi_idx: 0, bi->size: 4096, bi_cnt: 2, bi_private: ffff880078d54d60
Mar 16 04:00:11 mft01 kernel: Write to readonly device loop0 (0x700000) bi_flags: f000000000000001, bi_vcnt: 1, bi_idx: 0, bi->size: 4096, bi_cnt: 2, bi_private: ffff88007610c4d8
Mar 16 04:00:11 mft01 kernel: Lustre: Failing over lustre-MDT0000
Mar 16 04:00:11 mft01 kernel: Lustre: Skipped 4 previous similar messages
Mar 16 04:00:11 mft01 kernel: Write to readonly device loop0 (0x700000) bi_flags: f000000000000001, bi_vcnt: 1, bi_idx: 0, bi->size: 4096, bi_cnt: 2, bi_private: ffff880078d94880
Mar 16 04:00:11 mft01 kernel: Lustre: 8383:0:(quota_master.c:793:close_quota_files()) quota[0] is off already
Mar 16 04:00:11 mft01 kernel: Lustre: 8383:0:(quota_master.c:793:close_quota_files()) Skipped 1 previous similar message
Mar 16 04:00:11 mft01 kernel: Release to readonly device loop0 (0x700000): [inode 36] [block 17131] [count 3] [is_meta 1]
Mar 16 04:00:11 mft01 kernel: Release to readonly device loop0 (0x700000): [inode 34] [block 17128] [count 3] [is_meta 1]
Mar 16 04:00:11 mft01 kernel: Lustre: mdd_obd-lustre-MDT0000: shutting down for failover; client state will be preserved.
Mar 16 04:00:11 mft01 kernel: Write to readonly device loop0 (0x700000) bi_flags: f000000000000001, bi_vcnt: 1, bi_idx: 0, bi->size: 4096, bi_cnt: 2, bi_private: ffff880078d947b0
Mar 16 04:00:11 mft01 kernel: Write to readonly device loop0 (0x700000) bi_flags: f000000000000001, bi_vcnt: 1, bi_idx: 0, bi->size: 4096, bi_cnt: 2, bi_private: ffff880078fd60c8
Mar 16 04:00:11 mft01 kernel: Write to readonly device loop0 (0x700000) bi_flags: f000000000000001, bi_vcnt: 1, bi_idx: 0, bi->size: 4096, bi_cnt: 2, bi_private: ffff880078fd6130
Mar 16 04:00:11 mft01 kernel: Write to readonly device loop0 (0x700000) bi_flags: f000000000000001, bi_vcnt: 1, bi_idx: 0, bi->size: 4096, bi_cnt: 2, bi_private: ffff880078fd6198
Mar 16 04:00:11 mft01 kernel: Write to readonly device loop0 (0x700000) bi_flags: f000000000000001, bi_vcnt: 1, bi_idx: 0, bi->size: 4096, bi_cnt: 2, bi_private: ffff880078fd6200
Mar 16 04:00:11 mft01 kernel: Write to readonly device loop0 (0x700000) bi_flags: f000000000000001, bi_vcnt: 1, bi_idx: 0, bi->size: 4096, bi_cnt: 2, bi_private: ffff880078fd6268
Mar 16 04:00:11 mft01 kernel: Write to readonly device loop0 (0x700000) bi_flags: f000000000000001, bi_vcnt: 1, bi_idx: 0, bi->size: 4096, bi_cnt: 2, bi_private: ffff880078fd62d0
Mar 16 04:00:11 mft01 kernel: Write to readonly device loop0 (0x700000) bi_flags: f000000000000001, bi_vcnt: 1, bi_idx: 0, bi->size: 4096, bi_cnt: 2, bi_private: ffff880078fd6338
Mar 16 04:00:11 mft01 kernel: Write to readonly device loop0 (0x700000) bi_flags: f000000000000001, bi_vcnt: 1, bi_idx: 0, bi->size: 4096, bi_cnt: 2, bi_private: ffff880078fd63a0
Mar 16 04:00:11 mft01 kernel: Write to readonly device loop0 (0x700000) bi_flags: f000000000000001, bi_vcnt: 1, bi_idx: 0, bi->size: 4096, bi_cnt: 2, bi_private: ffff880078fd6408
Mar 16 04:00:11 mft01 kernel: Write to readonly device loop0 (0x700000) bi_flags: f000000000000001, bi_vcnt: 1, bi_idx: 0, bi->size: 4096, bi_cnt: 2, bi_private: ffff880078fd6470
Mar 16 04:00:11 mft01 kernel: Write to readonly device loop0 (0x700000) bi_flags: f000000000000001, bi_vcnt: 1, bi_idx: 0, bi->size: 4096, bi_cnt: 2, bi_private: ffff880078fd64d8
Mar 16 04:00:11 mft01 kernel: Write to readonly device loop0 (0x700000) bi_flags: f000000000000001, bi_vcnt: 1, bi_idx: 0, bi->size: 4096, bi_cnt: 2, bi_private: ffff880078fd60c8
Mar 16 04:00:11 mft01 kernel: Lustre: MGS has stopped.
Mar 16 04:00:14 mft01 kernel: Write to readonly device loop0 (0x700000) bi_flags: f000000000000001, bi_vcnt: 1, bi_idx: 0, bi->size: 4096, bi_cnt: 2, bi_private: ffff880078ff7af0
Mar 16 04:00:14 mft01 kernel: Write to readonly device loop0 (0x700000) bi_flags: f000000000000001, bi_vcnt: 1, bi_idx: 0, bi->size: 4096, bi_cnt: 2, bi_private: ffff880078ff7b58
Mar 16 04:00:14 mft01 kernel: Write to readonly device loop0 (0x700000) bi_flags: f000000000000001, bi_vcnt: 1, bi_idx: 0, bi->size: 4096, bi_cnt: 2, bi_private: ffff880078ff7818
Mar 16 04:00:14 mft01 kernel: Write to readonly device loop0 (0x700000) bi_flags: f000000000000001, bi_vcnt: 1, bi_idx: 0, bi->size: 4096, bi_cnt: 2, bi_private: ffff880078d54e30
Mar 16 04:00:14 mft01 kernel: Write to readonly device loop0 (0x700000) bi_flags: f000000000000001, bi_vcnt: 1, bi_idx: 0, bi->size: 4096, bi_cnt: 2, bi_private: ffff880078ff79b8
Mar 16 04:00:14 mft01 kernel: Write to readonly device loop0 (0x700000) bi_flags: f000000000000001, bi_vcnt: 1, bi_idx: 0, bi->size: 4096, bi_cnt: 2, bi_private: ffff880078ff7d60
Mar 16 04:00:14 mft01 kernel: Write to readonly device loop0 (0x700000) bi_flags: f000000000000001, bi_vcnt: 1, bi_idx: 0, bi->size: 4096, bi_cnt: 2, bi_private: ffff88007610c540
Mar 16 04:00:14 mft01 kernel: Write to readonly device loop0 (0x700000) bi_flags: f000000000000001, bi_vcnt: 1, bi_idx: 0, bi->size: 4096, bi_cnt: 2, bi_private: ffff880078d54f00
Mar 16 04:00:14 mft01 kernel: Write to readonly device loop0 (0x700000) bi_flags: f000000000000001, bi_vcnt: 1, bi_idx: 0, bi->size: 4096, bi_cnt: 2, bi_private: ffff88007610c338
Mar 16 04:00:14 mft01 kernel: Write to readonly device loop0 (0x700000) bi_flags: f000000000000001, bi_vcnt: 1, bi_idx: 0, bi->size: 4096, bi_cnt: 2, bi_private: ffff88007600c470
Mar 16 04:00:14 mft01 kernel: Write to readonly device loop0 (0x700000) bi_flags: f000000000000001, bi_vcnt: 1, bi_idx: 0, bi->size: 4096, bi_cnt: 2, bi_private: ffff880078dd6dc8
Mar 16 04:00:14 mft01 kernel: Write to readonly device loop0 (0x700000) bi_flags: f000000000000001, bi_vcnt: 1, bi_idx: 0, bi->size: 4096, bi_cnt: 2, bi_private: ffff880078ff7af0
Mar 16 04:00:14 mft01 kernel: Write to readonly device loop0 (0x700000) bi_flags: f000000000000001, bi_vcnt: 1, bi_idx: 0, bi->size: 4096, bi_cnt: 2, bi_private: ffff88007610cf68
Mar 16 04:00:14 mft01 kernel: Write to readonly device loop0 (0x700000) bi_flags: f000000000000001, bi_vcnt: 1, bi_idx: 0, bi->size: 4096, bi_cnt: 2, bi_private: ffff88007610cf68
Mar 16 04:00:14 mft01 kernel: Write to readonly device loop0 (0x700000) bi_flags: f000000000000001, bi_vcnt: 1, bi_idx: 0, bi->size: 4096, bi_cnt: 2, bi_private: ffff88007610cf68
Mar 16 04:00:14 mft01 kernel: Write to readonly device loop0 (0x700000) bi_flags: f000000000000001, bi_vcnt: 1, bi_idx: 0, bi->size: 4096, bi_cnt: 2, bi_private: ffff880078ff7af0
Mar 16 04:00:14 mft01 kernel: Removing read-only on unknown block (0x700000)
Mar 16 04:00:14 mft01 kernel: Lustre: server umount lustre-MDT0000 complete
Mar 16 04:00:24 mft01 kernel: LDISKFS-fs warning (device loop0): ldiskfs_fill_super: extents feature not enabled on this filesystem, use tune2fs.
Mar 16 04:00:24 mft01 kernel: LDISKFS-fs (loop0): recovery complete
Mar 16 04:00:24 mft01 kernel: LDISKFS-fs (loop0): mounted filesystem with ordered data mode
Mar 16 04:00:25 mft01 kernel: LDISKFS-fs warning (device loop0): ldiskfs_fill_super: extents feature not enabled on this filesystem, use tune2fs.
Mar 16 04:00:25 mft01 kernel: LDISKFS-fs (loop0): mounted filesystem with ordered data mode
Mar 16 04:00:25 mft01 kernel: Lustre: MGS MGS started
Mar 16 04:00:25 mft01 kernel: LustreError: 166-1: MGC10.3.0.187@tcp: Connection to service MGS via nid 0@lo was lost; in progress operations using this service will fail.
Mar 16 04:00:25 mft01 kernel: Lustre: MGC10.3.0.187@tcp: Reactivating import
Mar 16 04:00:25 mft01 kernel: Lustre: Skipped 1 previous similar message
Mar 16 04:00:25 mft01 kernel: Lustre: Enabling ACL
Mar 16 04:00:25 mft01 kernel: Lustre: Enabling user_xattr
Mar 16 04:00:25 mft01 kernel: Lustre: lustre-MDT0000: used disk, loading
Mar 16 04:00:25 mft01 kernel: Lustre: 8500:0:(ldlm_lib.c:1900:target_recovery_init()) RECOVERY: service lustre-MDT0000, 2 recoverable clients, last_transno 12884901892
Mar 16 04:00:25 mft01 kernel: LustreError: 8504:0:(ldlm_lib.c:1737:target_recovery_thread()) lustre-MDT0000: started recovery thread pid 8504
Mar 16 04:00:25 mft01 kernel: Lustre: 8500:0:(mdt_lproc.c:259:lprocfs_wr_identity_upcall()) lustre-MDT0000: identity upcall set to /usr/sbin/l_getidentity
Mar 16 04:00:25 mft01 kernel: Lustre: 8500:0:(mds_lov.c:1004:mds_notify()) MDS mdd_obd-lustre-MDT0000: add target lustre-OST0000_UUID
Mar 16 04:00:25 mft01 kernel: Lustre: 8500:0:(mds_lov.c:1004:mds_notify()) Skipped 1 previous similar message
Mar 16 04:00:25 mft01 kernel: Lustre: 2302:0:(ldlm_lib.c:802:target_handle_connect()) lustre-OST0000: received new MDS connection from NID 0@lo, removing former export from same NID
Mar 16 04:00:25 mft01 kernel: Lustre: 2302:0:(filter.c:2710:filter_connect_internal()) lustre-OST0000: Received MDS connection for group 0
Mar 16 04:00:25 mft01 kernel: Lustre: 2302:0:(filter.c:2710:filter_connect_internal()) Skipped 1 previous similar message
Mar 16 04:00:25 mft01 kernel: Lustre: 1629:0:(mds_lov.c:1024:mds_notify()) MDS mdd_obd-lustre-MDT0000: in recovery, not resetting orphans on lustre-OST0000_UUID
Mar 16 04:00:25 mft01 kernel: Lustre: 1629:0:(mds_lov.c:1024:mds_notify()) Skipped 1 previous similar message
Mar 16 04:00:27 mft01 kernel: LustreError: 8506:0:(mdt_handler.c:2785:mdt_recovery()) operation 41 on unconnected MDS from 12345-0@lo
Mar 16 04:00:27 mft01 kernel: LustreError: 8506:0:(ldlm_lib.c:2125:target_send_reply_msg()) @@@ processing error (-107)  req@ffff880079ffe800 x1396559449162724/t0(0) o41-><?>@<?>:0/0 lens 192/0 e 0 to 0 dl 1331863258 ref 1 fl Interpret:/0/ffffffff rc -107/-1
Mar 16 04:00:27 mft01 kernel: LustreError: 8506:0:(ldlm_lib.c:2125:target_send_reply_msg()) Skipped 6 previous similar messages
Mar 16 04:00:27 mft01 kernel: LustreError: 11-0: an error occurred while communicating with 0@lo. The mds_statfs operation failed with -107
Mar 16 04:00:27 mft01 kernel: LustreError: Skipped 6 previous similar messages
Mar 16 04:00:27 mft01 kernel: Lustre: lustre-MDT0000-mdc-ffff88007710b400: Connection to service lustre-MDT0000 via nid 0@lo was lost; in progress operations using this service will wait for recovery to complete.
Mar 16 04:00:27 mft01 kernel: Lustre: 8508:0:(ldlm_lib.c:2026:target_queue_recovery_request()) Next recovery transno: 12884901893, current: 12884901893, replaying
Mar 16 04:00:30 mft01 kernel: LustreError: 8506:0:(mdt_handler.c:2785:mdt_recovery()) operation 400 on unconnected MDS from 12345-0@lo
Mar 16 04:00:30 mft01 kernel: Lustre: lustre-MDT0000-mdc-ffff88007ba25800: Connection to service lustre-MDT0000 via nid 0@lo was lost; in progress operations using this service will wait for recovery to complete.
Mar 16 04:00:30 mft01 kernel: LustreError: 1629:0:(client.c:2585:ptlrpc_replay_interpret()) @@@ status -116, old was 0  req@ffff88007ba25000 x1396559449162684/t12884901893(12884901893) o35->lustre-MDT0000-mdc-ffff88007710b400@0@lo:23/10 lens 360/424 e 1 to 0 dl 1331863261 ref 2 fl Interpret:R/4/0 rc -116/-116
Mar 16 04:00:30 mft01 kernel: Lustre: 8506:0:(ldlm_lib.c:2026:target_queue_recovery_request()) Next recovery transno: 12884901894, current: 12884901894, replaying
Mar 16 04:00:30 mft01 kernel: LustreError: 8504:0:(mds_lov.c:349:mds_lov_update_objids()) Unexpected gap in objids
Mar 16 04:00:30 mft01 kernel: Lustre: lustre-MDT0000-mdc-ffff88007710b400: Connection restored to service lustre-MDT0000 using nid 0@lo.
Mar 16 04:00:30 mft01 kernel: Lustre: lustre-MDT0000: sending delayed replies to recovered clients
Mar 16 04:00:30 mft01 kernel: Lustre: lustre-OST0001: received MDS connection from 0@lo
Mar 16 04:00:30 mft01 kernel: Lustre: Skipped 1 previous similar message
Mar 16 04:00:30 mft01 kernel: Lustre: 2302:0:(lustre_log.h:471:llog_group_set_export()) lustre-OST0001: export for group 0 is changed: 0xffff880077ddfc00 -> 0xffff880077b9a800
Mar 16 04:00:30 mft01 kernel: Lustre: 2302:0:(lustre_log.h:471:llog_group_set_export()) Skipped 3 previous similar messages
Mar 16 04:00:30 mft01 kernel: Lustre: 2302:0:(llog_net.c:168:llog_receptor_accept()) changing the import ffff880079e43000 - ffff8800781c7800
Mar 16 04:00:30 mft01 kernel: Lustre: 2302:0:(llog_net.c:168:llog_receptor_accept()) Skipped 3 previous similar messages
Mar 16 04:00:30 mft01 kernel: Lustre: 2303:0:(filter.c:2566:filter_llog_connect()) lustre-OST0000: Recovery from log 0x1f/0x0:be68561c
Mar 16 04:00:30 mft01 kernel: Lustre: MDS mdd_obd-lustre-MDT0000: lustre-OST0000_UUID now active, resetting orphans
Mar 16 04:00:30 mft01 kernel: Lustre: Skipped 1 previous similar message
Mar 16 04:00:30 mft01 kernel: Lustre: DEBUG MARKER: == replay-dual replay-dual.sh test complete, duration 31 sec == 04:00:30 (1331863230)
Mar 16 04:00:30 mft01 kernel: LustreError: 8796:0:(ldlm_request.c:1172:ldlm_cli_cancel_req()) Got rc -108 from cancel RPC: canceling anyway
Mar 16 04:00:30 mft01 kernel: LustreError: 8796:0:(ldlm_request.c:1799:ldlm_cli_cancel_list()) ldlm_cli_cancel_list: -108
Mar 16 04:00:30 mft01 kernel: Lustre: client ffff88007ba25800 umount complete
