==> /var/log/messages <==
Mar 16 04:07:27 mft01 kernel: Lustre: DEBUG MARKER: only running test 10
Mar 16 04:07:27 mft01 kernel: Lustre: DEBUG MARKER: excepting tests: 15c
Mar 16 04:07:28 mft01 kernel: Lustre: DEBUG MARKER: Using TIMEOUT=20
Mar 16 04:07:38 mft01 kernel: Lustre: DEBUG MARKER: == replay-dual test 10: resending a replayed unlink == 04:07:38 (1331863658)
Mar 16 04:07:39 mft01 kernel: Turning device loop0 (0x700000) read-only
Mar 16 04:07:39 mft01 kernel: Lustre: DEBUG MARKER: mds1 REPLAY BARRIER on lustre-MDT0000
Mar 16 04:07:39 mft01 kernel: Lustre: DEBUG MARKER: local REPLAY BARRIER on lustre-MDT0000
Mar 16 04:07:39 mft01 kernel: Write to readonly device loop0 (0x700000) bi_flags: f000000000000001, bi_vcnt: 1, bi_idx: 0, bi->size: 4096, bi_cnt: 2, bi_private: ffff8800761e1880
Mar 16 04:07:39 mft01 kernel: Write to readonly device loop0 (0x700000) bi_flags: f000000000000001, bi_vcnt: 1, bi_idx: 0, bi->size: 4096, bi_cnt: 2, bi_private: ffff8800761e18e8
Mar 16 04:07:39 mft01 kernel: Write to readonly device loop0 (0x700000) bi_flags: f000000000000001, bi_vcnt: 1, bi_idx: 0, bi->size: 4096, bi_cnt: 2, bi_private: ffff8800761e1950
Mar 16 04:07:39 mft01 kernel: Write to readonly device loop0 (0x700000) bi_flags: f000000000000001, bi_vcnt: 1, bi_idx: 0, bi->size: 4096, bi_cnt: 2, bi_private: ffff8800761e19b8
Mar 16 04:07:39 mft01 kernel: Write to readonly device loop0 (0x700000) bi_flags: f000000000000001, bi_vcnt: 1, bi_idx: 0, bi->size: 4096, bi_cnt: 2, bi_private: ffff8800761e1a20
Mar 16 04:07:39 mft01 kernel: Write to readonly device loop0 (0x700000) bi_flags: f000000000000001, bi_vcnt: 1, bi_idx: 0, bi->size: 4096, bi_cnt: 2, bi_private: ffff8800761e1a88
Mar 16 04:07:39 mft01 kernel: Write to readonly device loop0 (0x700000) bi_flags: f000000000000001, bi_vcnt: 1, bi_idx: 0, bi->size: 4096, bi_cnt: 2, bi_private: ffff8800761e1af0
Mar 16 04:07:39 mft01 kernel: Write to readonly device loop0 (0x700000) bi_flags: f000000000000001, bi_vcnt: 1, bi_idx: 0, bi->size: 4096, bi_cnt: 2, bi_private: ffff8800761e1b58
Mar 16 04:07:39 mft01 kernel: Write to readonly device loop0 (0x700000) bi_flags: f000000000000001, bi_vcnt: 1, bi_idx: 0, bi->size: 4096, bi_cnt: 2, bi_private: ffff8800761cdf68
Mar 16 04:07:39 mft01 kernel: Write to readonly device loop0 (0x700000) bi_flags: f000000000000001, bi_vcnt: 1, bi_idx: 0, bi->size: 4096, bi_cnt: 2, bi_private: ffff8800761cde30
Mar 16 04:07:39 mft01 kernel: Write to readonly device loop0 (0x700000) bi_flags: f000000000000001, bi_vcnt: 1, bi_idx: 0, bi->size: 4096, bi_cnt: 2, bi_private: ffff8800761e18e8
Mar 16 04:07:39 mft01 kernel: Write to readonly device loop0 (0x700000) bi_flags: f000000000000001, bi_vcnt: 1, bi_idx: 0, bi->size: 4096, bi_cnt: 2, bi_private: ffff8800761d7a20
Mar 16 04:07:39 mft01 kernel: Write to readonly device loop0 (0x700000) bi_flags: f000000000000001, bi_vcnt: 1, bi_idx: 0, bi->size: 4096, bi_cnt: 2, bi_private: ffff880078fcbc28
Mar 16 04:07:39 mft01 kernel: Write to readonly device loop0 (0x700000) bi_flags: f000000000000001, bi_vcnt: 1, bi_idx: 0, bi->size: 4096, bi_cnt: 2, bi_private: ffff8800761e1950
Mar 16 04:07:39 mft01 kernel: Write to readonly device loop0 (0x700000) bi_flags: f000000000000001, bi_vcnt: 1, bi_idx: 0, bi->size: 4096, bi_cnt: 2, bi_private: ffff8800761e19b8
Mar 16 04:07:39 mft01 kernel: Write to readonly device loop0 (0x700000) bi_flags: f000000000000001, bi_vcnt: 1, bi_idx: 0, bi->size: 4096, bi_cnt: 2, bi_private: ffff8800761e1a20
Mar 16 04:07:39 mft01 kernel: Write to readonly device loop0 (0x700000) bi_flags: f000000000000001, bi_vcnt: 1, bi_idx: 0, bi->size: 4096, bi_cnt: 2, bi_private: ffff8800761e1a88
Mar 16 04:07:39 mft01 kernel: Write to readonly device loop0 (0x700000) bi_flags: f000000000000001, bi_vcnt: 1, bi_idx: 0, bi->size: 4096, bi_cnt: 2, bi_private: ffff8800761e1af0
Mar 16 04:07:39 mft01 kernel: Write to readonly device loop0 (0x700000) bi_flags: f000000000000001, bi_vcnt: 1, bi_idx: 0, bi->size: 4096, bi_cnt: 2, bi_private: ffff8800761e1b58
Mar 16 04:07:39 mft01 kernel: Write to readonly device loop0 (0x700000) bi_flags: f000000000000001, bi_vcnt: 1, bi_idx: 0, bi->size: 4096, bi_cnt: 2, bi_private: ffff8800761cdf68
Mar 16 04:07:39 mft01 kernel: Write to readonly device loop0 (0x700000) bi_flags: f000000000000001, bi_vcnt: 1, bi_idx: 0, bi->size: 4096, bi_cnt: 2, bi_private: ffff8800761cde30
Mar 16 04:07:39 mft01 kernel: Write to readonly device loop0 (0x700000) bi_flags: f000000000000001, bi_vcnt: 1, bi_idx: 0, bi->size: 4096, bi_cnt: 2, bi_private: ffff8800761e19b8
Mar 16 04:07:39 mft01 kernel: Write to readonly device loop0 (0x700000) bi_flags: f000000000000001, bi_vcnt: 1, bi_idx: 0, bi->size: 4096, bi_cnt: 2, bi_private: ffff880078d7a8e8
Mar 16 04:07:39 mft01 kernel: Write to readonly device loop0 (0x700000) bi_flags: f000000000000001, bi_vcnt: 1, bi_idx: 0, bi->size: 4096, bi_cnt: 2, bi_private: ffff8800761b6f00
Mar 16 04:07:39 mft01 kernel: Write to readonly device loop0 (0x700000) bi_flags: f000000000000001, bi_vcnt: 1, bi_idx: 0, bi->size: 4096, bi_cnt: 2, bi_private: ffff880078fbaa20
Mar 16 04:07:39 mft01 kernel: Write to readonly device loop0 (0x700000) bi_flags: f000000000000001, bi_vcnt: 1, bi_idx: 0, bi->size: 4096, bi_cnt: 2, bi_private: ffff8800761d7a88
Mar 16 04:07:39 mft01 kernel: Write to readonly device loop0 (0x700000) bi_flags: f000000000000001, bi_vcnt: 1, bi_idx: 0, bi->size: 4096, bi_cnt: 2, bi_private: ffff8800761b6d60
Mar 16 04:07:39 mft01 kernel: Write to readonly device loop0 (0x700000) bi_flags: f000000000000001, bi_vcnt: 1, bi_idx: 0, bi->size: 4096, bi_cnt: 2, bi_private: ffff8800761b6a20
Mar 16 04:07:39 mft01 kernel: Write to readonly device loop0 (0x700000) bi_flags: f000000000000001, bi_vcnt: 1, bi_idx: 0, bi->size: 4096, bi_cnt: 2, bi_private: ffff880078fba950
Mar 16 04:07:40 mft01 kernel: Lustre: Failing over lustre-MDT0000
Mar 16 04:07:40 mft01 kernel: Lustre: Skipped 9 previous similar messages
Mar 16 04:07:40 mft01 kernel: Write to readonly device loop0 (0x700000) bi_flags: f000000000000001, bi_vcnt: 1, bi_idx: 0, bi->size: 4096, bi_cnt: 2, bi_private: ffff8800761cdbc0
Mar 16 04:07:40 mft01 kernel: Release to readonly device loop0 (0x700000): [inode 33] [block 17128] [count 3] [is_meta 1]
Mar 16 04:07:40 mft01 kernel: Release to readonly device loop0 (0x700000): [inode 36] [block 17131] [count 3] [is_meta 1]
Mar 16 04:07:40 mft01 kernel: Lustre: mdd_obd-lustre-MDT0000: shutting down for failover; client state will be preserved.
Mar 16 04:07:40 mft01 kernel: Lustre: Skipped 1 previous similar message
Mar 16 04:07:40 mft01 kernel: Release to readonly device loop0 (0x700000): [inode 34] [block 30440] [count 3] [is_meta 1]
Mar 16 04:07:40 mft01 kernel: Write to readonly device loop0 (0x700000) bi_flags: f000000000000001, bi_vcnt: 1, bi_idx: 0, bi->size: 4096, bi_cnt: 2, bi_private: ffff8800761cdaf0
Mar 16 04:07:40 mft01 kernel: Write to readonly device loop0 (0x700000) bi_flags: f000000000000001, bi_vcnt: 1, bi_idx: 0, bi->size: 4096, bi_cnt: 2, bi_private: ffff8800761cda88
Mar 16 04:07:40 mft01 kernel: Write to readonly device loop0 (0x700000) bi_flags: f000000000000001, bi_vcnt: 1, bi_idx: 0, bi->size: 4096, bi_cnt: 2, bi_private: ffff8800761cda20
Mar 16 04:07:40 mft01 kernel: Write to readonly device loop0 (0x700000) bi_flags: f000000000000001, bi_vcnt: 1, bi_idx: 0, bi->size: 4096, bi_cnt: 2, bi_private: ffff8800761cd9b8
Mar 16 04:07:40 mft01 kernel: Write to readonly device loop0 (0x700000) bi_flags: f000000000000001, bi_vcnt: 1, bi_idx: 0, bi->size: 4096, bi_cnt: 2, bi_private: ffff8800761cd950
Mar 16 04:07:40 mft01 kernel: Write to readonly device loop0 (0x700000) bi_flags: f000000000000001, bi_vcnt: 1, bi_idx: 0, bi->size: 4096, bi_cnt: 2, bi_private: ffff8800761cd8e8
Mar 16 04:07:40 mft01 kernel: Write to readonly device loop0 (0x700000) bi_flags: f000000000000001, bi_vcnt: 1, bi_idx: 0, bi->size: 4096, bi_cnt: 2, bi_private: ffff8800761cd880
Mar 16 04:07:40 mft01 kernel: Write to readonly device loop0 (0x700000) bi_flags: f000000000000001, bi_vcnt: 1, bi_idx: 0, bi->size: 4096, bi_cnt: 2, bi_private: ffff8800761cd818
Mar 16 04:07:40 mft01 kernel: Write to readonly device loop0 (0x700000) bi_flags: f000000000000001, bi_vcnt: 1, bi_idx: 0, bi->size: 4096, bi_cnt: 2, bi_private: ffff8800761cd7b0
Mar 16 04:07:40 mft01 kernel: Write to readonly device loop0 (0x700000) bi_flags: f000000000000001, bi_vcnt: 1, bi_idx: 0, bi->size: 4096, bi_cnt: 2, bi_private: ffff8800761cd748
Mar 16 04:07:40 mft01 kernel: Write to readonly device loop0 (0x700000) bi_flags: f000000000000001, bi_vcnt: 1, bi_idx: 0, bi->size: 4096, bi_cnt: 2, bi_private: ffff8800761cd6e0
Mar 16 04:07:40 mft01 kernel: Write to readonly device loop0 (0x700000) bi_flags: f000000000000001, bi_vcnt: 1, bi_idx: 0, bi->size: 4096, bi_cnt: 2, bi_private: ffff8800761cd678
Mar 16 04:07:40 mft01 kernel: Release to readonly device loop0 (0x700000): [inode 37] [block 30443] [count 3] [is_meta 1]
Mar 16 04:07:40 mft01 kernel: Write to readonly device loop0 (0x700000) bi_flags: f000000000000001, bi_vcnt: 1, bi_idx: 0, bi->size: 4096, bi_cnt: 2, bi_private: ffff8800761cda88
Mar 16 04:07:40 mft01 kernel: Lustre: MGS has stopped.
Mar 16 04:07:40 mft01 kernel: Lustre: Skipped 1 previous similar message
Mar 16 04:07:43 mft01 kernel: Write to readonly device loop0 (0x700000) bi_flags: f000000000000001, bi_vcnt: 1, bi_idx: 0, bi->size: 4096, bi_cnt: 2, bi_private: ffff88007616b130
Mar 16 04:07:43 mft01 kernel: Write to readonly device loop0 (0x700000) bi_flags: f000000000000001, bi_vcnt: 1, bi_idx: 0, bi->size: 4096, bi_cnt: 2, bi_private: ffff8800761cd8e8
Mar 16 04:07:43 mft01 kernel: Write to readonly device loop0 (0x700000) bi_flags: f000000000000001, bi_vcnt: 1, bi_idx: 0, bi->size: 4096, bi_cnt: 2, bi_private: ffff8800761cd880
Mar 16 04:07:43 mft01 kernel: Write to readonly device loop0 (0x700000) bi_flags: f000000000000001, bi_vcnt: 1, bi_idx: 0, bi->size: 4096, bi_cnt: 2, bi_private: ffff8800761b6d60
Mar 16 04:07:43 mft01 kernel: Write to readonly device loop0 (0x700000) bi_flags: f000000000000001, bi_vcnt: 1, bi_idx: 0, bi->size: 4096, bi_cnt: 2, bi_private: ffff8800761cd818
Mar 16 04:07:43 mft01 kernel: Write to readonly device loop0 (0x700000) bi_flags: f000000000000001, bi_vcnt: 1, bi_idx: 0, bi->size: 4096, bi_cnt: 2, bi_private: ffff880076143198
Mar 16 04:07:43 mft01 kernel: Write to readonly device loop0 (0x700000) bi_flags: f000000000000001, bi_vcnt: 1, bi_idx: 0, bi->size: 4096, bi_cnt: 2, bi_private: ffff8800761cd7b0
Mar 16 04:07:43 mft01 kernel: Write to readonly device loop0 (0x700000) bi_flags: f000000000000001, bi_vcnt: 1, bi_idx: 0, bi->size: 4096, bi_cnt: 2, bi_private: ffff880076143130
Mar 16 04:07:43 mft01 kernel: Write to readonly device loop0 (0x700000) bi_flags: f000000000000001, bi_vcnt: 1, bi_idx: 0, bi->size: 4096, bi_cnt: 2, bi_private: ffff8800761cd748
Mar 16 04:07:43 mft01 kernel: Write to readonly device loop0 (0x700000) bi_flags: f000000000000001, bi_vcnt: 1, bi_idx: 0, bi->size: 4096, bi_cnt: 2, bi_private: ffff88007616b540
Mar 16 04:07:43 mft01 kernel: Write to readonly device loop0 (0x700000) bi_flags: f000000000000001, bi_vcnt: 1, bi_idx: 0, bi->size: 4096, bi_cnt: 2, bi_private: ffff8800761cd6e0
Mar 16 04:07:43 mft01 kernel: Write to readonly device loop0 (0x700000) bi_flags: f000000000000001, bi_vcnt: 1, bi_idx: 0, bi->size: 4096, bi_cnt: 2, bi_private: ffff88007619acf8
Mar 16 04:07:43 mft01 kernel: Write to readonly device loop0 (0x700000) bi_flags: f000000000000001, bi_vcnt: 1, bi_idx: 0, bi->size: 4096, bi_cnt: 2, bi_private: ffff8800761cd880
Mar 16 04:07:43 mft01 kernel: Write to readonly device loop0 (0x700000) bi_flags: f000000000000001, bi_vcnt: 1, bi_idx: 0, bi->size: 4096, bi_cnt: 2, bi_private: ffff880078d7ae30
Mar 16 04:07:43 mft01 kernel: Write to readonly device loop0 (0x700000) bi_flags: f000000000000001, bi_vcnt: 1, bi_idx: 0, bi->size: 4096, bi_cnt: 2, bi_private: ffff880078d7a8e8
Mar 16 04:07:43 mft01 kernel: Write to readonly device loop0 (0x700000) bi_flags: f000000000000001, bi_vcnt: 1, bi_idx: 0, bi->size: 4096, bi_cnt: 2, bi_private: ffff880078fc6e30
Mar 16 04:07:43 mft01 kernel: Write to readonly device loop0 (0x700000) bi_flags: f000000000000001, bi_vcnt: 1, bi_idx: 0, bi->size: 4096, bi_cnt: 2, bi_private: ffff880078fbaa20
Mar 16 04:07:43 mft01 kernel: Write to readonly device loop0 (0x700000) bi_flags: f000000000000001, bi_vcnt: 1, bi_idx: 0, bi->size: 4096, bi_cnt: 2, bi_private: ffff8800761d7a88
Mar 16 04:07:43 mft01 kernel: Write to readonly device loop0 (0x700000) bi_flags: f000000000000001, bi_vcnt: 1, bi_idx: 0, bi->size: 4096, bi_cnt: 2, bi_private: ffff880078d7ae30
Mar 16 04:07:43 mft01 kernel: Write to readonly device loop0 (0x700000) bi_flags: f000000000000001, bi_vcnt: 1, bi_idx: 0, bi->size: 4096, bi_cnt: 2, bi_private: ffff8800761d77b0
Mar 16 04:07:43 mft01 kernel: Write to readonly device loop0 (0x700000) bi_flags: f000000000000001, bi_vcnt: 1, bi_idx: 0, bi->size: 4096, bi_cnt: 2, bi_private: ffff8800761d77b0
Mar 16 04:07:43 mft01 kernel: Write to readonly device loop0 (0x700000) bi_flags: f000000000000001, bi_vcnt: 1, bi_idx: 0, bi->size: 4096, bi_cnt: 2, bi_private: ffff8800761d77b0
Mar 16 04:07:43 mft01 kernel: Write to readonly device loop0 (0x700000) bi_flags: f000000000000001, bi_vcnt: 1, bi_idx: 0, bi->size: 4096, bi_cnt: 2, bi_private: ffff8800761d77b0
Mar 16 04:07:43 mft01 kernel: Write to readonly device loop0 (0x700000) bi_flags: f000000000000001, bi_vcnt: 1, bi_idx: 0, bi->size: 4096, bi_cnt: 2, bi_private: ffff880078d7ae30
Mar 16 04:07:43 mft01 kernel: Removing read-only on unknown block (0x700000)
Mar 16 04:07:43 mft01 kernel: Lustre: server umount lustre-MDT0000 complete
Mar 16 04:07:43 mft01 kernel: Lustre: Skipped 1 previous similar message
Mar 16 04:07:53 mft01 kernel: LDISKFS-fs warning (device loop0): ldiskfs_fill_super: extents feature not enabled on this filesystem, use tune2fs.
Mar 16 04:07:53 mft01 kernel: LDISKFS-fs (loop0): warning: maximal mount count reached, running e2fsck is recommended
Mar 16 04:07:53 mft01 kernel: LDISKFS-fs (loop0): 2 orphan inodes deleted
Mar 16 04:07:53 mft01 kernel: LDISKFS-fs (loop0): recovery complete
Mar 16 04:07:53 mft01 kernel: LDISKFS-fs (loop0): mounted filesystem with ordered data mode
Mar 16 04:07:53 mft01 kernel: LDISKFS-fs warning (device loop0): ldiskfs_fill_super: extents feature not enabled on this filesystem, use tune2fs.
Mar 16 04:07:53 mft01 kernel: LDISKFS-fs (loop0): warning: maximal mount count reached, running e2fsck is recommended
Mar 16 04:07:53 mft01 kernel: LDISKFS-fs (loop0): mounted filesystem with ordered data mode
Mar 16 04:07:53 mft01 kernel: Lustre: MGS MGS started
Mar 16 04:07:53 mft01 kernel: Lustre: Skipped 1 previous similar message
Mar 16 04:07:53 mft01 kernel: LustreError: 166-1: MGC10.3.0.187@tcp: Connection to service MGS via nid 0@lo was lost; in progress operations using this service will fail.
Mar 16 04:07:53 mft01 kernel: LustreError: Skipped 1 previous similar message
Mar 16 04:07:53 mft01 kernel: Lustre: MGC10.3.0.187@tcp: Reactivating import
Mar 16 04:07:53 mft01 kernel: Lustre: Skipped 3 previous similar messages
Mar 16 04:07:53 mft01 kernel: Lustre: Enabling ACL
Mar 16 04:07:53 mft01 kernel: Lustre: Skipped 1 previous similar message
Mar 16 04:07:53 mft01 kernel: Lustre: Enabling user_xattr
Mar 16 04:07:53 mft01 kernel: Lustre: Skipped 1 previous similar message
Mar 16 04:07:53 mft01 kernel: Lustre: lustre-MDT0000: used disk, loading
Mar 16 04:07:53 mft01 kernel: Lustre: Skipped 1 previous similar message
Mar 16 04:07:53 mft01 kernel: Lustre: 24176:0:(ldlm_lib.c:1900:target_recovery_init()) RECOVERY: service lustre-MDT0000, 2 recoverable clients, last_transno 47244640259
Mar 16 04:07:53 mft01 kernel: Lustre: 24176:0:(ldlm_lib.c:1900:target_recovery_init()) Skipped 1 previous similar message
Mar 16 04:07:53 mft01 kernel: LustreError: 24180:0:(ldlm_lib.c:1737:target_recovery_thread()) lustre-MDT0000: started recovery thread pid 24180
Mar 16 04:07:53 mft01 kernel: LustreError: 24180:0:(ldlm_lib.c:1737:target_recovery_thread()) Skipped 1 previous similar message
Mar 16 04:07:53 mft01 kernel: Lustre: 24176:0:(mdt_lproc.c:259:lprocfs_wr_identity_upcall()) lustre-MDT0000: identity upcall set to /usr/sbin/l_getidentity
Mar 16 04:07:53 mft01 kernel: Lustre: 24176:0:(mdt_lproc.c:259:lprocfs_wr_identity_upcall()) Skipped 1 previous similar message
Mar 16 04:07:53 mft01 kernel: Lustre: 24176:0:(mds_lov.c:1004:mds_notify()) MDS mdd_obd-lustre-MDT0000: add target lustre-OST0000_UUID
Mar 16 04:07:53 mft01 kernel: Lustre: 24176:0:(mds_lov.c:1004:mds_notify()) Skipped 3 previous similar messages
Mar 16 04:07:53 mft01 kernel: Lustre: 2303:0:(ldlm_lib.c:802:target_handle_connect()) lustre-OST0000: received new MDS connection from NID 0@lo, removing former export from same NID
Mar 16 04:07:53 mft01 kernel: Lustre: 2303:0:(ldlm_lib.c:802:target_handle_connect()) Skipped 3 previous similar messages
Mar 16 04:07:53 mft01 kernel: Lustre: 2303:0:(filter.c:2710:filter_connect_internal()) lustre-OST0000: Received MDS connection for group 0
Mar 16 04:07:53 mft01 kernel: Lustre: 2303:0:(filter.c:2710:filter_connect_internal()) Skipped 3 previous similar messages
Mar 16 04:07:54 mft01 kernel: LustreError: 24182:0:(mdt_handler.c:2785:mdt_recovery()) operation 41 on unconnected MDS from 12345-0@lo
Mar 16 04:07:54 mft01 kernel: LustreError: 24182:0:(mdt_handler.c:2785:mdt_recovery()) Skipped 3 previous similar messages
Mar 16 04:07:54 mft01 kernel: LustreError: 24182:0:(ldlm_lib.c:2125:target_send_reply_msg()) @@@ processing error (-107)  req@ffff88007bd97400 x1396559449164133/t0(0) o41-><?>@<?>:0/0 lens 192/0 e 0 to 0 dl 1331863706 ref 1 fl Interpret:/0/ffffffff rc -107/-1
Mar 16 04:07:54 mft01 kernel: LustreError: 24182:0:(ldlm_lib.c:2125:target_send_reply_msg()) Skipped 9 previous similar messages
Mar 16 04:07:54 mft01 kernel: LustreError: 11-0: an error occurred while communicating with 0@lo. The mds_statfs operation failed with -107
Mar 16 04:07:54 mft01 kernel: LustreError: Skipped 9 previous similar messages
Mar 16 04:07:54 mft01 kernel: Lustre: lustre-MDT0000-mdc-ffff88007710b400: Connection to service lustre-MDT0000 via nid 0@lo was lost; in progress operations using this service will wait for recovery to complete.
Mar 16 04:07:54 mft01 kernel: Lustre: Skipped 4 previous similar messages
Mar 16 04:07:54 mft01 kernel: Lustre: 24182:0:(ldlm_lib.c:2026:target_queue_recovery_request()) Next recovery transno: 47244640260, current: 47244640260, replaying
Mar 16 04:07:54 mft01 kernel: Lustre: 24182:0:(ldlm_lib.c:2026:target_queue_recovery_request()) Skipped 7 previous similar messages
Mar 16 04:07:58 mft01 kernel: LustreError: 24180:0:(libcfs_fail.h:81:cfs_fail_check_set()) *** cfs_fail_loc=119 ***
Mar 16 04:07:58 mft01 kernel: LustreError: 24180:0:(ldlm_lib.c:2120:target_send_reply_msg()) @@@ dropping reply  req@ffff880070db9000 x1396559449164100/t47244640260(47244640260) o36->c0f21b44-ed26-7b8b-59e5-2eada293cad7@0@lo:0/0 lens 464/416 e 0 to 0 dl 1331863705 ref 1 fl Complete:/4/0 rc 0/0
Mar 16 04:08:26 mft01 kernel: LustreError: 1629:0:(client.c:2530:ptlrpc_replay_interpret()) request replay timed out, restarting recovery
Mar 16 04:08:26 mft01 kernel: Lustre: 24182:0:(ldlm_lib.c:605:target_handle_reconnect()) lustre-MDT0000: c0f21b44-ed26-7b8b-59e5-2eada293cad7 reconnecting
Mar 16 04:08:26 mft01 kernel: LustreError: 24180:0:(ldlm_lib.c:1510:check_for_next_transno()) lustre-MDT0000: waking for gap in transno, VBR is OFF (skip: 47244640263, ql: 1, comp: 1, conn: 2, next: 47244640264, last_committed: 47244640260)
Mar 16 04:08:26 mft01 kernel: Lustre: lustre-OST0001: received MDS connection from 0@lo
Mar 16 04:08:26 mft01 kernel: Lustre: Skipped 3 previous similar messages
Mar 16 04:08:26 mft01 kernel: Lustre: 2303:0:(lustre_log.h:471:llog_group_set_export()) lustre-OST0001: export for group 0 is changed: 0xffff88007bab4400 -> 0xffff88007924fc00
Mar 16 04:08:26 mft01 kernel: Lustre: 2303:0:(lustre_log.h:471:llog_group_set_export()) Skipped 7 previous similar messages
Mar 16 04:08:26 mft01 kernel: Lustre: 2303:0:(llog_net.c:168:llog_receptor_accept()) changing the import ffff880037cdb800 - ffff880070eaf800
Mar 16 04:08:26 mft01 kernel: Lustre: 2303:0:(llog_net.c:168:llog_receptor_accept()) Skipped 7 previous similar messages
Mar 16 04:08:26 mft01 kernel: Lustre: MDS mdd_obd-lustre-MDT0000: lustre-OST0000_UUID now active, resetting orphans
Mar 16 04:08:26 mft01 kernel: Lustre: Skipped 3 previous similar messages
Mar 16 04:08:26 mft01 kernel: Lustre: DEBUG MARKER: == replay-dual replay-dual.sh test complete, duration 59 sec == 04:08:26 (1331863706)
Mar 16 04:08:26 mft01 kernel: LustreError: 24543:0:(ldlm_request.c:1172:ldlm_cli_cancel_req()) Got rc -108 from cancel RPC: canceling anyway
Mar 16 04:08:26 mft01 kernel: LustreError: 24543:0:(ldlm_request.c:1172:ldlm_cli_cancel_req()) Skipped 1 previous similar message
Mar 16 04:08:26 mft01 kernel: LustreError: 24543:0:(ldlm_request.c:1799:ldlm_cli_cancel_list()) ldlm_cli_cancel_list: -108
Mar 16 04:08:26 mft01 kernel: LustreError: 24543:0:(ldlm_request.c:1799:ldlm_cli_cancel_list()) Skipped 1 previous similar message
