==> /var/log/messages <==
Mar 16 04:08:43 mft01 kernel: Lustre: DEBUG MARKER: only running test 11
Mar 16 04:08:43 mft01 kernel: Lustre: DEBUG MARKER: excepting tests: 15c
Mar 16 04:08:44 mft01 kernel: Lustre: DEBUG MARKER: Using TIMEOUT=20
Mar 16 04:08:44 mft01 kernel: LustreError: 25705:0:(quota_ctl.c:328:client_quota_ctl()) ptlrpc_queue_wait failed, rc: -114
Mar 16 04:08:44 mft01 kernel: LustreError: 25705:0:(quota_ctl.c:328:client_quota_ctl()) Skipped 1 previous similar message
Mar 16 04:08:55 mft01 kernel: Lustre: DEBUG MARKER: == replay-dual test 11: both clients timeout during replay == 04:08:55 (1331863735)
Mar 16 04:08:55 mft01 kernel: LustreError: 26022:0:(osd_handler.c:938:osd_ro()) *** setting device osd-ldiskfs read-only ***
Mar 16 04:08:55 mft01 kernel: LustreError: 26022:0:(osd_handler.c:938:osd_ro()) Skipped 1 previous similar message
Mar 16 04:08:55 mft01 kernel: Turning device loop0 (0x700000) read-only
Mar 16 04:08:55 mft01 kernel: Lustre: DEBUG MARKER: mds1 REPLAY BARRIER on lustre-MDT0000
Mar 16 04:08:55 mft01 kernel: Lustre: DEBUG MARKER: local REPLAY BARRIER on lustre-MDT0000
Mar 16 04:08:55 mft01 kernel: Write to readonly device loop0 (0x700000) bi_flags: f000000000000001, bi_vcnt: 1, bi_idx: 0, bi->size: 4096, bi_cnt: 2, bi_private: ffff88007615e678
Mar 16 04:08:55 mft01 kernel: Write to readonly device loop0 (0x700000) bi_flags: f000000000000001, bi_vcnt: 1, bi_idx: 0, bi->size: 4096, bi_cnt: 2, bi_private: ffff88007615e6e0
Mar 16 04:08:55 mft01 kernel: Write to readonly device loop0 (0x700000) bi_flags: f000000000000001, bi_vcnt: 1, bi_idx: 0, bi->size: 4096, bi_cnt: 2, bi_private: ffff88007615e748
Mar 16 04:08:55 mft01 kernel: Write to readonly device loop0 (0x700000) bi_flags: f000000000000001, bi_vcnt: 1, bi_idx: 0, bi->size: 4096, bi_cnt: 2, bi_private: ffff88007615e7b0
Mar 16 04:08:55 mft01 kernel: Write to readonly device loop0 (0x700000) bi_flags: f000000000000001, bi_vcnt: 1, bi_idx: 0, bi->size: 4096, bi_cnt: 2, bi_private: ffff88007615e818
Mar 16 04:08:55 mft01 kernel: Write to readonly device loop0 (0x700000) bi_flags: f000000000000001, bi_vcnt: 1, bi_idx: 0, bi->size: 4096, bi_cnt: 2, bi_private: ffff88007615e880
Mar 16 04:08:55 mft01 kernel: Write to readonly device loop0 (0x700000) bi_flags: f000000000000001, bi_vcnt: 1, bi_idx: 0, bi->size: 4096, bi_cnt: 2, bi_private: ffff88007615e8e8
Mar 16 04:08:55 mft01 kernel: Write to readonly device loop0 (0x700000) bi_flags: f000000000000001, bi_vcnt: 1, bi_idx: 0, bi->size: 4096, bi_cnt: 2, bi_private: ffff88007615e950
Mar 16 04:08:55 mft01 kernel: Write to readonly device loop0 (0x700000) bi_flags: f000000000000001, bi_vcnt: 1, bi_idx: 0, bi->size: 4096, bi_cnt: 2, bi_private: ffff88007615e9b8
Mar 16 04:08:55 mft01 kernel: Write to readonly device loop0 (0x700000) bi_flags: f000000000000001, bi_vcnt: 1, bi_idx: 0, bi->size: 4096, bi_cnt: 2, bi_private: ffff88007615e6e0
Mar 16 04:08:55 mft01 kernel: Write to readonly device loop0 (0x700000) bi_flags: f000000000000001, bi_vcnt: 1, bi_idx: 0, bi->size: 4096, bi_cnt: 2, bi_private: ffff8800761cd5a8
Mar 16 04:08:55 mft01 kernel: Write to readonly device loop0 (0x700000) bi_flags: f000000000000001, bi_vcnt: 1, bi_idx: 0, bi->size: 4096, bi_cnt: 2, bi_private: ffff880078fe1338
Mar 16 04:08:55 mft01 kernel: Write to readonly device loop0 (0x700000) bi_flags: f000000000000001, bi_vcnt: 1, bi_idx: 0, bi->size: 4096, bi_cnt: 2, bi_private: ffff88007615e748
Mar 16 04:08:55 mft01 kernel: Write to readonly device loop0 (0x700000) bi_flags: f000000000000001, bi_vcnt: 1, bi_idx: 0, bi->size: 4096, bi_cnt: 2, bi_private: ffff88007615e7b0
Mar 16 04:08:55 mft01 kernel: Write to readonly device loop0 (0x700000) bi_flags: f000000000000001, bi_vcnt: 1, bi_idx: 0, bi->size: 4096, bi_cnt: 2, bi_private: ffff88007615e818
Mar 16 04:08:55 mft01 kernel: Write to readonly device loop0 (0x700000) bi_flags: f000000000000001, bi_vcnt: 1, bi_idx: 0, bi->size: 4096, bi_cnt: 2, bi_private: ffff88007615e880
Mar 16 04:08:55 mft01 kernel: Write to readonly device loop0 (0x700000) bi_flags: f000000000000001, bi_vcnt: 1, bi_idx: 0, bi->size: 4096, bi_cnt: 2, bi_private: ffff88007615e8e8
Mar 16 04:08:55 mft01 kernel: Write to readonly device loop0 (0x700000) bi_flags: f000000000000001, bi_vcnt: 1, bi_idx: 0, bi->size: 4096, bi_cnt: 2, bi_private: ffff88007615e950
Mar 16 04:08:55 mft01 kernel: Write to readonly device loop0 (0x700000) bi_flags: f000000000000001, bi_vcnt: 1, bi_idx: 0, bi->size: 4096, bi_cnt: 2, bi_private: ffff88007615e9b8
Mar 16 04:08:55 mft01 kernel: Write to readonly device loop0 (0x700000) bi_flags: f000000000000001, bi_vcnt: 1, bi_idx: 0, bi->size: 4096, bi_cnt: 2, bi_private: ffff88007615ea88
Mar 16 04:08:55 mft01 kernel: Write to readonly device loop0 (0x700000) bi_flags: f000000000000001, bi_vcnt: 1, bi_idx: 0, bi->size: 4096, bi_cnt: 2, bi_private: ffff88007615e7b0
Mar 16 04:08:55 mft01 kernel: Write to readonly device loop0 (0x700000) bi_flags: f000000000000001, bi_vcnt: 1, bi_idx: 0, bi->size: 4096, bi_cnt: 2, bi_private: ffff880078fe1f00
Mar 16 04:08:55 mft01 kernel: Write to readonly device loop0 (0x700000) bi_flags: f000000000000001, bi_vcnt: 1, bi_idx: 0, bi->size: 4096, bi_cnt: 2, bi_private: ffff880078fe1198
Mar 16 04:08:55 mft01 kernel: Write to readonly device loop0 (0x700000) bi_flags: f000000000000001, bi_vcnt: 1, bi_idx: 0, bi->size: 4096, bi_cnt: 2, bi_private: ffff880078fe14d8
Mar 16 04:08:55 mft01 kernel: Write to readonly device loop0 (0x700000) bi_flags: f000000000000001, bi_vcnt: 1, bi_idx: 0, bi->size: 4096, bi_cnt: 2, bi_private: ffff8800761cd540
Mar 16 04:08:55 mft01 kernel: Write to readonly device loop0 (0x700000) bi_flags: f000000000000001, bi_vcnt: 1, bi_idx: 0, bi->size: 4096, bi_cnt: 2, bi_private: ffff8800761d7200
Mar 16 04:08:55 mft01 kernel: Write to readonly device loop0 (0x700000) bi_flags: f000000000000001, bi_vcnt: 1, bi_idx: 0, bi->size: 4096, bi_cnt: 2, bi_private: ffff8800761d7338
Mar 16 04:08:55 mft01 kernel: Write to readonly device loop0 (0x700000) bi_flags: f000000000000001, bi_vcnt: 1, bi_idx: 0, bi->size: 4096, bi_cnt: 2, bi_private: ffff880078fe1408
Mar 16 04:08:55 mft01 kernel: Write to readonly device loop0 (0x700000) bi_flags: f000000000000001, bi_vcnt: 1, bi_idx: 0, bi->size: 4096, bi_cnt: 2, bi_private: ffff88007615e9b8
Mar 16 04:08:55 mft01 kernel: Release to readonly device loop0 (0x700000): [inode 37] [block 30443] [count 3] [is_meta 1]
Mar 16 04:08:55 mft01 kernel: Release to readonly device loop0 (0x700000): [inode 27] [block 30440] [count 3] [is_meta 1]
Mar 16 04:08:55 mft01 kernel: Release to readonly device loop0 (0x700000): [inode 36] [block 17131] [count 3] [is_meta 1]
Mar 16 04:08:55 mft01 kernel: Release to readonly device loop0 (0x700000): [inode 33] [block 17128] [count 3] [is_meta 1]
Mar 16 04:08:55 mft01 kernel: Write to readonly device loop0 (0x700000) bi_flags: f000000000000001, bi_vcnt: 1, bi_idx: 0, bi->size: 4096, bi_cnt: 2, bi_private: ffff88007615ea88
Mar 16 04:08:55 mft01 kernel: Write to readonly device loop0 (0x700000) bi_flags: f000000000000001, bi_vcnt: 1, bi_idx: 0, bi->size: 4096, bi_cnt: 2, bi_private: ffff8800761f5d60
Mar 16 04:08:55 mft01 kernel: Write to readonly device loop0 (0x700000) bi_flags: f000000000000001, bi_vcnt: 1, bi_idx: 0, bi->size: 4096, bi_cnt: 2, bi_private: ffff8800761f5cf8
Mar 16 04:08:55 mft01 kernel: Write to readonly device loop0 (0x700000) bi_flags: f000000000000001, bi_vcnt: 1, bi_idx: 0, bi->size: 4096, bi_cnt: 2, bi_private: ffff8800761f5c90
Mar 16 04:08:55 mft01 kernel: Write to readonly device loop0 (0x700000) bi_flags: f000000000000001, bi_vcnt: 1, bi_idx: 0, bi->size: 4096, bi_cnt: 2, bi_private: ffff8800761f5c28
Mar 16 04:08:55 mft01 kernel: Write to readonly device loop0 (0x700000) bi_flags: f000000000000001, bi_vcnt: 1, bi_idx: 0, bi->size: 4096, bi_cnt: 2, bi_private: ffff8800761f5bc0
Mar 16 04:08:55 mft01 kernel: Write to readonly device loop0 (0x700000) bi_flags: f000000000000001, bi_vcnt: 1, bi_idx: 0, bi->size: 4096, bi_cnt: 2, bi_private: ffff8800761f5b58
Mar 16 04:08:55 mft01 kernel: Write to readonly device loop0 (0x700000) bi_flags: f000000000000001, bi_vcnt: 1, bi_idx: 0, bi->size: 4096, bi_cnt: 2, bi_private: ffff8800761f5af0
Mar 16 04:08:55 mft01 kernel: Write to readonly device loop0 (0x700000) bi_flags: f000000000000001, bi_vcnt: 1, bi_idx: 0, bi->size: 4096, bi_cnt: 2, bi_private: ffff8800761f5a88
Mar 16 04:08:55 mft01 kernel: Write to readonly device loop0 (0x700000) bi_flags: f000000000000001, bi_vcnt: 1, bi_idx: 0, bi->size: 4096, bi_cnt: 2, bi_private: ffff8800761f5a20
Mar 16 04:08:55 mft01 kernel: Write to readonly device loop0 (0x700000) bi_flags: f000000000000001, bi_vcnt: 1, bi_idx: 0, bi->size: 4096, bi_cnt: 2, bi_private: ffff8800761f59b8
Mar 16 04:08:55 mft01 kernel: Write to readonly device loop0 (0x700000) bi_flags: f000000000000001, bi_vcnt: 1, bi_idx: 0, bi->size: 4096, bi_cnt: 2, bi_private: ffff8800761f5950
Mar 16 04:08:55 mft01 kernel: Write to readonly device loop0 (0x700000) bi_flags: f000000000000001, bi_vcnt: 1, bi_idx: 0, bi->size: 4096, bi_cnt: 2, bi_private: ffff8800761f58e8
Mar 16 04:08:55 mft01 kernel: Write to readonly device loop0 (0x700000) bi_flags: f000000000000001, bi_vcnt: 1, bi_idx: 0, bi->size: 4096, bi_cnt: 2, bi_private: ffff8800761f5d60
Mar 16 04:08:58 mft01 kernel: Write to readonly device loop0 (0x700000) bi_flags: f000000000000001, bi_vcnt: 1, bi_idx: 0, bi->size: 4096, bi_cnt: 2, bi_private: ffff880078fe1e98
Mar 16 04:08:58 mft01 kernel: Write to readonly device loop0 (0x700000) bi_flags: f000000000000001, bi_vcnt: 1, bi_idx: 0, bi->size: 4096, bi_cnt: 2, bi_private: ffff880078fe1f00
Mar 16 04:08:58 mft01 kernel: Write to readonly device loop0 (0x700000) bi_flags: f000000000000001, bi_vcnt: 1, bi_idx: 0, bi->size: 4096, bi_cnt: 2, bi_private: ffff88007616cdc8
Mar 16 04:08:58 mft01 kernel: Write to readonly device loop0 (0x700000) bi_flags: f000000000000001, bi_vcnt: 1, bi_idx: 0, bi->size: 4096, bi_cnt: 2, bi_private: ffff880078fe14d8
Mar 16 04:08:58 mft01 kernel: Write to readonly device loop0 (0x700000) bi_flags: f000000000000001, bi_vcnt: 1, bi_idx: 0, bi->size: 4096, bi_cnt: 2, bi_private: ffff8800761d7af0
Mar 16 04:08:58 mft01 kernel: Write to readonly device loop0 (0x700000) bi_flags: f000000000000001, bi_vcnt: 1, bi_idx: 0, bi->size: 4096, bi_cnt: 2, bi_private: ffff8800761cd6e0
Mar 16 04:08:58 mft01 kernel: Write to readonly device loop0 (0x700000) bi_flags: f000000000000001, bi_vcnt: 1, bi_idx: 0, bi->size: 4096, bi_cnt: 2, bi_private: ffff8800761cd5a8
Mar 16 04:08:58 mft01 kernel: Write to readonly device loop0 (0x700000) bi_flags: f000000000000001, bi_vcnt: 1, bi_idx: 0, bi->size: 4096, bi_cnt: 2, bi_private: ffff8800761d7200
Mar 16 04:08:58 mft01 kernel: Write to readonly device loop0 (0x700000) bi_flags: f000000000000001, bi_vcnt: 1, bi_idx: 0, bi->size: 4096, bi_cnt: 2, bi_private: ffff8800761d70c8
Mar 16 04:08:58 mft01 kernel: Write to readonly device loop0 (0x700000) bi_flags: f000000000000001, bi_vcnt: 1, bi_idx: 0, bi->size: 4096, bi_cnt: 2, bi_private: ffff8800761d7130
Mar 16 04:08:58 mft01 kernel: Write to readonly device loop0 (0x700000) bi_flags: f000000000000001, bi_vcnt: 1, bi_idx: 0, bi->size: 4096, bi_cnt: 2, bi_private: ffff880078fcbc28
Mar 16 04:08:58 mft01 kernel: Write to readonly device loop0 (0x700000) bi_flags: f000000000000001, bi_vcnt: 1, bi_idx: 0, bi->size: 4096, bi_cnt: 2, bi_private: ffff880078fcbc90
Mar 16 04:08:58 mft01 kernel: Write to readonly device loop0 (0x700000) bi_flags: f000000000000001, bi_vcnt: 1, bi_idx: 0, bi->size: 4096, bi_cnt: 2, bi_private: ffff880078fe1e98
Mar 16 04:08:58 mft01 kernel: Write to readonly device loop0 (0x700000) bi_flags: f000000000000001, bi_vcnt: 1, bi_idx: 0, bi->size: 4096, bi_cnt: 2, bi_private: ffff8800761cd2d0
Mar 16 04:08:58 mft01 kernel: Write to readonly device loop0 (0x700000) bi_flags: f000000000000001, bi_vcnt: 1, bi_idx: 0, bi->size: 4096, bi_cnt: 2, bi_private: ffff8800761cd2d0
Mar 16 04:08:58 mft01 kernel: Write to readonly device loop0 (0x700000) bi_flags: f000000000000001, bi_vcnt: 1, bi_idx: 0, bi->size: 4096, bi_cnt: 2, bi_private: ffff8800761cd2d0
Mar 16 04:08:58 mft01 kernel: Write to readonly device loop0 (0x700000) bi_flags: f000000000000001, bi_vcnt: 1, bi_idx: 0, bi->size: 4096, bi_cnt: 2, bi_private: ffff880078fe1e98
Mar 16 04:08:58 mft01 kernel: Removing read-only on unknown block (0x700000)
Mar 16 04:09:08 mft01 kernel: LDISKFS-fs warning (device loop0): ldiskfs_fill_super: extents feature not enabled on this filesystem, use tune2fs.
Mar 16 04:09:08 mft01 kernel: LDISKFS-fs (loop0): warning: maximal mount count reached, running e2fsck is recommended
Mar 16 04:09:08 mft01 kernel: LDISKFS-fs (loop0): 2 orphan inodes deleted
Mar 16 04:09:08 mft01 kernel: LDISKFS-fs (loop0): recovery complete
Mar 16 04:09:08 mft01 kernel: LDISKFS-fs (loop0): mounted filesystem with ordered data mode
Mar 16 04:09:09 mft01 kernel: LDISKFS-fs warning (device loop0): ldiskfs_fill_super: extents feature not enabled on this filesystem, use tune2fs.
Mar 16 04:09:09 mft01 kernel: LDISKFS-fs (loop0): warning: maximal mount count reached, running e2fsck is recommended
Mar 16 04:09:09 mft01 kernel: LDISKFS-fs (loop0): mounted filesystem with ordered data mode
Mar 16 04:09:14 mft01 kernel: LustreError: 26199:0:(libcfs_fail.h:81:cfs_fail_check_set()) *** cfs_fail_loc=119 ***
Mar 16 04:09:14 mft01 kernel: LustreError: 26199:0:(ldlm_lib.c:2120:target_send_reply_msg()) @@@ dropping reply  req@ffff880075aa9400 x1396559449164300/t51539607554(51539607554) o36->c0f21b44-ed26-7b8b-59e5-2eada293cad7@0@lo:0/0 lens 464/416 e 0 to 0 dl 1331863785 ref 1 fl Complete:/4/0 rc 0/0
Mar 16 04:09:46 mft01 kernel: LustreError: 1629:0:(client.c:2530:ptlrpc_replay_interpret()) request replay timed out, restarting recovery
Mar 16 04:09:46 mft01 kernel: Lustre: 26201:0:(ldlm_lib.c:605:target_handle_reconnect()) lustre-MDT0000: c0f21b44-ed26-7b8b-59e5-2eada293cad7 reconnecting
Mar 16 04:09:46 mft01 kernel: LustreError: 26199:0:(ldlm_lib.c:1510:check_for_next_transno()) lustre-MDT0000: waking for gap in transno, VBR is OFF (skip: 51539607557, ql: 2, comp: 0, conn: 2, next: 51539607558, last_committed: 51539607554)
Mar 16 04:09:46 mft01 kernel: Lustre: lustre-MDT0000-mdc-ffff880074313c00: Connection restored to service lustre-MDT0000 using nid 0@lo.
Mar 16 04:09:46 mft01 kernel: Lustre: Skipped 3 previous similar messages
Mar 16 04:09:46 mft01 kernel: Lustre: lustre-MDT0000: sending delayed replies to recovered clients
Mar 16 04:09:46 mft01 kernel: Lustre: Skipped 1 previous similar message
Mar 16 04:09:46 mft01 kernel: Lustre: 2303:0:(filter.c:2566:filter_llog_connect()) lustre-OST0001: Recovery from log 0x20/0x0:be68561d
Mar 16 04:09:46 mft01 kernel: Lustre: 2303:0:(filter.c:2566:filter_llog_connect()) Skipped 3 previous similar messages
Mar 16 04:09:49 mft01 kernel: Lustre: DEBUG MARKER: == replay-dual replay-dual.sh test complete, duration 66 sec == 04:09:49 (1331863789)
