==> /var/log/messages <==
Mar 16 04:14:08 mft01 kernel: Lustre: DEBUG MARKER: only running test 14b
Mar 16 04:14:08 mft01 kernel: Lustre: DEBUG MARKER: excepting tests: 15c
Mar 16 04:14:09 mft01 kernel: Lustre: DEBUG MARKER: Using TIMEOUT=20
Mar 16 04:14:09 mft01 kernel: LustreError: 1363:0:(quota_ctl.c:328:client_quota_ctl()) ptlrpc_queue_wait failed, rc: -114
Mar 16 04:14:09 mft01 kernel: LustreError: 1363:0:(quota_ctl.c:328:client_quota_ctl()) Skipped 3 previous similar messages
Mar 16 04:14:19 mft01 kernel: Lustre: DEBUG MARKER: == replay-dual test 14b: delete ost orphans if gap occured in objids due to VBR == 04:14:19 (1331864059)
Mar 16 04:14:22 mft01 kernel: LustreError: 1760:0:(osd_handler.c:938:osd_ro()) *** setting device osd-ldiskfs read-only ***
Mar 16 04:14:22 mft01 kernel: LustreError: 1760:0:(osd_handler.c:938:osd_ro()) Skipped 3 previous similar messages
Mar 16 04:14:22 mft01 kernel: Turning device loop0 (0x700000) read-only
Mar 16 04:14:22 mft01 kernel: Lustre: DEBUG MARKER: mds1 REPLAY BARRIER on lustre-MDT0000
Mar 16 04:14:22 mft01 kernel: Lustre: DEBUG MARKER: local REPLAY BARRIER on lustre-MDT0000
Mar 16 04:14:22 mft01 kernel: Write to readonly device loop0 (0x700000) bi_flags: f000000000000001, bi_vcnt: 1, bi_idx: 0, bi->size: 4096, bi_cnt: 2, bi_private: ffff88007624a0c8
Mar 16 04:14:22 mft01 kernel: Write to readonly device loop0 (0x700000) bi_flags: f000000000000001, bi_vcnt: 1, bi_idx: 0, bi->size: 4096, bi_cnt: 2, bi_private: ffff88007624a130
Mar 16 04:14:22 mft01 kernel: Write to readonly device loop0 (0x700000) bi_flags: f000000000000001, bi_vcnt: 1, bi_idx: 0, bi->size: 4096, bi_cnt: 2, bi_private: ffff88007624a198
Mar 16 04:14:22 mft01 kernel: Write to readonly device loop0 (0x700000) bi_flags: f000000000000001, bi_vcnt: 1, bi_idx: 0, bi->size: 4096, bi_cnt: 2, bi_private: ffff88007624a2d0
Mar 16 04:14:22 mft01 kernel: Write to readonly device loop0 (0x700000) bi_flags: f000000000000001, bi_vcnt: 1, bi_idx: 0, bi->size: 4096, bi_cnt: 2, bi_private: ffff88007624a338
Mar 16 04:14:22 mft01 kernel: Write to readonly device loop0 (0x700000) bi_flags: f000000000000001, bi_vcnt: 1, bi_idx: 0, bi->size: 4096, bi_cnt: 2, bi_private: ffff88007624a3a0
Mar 16 04:14:22 mft01 kernel: Write to readonly device loop0 (0x700000) bi_flags: f000000000000001, bi_vcnt: 1, bi_idx: 0, bi->size: 4096, bi_cnt: 2, bi_private: ffff88007624a408
Mar 16 04:14:22 mft01 kernel: Write to readonly device loop0 (0x700000) bi_flags: f000000000000001, bi_vcnt: 1, bi_idx: 0, bi->size: 4096, bi_cnt: 2, bi_private: ffff88007624a470
Mar 16 04:14:22 mft01 kernel: Write to readonly device loop0 (0x700000) bi_flags: f000000000000001, bi_vcnt: 1, bi_idx: 0, bi->size: 4096, bi_cnt: 2, bi_private: ffff88007624a4d8
Mar 16 04:14:22 mft01 kernel: Write to readonly device loop0 (0x700000) bi_flags: f000000000000001, bi_vcnt: 1, bi_idx: 0, bi->size: 4096, bi_cnt: 2, bi_private: ffff88007624a540
Mar 16 04:14:22 mft01 kernel: Write to readonly device loop0 (0x700000) bi_flags: f000000000000001, bi_vcnt: 1, bi_idx: 0, bi->size: 4096, bi_cnt: 2, bi_private: ffff88007624a5a8
Mar 16 04:14:22 mft01 kernel: Write to readonly device loop0 (0x700000) bi_flags: f000000000000001, bi_vcnt: 1, bi_idx: 0, bi->size: 4096, bi_cnt: 2, bi_private: ffff88007624a610
Mar 16 04:14:22 mft01 kernel: Write to readonly device loop0 (0x700000) bi_flags: f000000000000001, bi_vcnt: 1, bi_idx: 0, bi->size: 4096, bi_cnt: 2, bi_private: ffff88007624a130
Mar 16 04:14:23 mft01 kernel: Write to readonly device loop0 (0x700000) bi_flags: f000000000000001, bi_vcnt: 1, bi_idx: 0, bi->size: 4096, bi_cnt: 2, bi_private: ffff8800762235a8
Mar 16 04:14:23 mft01 kernel: Write to readonly device loop0 (0x700000) bi_flags: f000000000000001, bi_vcnt: 1, bi_idx: 0, bi->size: 4096, bi_cnt: 2, bi_private: ffff88007d383198
Mar 16 04:14:23 mft01 kernel: Write to readonly device loop0 (0x700000) bi_flags: f000000000000001, bi_vcnt: 1, bi_idx: 0, bi->size: 4096, bi_cnt: 2, bi_private: ffff88007624a748
Mar 16 04:14:23 mft01 kernel: Write to readonly device loop0 (0x700000) bi_flags: f000000000000001, bi_vcnt: 1, bi_idx: 0, bi->size: 4096, bi_cnt: 2, bi_private: ffff88007624a7b0
Mar 16 04:14:23 mft01 kernel: Write to readonly device loop0 (0x700000) bi_flags: f000000000000001, bi_vcnt: 1, bi_idx: 0, bi->size: 4096, bi_cnt: 2, bi_private: ffff88007624a818
Mar 16 04:14:23 mft01 kernel: Write to readonly device loop0 (0x700000) bi_flags: f000000000000001, bi_vcnt: 1, bi_idx: 0, bi->size: 4096, bi_cnt: 2, bi_private: ffff88007624a880
Mar 16 04:14:23 mft01 kernel: Write to readonly device loop0 (0x700000) bi_flags: f000000000000001, bi_vcnt: 1, bi_idx: 0, bi->size: 4096, bi_cnt: 2, bi_private: ffff88007624a8e8
Mar 16 04:14:23 mft01 kernel: Write to readonly device loop0 (0x700000) bi_flags: f000000000000001, bi_vcnt: 1, bi_idx: 0, bi->size: 4096, bi_cnt: 2, bi_private: ffff88007624a950
Mar 16 04:14:23 mft01 kernel: Write to readonly device loop0 (0x700000) bi_flags: f000000000000001, bi_vcnt: 1, bi_idx: 0, bi->size: 4096, bi_cnt: 2, bi_private: ffff88007624a9b8
Mar 16 04:14:23 mft01 kernel: Write to readonly device loop0 (0x700000) bi_flags: f000000000000001, bi_vcnt: 1, bi_idx: 0, bi->size: 4096, bi_cnt: 2, bi_private: ffff88007624aa20
Mar 16 04:14:23 mft01 kernel: Write to readonly device loop0 (0x700000) bi_flags: f000000000000001, bi_vcnt: 1, bi_idx: 0, bi->size: 4096, bi_cnt: 2, bi_private: ffff88007624aa88
Mar 16 04:14:23 mft01 kernel: Write to readonly device loop0 (0x700000) bi_flags: f000000000000001, bi_vcnt: 1, bi_idx: 0, bi->size: 4096, bi_cnt: 2, bi_private: ffff88007624aaf0
Mar 16 04:14:23 mft01 kernel: Write to readonly device loop0 (0x700000) bi_flags: f000000000000001, bi_vcnt: 1, bi_idx: 0, bi->size: 4096, bi_cnt: 2, bi_private: ffff88007624ab58
Mar 16 04:14:23 mft01 kernel: Write to readonly device loop0 (0x700000) bi_flags: f000000000000001, bi_vcnt: 1, bi_idx: 0, bi->size: 4096, bi_cnt: 2, bi_private: ffff88007624abc0
Mar 16 04:14:23 mft01 kernel: Write to readonly device loop0 (0x700000) bi_flags: f000000000000001, bi_vcnt: 1, bi_idx: 0, bi->size: 4096, bi_cnt: 2, bi_private: ffff88007624a7b0
Mar 16 04:14:23 mft01 kernel: Write to readonly device loop0 (0x700000) bi_flags: f000000000000001, bi_vcnt: 1, bi_idx: 0, bi->size: 4096, bi_cnt: 2, bi_private: ffff8800762237b0
Mar 16 04:14:23 mft01 kernel: Write to readonly device loop0 (0x700000) bi_flags: f000000000000001, bi_vcnt: 1, bi_idx: 0, bi->size: 4096, bi_cnt: 2, bi_private: ffff88007622a198
Mar 16 04:14:23 mft01 kernel: Write to readonly device loop0 (0x700000) bi_flags: f000000000000001, bi_vcnt: 1, bi_idx: 0, bi->size: 4096, bi_cnt: 2, bi_private: ffff8800761ebe98
Mar 16 04:14:23 mft01 kernel: Write to readonly device loop0 (0x700000) bi_flags: f000000000000001, bi_vcnt: 1, bi_idx: 0, bi->size: 4096, bi_cnt: 2, bi_private: ffff88007d3836e0
Mar 16 04:14:23 mft01 kernel: Write to readonly device loop0 (0x700000) bi_flags: f000000000000001, bi_vcnt: 1, bi_idx: 0, bi->size: 4096, bi_cnt: 2, bi_private: ffff880076223540
Mar 16 04:14:23 mft01 kernel: Write to readonly device loop0 (0x700000) bi_flags: f000000000000001, bi_vcnt: 1, bi_idx: 0, bi->size: 4096, bi_cnt: 2, bi_private: ffff8800762234d8
Mar 16 04:14:23 mft01 kernel: Write to readonly device loop0 (0x700000) bi_flags: f000000000000001, bi_vcnt: 1, bi_idx: 0, bi->size: 4096, bi_cnt: 2, bi_private: ffff8800761f5540
Mar 16 04:14:23 mft01 kernel: Write to readonly device loop0 (0x700000) bi_flags: f000000000000001, bi_vcnt: 1, bi_idx: 0, bi->size: 4096, bi_cnt: 2, bi_private: ffff88007616c950
Mar 16 04:14:23 mft01 kernel: Write to readonly device loop0 (0x700000) bi_flags: f000000000000001, bi_vcnt: 1, bi_idx: 0, bi->size: 4096, bi_cnt: 2, bi_private: ffff88007d383818
Mar 16 04:14:23 mft01 kernel: Write to readonly device loop0 (0x700000) bi_flags: f000000000000001, bi_vcnt: 1, bi_idx: 0, bi->size: 4096, bi_cnt: 2, bi_private: ffff88007d3837b0
Mar 16 04:14:23 mft01 kernel: Write to readonly device loop0 (0x700000) bi_flags: f000000000000001, bi_vcnt: 1, bi_idx: 0, bi->size: 4096, bi_cnt: 2, bi_private: ffff88007616ccf8
Mar 16 04:14:24 mft01 kernel: Write to readonly device loop0 (0x700000) bi_flags: f000000000000001, bi_vcnt: 1, bi_idx: 0, bi->size: 4096, bi_cnt: 2, bi_private: ffff880076238af0
Mar 16 04:14:24 mft01 kernel: Release to readonly device loop0 (0x700000): [inode 36] [block 17131] [count 3] [is_meta 1]
Mar 16 04:14:24 mft01 kernel: Release to readonly device loop0 (0x700000): [inode 27] [block 17128] [count 3] [is_meta 1]
Mar 16 04:14:24 mft01 kernel: Write to readonly device loop0 (0x700000) bi_flags: f000000000000001, bi_vcnt: 1, bi_idx: 0, bi->size: 4096, bi_cnt: 2, bi_private: ffff880076238a20
Mar 16 04:14:24 mft01 kernel: Write to readonly device loop0 (0x700000) bi_flags: f000000000000001, bi_vcnt: 1, bi_idx: 0, bi->size: 4096, bi_cnt: 2, bi_private: ffff8800762389b8
Mar 16 04:14:24 mft01 kernel: Write to readonly device loop0 (0x700000) bi_flags: f000000000000001, bi_vcnt: 1, bi_idx: 0, bi->size: 4096, bi_cnt: 2, bi_private: ffff880076238950
Mar 16 04:14:24 mft01 kernel: Write to readonly device loop0 (0x700000) bi_flags: f000000000000001, bi_vcnt: 1, bi_idx: 0, bi->size: 4096, bi_cnt: 2, bi_private: ffff8800762388e8
Mar 16 04:14:24 mft01 kernel: Write to readonly device loop0 (0x700000) bi_flags: f000000000000001, bi_vcnt: 1, bi_idx: 0, bi->size: 4096, bi_cnt: 2, bi_private: ffff880076238880
Mar 16 04:14:24 mft01 kernel: Write to readonly device loop0 (0x700000) bi_flags: f000000000000001, bi_vcnt: 1, bi_idx: 0, bi->size: 4096, bi_cnt: 2, bi_private: ffff880076238818
Mar 16 04:14:24 mft01 kernel: Write to readonly device loop0 (0x700000) bi_flags: f000000000000001, bi_vcnt: 1, bi_idx: 0, bi->size: 4096, bi_cnt: 2, bi_private: ffff8800762387b0
Mar 16 04:14:24 mft01 kernel: Write to readonly device loop0 (0x700000) bi_flags: f000000000000001, bi_vcnt: 1, bi_idx: 0, bi->size: 4096, bi_cnt: 2, bi_private: ffff8800762389b8
Mar 16 04:14:27 mft01 kernel: Write to readonly device loop0 (0x700000) bi_flags: f000000000000001, bi_vcnt: 1, bi_idx: 0, bi->size: 4096, bi_cnt: 2, bi_private: ffff880076223818
Mar 16 04:14:27 mft01 kernel: Write to readonly device loop0 (0x700000) bi_flags: f000000000000001, bi_vcnt: 1, bi_idx: 0, bi->size: 4096, bi_cnt: 2, bi_private: ffff8800762237b0
Mar 16 04:14:27 mft01 kernel: Write to readonly device loop0 (0x700000) bi_flags: f000000000000001, bi_vcnt: 1, bi_idx: 0, bi->size: 4096, bi_cnt: 2, bi_private: ffff88007622c5a8
Mar 16 04:14:27 mft01 kernel: Write to readonly device loop0 (0x700000) bi_flags: f000000000000001, bi_vcnt: 1, bi_idx: 0, bi->size: 4096, bi_cnt: 2, bi_private: ffff88007d3836e0
Mar 16 04:14:27 mft01 kernel: Write to readonly device loop0 (0x700000) bi_flags: f000000000000001, bi_vcnt: 1, bi_idx: 0, bi->size: 4096, bi_cnt: 2, bi_private: ffff880076223610
Mar 16 04:14:27 mft01 kernel: Write to readonly device loop0 (0x700000) bi_flags: f000000000000001, bi_vcnt: 1, bi_idx: 0, bi->size: 4096, bi_cnt: 2, bi_private: ffff8800762235a8
Mar 16 04:14:27 mft01 kernel: Write to readonly device loop0 (0x700000) bi_flags: f000000000000001, bi_vcnt: 1, bi_idx: 0, bi->size: 4096, bi_cnt: 2, bi_private: ffff880076223818
Mar 16 04:14:27 mft01 kernel: Write to readonly device loop0 (0x700000) bi_flags: f000000000000001, bi_vcnt: 1, bi_idx: 0, bi->size: 4096, bi_cnt: 2, bi_private: ffff8800762232d0
Mar 16 04:14:27 mft01 kernel: Write to readonly device loop0 (0x700000) bi_flags: f000000000000001, bi_vcnt: 1, bi_idx: 0, bi->size: 4096, bi_cnt: 2, bi_private: ffff8800762232d0
Mar 16 04:14:27 mft01 kernel: Write to readonly device loop0 (0x700000) bi_flags: f000000000000001, bi_vcnt: 1, bi_idx: 0, bi->size: 4096, bi_cnt: 2, bi_private: ffff8800762232d0
Mar 16 04:14:27 mft01 kernel: Write to readonly device loop0 (0x700000) bi_flags: f000000000000001, bi_vcnt: 1, bi_idx: 0, bi->size: 4096, bi_cnt: 2, bi_private: ffff880076223818
Mar 16 04:14:27 mft01 kernel: Removing read-only on unknown block (0x700000)
Mar 16 04:14:37 mft01 kernel: LDISKFS-fs warning (device loop0): ldiskfs_fill_super: extents feature not enabled on this filesystem, use tune2fs.
Mar 16 04:14:37 mft01 kernel: LDISKFS-fs (loop0): warning: maximal mount count reached, running e2fsck is recommended
Mar 16 04:14:37 mft01 kernel: LDISKFS-fs (loop0): 2 orphan inodes deleted
Mar 16 04:14:37 mft01 kernel: LDISKFS-fs (loop0): recovery complete
Mar 16 04:14:37 mft01 kernel: LDISKFS-fs (loop0): mounted filesystem with ordered data mode
Mar 16 04:14:37 mft01 kernel: LDISKFS-fs warning (device loop0): ldiskfs_fill_super: extents feature not enabled on this filesystem, use tune2fs.
Mar 16 04:14:37 mft01 kernel: LDISKFS-fs (loop0): warning: maximal mount count reached, running e2fsck is recommended
Mar 16 04:14:37 mft01 kernel: LDISKFS-fs (loop0): mounted filesystem with ordered data mode
Mar 16 04:14:37 mft01 kernel: Lustre: 1923:0:(ldlm_lib.c:873:target_handle_connect()) MGS: connection from f3761ddb-5158-65ca-ecdf-84533b3bdbaa@0@lo t0 exp (null) cur 1331864077 last 0
Mar 16 04:14:37 mft01 kernel: Lustre: 1923:0:(ldlm_lib.c:873:target_handle_connect()) Skipped 60 previous similar messages
Mar 16 04:16:10 mft01 kernel: Lustre: 1931:0:(ldlm_lib.c:1566:target_recovery_overseer()) recovery is timed out, evict stale exports
Mar 16 04:16:10 mft01 kernel: LustreError: 1931:0:(genops.c:1270:class_disconnect_stale_exports()) lustre-MDT0000: disconnect stale client 8b79ff2f-912a-8139-326e-70829f36a69b@<unknown>
Mar 16 04:16:10 mft01 kernel: LustreError: 1629:0:(client.c:2585:ptlrpc_replay_interpret()) @@@ status -116, old was 0  req@ffff880079c69400 x1396559449165253/t68719476768(68719476768) o35->lustre-MDT0000-mdc-ffff88007710b400@0@lo:23/10 lens 360/424 e 6 to 0 dl 1331864198 ref 2 fl Interpret:R/4/0 rc -116/-116
Mar 16 04:16:10 mft01 kernel: LustreError: 1931:0:(mds_lov.c:349:mds_lov_update_objids()) Unexpected gap in objids
Mar 16 04:16:10 mft01 kernel: Lustre: lustre-MDT0000: sending delayed replies to recovered clients
Mar 16 04:16:10 mft01 kernel: Lustre: Skipped 3 previous similar messages
Mar 16 04:16:10 mft01 kernel: Lustre: lustre-MDT0000-mdc-ffff88007710b400: Connection restored to service lustre-MDT0000 using nid 0@lo.
Mar 16 04:16:10 mft01 kernel: Lustre: Skipped 6 previous similar messages
Mar 16 04:16:10 mft01 kernel: Lustre: 2334:0:(sec.c:1474:sptlrpc_import_sec_adapt()) import lustre-MDT0000-mdc-ffff880070c0a800->10.3.0.187@tcp netid 90000: select flavor null
Mar 16 04:16:10 mft01 kernel: Lustre: 2334:0:(sec.c:1474:sptlrpc_import_sec_adapt()) Skipped 91 previous similar messages
Mar 16 04:16:10 mft01 kernel: Lustre: 2347:0:(debug.c:326:libcfs_debug_str2mask()) You are trying to use a numerical value for the mask - this will be deprecated in a future release.
Mar 16 04:16:10 mft01 kernel: Lustre: 2347:0:(debug.c:326:libcfs_debug_str2mask()) Skipped 39 previous similar messages
Mar 16 04:16:10 mft01 kernel: Lustre: 2304:0:(filter.c:2566:filter_llog_connect()) lustre-OST0000: Recovery from log 0x1f/0x0:be68561c
Mar 16 04:16:10 mft01 kernel: Lustre: 2304:0:(filter.c:2566:filter_llog_connect()) Skipped 7 previous similar messages
Mar 16 04:16:15 mft01 kernel: Lustre: DEBUG MARKER: before 49528, after 49528
Mar 16 04:16:15 mft01 kernel: Lustre: DEBUG MARKER: == replay-dual replay-dual.sh test complete, duration 128 sec == 04:16:15 (1331864175)
