Logging to shared log directory: /tmp/test_logs//1331865073
only running test 21a
excepting tests: 15c
Starting client mft01: -o user_xattr,acl,flock mft01@tcp:/lustre /mnt/lustre2
Started clients mft01: 
mft01@tcp:/lustre on /mnt/lustre2 type lustre (rw,user_xattr,acl,flock)
debug=-1
subsystem_debug=0xffb7e3ff
debug_mb=2
mft01: Checking config lustre mounted on /mnt/lustre
Checking servers environments
Checking clients mft01 environments
Using TIMEOUT=20
disable quota as required
debug=-1
subsystem_debug=0xffb7e3ff
debug_mb=2
setting all flavor to null
already have total 8 null connections
......................

== replay-dual test 21a: commit on sharing == 04:31:26 (1331865086)
mdt.lustre-MDT0000.commit_on_sharing=1
Replay barrier on lustre-MDT0000
Failing mds1 on node mft01
Stopping /mnt/mds1 (opts:) on mft01
affected facets: mds1
Failover mds1 to mft01
04:31:41 (1331865101) waiting for mft01 network 900 secs ...
04:31:41 (1331865101) network interface is UP
Starting mds1: -o loop,user_xattr,acl  /tmp/lustre-mdt1 /mnt/mds1
debug=-1
subsystem_debug=0xffb7e3ff
debug_mb=2
Started lustre-MDT0000
Starting client: mft01: -o user_xattr,acl,flock mft01@tcp:/lustre /mnt/lustre2
debug=-1
subsystem_debug=0xffb7e3ff
debug_mb=2
mdt.lustre-MDT0000.commit_on_sharing=0
Resetting fail_loc on all nodes...done.
PASS 21a (162s)
.== replay-dual replay-dual.sh test complete, duration 175 sec == 04:34:08 (1331865248)
Stopping clients: mft01 /mnt/lustre2 (opts:)
Stopping client mft01 /mnt/lustre2 opts:
