==> /var/log/messages <==
Mar 16 04:01:32 mft01 kernel: Lustre: DEBUG MARKER: only running test 3
Mar 16 04:01:32 mft01 kernel: Lustre: DEBUG MARKER: excepting tests: 15c
Mar 16 04:01:32 mft01 kernel: LustreError: 152-6: Ignoring deprecated mount option 'acl'.
Mar 16 04:01:32 mft01 kernel: Lustre: Client lustre-client has started
Mar 16 04:01:33 mft01 kernel: Lustre: DEBUG MARKER: Using TIMEOUT=20
Mar 16 04:01:33 mft01 kernel: Lustre: 10449:0:(quota_master.c:793:close_quota_files()) quota[0] is off already
Mar 16 04:01:33 mft01 kernel: Lustre: 10449:0:(quota_master.c:793:close_quota_files()) Skipped 3 previous similar messages
Mar 16 04:01:33 mft01 kernel: LustreError: 11900:0:(quota_ctl.c:328:client_quota_ctl()) ptlrpc_queue_wait failed, rc: -114
Mar 16 04:01:38 mft01 kernel: Lustre: 1628:0:(client.c:1773:ptlrpc_expire_one_request()) @@@ Request  sent has timed out for slow reply: [sent 1331863266/real 1331863266]  req@ffff88007784d000 x1396559449162864/t0(0) o400->lustre-MDT0000-mdc-ffff88007710b400@0@lo:12/10 lens 192/192 e 0 to 1 dl 1331863297 ref 1 fl Rpc:XN/0/ffffffff rc 0/-1
Mar 16 04:01:43 mft01 kernel: Lustre: DEBUG MARKER: == replay-dual test 3: |X| mkdir adir, mkdir adir/bdir == 04:01:43 (1331863303)
Mar 16 04:01:43 mft01 kernel: LustreError: 12210:0:(osd_handler.c:938:osd_ro()) *** setting device osd-ldiskfs read-only ***
Mar 16 04:01:43 mft01 kernel: Turning device loop0 (0x700000) read-only
Mar 16 04:01:43 mft01 kernel: Lustre: DEBUG MARKER: mds1 REPLAY BARRIER on lustre-MDT0000
Mar 16 04:01:43 mft01 kernel: Lustre: DEBUG MARKER: local REPLAY BARRIER on lustre-MDT0000
Mar 16 04:01:43 mft01 kernel: Alloc from readonly device loop0 (0x700000): [inode 25006] [logic 0] [goal 0] [ll 0] [pl 0] [lr 0] [pr 0] [len 1] [flags 0]
Mar 16 04:01:43 mft01 kernel: Write to readonly device loop0 (0x700000) bi_flags: f000000000000001, bi_vcnt: 1, bi_idx: 0, bi->size: 4096, bi_cnt: 2, bi_private: ffff880076168c28
Mar 16 04:01:43 mft01 kernel: Write to readonly device loop0 (0x700000) bi_flags: f000000000000001, bi_vcnt: 1, bi_idx: 0, bi->size: 4096, bi_cnt: 2, bi_private: ffff880076168c90
Mar 16 04:01:43 mft01 kernel: Write to readonly device loop0 (0x700000) bi_flags: f000000000000001, bi_vcnt: 1, bi_idx: 0, bi->size: 4096, bi_cnt: 2, bi_private: ffff880076168cf8
Mar 16 04:01:43 mft01 kernel: Write to readonly device loop0 (0x700000) bi_flags: f000000000000001, bi_vcnt: 1, bi_idx: 0, bi->size: 4096, bi_cnt: 2, bi_private: ffff880076168d60
Mar 16 04:01:43 mft01 kernel: Write to readonly device loop0 (0x700000) bi_flags: f000000000000001, bi_vcnt: 1, bi_idx: 0, bi->size: 4096, bi_cnt: 2, bi_private: ffff880076168dc8
Mar 16 04:01:43 mft01 kernel: Write to readonly device loop0 (0x700000) bi_flags: f000000000000001, bi_vcnt: 1, bi_idx: 0, bi->size: 4096, bi_cnt: 2, bi_private: ffff880076168e30
Mar 16 04:01:43 mft01 kernel: Write to readonly device loop0 (0x700000) bi_flags: f000000000000001, bi_vcnt: 1, bi_idx: 0, bi->size: 4096, bi_cnt: 2, bi_private: ffff880076168e98
Mar 16 04:01:43 mft01 kernel: Write to readonly device loop0 (0x700000) bi_flags: f000000000000001, bi_vcnt: 1, bi_idx: 0, bi->size: 4096, bi_cnt: 2, bi_private: ffff880076168f68
Mar 16 04:01:43 mft01 kernel: Write to readonly device loop0 (0x700000) bi_flags: f000000000000001, bi_vcnt: 1, bi_idx: 0, bi->size: 4096, bi_cnt: 2, bi_private: ffff880076168f00
Mar 16 04:01:43 mft01 kernel: Write to readonly device loop0 (0x700000) bi_flags: f000000000000001, bi_vcnt: 1, bi_idx: 0, bi->size: 4096, bi_cnt: 2, bi_private: ffff8800761674d8
Mar 16 04:01:43 mft01 kernel: Write to readonly device loop0 (0x700000) bi_flags: f000000000000001, bi_vcnt: 1, bi_idx: 0, bi->size: 4096, bi_cnt: 2, bi_private: ffff880076167470
Mar 16 04:01:43 mft01 kernel: Write to readonly device loop0 (0x700000) bi_flags: f000000000000001, bi_vcnt: 1, bi_idx: 0, bi->size: 4096, bi_cnt: 2, bi_private: ffff880076126130
Mar 16 04:01:43 mft01 kernel: Write to readonly device loop0 (0x700000) bi_flags: f000000000000001, bi_vcnt: 1, bi_idx: 0, bi->size: 4096, bi_cnt: 2, bi_private: ffff880076168c90
Mar 16 04:01:43 mft01 kernel: Alloc from readonly device loop0 (0x700000): [inode 25007] [logic 0] [goal 0] [ll 0] [pl 0] [lr 0] [pr 0] [len 1] [flags 0]
Mar 16 04:01:43 mft01 kernel: Write to readonly device loop0 (0x700000) bi_flags: f000000000000001, bi_vcnt: 1, bi_idx: 0, bi->size: 4096, bi_cnt: 2, bi_private: ffff880076122268
Mar 16 04:01:43 mft01 kernel: Write to readonly device loop0 (0x700000) bi_flags: f000000000000001, bi_vcnt: 1, bi_idx: 0, bi->size: 4096, bi_cnt: 2, bi_private: ffff880078ff7c28
Mar 16 04:01:43 mft01 kernel: Write to readonly device loop0 (0x700000) bi_flags: f000000000000001, bi_vcnt: 1, bi_idx: 0, bi->size: 4096, bi_cnt: 2, bi_private: ffff880078d54cf8
Mar 16 04:01:43 mft01 kernel: Write to readonly device loop0 (0x700000) bi_flags: f000000000000001, bi_vcnt: 1, bi_idx: 0, bi->size: 4096, bi_cnt: 2, bi_private: ffff880078ff7b58
Mar 16 04:01:43 mft01 kernel: Write to readonly device loop0 (0x700000) bi_flags: f000000000000001, bi_vcnt: 1, bi_idx: 0, bi->size: 4096, bi_cnt: 2, bi_private: ffff880076168dc8
Mar 16 04:01:43 mft01 kernel: Write to readonly device loop0 (0x700000) bi_flags: f000000000000001, bi_vcnt: 1, bi_idx: 0, bi->size: 4096, bi_cnt: 2, bi_private: ffff880076168e30
Mar 16 04:01:43 mft01 kernel: Write to readonly device loop0 (0x700000) bi_flags: f000000000000001, bi_vcnt: 1, bi_idx: 0, bi->size: 4096, bi_cnt: 2, bi_private: ffff880076168e98
Mar 16 04:01:43 mft01 kernel: Write to readonly device loop0 (0x700000) bi_flags: f000000000000001, bi_vcnt: 1, bi_idx: 0, bi->size: 4096, bi_cnt: 2, bi_private: ffff880076168f68
Mar 16 04:01:43 mft01 kernel: Write to readonly device loop0 (0x700000) bi_flags: f000000000000001, bi_vcnt: 1, bi_idx: 0, bi->size: 4096, bi_cnt: 2, bi_private: ffff880076168f00
Mar 16 04:01:43 mft01 kernel: Write to readonly device loop0 (0x700000) bi_flags: f000000000000001, bi_vcnt: 1, bi_idx: 0, bi->size: 4096, bi_cnt: 2, bi_private: ffff8800761674d8
Mar 16 04:01:43 mft01 kernel: Write to readonly device loop0 (0x700000) bi_flags: f000000000000001, bi_vcnt: 1, bi_idx: 0, bi->size: 4096, bi_cnt: 2, bi_private: ffff880076167470
Mar 16 04:01:43 mft01 kernel: Write to readonly device loop0 (0x700000) bi_flags: f000000000000001, bi_vcnt: 1, bi_idx: 0, bi->size: 4096, bi_cnt: 2, bi_private: ffff880076126130
Mar 16 04:01:43 mft01 kernel: Write to readonly device loop0 (0x700000) bi_flags: f000000000000001, bi_vcnt: 1, bi_idx: 0, bi->size: 4096, bi_cnt: 2, bi_private: ffff8800761260c8
Mar 16 04:01:43 mft01 kernel: Write to readonly device loop0 (0x700000) bi_flags: f000000000000001, bi_vcnt: 1, bi_idx: 0, bi->size: 4096, bi_cnt: 2, bi_private: ffff880076168e30
Mar 16 04:01:43 mft01 kernel: Write to readonly device loop0 (0x700000) bi_flags: f000000000000001, bi_vcnt: 1, bi_idx: 0, bi->size: 4096, bi_cnt: 2, bi_private: ffff880078fd63a0
Mar 16 04:01:43 mft01 kernel: Write to readonly device loop0 (0x700000) bi_flags: f000000000000001, bi_vcnt: 1, bi_idx: 0, bi->size: 4096, bi_cnt: 2, bi_private: ffff880078fc0e30
Mar 16 04:01:43 mft01 kernel: Write to readonly device loop0 (0x700000) bi_flags: f000000000000001, bi_vcnt: 1, bi_idx: 0, bi->size: 4096, bi_cnt: 2, bi_private: ffff880076168cf8
Mar 16 04:01:43 mft01 kernel: Write to readonly device loop0 (0x700000) bi_flags: f000000000000001, bi_vcnt: 1, bi_idx: 0, bi->size: 4096, bi_cnt: 2, bi_private: ffff880078fc0c28
Mar 16 04:01:43 mft01 kernel: Write to readonly device loop0 (0x700000) bi_flags: f000000000000001, bi_vcnt: 1, bi_idx: 0, bi->size: 4096, bi_cnt: 2, bi_private: ffff880078c6cc90
Mar 16 04:01:43 mft01 kernel: Write to readonly device loop0 (0x700000) bi_flags: f000000000000001, bi_vcnt: 1, bi_idx: 0, bi->size: 4096, bi_cnt: 2, bi_private: ffff880076122408
Mar 16 04:01:43 mft01 kernel: Write to readonly device loop0 (0x700000) bi_flags: f000000000000001, bi_vcnt: 1, bi_idx: 0, bi->size: 4096, bi_cnt: 2, bi_private: ffff8800761222d0
Mar 16 04:01:43 mft01 kernel: Write to readonly device loop0 (0x700000) bi_flags: f000000000000001, bi_vcnt: 1, bi_idx: 0, bi->size: 4096, bi_cnt: 2, bi_private: ffff880078ff7880
Mar 16 04:01:44 mft01 kernel: Lustre: Failing over lustre-MDT0000
Mar 16 04:01:44 mft01 kernel: Lustre: Skipped 4 previous similar messages
Mar 16 04:01:44 mft01 kernel: Write to readonly device loop0 (0x700000) bi_flags: f000000000000001, bi_vcnt: 1, bi_idx: 0, bi->size: 4096, bi_cnt: 2, bi_private: ffff880076168f68
Mar 16 04:01:44 mft01 kernel: Release to readonly device loop0 (0x700000): [inode 34] [block 17131] [count 3] [is_meta 1]
Mar 16 04:01:44 mft01 kernel: Release to readonly device loop0 (0x700000): [inode 33] [block 17128] [count 3] [is_meta 1]
Mar 16 04:01:44 mft01 kernel: Lustre: mdd_obd-lustre-MDT0000: shutting down for failover; client state will be preserved.
Mar 16 04:01:44 mft01 kernel: Write to readonly device loop0 (0x700000) bi_flags: f000000000000001, bi_vcnt: 1, bi_idx: 0, bi->size: 4096, bi_cnt: 2, bi_private: ffff880076168f00
Mar 16 04:01:44 mft01 kernel: Write to readonly device loop0 (0x700000) bi_flags: f000000000000001, bi_vcnt: 1, bi_idx: 0, bi->size: 4096, bi_cnt: 2, bi_private: ffff8800761674d8
Mar 16 04:01:44 mft01 kernel: Write to readonly device loop0 (0x700000) bi_flags: f000000000000001, bi_vcnt: 1, bi_idx: 0, bi->size: 4096, bi_cnt: 2, bi_private: ffff880076167470
Mar 16 04:01:44 mft01 kernel: Write to readonly device loop0 (0x700000) bi_flags: f000000000000001, bi_vcnt: 1, bi_idx: 0, bi->size: 4096, bi_cnt: 2, bi_private: ffff880076126130
Mar 16 04:01:44 mft01 kernel: Write to readonly device loop0 (0x700000) bi_flags: f000000000000001, bi_vcnt: 1, bi_idx: 0, bi->size: 4096, bi_cnt: 2, bi_private: ffff8800761260c8
Mar 16 04:01:44 mft01 kernel: Write to readonly device loop0 (0x700000) bi_flags: f000000000000001, bi_vcnt: 1, bi_idx: 0, bi->size: 4096, bi_cnt: 2, bi_private: ffff880078d7d130
Mar 16 04:01:44 mft01 kernel: Write to readonly device loop0 (0x700000) bi_flags: f000000000000001, bi_vcnt: 1, bi_idx: 0, bi->size: 4096, bi_cnt: 2, bi_private: ffff880078d7d198
Mar 16 04:01:44 mft01 kernel: Write to readonly device loop0 (0x700000) bi_flags: f000000000000001, bi_vcnt: 1, bi_idx: 0, bi->size: 4096, bi_cnt: 2, bi_private: ffff880078d7d200
Mar 16 04:01:44 mft01 kernel: Write to readonly device loop0 (0x700000) bi_flags: f000000000000001, bi_vcnt: 1, bi_idx: 0, bi->size: 4096, bi_cnt: 2, bi_private: ffff880078d7d268
Mar 16 04:01:44 mft01 kernel: Write to readonly device loop0 (0x700000) bi_flags: f000000000000001, bi_vcnt: 1, bi_idx: 0, bi->size: 4096, bi_cnt: 2, bi_private: ffff880078d7d2d0
Mar 16 04:01:44 mft01 kernel: Write to readonly device loop0 (0x700000) bi_flags: f000000000000001, bi_vcnt: 1, bi_idx: 0, bi->size: 4096, bi_cnt: 2, bi_private: ffff880078d7d338
Mar 16 04:01:44 mft01 kernel: Write to readonly device loop0 (0x700000) bi_flags: f000000000000001, bi_vcnt: 1, bi_idx: 0, bi->size: 4096, bi_cnt: 2, bi_private: ffff880078d7d3a0
Mar 16 04:01:44 mft01 kernel: Write to readonly device loop0 (0x700000) bi_flags: f000000000000001, bi_vcnt: 1, bi_idx: 0, bi->size: 4096, bi_cnt: 2, bi_private: ffff8800761674d8
Mar 16 04:01:44 mft01 kernel: Lustre: MGS has stopped.
Mar 16 04:01:47 mft01 kernel: Write to readonly device loop0 (0x700000) bi_flags: f000000000000001, bi_vcnt: 1, bi_idx: 0, bi->size: 4096, bi_cnt: 2, bi_private: ffff880078fd64d8
Mar 16 04:01:47 mft01 kernel: Write to readonly device loop0 (0x700000) bi_flags: f000000000000001, bi_vcnt: 1, bi_idx: 0, bi->size: 4096, bi_cnt: 2, bi_private: ffff880078fd63a0
Mar 16 04:01:47 mft01 kernel: Write to readonly device loop0 (0x700000) bi_flags: f000000000000001, bi_vcnt: 1, bi_idx: 0, bi->size: 4096, bi_cnt: 2, bi_private: ffff880076110200
Mar 16 04:01:47 mft01 kernel: Write to readonly device loop0 (0x700000) bi_flags: f000000000000001, bi_vcnt: 1, bi_idx: 0, bi->size: 4096, bi_cnt: 2, bi_private: ffff880078ff7c28
Mar 16 04:01:47 mft01 kernel: Write to readonly device loop0 (0x700000) bi_flags: f000000000000001, bi_vcnt: 1, bi_idx: 0, bi->size: 4096, bi_cnt: 2, bi_private: ffff880078ffccf8
Mar 16 04:01:47 mft01 kernel: Write to readonly device loop0 (0x700000) bi_flags: f000000000000001, bi_vcnt: 1, bi_idx: 0, bi->size: 4096, bi_cnt: 2, bi_private: ffff880078d54cf8
Mar 16 04:01:47 mft01 kernel: Write to readonly device loop0 (0x700000) bi_flags: f000000000000001, bi_vcnt: 1, bi_idx: 0, bi->size: 4096, bi_cnt: 2, bi_private: ffff880076122408
Mar 16 04:01:47 mft01 kernel: Write to readonly device loop0 (0x700000) bi_flags: f000000000000001, bi_vcnt: 1, bi_idx: 0, bi->size: 4096, bi_cnt: 2, bi_private: ffff880078ff7d60
Mar 16 04:01:47 mft01 kernel: Write to readonly device loop0 (0x700000) bi_flags: f000000000000001, bi_vcnt: 1, bi_idx: 0, bi->size: 4096, bi_cnt: 2, bi_private: ffff880078ff7dc8
Mar 16 04:01:47 mft01 kernel: Write to readonly device loop0 (0x700000) bi_flags: f000000000000001, bi_vcnt: 1, bi_idx: 0, bi->size: 4096, bi_cnt: 2, bi_private: ffff880078ff7678
Mar 16 04:01:47 mft01 kernel: Write to readonly device loop0 (0x700000) bi_flags: f000000000000001, bi_vcnt: 1, bi_idx: 0, bi->size: 4096, bi_cnt: 2, bi_private: ffff880078ff76e0
Mar 16 04:01:47 mft01 kernel: Write to readonly device loop0 (0x700000) bi_flags: f000000000000001, bi_vcnt: 1, bi_idx: 0, bi->size: 4096, bi_cnt: 2, bi_private: ffff880078fd64d8
Mar 16 04:01:47 mft01 kernel: Write to readonly device loop0 (0x700000) bi_flags: f000000000000001, bi_vcnt: 1, bi_idx: 0, bi->size: 4096, bi_cnt: 2, bi_private: ffff8800761228e8
Mar 16 04:01:47 mft01 kernel: Write to readonly device loop0 (0x700000) bi_flags: f000000000000001, bi_vcnt: 1, bi_idx: 0, bi->size: 4096, bi_cnt: 2, bi_private: ffff8800761228e8
Mar 16 04:01:47 mft01 kernel: Write to readonly device loop0 (0x700000) bi_flags: f000000000000001, bi_vcnt: 1, bi_idx: 0, bi->size: 4096, bi_cnt: 2, bi_private: ffff8800761228e8
Mar 16 04:01:47 mft01 kernel: Write to readonly device loop0 (0x700000) bi_flags: f000000000000001, bi_vcnt: 1, bi_idx: 0, bi->size: 4096, bi_cnt: 2, bi_private: ffff880078fd64d8
Mar 16 04:01:47 mft01 kernel: Removing read-only on unknown block (0x700000)
Mar 16 04:01:47 mft01 kernel: Lustre: server umount lustre-MDT0000 complete
Mar 16 04:01:57 mft01 kernel: LDISKFS-fs warning (device loop0): ldiskfs_fill_super: extents feature not enabled on this filesystem, use tune2fs.
Mar 16 04:01:57 mft01 kernel: LDISKFS-fs (loop0): recovery complete
Mar 16 04:01:57 mft01 kernel: LDISKFS-fs (loop0): mounted filesystem with ordered data mode
Mar 16 04:01:57 mft01 kernel: LDISKFS-fs warning (device loop0): ldiskfs_fill_super: extents feature not enabled on this filesystem, use tune2fs.
Mar 16 04:01:57 mft01 kernel: LDISKFS-fs (loop0): mounted filesystem with ordered data mode
Mar 16 04:01:57 mft01 kernel: Lustre: MGS MGS started
Mar 16 04:01:57 mft01 kernel: LustreError: 166-1: MGC10.3.0.187@tcp: Connection to service MGS via nid 0@lo was lost; in progress operations using this service will fail.
Mar 16 04:01:57 mft01 kernel: Lustre: MGC10.3.0.187@tcp: Reactivating import
Mar 16 04:01:57 mft01 kernel: Lustre: Skipped 1 previous similar message
Mar 16 04:01:57 mft01 kernel: Lustre: 12370:0:(sec.c:1474:sptlrpc_import_sec_adapt()) import MGS->NET_0x9000000000000_UUID netid 90000: select flavor null
Mar 16 04:01:57 mft01 kernel: Lustre: 12370:0:(sec.c:1474:sptlrpc_import_sec_adapt()) Skipped 42 previous similar messages
Mar 16 04:01:57 mft01 kernel: Lustre: Enabling ACL
Mar 16 04:01:57 mft01 kernel: Lustre: Enabling user_xattr
Mar 16 04:01:57 mft01 kernel: Lustre: lustre-MDT0000: used disk, loading
Mar 16 04:01:57 mft01 kernel: Lustre: 12372:0:(ldlm_lib.c:1900:target_recovery_init()) RECOVERY: service lustre-MDT0000, 2 recoverable clients, last_transno 21474836481
Mar 16 04:01:57 mft01 kernel: LustreError: 12376:0:(ldlm_lib.c:1737:target_recovery_thread()) lustre-MDT0000: started recovery thread pid 12376
Mar 16 04:01:57 mft01 kernel: Lustre: 12372:0:(mdt_lproc.c:259:lprocfs_wr_identity_upcall()) lustre-MDT0000: identity upcall set to /usr/sbin/l_getidentity
Mar 16 04:01:57 mft01 kernel: Lustre: 12372:0:(mds_lov.c:1004:mds_notify()) MDS mdd_obd-lustre-MDT0000: add target lustre-OST0000_UUID
Mar 16 04:01:57 mft01 kernel: Lustre: 12372:0:(mds_lov.c:1004:mds_notify()) Skipped 1 previous similar message
Mar 16 04:01:57 mft01 kernel: Lustre: 2303:0:(ldlm_lib.c:802:target_handle_connect()) lustre-OST0000: received new MDS connection from NID 0@lo, removing former export from same NID
Mar 16 04:01:57 mft01 kernel: Lustre: 2303:0:(ldlm_lib.c:802:target_handle_connect()) Skipped 1 previous similar message
Mar 16 04:01:57 mft01 kernel: Lustre: 2303:0:(filter.c:2710:filter_connect_internal()) lustre-OST0000: Received MDS connection for group 0
Mar 16 04:01:57 mft01 kernel: Lustre: 2303:0:(filter.c:2710:filter_connect_internal()) Skipped 1 previous similar message
Mar 16 04:01:57 mft01 kernel: Lustre: 1629:0:(mds_lov.c:1024:mds_notify()) MDS mdd_obd-lustre-MDT0000: in recovery, not resetting orphans on lustre-OST0000_UUID
Mar 16 04:01:57 mft01 kernel: Lustre: 1629:0:(mds_lov.c:1024:mds_notify()) Skipped 3 previous similar messages
Mar 16 04:01:57 mft01 kernel: LustreError: 12378:0:(mdt_handler.c:2785:mdt_recovery()) operation 400 on unconnected MDS from 12345-0@lo
Mar 16 04:01:57 mft01 kernel: LustreError: 12378:0:(mdt_handler.c:2785:mdt_recovery()) Skipped 1 previous similar message
Mar 16 04:01:57 mft01 kernel: Lustre: lustre-MDT0000-mdc-ffff88007710b400: Connection to service lustre-MDT0000 via nid 0@lo was lost; in progress operations using this service will wait for recovery to complete.
Mar 16 04:01:57 mft01 kernel: Lustre: Skipped 1 previous similar message
Mar 16 04:01:57 mft01 kernel: Lustre: 12408:0:(debug.c:326:libcfs_debug_str2mask()) You are trying to use a numerical value for the mask - this will be deprecated in a future release.
Mar 16 04:01:57 mft01 kernel: Lustre: 12408:0:(debug.c:326:libcfs_debug_str2mask()) Skipped 19 previous similar messages
Mar 16 04:01:57 mft01 kernel: Lustre: 12378:0:(ldlm_lib.c:2026:target_queue_recovery_request()) Next recovery transno: 21474836482, current: 21474836482, replaying
Mar 16 04:01:57 mft01 kernel: Lustre: 12378:0:(ldlm_lib.c:2026:target_queue_recovery_request()) Skipped 2 previous similar messages
Mar 16 04:01:57 mft01 kernel: LustreError: 12376:0:(ldlm_lib.c:1510:check_for_next_transno()) lustre-MDT0000: waking for gap in transno, VBR is OFF (skip: 21474836485, ql: 1, comp: 1, conn: 2, next: 21474836486, last_committed: 21474836481)
Mar 16 04:01:57 mft01 kernel: Lustre: lustre-MDT0000-mdc-ffff88007710b400: Connection restored to service lustre-MDT0000 using nid 0@lo.
Mar 16 04:01:57 mft01 kernel: Lustre: Skipped 1 previous similar message
Mar 16 04:01:57 mft01 kernel: Lustre: lustre-MDT0000: sending delayed replies to recovered clients
Mar 16 04:01:57 mft01 kernel: Lustre: lustre-OST0001: received MDS connection from 0@lo
Mar 16 04:01:57 mft01 kernel: Lustre: Skipped 1 previous similar message
Mar 16 04:01:57 mft01 kernel: Lustre: 2303:0:(lustre_log.h:471:llog_group_set_export()) lustre-OST0000: export for group 0 is changed: 0xffff88007985cc00 -> 0xffff880079815400
Mar 16 04:01:57 mft01 kernel: Lustre: 2303:0:(lustre_log.h:471:llog_group_set_export()) Skipped 3 previous similar messages
Mar 16 04:01:57 mft01 kernel: Lustre: 2303:0:(llog_net.c:168:llog_receptor_accept()) changing the import ffff880075427800 - ffff880078a32800
Mar 16 04:01:57 mft01 kernel: Lustre: 2303:0:(llog_net.c:168:llog_receptor_accept()) Skipped 3 previous similar messages
Mar 16 04:01:57 mft01 kernel: Lustre: 2304:0:(filter.c:2566:filter_llog_connect()) lustre-OST0001: Recovery from log 0x20/0x0:be68561d
Mar 16 04:01:57 mft01 kernel: Lustre: 2304:0:(filter.c:2566:filter_llog_connect()) Skipped 1 previous similar message
Mar 16 04:01:57 mft01 kernel: Lustre: MDS mdd_obd-lustre-MDT0000: lustre-OST0001_UUID now active, resetting orphans
Mar 16 04:01:57 mft01 kernel: Lustre: Skipped 1 previous similar message
Mar 16 04:02:05 mft01 kernel: Lustre: DEBUG MARKER: == replay-dual replay-dual.sh test complete, duration 33 sec == 04:02:05 (1331863325)
Mar 16 04:02:05 mft01 kernel: LustreError: 12670:0:(ldlm_request.c:1172:ldlm_cli_cancel_req()) Got rc -108 from cancel RPC: canceling anyway
Mar 16 04:02:05 mft01 kernel: LustreError: 12670:0:(ldlm_request.c:1799:ldlm_cli_cancel_list()) ldlm_cli_cancel_list: -108
Mar 16 04:02:05 mft01 kernel: Lustre: client ffff88007a404800 umount complete
