==> /var/log/messages <==
Mar 16 04:03:03 mft01 kernel: Lustre: DEBUG MARKER: only running test 5
Mar 16 04:03:03 mft01 kernel: Lustre: DEBUG MARKER: excepting tests: 15c
Mar 16 04:03:03 mft01 kernel: LustreError: 152-6: Ignoring deprecated mount option 'acl'.
Mar 16 04:03:03 mft01 kernel: LustreError: Skipped 1 previous similar message
Mar 16 04:03:03 mft01 kernel: Lustre: DEBUG MARKER: Using TIMEOUT=20
Mar 16 04:03:03 mft01 kernel: Lustre: 14309:0:(quota_master.c:793:close_quota_files()) quota[0] is off already
Mar 16 04:03:03 mft01 kernel: Lustre: 14309:0:(quota_master.c:793:close_quota_files()) Skipped 7 previous similar messages
Mar 16 04:03:03 mft01 kernel: LustreError: 15761:0:(quota_ctl.c:328:client_quota_ctl()) ptlrpc_queue_wait failed, rc: -114
Mar 16 04:03:09 mft01 kernel: Lustre: 1628:0:(client.c:1773:ptlrpc_expire_one_request()) @@@ Request  sent has timed out for slow reply: [sent 1331863357/real 1331863357]  req@ffff88007924fc00 x1396559449163200/t0(0) o400->lustre-MDT0000-mdc-ffff88007710b400@0@lo:12/10 lens 192/192 e 0 to 1 dl 1331863388 ref 1 fl Rpc:XN/0/ffffffff rc 0/-1
Mar 16 04:03:14 mft01 kernel: Lustre: DEBUG MARKER: == replay-dual test 5: open, unlink |X| close == 04:03:14 (1331863394)
Mar 16 04:03:14 mft01 kernel: LustreError: 16078:0:(osd_handler.c:938:osd_ro()) *** setting device osd-ldiskfs read-only ***
Mar 16 04:03:14 mft01 kernel: Turning device loop0 (0x700000) read-only
Mar 16 04:03:14 mft01 kernel: Lustre: DEBUG MARKER: mds1 REPLAY BARRIER on lustre-MDT0000
Mar 16 04:03:14 mft01 kernel: Lustre: DEBUG MARKER: local REPLAY BARRIER on lustre-MDT0000
Mar 16 04:03:14 mft01 kernel: Write to readonly device loop0 (0x700000) bi_flags: f000000000000001, bi_vcnt: 1, bi_idx: 0, bi->size: 4096, bi_cnt: 2, bi_private: ffff880078d4e610
Mar 16 04:03:14 mft01 kernel: Write to readonly device loop0 (0x700000) bi_flags: f000000000000001, bi_vcnt: 1, bi_idx: 0, bi->size: 4096, bi_cnt: 2, bi_private: ffff880078d4e5a8
Mar 16 04:03:14 mft01 kernel: Write to readonly device loop0 (0x700000) bi_flags: f000000000000001, bi_vcnt: 1, bi_idx: 0, bi->size: 4096, bi_cnt: 2, bi_private: ffff880078d4e540
Mar 16 04:03:14 mft01 kernel: Write to readonly device loop0 (0x700000) bi_flags: f000000000000001, bi_vcnt: 1, bi_idx: 0, bi->size: 4096, bi_cnt: 2, bi_private: ffff880078d4e4d8
Mar 16 04:03:14 mft01 kernel: Write to readonly device loop0 (0x700000) bi_flags: f000000000000001, bi_vcnt: 1, bi_idx: 0, bi->size: 4096, bi_cnt: 2, bi_private: ffff880078d4e470
Mar 16 04:03:14 mft01 kernel: Write to readonly device loop0 (0x700000) bi_flags: f000000000000001, bi_vcnt: 1, bi_idx: 0, bi->size: 4096, bi_cnt: 2, bi_private: ffff880078d4e408
Mar 16 04:03:14 mft01 kernel: Write to readonly device loop0 (0x700000) bi_flags: f000000000000001, bi_vcnt: 1, bi_idx: 0, bi->size: 4096, bi_cnt: 2, bi_private: ffff880078d4e3a0
Mar 16 04:03:14 mft01 kernel: Write to readonly device loop0 (0x700000) bi_flags: f000000000000001, bi_vcnt: 1, bi_idx: 0, bi->size: 4096, bi_cnt: 2, bi_private: ffff880078d4e338
Mar 16 04:03:14 mft01 kernel: Write to readonly device loop0 (0x700000) bi_flags: f000000000000001, bi_vcnt: 1, bi_idx: 0, bi->size: 4096, bi_cnt: 2, bi_private: ffff880078d4e2d0
Mar 16 04:03:14 mft01 kernel: Write to readonly device loop0 (0x700000) bi_flags: f000000000000001, bi_vcnt: 1, bi_idx: 0, bi->size: 4096, bi_cnt: 2, bi_private: ffff880078d4e5a8
Mar 16 04:03:14 mft01 kernel: Write to readonly device loop0 (0x700000) bi_flags: f000000000000001, bi_vcnt: 1, bi_idx: 0, bi->size: 4096, bi_cnt: 2, bi_private: ffff880076110408
Mar 16 04:03:14 mft01 kernel: Write to readonly device loop0 (0x700000) bi_flags: f000000000000001, bi_vcnt: 1, bi_idx: 0, bi->size: 4096, bi_cnt: 2, bi_private: ffff880078d7d4d8
Mar 16 04:03:14 mft01 kernel: Write to readonly device loop0 (0x700000) bi_flags: f000000000000001, bi_vcnt: 1, bi_idx: 0, bi->size: 4096, bi_cnt: 2, bi_private: ffff880076110610
Mar 16 04:03:14 mft01 kernel: Write to readonly device loop0 (0x700000) bi_flags: f000000000000001, bi_vcnt: 1, bi_idx: 0, bi->size: 4096, bi_cnt: 2, bi_private: ffff880078d4e4d8
Mar 16 04:03:14 mft01 kernel: Write to readonly device loop0 (0x700000) bi_flags: f000000000000001, bi_vcnt: 1, bi_idx: 0, bi->size: 4096, bi_cnt: 2, bi_private: ffff880078d4e470
Mar 16 04:03:14 mft01 kernel: Write to readonly device loop0 (0x700000) bi_flags: f000000000000001, bi_vcnt: 1, bi_idx: 0, bi->size: 4096, bi_cnt: 2, bi_private: ffff880078d4e408
Mar 16 04:03:14 mft01 kernel: Write to readonly device loop0 (0x700000) bi_flags: f000000000000001, bi_vcnt: 1, bi_idx: 0, bi->size: 4096, bi_cnt: 2, bi_private: ffff880078d4e3a0
Mar 16 04:03:14 mft01 kernel: Write to readonly device loop0 (0x700000) bi_flags: f000000000000001, bi_vcnt: 1, bi_idx: 0, bi->size: 4096, bi_cnt: 2, bi_private: ffff880078d4e338
Mar 16 04:03:14 mft01 kernel: Write to readonly device loop0 (0x700000) bi_flags: f000000000000001, bi_vcnt: 1, bi_idx: 0, bi->size: 4096, bi_cnt: 2, bi_private: ffff880078d4e2d0
Mar 16 04:03:14 mft01 kernel: Write to readonly device loop0 (0x700000) bi_flags: f000000000000001, bi_vcnt: 1, bi_idx: 0, bi->size: 4096, bi_cnt: 2, bi_private: ffff880078d4e268
Mar 16 04:03:14 mft01 kernel: Write to readonly device loop0 (0x700000) bi_flags: f000000000000001, bi_vcnt: 1, bi_idx: 0, bi->size: 4096, bi_cnt: 2, bi_private: ffff880078d4e470
Mar 16 04:03:15 mft01 kernel: Write to readonly device loop0 (0x700000) bi_flags: f000000000000001, bi_vcnt: 1, bi_idx: 0, bi->size: 4096, bi_cnt: 2, bi_private: ffff880078d7de98
Mar 16 04:03:15 mft01 kernel: Write to readonly device loop0 (0x700000) bi_flags: f000000000000001, bi_vcnt: 1, bi_idx: 0, bi->size: 4096, bi_cnt: 2, bi_private: ffff88007616b880
Mar 16 04:03:15 mft01 kernel: Write to readonly device loop0 (0x700000) bi_flags: f000000000000001, bi_vcnt: 1, bi_idx: 0, bi->size: 4096, bi_cnt: 2, bi_private: ffff880078ff7c28
Mar 16 04:03:15 mft01 kernel: Write to readonly device loop0 (0x700000) bi_flags: f000000000000001, bi_vcnt: 1, bi_idx: 0, bi->size: 4096, bi_cnt: 2, bi_private: ffff880078d7d540
Mar 16 04:03:15 mft01 kernel: Write to readonly device loop0 (0x700000) bi_flags: f000000000000001, bi_vcnt: 1, bi_idx: 0, bi->size: 4096, bi_cnt: 2, bi_private: ffff8800761106e0
Mar 16 04:03:15 mft01 kernel: Write to readonly device loop0 (0x700000) bi_flags: f000000000000001, bi_vcnt: 1, bi_idx: 0, bi->size: 4096, bi_cnt: 2, bi_private: ffff88007616ba20
Mar 16 04:03:15 mft01 kernel: Lustre: Failing over lustre-MDT0000
Mar 16 04:03:15 mft01 kernel: Lustre: Skipped 4 previous similar messages
Mar 16 04:03:15 mft01 kernel: Write to readonly device loop0 (0x700000) bi_flags: f000000000000001, bi_vcnt: 1, bi_idx: 0, bi->size: 4096, bi_cnt: 2, bi_private: ffff880078d4e2d0
Mar 16 04:03:15 mft01 kernel: Release to readonly device loop0 (0x700000): [inode 36] [block 17131] [count 3] [is_meta 1]
Mar 16 04:03:15 mft01 kernel: Release to readonly device loop0 (0x700000): [inode 34] [block 17128] [count 3] [is_meta 1]
Mar 16 04:03:15 mft01 kernel: Lustre: mdd_obd-lustre-MDT0000: shutting down for failover; client state will be preserved.
Mar 16 04:03:15 mft01 kernel: Release to readonly device loop0 (0x700000): [inode 37] [block 30443] [count 3] [is_meta 1]
Mar 16 04:03:15 mft01 kernel: Release to readonly device loop0 (0x700000): [inode 27] [block 30440] [count 3] [is_meta 1]
Mar 16 04:03:15 mft01 kernel: Write to readonly device loop0 (0x700000) bi_flags: f000000000000001, bi_vcnt: 1, bi_idx: 0, bi->size: 4096, bi_cnt: 2, bi_private: ffff880078d4e268
Mar 16 04:03:15 mft01 kernel: Write to readonly device loop0 (0x700000) bi_flags: f000000000000001, bi_vcnt: 1, bi_idx: 0, bi->size: 4096, bi_cnt: 2, bi_private: ffff880078fcbf00
Mar 16 04:03:15 mft01 kernel: Write to readonly device loop0 (0x700000) bi_flags: f000000000000001, bi_vcnt: 1, bi_idx: 0, bi->size: 4096, bi_cnt: 2, bi_private: ffff880078fcbe98
Mar 16 04:03:15 mft01 kernel: Write to readonly device loop0 (0x700000) bi_flags: f000000000000001, bi_vcnt: 1, bi_idx: 0, bi->size: 4096, bi_cnt: 2, bi_private: ffff880078fcbe30
Mar 16 04:03:15 mft01 kernel: Write to readonly device loop0 (0x700000) bi_flags: f000000000000001, bi_vcnt: 1, bi_idx: 0, bi->size: 4096, bi_cnt: 2, bi_private: ffff880078fcbdc8
Mar 16 04:03:15 mft01 kernel: Write to readonly device loop0 (0x700000) bi_flags: f000000000000001, bi_vcnt: 1, bi_idx: 0, bi->size: 4096, bi_cnt: 2, bi_private: ffff880078fcbd60
Mar 16 04:03:15 mft01 kernel: Write to readonly device loop0 (0x700000) bi_flags: f000000000000001, bi_vcnt: 1, bi_idx: 0, bi->size: 4096, bi_cnt: 2, bi_private: ffff880078fcbcf8
Mar 16 04:03:15 mft01 kernel: Write to readonly device loop0 (0x700000) bi_flags: f000000000000001, bi_vcnt: 1, bi_idx: 0, bi->size: 4096, bi_cnt: 2, bi_private: ffff880078fcbc90
Mar 16 04:03:15 mft01 kernel: Write to readonly device loop0 (0x700000) bi_flags: f000000000000001, bi_vcnt: 1, bi_idx: 0, bi->size: 4096, bi_cnt: 2, bi_private: ffff880078fcbc28
Mar 16 04:03:15 mft01 kernel: Write to readonly device loop0 (0x700000) bi_flags: f000000000000001, bi_vcnt: 1, bi_idx: 0, bi->size: 4096, bi_cnt: 2, bi_private: ffff880078fcbbc0
Mar 16 04:03:15 mft01 kernel: Write to readonly device loop0 (0x700000) bi_flags: f000000000000001, bi_vcnt: 1, bi_idx: 0, bi->size: 4096, bi_cnt: 2, bi_private: ffff880078fcbb58
Mar 16 04:03:15 mft01 kernel: Write to readonly device loop0 (0x700000) bi_flags: f000000000000001, bi_vcnt: 1, bi_idx: 0, bi->size: 4096, bi_cnt: 2, bi_private: ffff880078fcbaf0
Mar 16 04:03:15 mft01 kernel: Write to readonly device loop0 (0x700000) bi_flags: f000000000000001, bi_vcnt: 1, bi_idx: 0, bi->size: 4096, bi_cnt: 2, bi_private: ffff880078fcba88
Mar 16 04:03:15 mft01 kernel: Write to readonly device loop0 (0x700000) bi_flags: f000000000000001, bi_vcnt: 1, bi_idx: 0, bi->size: 4096, bi_cnt: 2, bi_private: ffff880078fcbf00
Mar 16 04:03:15 mft01 kernel: Lustre: MGS has stopped.
Mar 16 04:03:18 mft01 kernel: Write to readonly device loop0 (0x700000) bi_flags: f000000000000001, bi_vcnt: 1, bi_idx: 0, bi->size: 4096, bi_cnt: 2, bi_private: ffff880078d7df68
Mar 16 04:03:18 mft01 kernel: Write to readonly device loop0 (0x700000) bi_flags: f000000000000001, bi_vcnt: 1, bi_idx: 0, bi->size: 4096, bi_cnt: 2, bi_private: ffff880078d7de98
Mar 16 04:03:18 mft01 kernel: Write to readonly device loop0 (0x700000) bi_flags: f000000000000001, bi_vcnt: 1, bi_idx: 0, bi->size: 4096, bi_cnt: 2, bi_private: ffff880078ff7f00
Mar 16 04:03:18 mft01 kernel: Write to readonly device loop0 (0x700000) bi_flags: f000000000000001, bi_vcnt: 1, bi_idx: 0, bi->size: 4096, bi_cnt: 2, bi_private: ffff88007616b880
Mar 16 04:03:18 mft01 kernel: Write to readonly device loop0 (0x700000) bi_flags: f000000000000001, bi_vcnt: 1, bi_idx: 0, bi->size: 4096, bi_cnt: 2, bi_private: ffff88007616b408
Mar 16 04:03:18 mft01 kernel: Write to readonly device loop0 (0x700000) bi_flags: f000000000000001, bi_vcnt: 1, bi_idx: 0, bi->size: 4096, bi_cnt: 2, bi_private: ffff880078d7d5a8
Mar 16 04:03:18 mft01 kernel: Write to readonly device loop0 (0x700000) bi_flags: f000000000000001, bi_vcnt: 1, bi_idx: 0, bi->size: 4096, bi_cnt: 2, bi_private: ffff880078d7d540
Mar 16 04:03:18 mft01 kernel: Write to readonly device loop0 (0x700000) bi_flags: f000000000000001, bi_vcnt: 1, bi_idx: 0, bi->size: 4096, bi_cnt: 2, bi_private: ffff880076110610
Mar 16 04:03:18 mft01 kernel: Write to readonly device loop0 (0x700000) bi_flags: f000000000000001, bi_vcnt: 1, bi_idx: 0, bi->size: 4096, bi_cnt: 2, bi_private: ffff88007616b7b0
Mar 16 04:03:18 mft01 kernel: Write to readonly device loop0 (0x700000) bi_flags: f000000000000001, bi_vcnt: 1, bi_idx: 0, bi->size: 4096, bi_cnt: 2, bi_private: ffff88007616b748
Mar 16 04:03:18 mft01 kernel: Write to readonly device loop0 (0x700000) bi_flags: f000000000000001, bi_vcnt: 1, bi_idx: 0, bi->size: 4096, bi_cnt: 2, bi_private: ffff88007616b2d0
Mar 16 04:03:18 mft01 kernel: Write to readonly device loop0 (0x700000) bi_flags: f000000000000001, bi_vcnt: 1, bi_idx: 0, bi->size: 4096, bi_cnt: 2, bi_private: ffff88007616b200
Mar 16 04:03:18 mft01 kernel: Write to readonly device loop0 (0x700000) bi_flags: f000000000000001, bi_vcnt: 1, bi_idx: 0, bi->size: 4096, bi_cnt: 2, bi_private: ffff880078d7df68
Mar 16 04:03:18 mft01 kernel: Write to readonly device loop0 (0x700000) bi_flags: f000000000000001, bi_vcnt: 1, bi_idx: 0, bi->size: 4096, bi_cnt: 2, bi_private: ffff880078d7d268
Mar 16 04:03:18 mft01 kernel: Write to readonly device loop0 (0x700000) bi_flags: f000000000000001, bi_vcnt: 1, bi_idx: 0, bi->size: 4096, bi_cnt: 2, bi_private: ffff880078d7d268
Mar 16 04:03:18 mft01 kernel: Write to readonly device loop0 (0x700000) bi_flags: f000000000000001, bi_vcnt: 1, bi_idx: 0, bi->size: 4096, bi_cnt: 2, bi_private: ffff880078d7d268
Mar 16 04:03:18 mft01 kernel: Write to readonly device loop0 (0x700000) bi_flags: f000000000000001, bi_vcnt: 1, bi_idx: 0, bi->size: 4096, bi_cnt: 2, bi_private: ffff880078d7df68
Mar 16 04:03:18 mft01 kernel: Removing read-only on unknown block (0x700000)
Mar 16 04:03:18 mft01 kernel: Lustre: server umount lustre-MDT0000 complete
Mar 16 04:03:21 mft01 auditd[1105]: Audit daemon rotating log files
Mar 16 04:03:28 mft01 kernel: LDISKFS-fs warning (device loop0): ldiskfs_fill_super: extents feature not enabled on this filesystem, use tune2fs.
Mar 16 04:03:28 mft01 kernel: LDISKFS-fs (loop0): 2 orphan inodes deleted
Mar 16 04:03:28 mft01 kernel: LDISKFS-fs (loop0): recovery complete
Mar 16 04:03:28 mft01 kernel: LDISKFS-fs (loop0): mounted filesystem with ordered data mode
Mar 16 04:03:28 mft01 kernel: LDISKFS-fs warning (device loop0): ldiskfs_fill_super: extents feature not enabled on this filesystem, use tune2fs.
Mar 16 04:03:28 mft01 kernel: LDISKFS-fs (loop0): mounted filesystem with ordered data mode
Mar 16 04:03:28 mft01 kernel: Lustre: MGS MGS started
Mar 16 04:03:28 mft01 kernel: LustreError: 166-1: MGC10.3.0.187@tcp: Connection to service MGS via nid 0@lo was lost; in progress operations using this service will fail.
Mar 16 04:03:28 mft01 kernel: Lustre: MGC10.3.0.187@tcp: Reactivating import
Mar 16 04:03:28 mft01 kernel: Lustre: Skipped 1 previous similar message
Mar 16 04:03:28 mft01 kernel: Lustre: Enabling ACL
Mar 16 04:03:28 mft01 kernel: Lustre: Enabling user_xattr
Mar 16 04:03:28 mft01 kernel: Lustre: lustre-MDT0000: used disk, loading
Mar 16 04:03:28 mft01 kernel: Lustre: 16238:0:(ldlm_lib.c:1900:target_recovery_init()) RECOVERY: service lustre-MDT0000, 2 recoverable clients, last_transno 30064771077
Mar 16 04:03:28 mft01 kernel: LustreError: 16242:0:(ldlm_lib.c:1737:target_recovery_thread()) lustre-MDT0000: started recovery thread pid 16242
Mar 16 04:03:28 mft01 kernel: Lustre: 16238:0:(mdt_lproc.c:259:lprocfs_wr_identity_upcall()) lustre-MDT0000: identity upcall set to /usr/sbin/l_getidentity
Mar 16 04:03:28 mft01 kernel: Lustre: 16238:0:(mds_lov.c:1004:mds_notify()) MDS mdd_obd-lustre-MDT0000: add target lustre-OST0000_UUID
Mar 16 04:03:28 mft01 kernel: Lustre: 16238:0:(mds_lov.c:1004:mds_notify()) Skipped 1 previous similar message
Mar 16 04:03:28 mft01 kernel: Lustre: 2304:0:(ldlm_lib.c:802:target_handle_connect()) lustre-OST0000: received new MDS connection from NID 0@lo, removing former export from same NID
Mar 16 04:03:28 mft01 kernel: Lustre: 2304:0:(ldlm_lib.c:802:target_handle_connect()) Skipped 1 previous similar message
Mar 16 04:03:28 mft01 kernel: Lustre: 2304:0:(filter.c:2710:filter_connect_internal()) lustre-OST0000: Received MDS connection for group 0
Mar 16 04:03:28 mft01 kernel: Lustre: 2304:0:(filter.c:2710:filter_connect_internal()) Skipped 1 previous similar message
Mar 16 04:03:30 mft01 kernel: LustreError: 16244:0:(mdt_handler.c:2785:mdt_recovery()) operation 41 on unconnected MDS from 12345-0@lo
Mar 16 04:03:30 mft01 kernel: LustreError: 16244:0:(mdt_handler.c:2785:mdt_recovery()) Skipped 1 previous similar message
Mar 16 04:03:30 mft01 kernel: Lustre: lustre-MDT0000-mdc-ffff88007710b400: Connection to service lustre-MDT0000 via nid 0@lo was lost; in progress operations using this service will wait for recovery to complete.
Mar 16 04:03:30 mft01 kernel: Lustre: Skipped 1 previous similar message
Mar 16 04:03:30 mft01 kernel: Lustre: 16244:0:(ldlm_lib.c:2026:target_queue_recovery_request()) Next recovery transno: 30064771078, current: 30064771078, replaying
Mar 16 04:03:30 mft01 kernel: Lustre: 16244:0:(ldlm_lib.c:2026:target_queue_recovery_request()) Skipped 2 previous similar messages
Mar 16 04:03:33 mft01 kernel: Lustre: lustre-MDT0000: sending delayed replies to recovered clients
Mar 16 04:03:33 mft01 kernel: Lustre: lustre-MDT0000-mdc-ffff88007710b400: Connection restored to service lustre-MDT0000 using nid 0@lo.
Mar 16 04:03:33 mft01 kernel: Lustre: Skipped 1 previous similar message
Mar 16 04:03:33 mft01 kernel: Lustre: 16242:0:(mdd_orphans.c:371:orph_key_test_and_del()) Found orphan! Delete it
Mar 16 04:03:33 mft01 kernel: Lustre: 16242:0:(mdd_lov.c:638:mdd_lov_destroy()) Get lov ea failed for [0x200000bd0:0xa:0x0] rc = 0
Mar 16 04:03:33 mft01 kernel: Lustre: lustre-OST0001: received MDS connection from 0@lo
Mar 16 04:03:33 mft01 kernel: Lustre: Skipped 1 previous similar message
Mar 16 04:03:33 mft01 kernel: Lustre: 2304:0:(lustre_log.h:471:llog_group_set_export()) lustre-OST0001: export for group 0 is changed: 0xffff8800785ef800 -> 0xffff88007a2ac800
Mar 16 04:03:33 mft01 kernel: Lustre: 2304:0:(lustre_log.h:471:llog_group_set_export()) Skipped 3 previous similar messages
Mar 16 04:03:33 mft01 kernel: Lustre: 2304:0:(llog_net.c:168:llog_receptor_accept()) changing the import ffff88007813c800 - ffff8800755a4800
Mar 16 04:03:33 mft01 kernel: Lustre: 2304:0:(llog_net.c:168:llog_receptor_accept()) Skipped 3 previous similar messages
Mar 16 04:03:33 mft01 kernel: Lustre: 2303:0:(filter.c:2566:filter_llog_connect()) lustre-OST0000: Recovery from log 0x1f/0x0:be68561c
Mar 16 04:03:33 mft01 kernel: Lustre: 2303:0:(filter.c:2566:filter_llog_connect()) Skipped 1 previous similar message
Mar 16 04:03:33 mft01 kernel: Lustre: MDS mdd_obd-lustre-MDT0000: lustre-OST0000_UUID now active, resetting orphans
Mar 16 04:03:33 mft01 kernel: Lustre: Skipped 1 previous similar message
Mar 16 04:03:33 mft01 kernel: Lustre: DEBUG MARKER: == replay-dual replay-dual.sh test complete, duration 31 sec == 04:03:33 (1331863413)
Mar 16 04:03:33 mft01 kernel: LustreError: 16527:0:(ldlm_request.c:1172:ldlm_cli_cancel_req()) Got rc -108 from cancel RPC: canceling anyway
Mar 16 04:03:33 mft01 kernel: LustreError: 16527:0:(ldlm_request.c:1799:ldlm_cli_cancel_list()) ldlm_cli_cancel_list: -108
