==> /var/log/messages <==
Mar 16 04:03:49 mft01 kernel: Lustre: DEBUG MARKER: only running test 6
Mar 16 04:03:50 mft01 kernel: Lustre: DEBUG MARKER: excepting tests: 15c
Mar 16 04:03:50 mft01 kernel: Lustre: Client lustre-client has started
Mar 16 04:03:50 mft01 kernel: Lustre: Skipped 1 previous similar message
Mar 16 04:03:50 mft01 kernel: Lustre: DEBUG MARKER: Using TIMEOUT=20
Mar 16 04:03:50 mft01 kernel: LustreError: 17689:0:(quota_ctl.c:328:client_quota_ctl()) ptlrpc_queue_wait failed, rc: -114
Mar 16 04:04:01 mft01 kernel: Lustre: DEBUG MARKER: == replay-dual test 6: open1, open2, unlink |X| close1 [fail mds1] close2 == 04:04:00 (1331863440)
Mar 16 04:04:01 mft01 kernel: LustreError: 18010:0:(osd_handler.c:938:osd_ro()) *** setting device osd-ldiskfs read-only ***
Mar 16 04:04:01 mft01 kernel: Turning device loop0 (0x700000) read-only
Mar 16 04:04:01 mft01 kernel: Lustre: DEBUG MARKER: mds1 REPLAY BARRIER on lustre-MDT0000
Mar 16 04:04:01 mft01 kernel: Lustre: DEBUG MARKER: local REPLAY BARRIER on lustre-MDT0000
Mar 16 04:04:01 mft01 kernel: Write to readonly device loop0 (0x700000) bi_flags: f000000000000001, bi_vcnt: 1, bi_idx: 0, bi->size: 4096, bi_cnt: 2, bi_private: ffff8800761b5198
Mar 16 04:04:01 mft01 kernel: Write to readonly device loop0 (0x700000) bi_flags: f000000000000001, bi_vcnt: 1, bi_idx: 0, bi->size: 4096, bi_cnt: 2, bi_private: ffff8800761b5200
Mar 16 04:04:01 mft01 kernel: Write to readonly device loop0 (0x700000) bi_flags: f000000000000001, bi_vcnt: 1, bi_idx: 0, bi->size: 4096, bi_cnt: 2, bi_private: ffff8800761b5268
Mar 16 04:04:01 mft01 kernel: Write to readonly device loop0 (0x700000) bi_flags: f000000000000001, bi_vcnt: 1, bi_idx: 0, bi->size: 4096, bi_cnt: 2, bi_private: ffff8800761b53a0
Mar 16 04:04:01 mft01 kernel: Write to readonly device loop0 (0x700000) bi_flags: f000000000000001, bi_vcnt: 1, bi_idx: 0, bi->size: 4096, bi_cnt: 2, bi_private: ffff880078fbaf68
Mar 16 04:04:01 mft01 kernel: Write to readonly device loop0 (0x700000) bi_flags: f000000000000001, bi_vcnt: 1, bi_idx: 0, bi->size: 4096, bi_cnt: 2, bi_private: ffff880078fbaf00
Mar 16 04:04:01 mft01 kernel: Write to readonly device loop0 (0x700000) bi_flags: f000000000000001, bi_vcnt: 1, bi_idx: 0, bi->size: 4096, bi_cnt: 2, bi_private: ffff880078fbae98
Mar 16 04:04:01 mft01 kernel: Write to readonly device loop0 (0x700000) bi_flags: f000000000000001, bi_vcnt: 1, bi_idx: 0, bi->size: 4096, bi_cnt: 2, bi_private: ffff880078fbae30
Mar 16 04:04:01 mft01 kernel: Write to readonly device loop0 (0x700000) bi_flags: f000000000000001, bi_vcnt: 1, bi_idx: 0, bi->size: 4096, bi_cnt: 2, bi_private: ffff8800761b5200
Mar 16 04:04:01 mft01 kernel: Write to readonly device loop0 (0x700000) bi_flags: f000000000000001, bi_vcnt: 1, bi_idx: 0, bi->size: 4096, bi_cnt: 2, bi_private: ffff880078ff7c28
Mar 16 04:04:01 mft01 kernel: Write to readonly device loop0 (0x700000) bi_flags: f000000000000001, bi_vcnt: 1, bi_idx: 0, bi->size: 4096, bi_cnt: 2, bi_private: ffff88007616baf0
Mar 16 04:04:01 mft01 kernel: Write to readonly device loop0 (0x700000) bi_flags: f000000000000001, bi_vcnt: 1, bi_idx: 0, bi->size: 4096, bi_cnt: 2, bi_private: ffff88007616bbc0
Mar 16 04:04:01 mft01 kernel: Write to readonly device loop0 (0x700000) bi_flags: f000000000000001, bi_vcnt: 1, bi_idx: 0, bi->size: 4096, bi_cnt: 2, bi_private: ffff880078ff1880
Mar 16 04:04:01 mft01 kernel: Write to readonly device loop0 (0x700000) bi_flags: f000000000000001, bi_vcnt: 1, bi_idx: 0, bi->size: 4096, bi_cnt: 2, bi_private: ffff88007616ba20
Mar 16 04:04:01 mft01 kernel: Write to readonly device loop0 (0x700000) bi_flags: f000000000000001, bi_vcnt: 1, bi_idx: 0, bi->size: 4096, bi_cnt: 2, bi_private: ffff88007616ba88
Mar 16 04:04:01 mft01 kernel: Write to readonly device loop0 (0x700000) bi_flags: f000000000000001, bi_vcnt: 1, bi_idx: 0, bi->size: 4096, bi_cnt: 2, bi_private: ffff88007616f0c8
Mar 16 04:04:01 mft01 kernel: Lustre: Failing over lustre-MDT0000
Mar 16 04:04:01 mft01 kernel: Lustre: Skipped 4 previous similar messages
Mar 16 04:04:01 mft01 kernel: Write to readonly device loop0 (0x700000) bi_flags: f000000000000001, bi_vcnt: 1, bi_idx: 0, bi->size: 4096, bi_cnt: 2, bi_private: ffff880078fbae30
Mar 16 04:04:01 mft01 kernel: Release to readonly device loop0 (0x700000): [inode 37] [block 30443] [count 3] [is_meta 1]
Mar 16 04:04:01 mft01 kernel: Release to readonly device loop0 (0x700000): [inode 33] [block 30440] [count 3] [is_meta 1]
Mar 16 04:04:01 mft01 kernel: Lustre: mdd_obd-lustre-MDT0000: shutting down for failover; client state will be preserved.
Mar 16 04:04:01 mft01 kernel: Release to readonly device loop0 (0x700000): [inode 34] [block 17128] [count 3] [is_meta 1]
Mar 16 04:04:01 mft01 kernel: Release to readonly device loop0 (0x700000): [inode 36] [block 17131] [count 3] [is_meta 1]
Mar 16 04:04:01 mft01 kernel: Write to readonly device loop0 (0x700000) bi_flags: f000000000000001, bi_vcnt: 1, bi_idx: 0, bi->size: 4096, bi_cnt: 2, bi_private: ffff880078fbad60
Mar 16 04:04:01 mft01 kernel: Write to readonly device loop0 (0x700000) bi_flags: f000000000000001, bi_vcnt: 1, bi_idx: 0, bi->size: 4096, bi_cnt: 2, bi_private: ffff880078fbacf8
Mar 16 04:04:01 mft01 kernel: Write to readonly device loop0 (0x700000) bi_flags: f000000000000001, bi_vcnt: 1, bi_idx: 0, bi->size: 4096, bi_cnt: 2, bi_private: ffff880078fbac90
Mar 16 04:04:01 mft01 kernel: Write to readonly device loop0 (0x700000) bi_flags: f000000000000001, bi_vcnt: 1, bi_idx: 0, bi->size: 4096, bi_cnt: 2, bi_private: ffff880078fbac28
Mar 16 04:04:01 mft01 kernel: Write to readonly device loop0 (0x700000) bi_flags: f000000000000001, bi_vcnt: 1, bi_idx: 0, bi->size: 4096, bi_cnt: 2, bi_private: ffff880078fbabc0
Mar 16 04:04:01 mft01 kernel: Write to readonly device loop0 (0x700000) bi_flags: f000000000000001, bi_vcnt: 1, bi_idx: 0, bi->size: 4096, bi_cnt: 2, bi_private: ffff880078fbab58
Mar 16 04:04:01 mft01 kernel: Write to readonly device loop0 (0x700000) bi_flags: f000000000000001, bi_vcnt: 1, bi_idx: 0, bi->size: 4096, bi_cnt: 2, bi_private: ffff880078fbaaf0
Mar 16 04:04:01 mft01 kernel: Write to readonly device loop0 (0x700000) bi_flags: f000000000000001, bi_vcnt: 1, bi_idx: 0, bi->size: 4096, bi_cnt: 2, bi_private: ffff880078fbaa88
Mar 16 04:04:01 mft01 kernel: Write to readonly device loop0 (0x700000) bi_flags: f000000000000001, bi_vcnt: 1, bi_idx: 0, bi->size: 4096, bi_cnt: 2, bi_private: ffff880078fbaa20
Mar 16 04:04:01 mft01 kernel: Write to readonly device loop0 (0x700000) bi_flags: f000000000000001, bi_vcnt: 1, bi_idx: 0, bi->size: 4096, bi_cnt: 2, bi_private: ffff880078fba9b8
Mar 16 04:04:01 mft01 kernel: Write to readonly device loop0 (0x700000) bi_flags: f000000000000001, bi_vcnt: 1, bi_idx: 0, bi->size: 4096, bi_cnt: 2, bi_private: ffff880078fba950
Mar 16 04:04:01 mft01 kernel: Write to readonly device loop0 (0x700000) bi_flags: f000000000000001, bi_vcnt: 1, bi_idx: 0, bi->size: 4096, bi_cnt: 2, bi_private: ffff880078fba8e8
Mar 16 04:04:01 mft01 kernel: Write to readonly device loop0 (0x700000) bi_flags: f000000000000001, bi_vcnt: 1, bi_idx: 0, bi->size: 4096, bi_cnt: 2, bi_private: ffff880078fbacf8
Mar 16 04:04:01 mft01 kernel: Lustre: MGS has stopped.
Mar 16 04:04:04 mft01 kernel: Write to readonly device loop0 (0x700000) bi_flags: f000000000000001, bi_vcnt: 1, bi_idx: 0, bi->size: 4096, bi_cnt: 2, bi_private: ffff880078ff7b58
Mar 16 04:04:04 mft01 kernel: Write to readonly device loop0 (0x700000) bi_flags: f000000000000001, bi_vcnt: 1, bi_idx: 0, bi->size: 4096, bi_cnt: 2, bi_private: ffff880078ff7c28
Mar 16 04:04:04 mft01 kernel: Write to readonly device loop0 (0x700000) bi_flags: f000000000000001, bi_vcnt: 1, bi_idx: 0, bi->size: 4096, bi_cnt: 2, bi_private: ffff88007619a7b0
Mar 16 04:04:04 mft01 kernel: Write to readonly device loop0 (0x700000) bi_flags: f000000000000001, bi_vcnt: 1, bi_idx: 0, bi->size: 4096, bi_cnt: 2, bi_private: ffff88007616bbc0
Mar 16 04:04:04 mft01 kernel: Write to readonly device loop0 (0x700000) bi_flags: f000000000000001, bi_vcnt: 1, bi_idx: 0, bi->size: 4096, bi_cnt: 2, bi_private: ffff880078fe4130
Mar 16 04:04:04 mft01 kernel: Write to readonly device loop0 (0x700000) bi_flags: f000000000000001, bi_vcnt: 1, bi_idx: 0, bi->size: 4096, bi_cnt: 2, bi_private: ffff880076117a20
Mar 16 04:04:04 mft01 kernel: Write to readonly device loop0 (0x700000) bi_flags: f000000000000001, bi_vcnt: 1, bi_idx: 0, bi->size: 4096, bi_cnt: 2, bi_private: ffff88007616ba20
Mar 16 04:04:04 mft01 kernel: Write to readonly device loop0 (0x700000) bi_flags: f000000000000001, bi_vcnt: 1, bi_idx: 0, bi->size: 4096, bi_cnt: 2, bi_private: ffff88007616bc90
Mar 16 04:04:04 mft01 kernel: Write to readonly device loop0 (0x700000) bi_flags: f000000000000001, bi_vcnt: 1, bi_idx: 0, bi->size: 4096, bi_cnt: 2, bi_private: ffff88007616b408
Mar 16 04:04:04 mft01 kernel: Write to readonly device loop0 (0x700000) bi_flags: f000000000000001, bi_vcnt: 1, bi_idx: 0, bi->size: 4096, bi_cnt: 2, bi_private: ffff880078fe4268
Mar 16 04:04:04 mft01 kernel: Write to readonly device loop0 (0x700000) bi_flags: f000000000000001, bi_vcnt: 1, bi_idx: 0, bi->size: 4096, bi_cnt: 2, bi_private: ffff880078fcbc90
Mar 16 04:04:04 mft01 kernel: Write to readonly device loop0 (0x700000) bi_flags: f000000000000001, bi_vcnt: 1, bi_idx: 0, bi->size: 4096, bi_cnt: 2, bi_private: ffff880078ff7b58
Mar 16 04:04:04 mft01 kernel: Write to readonly device loop0 (0x700000) bi_flags: f000000000000001, bi_vcnt: 1, bi_idx: 0, bi->size: 4096, bi_cnt: 2, bi_private: ffff88007616b540
Mar 16 04:04:04 mft01 kernel: Write to readonly device loop0 (0x700000) bi_flags: f000000000000001, bi_vcnt: 1, bi_idx: 0, bi->size: 4096, bi_cnt: 2, bi_private: ffff88007616b540
Mar 16 04:04:04 mft01 kernel: Write to readonly device loop0 (0x700000) bi_flags: f000000000000001, bi_vcnt: 1, bi_idx: 0, bi->size: 4096, bi_cnt: 2, bi_private: ffff88007616b540
Mar 16 04:04:04 mft01 kernel: Write to readonly device loop0 (0x700000) bi_flags: f000000000000001, bi_vcnt: 1, bi_idx: 0, bi->size: 4096, bi_cnt: 2, bi_private: ffff880078ff7b58
Mar 16 04:04:04 mft01 kernel: Removing read-only on unknown block (0x700000)
Mar 16 04:04:04 mft01 kernel: Lustre: server umount lustre-MDT0000 complete
Mar 16 04:04:14 mft01 kernel: LDISKFS-fs warning (device loop0): ldiskfs_fill_super: extents feature not enabled on this filesystem, use tune2fs.
Mar 16 04:04:14 mft01 kernel: LDISKFS-fs (loop0): 2 orphan inodes deleted
Mar 16 04:04:14 mft01 kernel: LDISKFS-fs (loop0): recovery complete
Mar 16 04:04:14 mft01 kernel: LDISKFS-fs (loop0): mounted filesystem with ordered data mode
Mar 16 04:04:14 mft01 kernel: LDISKFS-fs warning (device loop0): ldiskfs_fill_super: extents feature not enabled on this filesystem, use tune2fs.
Mar 16 04:04:14 mft01 kernel: LDISKFS-fs (loop0): mounted filesystem with ordered data mode
Mar 16 04:04:14 mft01 kernel: Lustre: MGS MGS started
Mar 16 04:04:14 mft01 kernel: LustreError: 166-1: MGC10.3.0.187@tcp: Connection to service MGS via nid 0@lo was lost; in progress operations using this service will fail.
Mar 16 04:04:14 mft01 kernel: Lustre: MGC10.3.0.187@tcp: Reactivating import
Mar 16 04:04:14 mft01 kernel: Lustre: Skipped 1 previous similar message
Mar 16 04:04:14 mft01 kernel: Lustre: Enabling ACL
Mar 16 04:04:14 mft01 kernel: Lustre: Enabling user_xattr
Mar 16 04:04:14 mft01 kernel: Lustre: lustre-MDT0000: used disk, loading
Mar 16 04:04:14 mft01 kernel: Lustre: 18170:0:(ldlm_lib.c:1900:target_recovery_init()) RECOVERY: service lustre-MDT0000, 2 recoverable clients, last_transno 34359738372
Mar 16 04:04:14 mft01 kernel: LustreError: 18174:0:(ldlm_lib.c:1737:target_recovery_thread()) lustre-MDT0000: started recovery thread pid 18174
Mar 16 04:04:14 mft01 kernel: Lustre: 18170:0:(mdt_lproc.c:259:lprocfs_wr_identity_upcall()) lustre-MDT0000: identity upcall set to /usr/sbin/l_getidentity
Mar 16 04:04:14 mft01 kernel: Lustre: 1629:0:(mds_lov.c:1024:mds_notify()) MDS mdd_obd-lustre-MDT0000: in recovery, not resetting orphans on lustre-OST0000_UUID
Mar 16 04:04:14 mft01 kernel: Lustre: 1629:0:(mds_lov.c:1024:mds_notify()) Skipped 7 previous similar messages
Mar 16 04:04:17 mft01 kernel: LustreError: 18176:0:(mdt_handler.c:2785:mdt_recovery()) operation 41 on unconnected MDS from 12345-0@lo
Mar 16 04:04:17 mft01 kernel: LustreError: 18176:0:(mdt_handler.c:2785:mdt_recovery()) Skipped 1 previous similar message
Mar 16 04:04:20 mft01 kernel: Lustre: lustre-MDT0000: sending delayed replies to recovered clients
Mar 16 04:04:20 mft01 kernel: Lustre: lustre-MDT0000-mdc-ffff88007710b400: Connection restored to service lustre-MDT0000 using nid 0@lo.
Mar 16 04:04:20 mft01 kernel: Lustre: Skipped 1 previous similar message
Mar 16 04:04:20 mft01 kernel: Lustre: DEBUG MARKER: == replay-dual replay-dual.sh test complete, duration 31 sec == 04:04:20 (1331863460)
Mar 16 04:04:20 mft01 kernel: LustreError: 18444:0:(ldlm_request.c:1172:ldlm_cli_cancel_req()) Got rc -108 from cancel RPC: canceling anyway
Mar 16 04:04:20 mft01 kernel: LustreError: 18444:0:(ldlm_request.c:1799:ldlm_cli_cancel_list()) ldlm_cli_cancel_list: -108
Mar 16 04:04:20 mft01 kernel: Lustre: 18174:0:(mdd_orphans.c:371:orph_key_test_and_del()) Found orphan! Delete it
Mar 16 04:04:20 mft01 kernel: Lustre: 18174:0:(mdd_lov.c:638:mdd_lov_destroy()) Get lov ea failed for [0x200000bd0:0xc:0x0] rc = 0
Mar 16 04:04:20 mft01 kernel: Lustre: 2304:0:(lustre_log.h:471:llog_group_set_export()) lustre-OST0001: export for group 0 is changed: 0xffff88007a2ac800 -> 0xffff880079abec00
Mar 16 04:04:20 mft01 kernel: Lustre: 2304:0:(lustre_log.h:471:llog_group_set_export()) Skipped 3 previous similar messages
Mar 16 04:04:20 mft01 kernel: Lustre: 2304:0:(llog_net.c:168:llog_receptor_accept()) changing the import ffff8800755a4800 - ffff880076c9b800
Mar 16 04:04:20 mft01 kernel: Lustre: 2304:0:(llog_net.c:168:llog_receptor_accept()) Skipped 3 previous similar messages
Mar 16 04:04:20 mft01 kernel: Lustre: 2301:0:(filter.c:2566:filter_llog_connect()) lustre-OST0000: Recovery from log 0x1f/0x0:be68561c
Mar 16 04:04:20 mft01 kernel: Lustre: 2301:0:(filter.c:2566:filter_llog_connect()) Skipped 1 previous similar message
Mar 16 04:04:20 mft01 kernel: Lustre: client ffff880077bea400 umount complete
Mar 16 04:04:20 mft01 kernel: Lustre: Skipped 1 previous similar message
