==> /var/log/messages <==
Apr  3 17:53:09 mft03 kernel: Lustre: DEBUG MARKER: only running test 3
Apr  3 17:53:09 mft03 kernel: Lustre: DEBUG MARKER: excepting tests:
Apr  3 17:53:09 mft03 kernel: Lustre: DEBUG MARKER: Using TIMEOUT=20
Apr  3 17:53:09 mft03 kernel: Lustre: 2196:0:(quota_master.c:793:close_quota_files()) quota[0] is off already
Apr  3 17:53:09 mft03 kernel: Lustre: 2196:0:(quota_master.c:793:close_quota_files()) Skipped 1 previous similar message
Apr  3 17:53:09 mft03 kernel: LustreError: 10769:0:(quota_ctl.c:328:client_quota_ctl()) ptlrpc_queue_wait failed, rc: -114
Apr  3 17:53:09 mft03 kernel: Lustre: 10823:0:(debug.c:326:libcfs_debug_str2mask()) You are trying to use a numerical value for the mask - this will be deprecated in a future release.
Apr  3 17:53:09 mft03 kernel: Lustre: 10823:0:(debug.c:326:libcfs_debug_str2mask()) Skipped 7 previous similar messages
Apr  3 17:53:10 mft03 kernel: Lustre: DEBUG MARKER: == replay-ost-single test 3: Fail OST during write, with verification == 17:53:10 (1333464790)
Apr  3 17:53:13 mft03 kernel: Lustre: Failing over lustre-OST0000
Apr  3 17:53:14 mft03 kernel: Lustre: lustre-OST0000: shutting down for failover; client state will be preserved.
Apr  3 17:53:14 mft03 kernel: Lustre: OST lustre-OST0000 has stopped.
Apr  3 17:53:17 mft03 kernel: Lustre: server umount lustre-OST0000 complete
Apr  3 17:53:20 mft03 kernel: LustreError: 2281:0:(ldlm_lib.c:2125:target_send_reply_msg()) @@@ processing error (-107)  req@ffff88007719d800 x1398238915592813/t0(0) o400-><?>@<?>:0/0 lens 192/0 e 0 to 0 dl 1333464825 ref 1 fl Interpret:H/0/ffffffff rc -107/-1
Apr  3 17:53:20 mft03 kernel: LustreError: 2281:0:(ldlm_lib.c:2125:target_send_reply_msg()) Skipped 3 previous similar messages
Apr  3 17:53:20 mft03 kernel: LustreError: 11-0: an error occurred while communicating with 0@lo. The obd_ping operation failed with -107
Apr  3 17:53:20 mft03 kernel: LustreError: Skipped 3 previous similar messages
Apr  3 17:53:20 mft03 kernel: Lustre: lustre-OST0000-osc-ffff880037540800: Connection to service lustre-OST0000 via nid 0@lo was lost; in progress operations using this service will wait for recovery to complete.
Apr  3 17:53:20 mft03 kernel: Lustre: Skipped 1 previous similar message
Apr  3 17:53:20 mft03 kernel: LustreError: 137-5: UUID 'lustre-OST0000_UUID' is not available  for connect (no target)
Apr  3 17:53:20 mft03 kernel: LustreError: Skipped 1 previous similar message
Apr  3 17:53:27 mft03 kernel: LDISKFS-fs (loop1): mounted filesystem with ordered data mode
Apr  3 17:53:27 mft03 kernel: LDISKFS-fs (loop1): mounted filesystem with ordered data mode
Apr  3 17:53:27 mft03 kernel: Lustre: 11187:0:(ldlm_lib.c:1900:target_recovery_init()) RECOVERY: service lustre-OST0000, 2 recoverable clients, last_transno 29
Apr  3 17:53:27 mft03 kernel: LustreError: 11188:0:(ldlm_lib.c:1737:target_recovery_thread()) lustre-OST0000: started recovery thread pid 11188
Apr  3 17:53:27 mft03 kernel: Lustre: 11187:0:(filter.c:1252:filter_prep_groups()) lustre-OST0000: initialize groups [0,0]
Apr  3 17:53:27 mft03 kernel: Lustre: lustre-OST0000: Now serving lustre-OST0000 on /dev/loop1 with recovery enabled
Apr  3 17:53:27 mft03 kernel: Lustre: lustre-OST0000: Will be in recovery for at least 1:00, or until 2 clients reconnect
Apr  3 17:53:27 mft03 kernel: LustreError: 11179:0:(obd_class.h:1622:obd_notify()) obd lustre-OST0000 has no notify handler
Apr  3 17:53:30 mft03 kernel: Lustre: 1609:0:(import.c:526:import_select_connection()) lustre-OST0000-osc-MDT0000: tried all connections, increasing latency to 21s
Apr  3 17:53:30 mft03 kernel: Lustre: 1609:0:(import.c:526:import_select_connection()) Skipped 1 previous similar message
Apr  3 17:53:30 mft03 kernel: Lustre: 2281:0:(ldlm_lib.c:873:target_handle_connect()) lustre-OST0000: connection from lustre-MDT0000-mdtlov_UUID@0@lo recovering/t0 exp ffff880037a9b000 cur 1333464810 last 1333464807
Apr  3 17:53:30 mft03 kernel: Lustre: 2281:0:(ldlm_lib.c:873:target_handle_connect()) Skipped 1 previous similar message
Apr  3 17:53:30 mft03 kernel: Lustre: 2281:0:(filter.c:2710:filter_connect_internal()) lustre-OST0000: Received MDS connection for group 0
Apr  3 17:53:30 mft03 kernel: Lustre: 2283:0:(sec.c:1474:sptlrpc_import_sec_adapt()) import lustre-OST0000->NET_0x9000000000000_UUID netid 90000: select flavor null
Apr  3 17:53:30 mft03 kernel: Lustre: 2283:0:(sec.c:1474:sptlrpc_import_sec_adapt()) Skipped 3 previous similar messages
Apr  3 17:53:30 mft03 kernel: Lustre: lustre-OST0000: sending delayed replies to recovered clients
Apr  3 17:53:30 mft03 kernel: Lustre: lustre-OST0000-osc-MDT0000: Connection restored to service lustre-OST0000 using nid 0@lo.
Apr  3 17:53:30 mft03 kernel: Lustre: Skipped 1 previous similar message
Apr  3 17:53:30 mft03 kernel: Lustre: lustre-OST0000: received MDS connection from 0@lo
Apr  3 17:53:30 mft03 kernel: Lustre: 2283:0:(filter.c:2566:filter_llog_connect()) lustre-OST0000: Recovery from log 0x1f/0x0:e896bf9c
Apr  3 17:53:30 mft03 kernel: Lustre: MDS mdd_obd-lustre-MDT0000: lustre-OST0000_UUID now active, resetting orphans
Apr  3 17:53:30 mft03 kernel: Lustre: DEBUG MARKER: == replay-ost-single replay-ost-single.sh test complete, duration 22 sec == 17:53:30 (1333464810)
