==> /var/log/messages <==
Apr  3 17:55:52 mft03 kernel: Lustre: DEBUG MARKER: only running test 7
Apr  3 17:55:52 mft03 kernel: Lustre: DEBUG MARKER: excepting tests:
Apr  3 17:55:52 mft03 kernel: Lustre: DEBUG MARKER: Using TIMEOUT=20
Apr  3 17:55:52 mft03 kernel: Lustre: 2196:0:(quota_master.c:793:close_quota_files()) quota[0] is off already
Apr  3 17:55:52 mft03 kernel: Lustre: 2196:0:(quota_master.c:793:close_quota_files()) Skipped 3 previous similar messages
Apr  3 17:55:52 mft03 kernel: LustreError: 18077:0:(quota_ctl.c:328:client_quota_ctl()) ptlrpc_queue_wait failed, rc: -114
Apr  3 17:55:52 mft03 kernel: LustreError: 18077:0:(quota_ctl.c:328:client_quota_ctl()) Skipped 1 previous similar message
Apr  3 17:55:53 mft03 kernel: Lustre: DEBUG MARKER: == replay-ost-single test 7: Fail OST before obd_destroy == 17:55:53 (1333464953)
Apr  3 17:56:05 mft03 kernel: Lustre: DEBUG MARKER: before: 325400 after_dd: 320280
Apr  3 17:56:05 mft03 kernel: LustreError: 18502:0:(filter.c:4624:filter_iocontrol()) *** setting device unknown-block(7,1) read-only ***
Apr  3 17:56:05 mft03 kernel: Turning device loop1 (0x700001) read-only
Apr  3 17:56:05 mft03 kernel: Lustre: DEBUG MARKER: ost1 REPLAY BARRIER on lustre-OST0000
Apr  3 17:56:05 mft03 kernel: Lustre: DEBUG MARKER: local REPLAY BARRIER on lustre-OST0000
Apr  3 17:56:05 mft03 kernel: Write to readonly device loop1 (0x700001) bi_flags: f000000000000001, bi_vcnt: 0, bi_idx: 0, bi->size: 0, bi_cnt: 2, bi_private: ffff880072741910
Apr  3 17:56:05 mft03 kernel: Release to readonly device loop1 (0x700001): [inode 14] [block 33792] [count 256] [is_meta 1]
Apr  3 17:56:05 mft03 kernel: Release to readonly device loop1 (0x700001): [inode 14] [block 34816] [count 512] [is_meta 1]
Apr  3 17:56:05 mft03 kernel: Release to readonly device loop1 (0x700001): [inode 14] [block 49408] [count 512] [is_meta 1]
Apr  3 17:56:05 mft03 kernel: Write to readonly device loop1 (0x700001) bi_flags: f000000000000001, bi_vcnt: 1, bi_idx: 0, bi->size: 4096, bi_cnt: 2, bi_private: ffff88007d3ab6e0
Apr  3 17:56:05 mft03 kernel: Write to readonly device loop1 (0x700001) bi_flags: f000000000000001, bi_vcnt: 1, bi_idx: 0, bi->size: 4096, bi_cnt: 2, bi_private: ffff88007d3ab678
Apr  3 17:56:05 mft03 kernel: Write to readonly device loop1 (0x700001) bi_flags: f000000000000001, bi_vcnt: 1, bi_idx: 0, bi->size: 4096, bi_cnt: 2, bi_private: ffff88007d3ab610
Apr  3 17:56:05 mft03 kernel: Write to readonly device loop1 (0x700001) bi_flags: f000000000000001, bi_vcnt: 1, bi_idx: 0, bi->size: 4096, bi_cnt: 2, bi_private: ffff88007d3ab5a8
Apr  3 17:56:05 mft03 kernel: Write to readonly device loop1 (0x700001) bi_flags: f000000000000001, bi_vcnt: 1, bi_idx: 0, bi->size: 4096, bi_cnt: 2, bi_private: ffff88007d3ab540
Apr  3 17:56:05 mft03 kernel: Write to readonly device loop1 (0x700001) bi_flags: f000000000000001, bi_vcnt: 1, bi_idx: 0, bi->size: 4096, bi_cnt: 2, bi_private: ffff88007d3ab4d8
Apr  3 17:56:05 mft03 kernel: Write to readonly device loop1 (0x700001) bi_flags: f000000000000001, bi_vcnt: 1, bi_idx: 0, bi->size: 4096, bi_cnt: 2, bi_private: ffff88007d3ab470
Apr  3 17:56:05 mft03 kernel: Write to readonly device loop1 (0x700001) bi_flags: f000000000000001, bi_vcnt: 1, bi_idx: 0, bi->size: 4096, bi_cnt: 2, bi_private: ffff88007d3ab408
Apr  3 17:56:05 mft03 kernel: Write to readonly device loop1 (0x700001) bi_flags: f000000000000001, bi_vcnt: 1, bi_idx: 0, bi->size: 4096, bi_cnt: 2, bi_private: ffff88007d3ab3a0
Apr  3 17:56:05 mft03 kernel: Write to readonly device loop1 (0x700001) bi_flags: f000000000000001, bi_vcnt: 1, bi_idx: 0, bi->size: 4096, bi_cnt: 2, bi_private: ffff88007d3ab678
Apr  3 17:56:06 mft03 kernel: Write to readonly device loop1 (0x700001) bi_flags: f000000000000001, bi_vcnt: 1, bi_idx: 0, bi->size: 4096, bi_cnt: 2, bi_private: ffff880077d91198
Apr  3 17:56:06 mft03 kernel: Write to readonly device loop1 (0x700001) bi_flags: f000000000000001, bi_vcnt: 1, bi_idx: 0, bi->size: 4096, bi_cnt: 2, bi_private: ffff880077d91cf8
Apr  3 17:56:06 mft03 kernel: Write to readonly device loop1 (0x700001) bi_flags: f000000000000001, bi_vcnt: 1, bi_idx: 0, bi->size: 4096, bi_cnt: 2, bi_private: ffff880077d91e30
Apr  3 17:56:06 mft03 kernel: Write to readonly device loop1 (0x700001) bi_flags: f000000000000001, bi_vcnt: 1, bi_idx: 0, bi->size: 4096, bi_cnt: 2, bi_private: ffff880077cec3a0
Apr  3 17:56:06 mft03 kernel: Write to readonly device loop1 (0x700001) bi_flags: f000000000000001, bi_vcnt: 1, bi_idx: 0, bi->size: 4096, bi_cnt: 2, bi_private: ffff880077d91f00
Apr  3 17:56:06 mft03 kernel: Write to readonly device loop1 (0x700001) bi_flags: f000000000000001, bi_vcnt: 1, bi_idx: 0, bi->size: 4096, bi_cnt: 2, bi_private: ffff880077cec818
Apr  3 17:56:06 mft03 kernel: Write to readonly device loop1 (0x700001) bi_flags: f000000000000001, bi_vcnt: 1, bi_idx: 0, bi->size: 4096, bi_cnt: 2, bi_private: ffff880077d86bc0
Apr  3 17:56:06 mft03 kernel: Write to readonly device loop1 (0x700001) bi_flags: f000000000000001, bi_vcnt: 1, bi_idx: 0, bi->size: 4096, bi_cnt: 2, bi_private: ffff880077cec678
Apr  3 17:56:06 mft03 kernel: Lustre: Failing over lustre-OST0000
Apr  3 17:56:06 mft03 kernel: Write to readonly device loop1 (0x700001) bi_flags: f000000000000001, bi_vcnt: 1, bi_idx: 0, bi->size: 4096, bi_cnt: 2, bi_private: ffff88007d3ab408
Apr  3 17:56:06 mft03 kernel: Write to readonly device loop1 (0x700001) bi_flags: f000000000000001, bi_vcnt: 1, bi_idx: 0, bi->size: 4096, bi_cnt: 2, bi_private: ffff88007d3ab3a0
Apr  3 17:56:06 mft03 kernel: Write to readonly device loop1 (0x700001) bi_flags: f000000000000001, bi_vcnt: 1, bi_idx: 0, bi->size: 4096, bi_cnt: 2, bi_private: ffff88007d3ab338
Apr  3 17:56:07 mft03 kernel: LustreError: 2282:0:(ldlm_lib.c:2125:target_send_reply_msg()) @@@ processing error (-107)  req@ffff880076c80800 x1398238915593223/t0(0) o400-><?>@<?>:0/0 lens 192/0 e 0 to 0 dl 1333464992 ref 1 fl Interpret:H/0/ffffffff rc -107/-1
Apr  3 17:56:07 mft03 kernel: LustreError: 2282:0:(ldlm_lib.c:2125:target_send_reply_msg()) Skipped 5 previous similar messages
Apr  3 17:56:07 mft03 kernel: LustreError: 11-0: an error occurred while communicating with 0@lo. The obd_ping operation failed with -107
Apr  3 17:56:07 mft03 kernel: LustreError: Skipped 5 previous similar messages
Apr  3 17:56:07 mft03 kernel: Lustre: lustre-OST0000-osc-MDT0000: Connection to service lustre-OST0000 via nid 0@lo was lost; in progress operations using this service will wait for recovery to complete.
Apr  3 17:56:07 mft03 kernel: Lustre: Skipped 2 previous similar messages
Apr  3 17:56:07 mft03 kernel: LustreError: 137-5: UUID 'lustre-OST0000_UUID' is not available  for connect (stopping)
Apr  3 17:56:07 mft03 kernel: LustreError: Skipped 3 previous similar messages
Apr  3 17:56:07 mft03 kernel: Lustre: lustre-OST0000: shutting down for failover; client state will be preserved.
Apr  3 17:56:07 mft03 kernel: Write to readonly device loop1 (0x700001) bi_flags: f000000000000001, bi_vcnt: 1, bi_idx: 0, bi->size: 4096, bi_cnt: 2, bi_private: ffff880077d5fc90
Apr  3 17:56:07 mft03 kernel: Write to readonly device loop1 (0x700001) bi_flags: f000000000000001, bi_vcnt: 1, bi_idx: 0, bi->size: 4096, bi_cnt: 2, bi_private: ffff880077d5fc28
Apr  3 17:56:07 mft03 kernel: Write to readonly device loop1 (0x700001) bi_flags: f000000000000001, bi_vcnt: 1, bi_idx: 0, bi->size: 4096, bi_cnt: 2, bi_private: ffff880077d5fbc0
Apr  3 17:56:07 mft03 kernel: Write to readonly device loop1 (0x700001) bi_flags: f000000000000001, bi_vcnt: 1, bi_idx: 0, bi->size: 4096, bi_cnt: 2, bi_private: ffff880077d5fc28
Apr  3 17:56:07 mft03 kernel: Lustre: OST lustre-OST0000 has stopped.
Apr  3 17:56:10 mft03 kernel: Write to readonly device loop1 (0x700001) bi_flags: f000000000000001, bi_vcnt: 1, bi_idx: 0, bi->size: 4096, bi_cnt: 2, bi_private: ffff880077cec610
Apr  3 17:56:10 mft03 kernel: Write to readonly device loop1 (0x700001) bi_flags: f000000000000001, bi_vcnt: 1, bi_idx: 0, bi->size: 4096, bi_cnt: 2, bi_private: ffff880077ceca20
Apr  3 17:56:10 mft03 kernel: Write to readonly device loop1 (0x700001) bi_flags: f000000000000001, bi_vcnt: 1, bi_idx: 0, bi->size: 4096, bi_cnt: 2, bi_private: ffff880077d91198
Apr  3 17:56:10 mft03 kernel: Write to readonly device loop1 (0x700001) bi_flags: f000000000000001, bi_vcnt: 1, bi_idx: 0, bi->size: 4096, bi_cnt: 2, bi_private: ffff880077d91610
Apr  3 17:56:10 mft03 kernel: Write to readonly device loop1 (0x700001) bi_flags: f000000000000001, bi_vcnt: 1, bi_idx: 0, bi->size: 4096, bi_cnt: 2, bi_private: ffff880077d91610
Apr  3 17:56:10 mft03 kernel: Write to readonly device loop1 (0x700001) bi_flags: f000000000000001, bi_vcnt: 1, bi_idx: 0, bi->size: 4096, bi_cnt: 2, bi_private: ffff880077d91610
Apr  3 17:56:10 mft03 kernel: Write to readonly device loop1 (0x700001) bi_flags: f000000000000001, bi_vcnt: 1, bi_idx: 0, bi->size: 4096, bi_cnt: 2, bi_private: ffff880077d91198
Apr  3 17:56:10 mft03 kernel: Removing read-only on unknown block (0x700001)
Apr  3 17:56:10 mft03 kernel: Lustre: server umount lustre-OST0000 complete
Apr  3 17:56:20 mft03 kernel: LDISKFS-fs (loop1): recovery complete
Apr  3 17:56:20 mft03 kernel: LDISKFS-fs (loop1): mounted filesystem with ordered data mode
Apr  3 17:56:20 mft03 kernel: LDISKFS-fs (loop1): mounted filesystem with ordered data mode
Apr  3 17:56:21 mft03 kernel: Lustre: 18663:0:(ldlm_lib.c:1900:target_recovery_init()) RECOVERY: service lustre-OST0000, 2 recoverable clients, last_transno 46
Apr  3 17:56:21 mft03 kernel: LustreError: 18664:0:(ldlm_lib.c:1737:target_recovery_thread()) lustre-OST0000: started recovery thread pid 18664
Apr  3 17:56:21 mft03 kernel: Lustre: 18663:0:(filter.c:1252:filter_prep_groups()) lustre-OST0000: initialize groups [0,0]
Apr  3 17:56:21 mft03 kernel: Lustre: lustre-OST0000: Now serving lustre-OST0000 on /dev/loop1 with recovery enabled
Apr  3 17:56:21 mft03 kernel: Lustre: lustre-OST0000: Will be in recovery for at least 1:00, or until 2 clients reconnect
Apr  3 17:56:21 mft03 kernel: LustreError: 18655:0:(obd_class.h:1622:obd_notify()) obd lustre-OST0000 has no notify handler
Apr  3 17:56:22 mft03 kernel: Lustre: 2282:0:(filter.c:2710:filter_connect_internal()) lustre-OST0000: Received MDS connection for group 0
Apr  3 17:56:22 mft03 kernel: Lustre: 2283:0:(sec.c:1474:sptlrpc_import_sec_adapt()) import lustre-OST0000->NET_0x9000000000000_UUID netid 90000: select flavor null
Apr  3 17:56:22 mft03 kernel: Lustre: 2283:0:(sec.c:1474:sptlrpc_import_sec_adapt()) Skipped 6 previous similar messages
Apr  3 17:56:22 mft03 kernel: Lustre: 2300:0:(ldlm_lib.c:2026:target_queue_recovery_request()) Next recovery transno: 47, current: 47, replaying
Apr  3 17:56:22 mft03 kernel: Lustre: lustre-OST0000: sending delayed replies to recovered clients
Apr  3 17:56:22 mft03 kernel: Lustre: lustre-OST0000-osc-MDT0000: Connection restored to service lustre-OST0000 using nid 0@lo.
Apr  3 17:56:22 mft03 kernel: Lustre: Skipped 1 previous similar message
Apr  3 17:56:22 mft03 kernel: Lustre: lustre-OST0000: received MDS connection from 0@lo
Apr  3 17:56:22 mft03 kernel: Lustre: 2282:0:(filter.c:2566:filter_llog_connect()) lustre-OST0000: Recovery from log 0x1f/0x0:e896bf9c
Apr  3 17:56:22 mft03 kernel: Lustre: MDS mdd_obd-lustre-MDT0000: lustre-OST0000_UUID now active, resetting orphans
Apr  3 17:56:26 mft03 kernel: Lustre: DEBUG MARKER: before: 325400 after: 325400
Apr  3 17:56:26 mft03 kernel: Lustre: DEBUG MARKER: == replay-ost-single replay-ost-single.sh test complete, duration 34 sec == 17:56:26 (1333464986)
